[2026-06-29T14:56:14.266+0000] {local_task_job_runner.py:123} INFO - ::group::Pre task execution logs
[2026-06-29T14:56:14.299+0000] {taskinstance.py:2603} INFO - Dependencies all met for dep_context=non-requeueable deps ti=<TaskInstance: gold_price_pipeline.run_dbt_models manual__2026-06-29T14:44:12.839919+00:00 [queued]>
[2026-06-29T14:56:14.316+0000] {taskinstance.py:2603} INFO - Dependencies all met for dep_context=requeueable deps ti=<TaskInstance: gold_price_pipeline.run_dbt_models manual__2026-06-29T14:44:12.839919+00:00 [queued]>
[2026-06-29T14:56:14.318+0000] {taskinstance.py:2856} INFO - Starting attempt 2 of 3
[2026-06-29T14:56:14.341+0000] {taskinstance.py:2879} INFO - Executing <Task(BashOperator): run_dbt_models> on 2026-06-29 14:44:12.839919+00:00
[2026-06-29T14:56:14.360+0000] {logging_mixin.py:190} WARNING - /home/***/.local/lib/python3.12/site-packages/***/task/task_runner/standard_task_runner.py:70 DeprecationWarning: This process (pid=167) is multi-threaded, use of fork() may lead to deadlocks in the child.
[2026-06-29T14:56:14.359+0000] {standard_task_runner.py:104} INFO - Running: ['***', 'tasks', 'run', 'gold_price_pipeline', 'run_dbt_models', 'manual__2026-06-29T14:44:12.839919+00:00', '--job-id', '57', '--raw', '--subdir', 'DAGS_FOLDER/gold_pipeline.py', '--cfg-path', '/tmp/tmpc3hwjf9t']
[2026-06-29T14:56:14.363+0000] {standard_task_runner.py:72} INFO - Started process 170 to run task
[2026-06-29T14:56:14.364+0000] {standard_task_runner.py:105} INFO - Job 57: Subtask run_dbt_models
[2026-06-29T14:56:16.321+0000] {task_command.py:467} INFO - Running <TaskInstance: gold_price_pipeline.run_dbt_models manual__2026-06-29T14:44:12.839919+00:00 [running]> on host 31887d20b8ee
[2026-06-29T14:56:16.434+0000] {taskinstance.py:3122} INFO - Exporting env vars: AIRFLOW_CTX_DAG_OWNER='Sayed' AIRFLOW_CTX_DAG_ID='gold_price_pipeline' AIRFLOW_CTX_TASK_ID='run_dbt_models' AIRFLOW_CTX_EXECUTION_DATE='2026-06-29T14:44:12.839919+00:00' AIRFLOW_CTX_TRY_NUMBER='2' AIRFLOW_CTX_DAG_RUN_ID='manual__2026-06-29T14:44:12.839919+00:00'
[2026-06-29T14:56:16.437+0000] {taskinstance.py:731} INFO - ::endgroup::
[2026-06-29T14:56:16.499+0000] {subprocess.py:63} INFO - Tmp dir root location: /tmp
[2026-06-29T14:56:16.502+0000] {subprocess.py:75} INFO - Running command: ['/usr/bin/bash', '-c', '\n        cd /opt/***/gold_price_dbt &&         dbt run --profiles-dir /opt/***\n        ']
[2026-06-29T14:56:16.537+0000] {subprocess.py:86} INFO - Output:
[2026-06-29T14:56:19.864+0000] {subprocess.py:93} INFO - [0m14:56:19  Running with dbt=1.11.8
[2026-06-29T14:56:21.334+0000] {subprocess.py:93} INFO - WARNING:thrift.transport.sslcompat:using legacy validation callback
[2026-06-29T14:56:23.875+0000] {subprocess.py:93} INFO - [0m14:56:23  Registered adapter: databricks=1.11.8
[2026-06-29T14:56:24.433+0000] {subprocess.py:93} INFO - [0m14:56:24  [[33mWARNING[0m]: Configuration paths exist in your dbt_project.yml file which do not apply to any resources.
[2026-06-29T14:56:24.435+0000] {subprocess.py:93} INFO - There are 1 unused configuration paths:
[2026-06-29T14:56:24.436+0000] {subprocess.py:93} INFO - - models.gold_price_dbt.example
[2026-06-29T14:56:24.759+0000] {subprocess.py:93} INFO - [0m14:56:24  Found 5 models, 732 macros
[2026-06-29T14:56:24.765+0000] {subprocess.py:93} INFO - [0m14:56:24
[2026-06-29T14:56:24.768+0000] {subprocess.py:93} INFO - [0m14:56:24  Concurrency: 1 threads (target='dev')
[2026-06-29T14:56:24.770+0000] {subprocess.py:93} INFO - [0m14:56:24
[2026-06-29T15:06:16.208+0000] {timeout.py:68} ERROR - Process timed out, PID: 170
[2026-06-29T15:06:16.223+0000] {subprocess.py:104} INFO - Sending SIGTERM signal to process group
[2026-06-29T15:06:16.245+0000] {taskinstance.py:3301} ERROR - Task failed with exception
Traceback (most recent call last):
  File "/home/airflow/.local/lib/python3.12/site-packages/airflow/models/taskinstance.py", line 762, in _execute_task
    result = _execute_callable(context=context, **execute_callable_kwargs)
             ^^^^^^^^^^^^^^^^^^^^^^^^^^^^^^^^^^^^^^^^^^^^^^^^^^^^^^^^^^^^^
  File "/home/airflow/.local/lib/python3.12/site-packages/airflow/models/taskinstance.py", line 733, in _execute_callable
    return ExecutionCallableRunner(
           ^^^^^^^^^^^^^^^^^^^^^^^^
  File "/home/airflow/.local/lib/python3.12/site-packages/airflow/utils/operator_helpers.py", line 252, in run
    return self.func(*args, **kwargs)
           ^^^^^^^^^^^^^^^^^^^^^^^^^^
  File "/home/airflow/.local/lib/python3.12/site-packages/airflow/models/baseoperator.py", line 406, in wrapper
    return func(self, *args, **kwargs)
           ^^^^^^^^^^^^^^^^^^^^^^^^^^^
  File "/home/airflow/.local/lib/python3.12/site-packages/airflow/operators/bash.py", line 240, in execute
    result = self.subprocess_hook.run_command(
             ^^^^^^^^^^^^^^^^^^^^^^^^^^^^^^^^^
  File "/home/airflow/.local/lib/python3.12/site-packages/airflow/hooks/subprocess.py", line 91, in run_command
    for raw_line in iter(self.sub_process.stdout.readline, b""):
                    ^^^^^^^^^^^^^^^^^^^^^^^^^^^^^^^^^^^^^^^^^^^
  File "/home/airflow/.local/lib/python3.12/site-packages/airflow/utils/timeout.py", line 69, in handle_timeout
    raise AirflowTaskTimeout(self.error_message)
airflow.exceptions.AirflowTaskTimeout: Timeout, PID: 170
[2026-06-29T15:06:16.358+0000] {taskinstance.py:1225} INFO - Marking task as UP_FOR_RETRY. dag_id=gold_price_pipeline, task_id=run_dbt_models, run_id=manual__2026-06-29T14:44:12.839919+00:00, execution_date=20260629T144412, start_date=20260629T145614, end_date=20260629T150616
[2026-06-29T15:06:16.420+0000] {taskinstance.py:340} INFO - ::group::Post task execution logs
[2026-06-29T15:06:16.459+0000] {local_task_job_runner.py:261} INFO - Task exited with return code 2
[2026-06-29T15:06:16.486+0000] {taskinstance.py:3891} INFO - 0 downstream tasks scheduled from follow-on schedule check
[2026-06-29T15:06:16.489+0000] {local_task_job_runner.py:240} INFO - ::endgroup::
