[2026-06-29T14:46:26.699+0000] {local_task_job_runner.py:123} INFO - ::group::Pre task execution logs
[2026-06-29T14:46:26.726+0000] {taskinstance.py:2603} INFO - Dependencies all met for dep_context=non-requeueable deps ti=<TaskInstance: gold_price_pipeline.run_dbt_models manual__2026-06-29T14:44:12.839919+00:00 [queued]>
[2026-06-29T14:46:26.738+0000] {taskinstance.py:2603} INFO - Dependencies all met for dep_context=requeueable deps ti=<TaskInstance: gold_price_pipeline.run_dbt_models manual__2026-06-29T14:44:12.839919+00:00 [queued]>
[2026-06-29T14:46:26.739+0000] {taskinstance.py:2856} INFO - Starting attempt 1 of 3
[2026-06-29T14:46:26.760+0000] {taskinstance.py:2879} INFO - Executing <Task(BashOperator): run_dbt_models> on 2026-06-29 14:44:12.839919+00:00
[2026-06-29T14:46:26.770+0000] {logging_mixin.py:190} WARNING - /home/***/.local/lib/python3.12/site-packages/***/task/task_runner/standard_task_runner.py:70 DeprecationWarning: This process (pid=1648) is multi-threaded, use of fork() may lead to deadlocks in the child.
[2026-06-29T14:46:26.769+0000] {standard_task_runner.py:104} INFO - Running: ['***', 'tasks', 'run', 'gold_price_pipeline', 'run_dbt_models', 'manual__2026-06-29T14:44:12.839919+00:00', '--job-id', '55', '--raw', '--subdir', 'DAGS_FOLDER/gold_pipeline.py', '--cfg-path', '/tmp/tmp5kda9tmc']
[2026-06-29T14:46:26.772+0000] {standard_task_runner.py:72} INFO - Started process 1649 to run task
[2026-06-29T14:46:26.772+0000] {standard_task_runner.py:105} INFO - Job 55: Subtask run_dbt_models
[2026-06-29T14:46:26.849+0000] {task_command.py:467} INFO - Running <TaskInstance: gold_price_pipeline.run_dbt_models manual__2026-06-29T14:44:12.839919+00:00 [running]> on host 3828c1b309b8
[2026-06-29T14:46:26.966+0000] {taskinstance.py:3122} INFO - Exporting env vars: AIRFLOW_CTX_DAG_OWNER='Sayed' AIRFLOW_CTX_DAG_ID='gold_price_pipeline' AIRFLOW_CTX_TASK_ID='run_dbt_models' AIRFLOW_CTX_EXECUTION_DATE='2026-06-29T14:44:12.839919+00:00' AIRFLOW_CTX_TRY_NUMBER='1' AIRFLOW_CTX_DAG_RUN_ID='manual__2026-06-29T14:44:12.839919+00:00'
[2026-06-29T14:46:26.969+0000] {taskinstance.py:731} INFO - ::endgroup::
[2026-06-29T14:46:27.004+0000] {subprocess.py:63} INFO - Tmp dir root location: /tmp
[2026-06-29T14:46:27.007+0000] {subprocess.py:75} INFO - Running command: ['/usr/bin/bash', '-c', '\n        cd /opt/***/gold_price_dbt &&         dbt run --profiles-dir /opt/***\n        ']
[2026-06-29T14:46:27.018+0000] {subprocess.py:86} INFO - Output:
[2026-06-29T14:46:29.872+0000] {subprocess.py:93} INFO - [0m14:46:29  Running with dbt=1.11.8
[2026-06-29T14:46:30.847+0000] {subprocess.py:93} INFO - WARNING:thrift.transport.sslcompat:using legacy validation callback
[2026-06-29T14:46:31.961+0000] {subprocess.py:93} INFO - [0m14:46:31  Registered adapter: databricks=1.11.8
[2026-06-29T14:46:32.314+0000] {subprocess.py:93} INFO - [0m14:46:32  [[33mWARNING[0m]: Configuration paths exist in your dbt_project.yml file which do not apply to any resources.
[2026-06-29T14:46:32.315+0000] {subprocess.py:93} INFO - There are 1 unused configuration paths:
[2026-06-29T14:46:32.316+0000] {subprocess.py:93} INFO - - models.gold_price_dbt.example
[2026-06-29T14:46:32.483+0000] {subprocess.py:93} INFO - [0m14:46:32  Found 5 models, 732 macros
[2026-06-29T14:46:32.487+0000] {subprocess.py:93} INFO - [0m14:46:32
[2026-06-29T14:46:32.488+0000] {subprocess.py:93} INFO - [0m14:46:32  Concurrency: 1 threads (target='dev')
[2026-06-29T14:46:32.489+0000] {subprocess.py:93} INFO - [0m14:46:32
[2026-06-29T14:52:34.290+0000] {local_task_job_runner.py:127} ERROR - Received SIGTERM. Terminating subprocesses
[2026-06-29T14:52:34.318+0000] {process_utils.py:132} INFO - Sending 15 to group 1649. PIDs of all processes in the group: [1651, 1652, 1662, 1649]
[2026-06-29T14:52:34.323+0000] {process_utils.py:87} INFO - Sending the signal 15 to group 1649
[2026-06-29T14:52:34.334+0000] {taskinstance.py:3083} ERROR - Received SIGTERM. Terminating subprocesses.
[2026-06-29T14:52:34.336+0000] {subprocess.py:104} INFO - Sending SIGTERM signal to process group
[2026-06-29T14:52:34.556+0000] {taskinstance.py:3301} ERROR - Task failed with exception
Traceback (most recent call last):
  File "/home/airflow/.local/lib/python3.12/site-packages/airflow/models/taskinstance.py", line 762, in _execute_task
    result = _execute_callable(context=context, **execute_callable_kwargs)
             ^^^^^^^^^^^^^^^^^^^^^^^^^^^^^^^^^^^^^^^^^^^^^^^^^^^^^^^^^^^^^
  File "/home/airflow/.local/lib/python3.12/site-packages/airflow/models/taskinstance.py", line 733, in _execute_callable
    return ExecutionCallableRunner(
           ^^^^^^^^^^^^^^^^^^^^^^^^
  File "/home/airflow/.local/lib/python3.12/site-packages/airflow/utils/operator_helpers.py", line 252, in run
    return self.func(*args, **kwargs)
           ^^^^^^^^^^^^^^^^^^^^^^^^^^
  File "/home/airflow/.local/lib/python3.12/site-packages/airflow/models/baseoperator.py", line 406, in wrapper
    return func(self, *args, **kwargs)
           ^^^^^^^^^^^^^^^^^^^^^^^^^^^
  File "/home/airflow/.local/lib/python3.12/site-packages/airflow/operators/bash.py", line 240, in execute
    result = self.subprocess_hook.run_command(
             ^^^^^^^^^^^^^^^^^^^^^^^^^^^^^^^^^
  File "/home/airflow/.local/lib/python3.12/site-packages/airflow/hooks/subprocess.py", line 91, in run_command
    for raw_line in iter(self.sub_process.stdout.readline, b""):
                    ^^^^^^^^^^^^^^^^^^^^^^^^^^^^^^^^^^^^^^^^^^^
  File "/home/airflow/.local/lib/python3.12/site-packages/airflow/models/taskinstance.py", line 3085, in signal_handler
    raise AirflowTaskTerminated("Task received SIGTERM signal")
airflow.exceptions.AirflowTaskTerminated: Task received SIGTERM signal
[2026-06-29T14:52:34.622+0000] {taskinstance.py:1225} INFO - Marking task as UP_FOR_RETRY. dag_id=gold_price_pipeline, task_id=run_dbt_models, run_id=manual__2026-06-29T14:44:12.839919+00:00, execution_date=20260629T144412, start_date=20260629T144626, end_date=20260629T145234
[2026-06-29T14:52:34.652+0000] {taskinstance.py:340} INFO - ::group::Post task execution logs
[2026-06-29T14:52:34.680+0000] {process_utils.py:80} INFO - Process psutil.Process(pid=1651, status='terminated', started='14:46:27') (1651) terminated with exit code None
[2026-06-29T14:52:34.681+0000] {process_utils.py:80} INFO - Process psutil.Process(pid=1649, status='terminated', exitcode=2, started='14:46:26') (1649) terminated with exit code 2
[2026-06-29T14:52:34.683+0000] {process_utils.py:80} INFO - Process psutil.Process(pid=1652, status='terminated', started='14:46:27') (1652) terminated with exit code None
[2026-06-29T14:52:34.684+0000] {process_utils.py:80} INFO - Process psutil.Process(pid=1662, status='terminated', started='14:46:31') (1662) terminated with exit code None
[2026-06-29T14:52:34.685+0000] {local_task_job_runner.py:261} INFO - Task exited with return code 143
[2026-06-29T14:52:34.718+0000] {taskinstance.py:3891} INFO - 0 downstream tasks scheduled from follow-on schedule check
[2026-06-29T14:52:34.864+0000] {local_task_job_runner.py:240} INFO - ::endgroup::
