[2026-06-29T15:08:17.545+0000] {local_task_job_runner.py:123} INFO - ::group::Pre task execution logs
[2026-06-29T15:08:17.564+0000] {taskinstance.py:2603} INFO - Dependencies all met for dep_context=non-requeueable deps ti=<TaskInstance: gold_price_pipeline.run_dbt_models manual__2026-06-29T14:44:12.839919+00:00 [queued]>
[2026-06-29T15:08:17.574+0000] {taskinstance.py:2603} INFO - Dependencies all met for dep_context=requeueable deps ti=<TaskInstance: gold_price_pipeline.run_dbt_models manual__2026-06-29T14:44:12.839919+00:00 [queued]>
[2026-06-29T15:08:17.575+0000] {taskinstance.py:2856} INFO - Starting attempt 3 of 3
[2026-06-29T15:08:17.590+0000] {taskinstance.py:2879} INFO - Executing <Task(BashOperator): run_dbt_models> on 2026-06-29 14:44:12.839919+00:00
[2026-06-29T15:08:17.600+0000] {logging_mixin.py:190} WARNING - /home/***/.local/lib/python3.12/site-packages/***/task/task_runner/standard_task_runner.py:70 DeprecationWarning: This process (pid=301) is multi-threaded, use of fork() may lead to deadlocks in the child.
[2026-06-29T15:08:17.599+0000] {standard_task_runner.py:104} INFO - Running: ['***', 'tasks', 'run', 'gold_price_pipeline', 'run_dbt_models', 'manual__2026-06-29T14:44:12.839919+00:00', '--job-id', '58', '--raw', '--subdir', 'DAGS_FOLDER/gold_pipeline.py', '--cfg-path', '/tmp/tmp7080o6tl']
[2026-06-29T15:08:17.603+0000] {standard_task_runner.py:72} INFO - Started process 302 to run task
[2026-06-29T15:08:17.603+0000] {standard_task_runner.py:105} INFO - Job 58: Subtask run_dbt_models
[2026-06-29T15:08:17.686+0000] {task_command.py:467} INFO - Running <TaskInstance: gold_price_pipeline.run_dbt_models manual__2026-06-29T14:44:12.839919+00:00 [running]> on host 31887d20b8ee
[2026-06-29T15:08:17.778+0000] {taskinstance.py:3122} INFO - Exporting env vars: AIRFLOW_CTX_DAG_OWNER='Sayed' AIRFLOW_CTX_DAG_ID='gold_price_pipeline' AIRFLOW_CTX_TASK_ID='run_dbt_models' AIRFLOW_CTX_EXECUTION_DATE='2026-06-29T14:44:12.839919+00:00' AIRFLOW_CTX_TRY_NUMBER='3' AIRFLOW_CTX_DAG_RUN_ID='manual__2026-06-29T14:44:12.839919+00:00'
[2026-06-29T15:08:17.781+0000] {taskinstance.py:731} INFO - ::endgroup::
[2026-06-29T15:08:17.807+0000] {subprocess.py:63} INFO - Tmp dir root location: /tmp
[2026-06-29T15:08:17.811+0000] {subprocess.py:75} INFO - Running command: ['/usr/bin/bash', '-c', '\n        cd /opt/***/gold_price_dbt &&         dbt run --profiles-dir /opt/***\n        ']
[2026-06-29T15:08:17.823+0000] {subprocess.py:86} INFO - Output:
[2026-06-29T15:08:20.012+0000] {subprocess.py:93} INFO - [0m15:08:20  Running with dbt=1.11.8
[2026-06-29T15:08:20.853+0000] {subprocess.py:93} INFO - WARNING:thrift.transport.sslcompat:using legacy validation callback
[2026-06-29T15:08:21.791+0000] {subprocess.py:93} INFO - [0m15:08:21  Registered adapter: databricks=1.11.8
[2026-06-29T15:08:22.104+0000] {subprocess.py:93} INFO - [0m15:08:22  [[33mWARNING[0m]: Configuration paths exist in your dbt_project.yml file which do not apply to any resources.
[2026-06-29T15:08:22.105+0000] {subprocess.py:93} INFO - There are 1 unused configuration paths:
[2026-06-29T15:08:22.106+0000] {subprocess.py:93} INFO - - models.gold_price_dbt.example
[2026-06-29T15:08:22.286+0000] {subprocess.py:93} INFO - [0m15:08:22  Found 5 models, 732 macros
[2026-06-29T15:08:22.290+0000] {subprocess.py:93} INFO - [0m15:08:22
[2026-06-29T15:08:22.291+0000] {subprocess.py:93} INFO - [0m15:08:22  Concurrency: 1 threads (target='dev')
[2026-06-29T15:08:22.292+0000] {subprocess.py:93} INFO - [0m15:08:22
[2026-06-29T15:11:16.799+0000] {local_task_job_runner.py:341} WARNING - State of this instance has been externally set to failed. Terminating instance.
[2026-06-29T15:11:16.803+0000] {local_task_job_runner.py:240} INFO - ::endgroup::
[2026-06-29T15:11:16.813+0000] {process_utils.py:132} INFO - Sending 15 to group 302. PIDs of all processes in the group: [304, 305, 315, 302]
[2026-06-29T15:11:16.815+0000] {process_utils.py:87} INFO - Sending the signal 15 to group 302
[2026-06-29T15:11:16.817+0000] {taskinstance.py:3083} ERROR - Received SIGTERM. Terminating subprocesses.
[2026-06-29T15:11:16.819+0000] {subprocess.py:104} INFO - Sending SIGTERM signal to process group
[2026-06-29T15:11:16.868+0000] {taskinstance.py:340} INFO - ::group::Post task execution logs
[2026-06-29T15:11:16.910+0000] {process_utils.py:80} INFO - Process psutil.Process(pid=315, status='terminated', started='15:08:21') (315) terminated with exit code None
[2026-06-29T15:11:16.912+0000] {process_utils.py:80} INFO - Process psutil.Process(pid=304, status='terminated', started='15:08:17') (304) terminated with exit code None
[2026-06-29T15:11:16.914+0000] {process_utils.py:80} INFO - Process psutil.Process(pid=305, status='terminated', started='15:08:17') (305) terminated with exit code None
[2026-06-29T15:11:16.915+0000] {process_utils.py:80} INFO - Process psutil.Process(pid=302, status='terminated', exitcode=0, started='15:08:16') (302) terminated with exit code 0
