[2026-06-29T15:47:17.723+0000] {local_task_job_runner.py:123} INFO - ::group::Pre task execution logs
[2026-06-29T15:47:17.748+0000] {taskinstance.py:2603} INFO - Dependencies all met for dep_context=non-requeueable deps ti=<TaskInstance: gold_price_pipeline.run_spark_etl scheduled__2026-06-29T14:00:00+00:00 [queued]>
[2026-06-29T15:47:17.762+0000] {taskinstance.py:2603} INFO - Dependencies all met for dep_context=requeueable deps ti=<TaskInstance: gold_price_pipeline.run_spark_etl scheduled__2026-06-29T14:00:00+00:00 [queued]>
[2026-06-29T15:47:17.764+0000] {taskinstance.py:2856} INFO - Starting attempt 3 of 3
[2026-06-29T15:47:17.785+0000] {taskinstance.py:2879} INFO - Executing <Task(BashOperator): run_spark_etl> on 2026-06-29 14:00:00+00:00
[2026-06-29T15:47:17.798+0000] {standard_task_runner.py:104} INFO - Running: ['***', 'tasks', 'run', 'gold_price_pipeline', 'run_spark_etl', 'scheduled__2026-06-29T14:00:00+00:00', '--job-id', '6', '--raw', '--subdir', 'DAGS_FOLDER/gold_pipeline.py', '--cfg-path', '/tmp/tmp8e4wn1sy']
[2026-06-29T15:47:17.801+0000] {logging_mixin.py:190} WARNING - /home/***/.local/lib/python3.12/site-packages/***/task/task_runner/standard_task_runner.py:70 DeprecationWarning: This process (pid=568) is multi-threaded, use of fork() may lead to deadlocks in the child.
[2026-06-29T15:47:17.803+0000] {standard_task_runner.py:105} INFO - Job 6: Subtask run_spark_etl
[2026-06-29T15:47:17.804+0000] {standard_task_runner.py:72} INFO - Started process 569 to run task
[2026-06-29T15:47:17.943+0000] {task_command.py:467} INFO - Running <TaskInstance: gold_price_pipeline.run_spark_etl scheduled__2026-06-29T14:00:00+00:00 [running]> on host ef940326903e
[2026-06-29T15:47:18.100+0000] {taskinstance.py:3122} INFO - Exporting env vars: AIRFLOW_CTX_DAG_OWNER='Sayed' AIRFLOW_CTX_DAG_ID='gold_price_pipeline' AIRFLOW_CTX_TASK_ID='run_spark_etl' AIRFLOW_CTX_EXECUTION_DATE='2026-06-29T14:00:00+00:00' AIRFLOW_CTX_TRY_NUMBER='3' AIRFLOW_CTX_DAG_RUN_ID='scheduled__2026-06-29T14:00:00+00:00'
[2026-06-29T15:47:18.103+0000] {taskinstance.py:731} INFO - ::endgroup::
[2026-06-29T15:47:18.134+0000] {subprocess.py:63} INFO - Tmp dir root location: /tmp
[2026-06-29T15:47:18.136+0000] {subprocess.py:75} INFO - Running command: ['/usr/bin/bash', '-c', '\n        spark-submit /opt/***/pyspark_processing/sss.py\n        ']
[2026-06-29T15:47:18.152+0000] {subprocess.py:86} INFO - Output:
[2026-06-29T15:47:23.926+0000] {subprocess.py:93} INFO - 26/06/29 15:47:23 INFO SparkContext: Running Spark version 3.5.1
[2026-06-29T15:47:23.932+0000] {subprocess.py:93} INFO - 26/06/29 15:47:23 INFO SparkContext: OS info Linux, 6.18.33.2-microsoft-standard-WSL2, amd64
[2026-06-29T15:47:23.936+0000] {subprocess.py:93} INFO - 26/06/29 15:47:23 INFO SparkContext: Java version 17.0.19
[2026-06-29T15:47:24.090+0000] {subprocess.py:93} INFO - 26/06/29 15:47:24 WARN NativeCodeLoader: Unable to load native-hadoop library for your platform... using builtin-java classes where applicable
[2026-06-29T15:47:24.271+0000] {subprocess.py:93} INFO - 26/06/29 15:47:24 INFO ResourceUtils: ==============================================================
[2026-06-29T15:47:24.274+0000] {subprocess.py:93} INFO - 26/06/29 15:47:24 INFO ResourceUtils: No custom resources configured for spark.driver.
[2026-06-29T15:47:24.278+0000] {subprocess.py:93} INFO - 26/06/29 15:47:24 INFO ResourceUtils: ==============================================================
[2026-06-29T15:47:24.281+0000] {subprocess.py:93} INFO - 26/06/29 15:47:24 INFO SparkContext: Submitted application: GoldPriceETL
[2026-06-29T15:47:24.335+0000] {subprocess.py:93} INFO - 26/06/29 15:47:24 INFO ResourceProfile: Default ResourceProfile created, executor resources: Map(cores -> name: cores, amount: 1, script: , vendor: , memory -> name: memory, amount: 1024, script: , vendor: , offHeap -> name: offHeap, amount: 0, script: , vendor: ), task resources: Map(cpus -> name: cpus, amount: 1.0)
[2026-06-29T15:47:24.356+0000] {subprocess.py:93} INFO - 26/06/29 15:47:24 INFO ResourceProfile: Limiting resource is cpu
[2026-06-29T15:47:24.359+0000] {subprocess.py:93} INFO - 26/06/29 15:47:24 INFO ResourceProfileManager: Added ResourceProfile id: 0
[2026-06-29T15:47:24.459+0000] {subprocess.py:93} INFO - 26/06/29 15:47:24 INFO SecurityManager: Changing view acls to: ***
[2026-06-29T15:47:24.462+0000] {subprocess.py:93} INFO - 26/06/29 15:47:24 INFO SecurityManager: Changing modify acls to: ***
[2026-06-29T15:47:24.464+0000] {subprocess.py:93} INFO - 26/06/29 15:47:24 INFO SecurityManager: Changing view acls groups to:
[2026-06-29T15:47:24.466+0000] {subprocess.py:93} INFO - 26/06/29 15:47:24 INFO SecurityManager: Changing modify acls groups to:
[2026-06-29T15:47:24.468+0000] {subprocess.py:93} INFO - 26/06/29 15:47:24 INFO SecurityManager: SecurityManager: authentication disabled; ui acls disabled; users with view permissions: ***; groups with view permissions: EMPTY; users with modify permissions: ***; groups with modify permissions: EMPTY
[2026-06-29T15:47:24.882+0000] {subprocess.py:93} INFO - 26/06/29 15:47:24 INFO Utils: Successfully started service 'sparkDriver' on port 39257.
[2026-06-29T15:47:24.962+0000] {subprocess.py:93} INFO - 26/06/29 15:47:24 INFO SparkEnv: Registering MapOutputTracker
[2026-06-29T15:47:25.021+0000] {subprocess.py:93} INFO - 26/06/29 15:47:25 INFO SparkEnv: Registering BlockManagerMaster
[2026-06-29T15:47:25.052+0000] {subprocess.py:93} INFO - 26/06/29 15:47:25 INFO BlockManagerMasterEndpoint: Using org.apache.spark.storage.DefaultTopologyMapper for getting topology information
[2026-06-29T15:47:25.054+0000] {subprocess.py:93} INFO - 26/06/29 15:47:25 INFO BlockManagerMasterEndpoint: BlockManagerMasterEndpoint up
[2026-06-29T15:47:25.062+0000] {subprocess.py:93} INFO - 26/06/29 15:47:25 INFO SparkEnv: Registering BlockManagerMasterHeartbeat
[2026-06-29T15:47:25.100+0000] {subprocess.py:93} INFO - 26/06/29 15:47:25 INFO DiskBlockManager: Created local directory at /tmp/blockmgr-49088690-8639-432a-be26-d64527591d13
[2026-06-29T15:47:25.123+0000] {subprocess.py:93} INFO - 26/06/29 15:47:25 INFO MemoryStore: MemoryStore started with capacity 434.4 MiB
[2026-06-29T15:47:25.153+0000] {subprocess.py:93} INFO - 26/06/29 15:47:25 INFO SparkEnv: Registering OutputCommitCoordinator
[2026-06-29T15:47:25.336+0000] {subprocess.py:93} INFO - 26/06/29 15:47:25 INFO JettyUtils: Start Jetty 0.0.0.0:4040 for SparkUI
[2026-06-29T15:47:25.418+0000] {subprocess.py:93} INFO - 26/06/29 15:47:25 INFO Utils: Successfully started service 'SparkUI' on port 4040.
[2026-06-29T15:47:25.594+0000] {subprocess.py:93} INFO - 26/06/29 15:47:25 INFO Executor: Starting executor ID driver on host ef940326903e
[2026-06-29T15:47:25.598+0000] {subprocess.py:93} INFO - 26/06/29 15:47:25 INFO Executor: OS info Linux, 6.18.33.2-microsoft-standard-WSL2, amd64
[2026-06-29T15:47:25.600+0000] {subprocess.py:93} INFO - 26/06/29 15:47:25 INFO Executor: Java version 17.0.19
[2026-06-29T15:47:25.611+0000] {subprocess.py:93} INFO - 26/06/29 15:47:25 INFO Executor: Starting executor with user classpath (userClassPathFirst = false): ''
[2026-06-29T15:47:25.613+0000] {subprocess.py:93} INFO - 26/06/29 15:47:25 INFO Executor: Created or updated repl class loader org.apache.spark.util.MutableURLClassLoader@28556cce for default.
[2026-06-29T15:47:25.659+0000] {subprocess.py:93} INFO - 26/06/29 15:47:25 INFO Utils: Successfully started service 'org.apache.spark.network.netty.NettyBlockTransferService' on port 42929.
[2026-06-29T15:47:25.661+0000] {subprocess.py:93} INFO - 26/06/29 15:47:25 INFO NettyBlockTransferService: Server created on ef940326903e:42929
[2026-06-29T15:47:25.664+0000] {subprocess.py:93} INFO - 26/06/29 15:47:25 INFO BlockManager: Using org.apache.spark.storage.RandomBlockReplicationPolicy for block replication policy
[2026-06-29T15:47:25.675+0000] {subprocess.py:93} INFO - 26/06/29 15:47:25 INFO BlockManagerMaster: Registering BlockManager BlockManagerId(driver, ef940326903e, 42929, None)
[2026-06-29T15:47:25.682+0000] {subprocess.py:93} INFO - 26/06/29 15:47:25 INFO BlockManagerMasterEndpoint: Registering block manager ef940326903e:42929 with 434.4 MiB RAM, BlockManagerId(driver, ef940326903e, 42929, None)
[2026-06-29T15:47:25.686+0000] {subprocess.py:93} INFO - 26/06/29 15:47:25 INFO BlockManagerMaster: Registered BlockManager BlockManagerId(driver, ef940326903e, 42929, None)
[2026-06-29T15:47:25.689+0000] {subprocess.py:93} INFO - 26/06/29 15:47:25 INFO BlockManager: Initialized BlockManager: BlockManagerId(driver, ef940326903e, 42929, None)
[2026-06-29T15:47:26.412+0000] {subprocess.py:93} INFO - 26/06/29 15:47:26 WARN SparkSession: Cannot use io.delta.sql.DeltaSparkSessionExtension to configure session extensions.
[2026-06-29T15:47:26.415+0000] {subprocess.py:93} INFO - java.lang.ClassNotFoundException: io.delta.sql.DeltaSparkSessionExtension
[2026-06-29T15:47:26.417+0000] {subprocess.py:93} INFO - 	at java.base/java.net.URLClassLoader.findClass(URLClassLoader.java:445)
[2026-06-29T15:47:26.419+0000] {subprocess.py:93} INFO - 	at java.base/java.lang.ClassLoader.loadClass(ClassLoader.java:592)
[2026-06-29T15:47:26.421+0000] {subprocess.py:93} INFO - 	at java.base/java.lang.ClassLoader.loadClass(ClassLoader.java:525)
[2026-06-29T15:47:26.423+0000] {subprocess.py:93} INFO - 	at java.base/java.lang.Class.forName0(Native Method)
[2026-06-29T15:47:26.425+0000] {subprocess.py:93} INFO - 	at java.base/java.lang.Class.forName(Class.java:469)
[2026-06-29T15:47:26.427+0000] {subprocess.py:93} INFO - 	at org.apache.spark.util.SparkClassUtils.classForName(SparkClassUtils.scala:41)
[2026-06-29T15:47:26.430+0000] {subprocess.py:93} INFO - 	at org.apache.spark.util.SparkClassUtils.classForName$(SparkClassUtils.scala:36)
[2026-06-29T15:47:26.432+0000] {subprocess.py:93} INFO - 	at org.apache.spark.util.Utils$.classForName(Utils.scala:94)
[2026-06-29T15:47:26.434+0000] {subprocess.py:93} INFO - 	at org.apache.spark.sql.SparkSession$.$anonfun$applyExtensions$2(SparkSession.scala:1367)
[2026-06-29T15:47:26.436+0000] {subprocess.py:93} INFO - 	at org.apache.spark.sql.SparkSession$.$anonfun$applyExtensions$2$adapted(SparkSession.scala:1365)
[2026-06-29T15:47:26.438+0000] {subprocess.py:93} INFO - 	at scala.collection.mutable.ResizableArray.foreach(ResizableArray.scala:62)
[2026-06-29T15:47:26.440+0000] {subprocess.py:93} INFO - 	at scala.collection.mutable.ResizableArray.foreach$(ResizableArray.scala:55)
[2026-06-29T15:47:26.443+0000] {subprocess.py:93} INFO - 	at scala.collection.mutable.ArrayBuffer.foreach(ArrayBuffer.scala:49)
[2026-06-29T15:47:26.445+0000] {subprocess.py:93} INFO - 	at org.apache.spark.sql.SparkSession$.org$apache$spark$sql$SparkSession$$applyExtensions(SparkSession.scala:1365)
[2026-06-29T15:47:26.449+0000] {subprocess.py:93} INFO - 	at org.apache.spark.sql.SparkSession.<init>(SparkSession.scala:105)
[2026-06-29T15:47:26.452+0000] {subprocess.py:93} INFO - 	at java.base/jdk.internal.reflect.NativeConstructorAccessorImpl.newInstance0(Native Method)
[2026-06-29T15:47:26.455+0000] {subprocess.py:93} INFO - 	at java.base/jdk.internal.reflect.NativeConstructorAccessorImpl.newInstance(NativeConstructorAccessorImpl.java:77)
[2026-06-29T15:47:26.457+0000] {subprocess.py:93} INFO - 	at java.base/jdk.internal.reflect.DelegatingConstructorAccessorImpl.newInstance(DelegatingConstructorAccessorImpl.java:45)
[2026-06-29T15:47:26.460+0000] {subprocess.py:93} INFO - 	at java.base/java.lang.reflect.Constructor.newInstanceWithCaller(Constructor.java:500)
[2026-06-29T15:47:26.462+0000] {subprocess.py:93} INFO - 	at java.base/java.lang.reflect.Constructor.newInstance(Constructor.java:481)
[2026-06-29T15:47:26.464+0000] {subprocess.py:93} INFO - 	at py4j.reflection.MethodInvoker.invoke(MethodInvoker.java:247)
[2026-06-29T15:47:26.466+0000] {subprocess.py:93} INFO - 	at py4j.reflection.ReflectionEngine.invoke(ReflectionEngine.java:374)
[2026-06-29T15:47:26.469+0000] {subprocess.py:93} INFO - 	at py4j.Gateway.invoke(Gateway.java:238)
[2026-06-29T15:47:26.471+0000] {subprocess.py:93} INFO - 	at py4j.commands.ConstructorCommand.invokeConstructor(ConstructorCommand.java:80)
[2026-06-29T15:47:26.473+0000] {subprocess.py:93} INFO - 	at py4j.commands.ConstructorCommand.execute(ConstructorCommand.java:69)
[2026-06-29T15:47:26.476+0000] {subprocess.py:93} INFO - 	at py4j.ClientServerConnection.waitForCommands(ClientServerConnection.java:182)
[2026-06-29T15:47:26.479+0000] {subprocess.py:93} INFO - 	at py4j.ClientServerConnection.run(ClientServerConnection.java:106)
[2026-06-29T15:47:26.481+0000] {subprocess.py:93} INFO - 	at java.base/java.lang.Thread.run(Thread.java:840)
[2026-06-29T15:47:26.591+0000] {subprocess.py:93} INFO - 26/06/29 15:47:26 INFO SharedState: Setting hive.metastore.warehouse.dir ('null') to the value of spark.sql.warehouse.dir.
[2026-06-29T15:47:26.611+0000] {subprocess.py:93} INFO - 26/06/29 15:47:26 INFO SharedState: Warehouse path is 'file:/tmp/***tmpp_57dy12/spark-warehouse'.
[2026-06-29T15:47:28.216+0000] {subprocess.py:93} INFO - 26/06/29 15:47:28 WARN FileStreamSink: Assume no metadata directory. Error while looking for metadata directory in the path: abfss://raw@golddatalakee011.dfs.core.windows.net/stream_data/.
[2026-06-29T15:47:28.218+0000] {subprocess.py:93} INFO - java.lang.RuntimeException: java.lang.ClassNotFoundException: Class org.apache.hadoop.fs.azurebfs.SecureAzureBlobFileSystem not found
[2026-06-29T15:47:28.220+0000] {subprocess.py:93} INFO - 	at org.apache.hadoop.conf.Configuration.getClass(Configuration.java:2688)
[2026-06-29T15:47:28.223+0000] {subprocess.py:93} INFO - 	at org.apache.hadoop.fs.FileSystem.getFileSystemClass(FileSystem.java:3431)
[2026-06-29T15:47:28.225+0000] {subprocess.py:93} INFO - 	at org.apache.hadoop.fs.FileSystem.createFileSystem(FileSystem.java:3466)
[2026-06-29T15:47:28.228+0000] {subprocess.py:93} INFO - 	at org.apache.hadoop.fs.FileSystem.access$300(FileSystem.java:174)
[2026-06-29T15:47:28.230+0000] {subprocess.py:93} INFO - 	at org.apache.hadoop.fs.FileSystem$Cache.getInternal(FileSystem.java:3574)
[2026-06-29T15:47:28.232+0000] {subprocess.py:93} INFO - 	at org.apache.hadoop.fs.FileSystem$Cache.get(FileSystem.java:3521)
[2026-06-29T15:47:28.233+0000] {subprocess.py:93} INFO - 	at org.apache.hadoop.fs.FileSystem.get(FileSystem.java:540)
[2026-06-29T15:47:28.236+0000] {subprocess.py:93} INFO - 	at org.apache.hadoop.fs.Path.getFileSystem(Path.java:365)
[2026-06-29T15:47:28.239+0000] {subprocess.py:93} INFO - 	at org.apache.spark.sql.execution.streaming.FileStreamSink$.hasMetadata(FileStreamSink.scala:53)
[2026-06-29T15:47:28.242+0000] {subprocess.py:93} INFO - 	at org.apache.spark.sql.execution.datasources.DataSource.resolveRelation(DataSource.scala:366)
[2026-06-29T15:47:28.244+0000] {subprocess.py:93} INFO - 	at org.apache.spark.sql.DataFrameReader.loadV1Source(DataFrameReader.scala:229)
[2026-06-29T15:47:28.246+0000] {subprocess.py:93} INFO - 	at org.apache.spark.sql.DataFrameReader.$anonfun$load$2(DataFrameReader.scala:211)
[2026-06-29T15:47:28.248+0000] {subprocess.py:93} INFO - 	at scala.Option.getOrElse(Option.scala:189)
[2026-06-29T15:47:28.250+0000] {subprocess.py:93} INFO - 	at org.apache.spark.sql.DataFrameReader.load(DataFrameReader.scala:211)
[2026-06-29T15:47:28.252+0000] {subprocess.py:93} INFO - 	at org.apache.spark.sql.DataFrameReader.json(DataFrameReader.scala:362)
[2026-06-29T15:47:28.257+0000] {subprocess.py:93} INFO - 	at java.base/jdk.internal.reflect.NativeMethodAccessorImpl.invoke0(Native Method)
[2026-06-29T15:47:28.261+0000] {subprocess.py:93} INFO - 	at java.base/jdk.internal.reflect.NativeMethodAccessorImpl.invoke(NativeMethodAccessorImpl.java:77)
[2026-06-29T15:47:28.263+0000] {subprocess.py:93} INFO - 	at java.base/jdk.internal.reflect.DelegatingMethodAccessorImpl.invoke(DelegatingMethodAccessorImpl.java:43)
[2026-06-29T15:47:28.265+0000] {subprocess.py:93} INFO - 	at java.base/java.lang.reflect.Method.invoke(Method.java:569)
[2026-06-29T15:47:28.267+0000] {subprocess.py:93} INFO - 	at py4j.reflection.MethodInvoker.invoke(MethodInvoker.java:244)
[2026-06-29T15:47:28.270+0000] {subprocess.py:93} INFO - 	at py4j.reflection.ReflectionEngine.invoke(ReflectionEngine.java:374)
[2026-06-29T15:47:28.273+0000] {subprocess.py:93} INFO - 	at py4j.Gateway.invoke(Gateway.java:282)
[2026-06-29T15:47:28.275+0000] {subprocess.py:93} INFO - 	at py4j.commands.AbstractCommand.invokeMethod(AbstractCommand.java:132)
[2026-06-29T15:47:28.277+0000] {subprocess.py:93} INFO - 	at py4j.commands.CallCommand.execute(CallCommand.java:79)
[2026-06-29T15:47:28.280+0000] {subprocess.py:93} INFO - 	at py4j.ClientServerConnection.waitForCommands(ClientServerConnection.java:182)
[2026-06-29T15:47:28.282+0000] {subprocess.py:93} INFO - 	at py4j.ClientServerConnection.run(ClientServerConnection.java:106)
[2026-06-29T15:47:28.284+0000] {subprocess.py:93} INFO - 	at java.base/java.lang.Thread.run(Thread.java:840)
[2026-06-29T15:47:28.287+0000] {subprocess.py:93} INFO - Caused by: java.lang.ClassNotFoundException: Class org.apache.hadoop.fs.azurebfs.SecureAzureBlobFileSystem not found
[2026-06-29T15:47:28.289+0000] {subprocess.py:93} INFO - 	at org.apache.hadoop.conf.Configuration.getClassByName(Configuration.java:2592)
[2026-06-29T15:47:28.291+0000] {subprocess.py:93} INFO - 	at org.apache.hadoop.conf.Configuration.getClass(Configuration.java:2686)
[2026-06-29T15:47:28.293+0000] {subprocess.py:93} INFO - 	... 26 more
[2026-06-29T15:47:28.430+0000] {subprocess.py:93} INFO - Traceback (most recent call last):
[2026-06-29T15:47:28.435+0000] {subprocess.py:93} INFO -   File "/opt/***/pyspark_processing/sss.py", line 86, in <module>
[2026-06-29T15:47:28.439+0000] {subprocess.py:93} INFO -     .json(STREAM_PATH)
[2026-06-29T15:47:28.442+0000] {subprocess.py:93} INFO -      ^^^^^^^^^^^^^^^^^
[2026-06-29T15:47:28.444+0000] {subprocess.py:93} INFO -   File "/home/***/.local/lib/python3.12/site-packages/pyspark/python/lib/pyspark.zip/pyspark/sql/readwriter.py", line 425, in json
[2026-06-29T15:47:28.446+0000] {subprocess.py:93} INFO -   File "/home/***/.local/lib/python3.12/site-packages/pyspark/python/lib/py4j-0.10.9.7-src.zip/py4j/java_gateway.py", line 1322, in __call__
[2026-06-29T15:47:28.449+0000] {subprocess.py:93} INFO -   File "/home/***/.local/lib/python3.12/site-packages/pyspark/python/lib/pyspark.zip/pyspark/errors/exceptions/captured.py", line 179, in deco
[2026-06-29T15:47:28.455+0000] {subprocess.py:93} INFO -   File "/home/***/.local/lib/python3.12/site-packages/pyspark/python/lib/py4j-0.10.9.7-src.zip/py4j/protocol.py", line 326, in get_return_value
[2026-06-29T15:47:28.458+0000] {subprocess.py:93} INFO - py4j.protocol.Py4JJavaError: An error occurred while calling o30.json.
[2026-06-29T15:47:28.461+0000] {subprocess.py:93} INFO - : java.lang.RuntimeException: java.lang.ClassNotFoundException: Class org.apache.hadoop.fs.azurebfs.SecureAzureBlobFileSystem not found
[2026-06-29T15:47:28.464+0000] {subprocess.py:93} INFO - 	at org.apache.hadoop.conf.Configuration.getClass(Configuration.java:2688)
[2026-06-29T15:47:28.468+0000] {subprocess.py:93} INFO - 	at org.apache.hadoop.fs.FileSystem.getFileSystemClass(FileSystem.java:3431)
[2026-06-29T15:47:28.471+0000] {subprocess.py:93} INFO - 	at org.apache.hadoop.fs.FileSystem.createFileSystem(FileSystem.java:3466)
[2026-06-29T15:47:28.473+0000] {subprocess.py:93} INFO - 	at org.apache.hadoop.fs.FileSystem.access$300(FileSystem.java:174)
[2026-06-29T15:47:28.475+0000] {subprocess.py:93} INFO - 	at org.apache.hadoop.fs.FileSystem$Cache.getInternal(FileSystem.java:3574)
[2026-06-29T15:47:28.478+0000] {subprocess.py:93} INFO - 	at org.apache.hadoop.fs.FileSystem$Cache.get(FileSystem.java:3521)
[2026-06-29T15:47:28.480+0000] {subprocess.py:93} INFO - 	at org.apache.hadoop.fs.FileSystem.get(FileSystem.java:540)
[2026-06-29T15:47:28.483+0000] {subprocess.py:93} INFO - 	at org.apache.hadoop.fs.Path.getFileSystem(Path.java:365)
[2026-06-29T15:47:28.486+0000] {subprocess.py:93} INFO - 	at org.apache.spark.sql.execution.datasources.DataSource$.$anonfun$checkAndGlobPathIfNecessary$1(DataSource.scala:724)
[2026-06-29T15:47:28.488+0000] {subprocess.py:93} INFO - 	at scala.collection.immutable.List.map(List.scala:293)
[2026-06-29T15:47:28.490+0000] {subprocess.py:93} INFO - 	at org.apache.spark.sql.execution.datasources.DataSource$.checkAndGlobPathIfNecessary(DataSource.scala:722)
[2026-06-29T15:47:28.493+0000] {subprocess.py:93} INFO - 	at org.apache.spark.sql.execution.datasources.DataSource.checkAndGlobPathIfNecessary(DataSource.scala:551)
[2026-06-29T15:47:28.496+0000] {subprocess.py:93} INFO - 	at org.apache.spark.sql.execution.datasources.DataSource.resolveRelation(DataSource.scala:404)
[2026-06-29T15:47:28.500+0000] {subprocess.py:93} INFO - 	at org.apache.spark.sql.DataFrameReader.loadV1Source(DataFrameReader.scala:229)
[2026-06-29T15:47:28.504+0000] {subprocess.py:93} INFO - 	at org.apache.spark.sql.DataFrameReader.$anonfun$load$2(DataFrameReader.scala:211)
[2026-06-29T15:47:28.508+0000] {subprocess.py:93} INFO - 	at scala.Option.getOrElse(Option.scala:189)
[2026-06-29T15:47:28.511+0000] {subprocess.py:93} INFO - 	at org.apache.spark.sql.DataFrameReader.load(DataFrameReader.scala:211)
[2026-06-29T15:47:28.514+0000] {subprocess.py:93} INFO - 	at org.apache.spark.sql.DataFrameReader.json(DataFrameReader.scala:362)
[2026-06-29T15:47:28.517+0000] {subprocess.py:93} INFO - 	at java.base/jdk.internal.reflect.NativeMethodAccessorImpl.invoke0(Native Method)
[2026-06-29T15:47:28.523+0000] {subprocess.py:93} INFO - 	at java.base/jdk.internal.reflect.NativeMethodAccessorImpl.invoke(NativeMethodAccessorImpl.java:77)
[2026-06-29T15:47:28.526+0000] {subprocess.py:93} INFO - 	at java.base/jdk.internal.reflect.DelegatingMethodAccessorImpl.invoke(DelegatingMethodAccessorImpl.java:43)
[2026-06-29T15:47:28.529+0000] {subprocess.py:93} INFO - 	at java.base/java.lang.reflect.Method.invoke(Method.java:569)
[2026-06-29T15:47:28.532+0000] {subprocess.py:93} INFO - 	at py4j.reflection.MethodInvoker.invoke(MethodInvoker.java:244)
[2026-06-29T15:47:28.535+0000] {subprocess.py:93} INFO - 	at py4j.reflection.ReflectionEngine.invoke(ReflectionEngine.java:374)
[2026-06-29T15:47:28.539+0000] {subprocess.py:93} INFO - 	at py4j.Gateway.invoke(Gateway.java:282)
[2026-06-29T15:47:28.543+0000] {subprocess.py:93} INFO - 	at py4j.commands.AbstractCommand.invokeMethod(AbstractCommand.java:132)
[2026-06-29T15:47:28.546+0000] {subprocess.py:93} INFO - 	at py4j.commands.CallCommand.execute(CallCommand.java:79)
[2026-06-29T15:47:28.549+0000] {subprocess.py:93} INFO - 	at py4j.ClientServerConnection.waitForCommands(ClientServerConnection.java:182)
[2026-06-29T15:47:28.551+0000] {subprocess.py:93} INFO - 	at py4j.ClientServerConnection.run(ClientServerConnection.java:106)
[2026-06-29T15:47:28.554+0000] {subprocess.py:93} INFO - 	at java.base/java.lang.Thread.run(Thread.java:840)
[2026-06-29T15:47:28.557+0000] {subprocess.py:93} INFO - Caused by: java.lang.ClassNotFoundException: Class org.apache.hadoop.fs.azurebfs.SecureAzureBlobFileSystem not found
[2026-06-29T15:47:28.559+0000] {subprocess.py:93} INFO - 	at org.apache.hadoop.conf.Configuration.getClassByName(Configuration.java:2592)
[2026-06-29T15:47:28.562+0000] {subprocess.py:93} INFO - 	at org.apache.hadoop.conf.Configuration.getClass(Configuration.java:2686)
[2026-06-29T15:47:28.565+0000] {subprocess.py:93} INFO - 	... 29 more
[2026-06-29T15:47:28.569+0000] {subprocess.py:93} INFO - 
[2026-06-29T15:47:28.630+0000] {subprocess.py:93} INFO - 26/06/29 15:47:28 INFO SparkContext: Invoking stop() from shutdown hook
[2026-06-29T15:47:28.633+0000] {subprocess.py:93} INFO - 26/06/29 15:47:28 INFO SparkContext: SparkContext is stopping with exitCode 0.
[2026-06-29T15:47:28.661+0000] {subprocess.py:93} INFO - 26/06/29 15:47:28 INFO SparkUI: Stopped Spark web UI at http://ef940326903e:4040
[2026-06-29T15:47:28.684+0000] {subprocess.py:93} INFO - 26/06/29 15:47:28 INFO MapOutputTrackerMasterEndpoint: MapOutputTrackerMasterEndpoint stopped!
[2026-06-29T15:47:28.710+0000] {subprocess.py:93} INFO - 26/06/29 15:47:28 INFO MemoryStore: MemoryStore cleared
[2026-06-29T15:47:28.712+0000] {subprocess.py:93} INFO - 26/06/29 15:47:28 INFO BlockManager: BlockManager stopped
[2026-06-29T15:47:28.726+0000] {subprocess.py:93} INFO - 26/06/29 15:47:28 INFO BlockManagerMaster: BlockManagerMaster stopped
[2026-06-29T15:47:28.734+0000] {subprocess.py:93} INFO - 26/06/29 15:47:28 INFO OutputCommitCoordinator$OutputCommitCoordinatorEndpoint: OutputCommitCoordinator stopped!
[2026-06-29T15:47:28.764+0000] {subprocess.py:93} INFO - 26/06/29 15:47:28 INFO SparkContext: Successfully stopped SparkContext
[2026-06-29T15:47:28.768+0000] {subprocess.py:93} INFO - 26/06/29 15:47:28 INFO ShutdownHookManager: Shutdown hook called
[2026-06-29T15:47:28.770+0000] {subprocess.py:93} INFO - 26/06/29 15:47:28 INFO ShutdownHookManager: Deleting directory /tmp/spark-aa774f9b-ee62-4ccf-9e75-6b06eb01ab70
[2026-06-29T15:47:28.778+0000] {subprocess.py:93} INFO - 26/06/29 15:47:28 INFO ShutdownHookManager: Deleting directory /tmp/spark-83398945-8e60-4304-969c-057166a81e5a
[2026-06-29T15:47:28.790+0000] {subprocess.py:93} INFO - 26/06/29 15:47:28 INFO ShutdownHookManager: Deleting directory /tmp/spark-aa774f9b-ee62-4ccf-9e75-6b06eb01ab70/pyspark-d37f6c9f-73b3-448c-afda-a36e30ca4d9c
[2026-06-29T15:47:28.861+0000] {subprocess.py:97} INFO - Command exited with return code 1
[2026-06-29T15:47:28.892+0000] {taskinstance.py:3301} ERROR - Task failed with exception
Traceback (most recent call last):
  File "/home/airflow/.local/lib/python3.12/site-packages/airflow/models/taskinstance.py", line 762, in _execute_task
    result = _execute_callable(context=context, **execute_callable_kwargs)
             ^^^^^^^^^^^^^^^^^^^^^^^^^^^^^^^^^^^^^^^^^^^^^^^^^^^^^^^^^^^^^
  File "/home/airflow/.local/lib/python3.12/site-packages/airflow/models/taskinstance.py", line 733, in _execute_callable
    return ExecutionCallableRunner(
           ^^^^^^^^^^^^^^^^^^^^^^^^
  File "/home/airflow/.local/lib/python3.12/site-packages/airflow/utils/operator_helpers.py", line 252, in run
    return self.func(*args, **kwargs)
           ^^^^^^^^^^^^^^^^^^^^^^^^^^
  File "/home/airflow/.local/lib/python3.12/site-packages/airflow/models/baseoperator.py", line 406, in wrapper
    return func(self, *args, **kwargs)
           ^^^^^^^^^^^^^^^^^^^^^^^^^^^
  File "/home/airflow/.local/lib/python3.12/site-packages/airflow/operators/bash.py", line 249, in execute
    raise AirflowException(
airflow.exceptions.AirflowException: Bash command failed. The command returned a non-zero exit code 1.
[2026-06-29T15:47:28.908+0000] {taskinstance.py:1225} INFO - Marking task as FAILED. dag_id=gold_price_pipeline, task_id=run_spark_etl, run_id=scheduled__2026-06-29T14:00:00+00:00, execution_date=20260629T140000, start_date=20260629T154717, end_date=20260629T154728
[2026-06-29T15:47:28.931+0000] {taskinstance.py:340} INFO - ::group::Post task execution logs
[2026-06-29T15:47:28.935+0000] {standard_task_runner.py:124} ERROR - Failed to execute job 6 for task run_spark_etl (Bash command failed. The command returned a non-zero exit code 1.; 569)
Traceback (most recent call last):
  File "/home/airflow/.local/lib/python3.12/site-packages/airflow/task/task_runner/standard_task_runner.py", line 117, in _start_by_fork
    ret = args.func(args, dag=self.dag)
          ^^^^^^^^^^^^^^^^^^^^^^^^^^^^^
  File "/home/airflow/.local/lib/python3.12/site-packages/airflow/cli/cli_config.py", line 49, in command
    return func(*args, **kwargs)
           ^^^^^^^^^^^^^^^^^^^^^
  File "/home/airflow/.local/lib/python3.12/site-packages/airflow/utils/cli.py", line 115, in wrapper
    return f(*args, **kwargs)
           ^^^^^^^^^^^^^^^^^^
  File "/home/airflow/.local/lib/python3.12/site-packages/airflow/cli/commands/task_command.py", line 483, in task_run
    task_return_code = _run_task_by_selected_method(args, _dag, ti)
                       ^^^^^^^^^^^^^^^^^^^^^^^^^^^^^^^^^^^^^^^^^^^^
  File "/home/airflow/.local/lib/python3.12/site-packages/airflow/cli/commands/task_command.py", line 256, in _run_task_by_selected_method
    return _run_raw_task(args, ti)
           ^^^^^^^^^^^^^^^^^^^^^^^
  File "/home/airflow/.local/lib/python3.12/site-packages/airflow/cli/commands/task_command.py", line 341, in _run_raw_task
    return ti._run_raw_task(
           ^^^^^^^^^^^^^^^^^
  File "/home/airflow/.local/lib/python3.12/site-packages/airflow/utils/session.py", line 97, in wrapper
    return func(*args, session=session, **kwargs)
           ^^^^^^^^^^^^^^^^^^^^^^^^^^^^^^^^^^^^^^
  File "/home/airflow/.local/lib/python3.12/site-packages/airflow/models/taskinstance.py", line 2995, in _run_raw_task
    return _run_raw_task(
           ^^^^^^^^^^^^^^
  File "/home/airflow/.local/lib/python3.12/site-packages/airflow/models/taskinstance.py", line 273, in _run_raw_task
    TaskInstance._execute_task_with_callbacks(
  File "/home/airflow/.local/lib/python3.12/site-packages/airflow/models/taskinstance.py", line 3149, in _execute_task_with_callbacks
    result = self._execute_task(context, task_orig)
             ^^^^^^^^^^^^^^^^^^^^^^^^^^^^^^^^^^^^^^
  File "/home/airflow/.local/lib/python3.12/site-packages/airflow/models/taskinstance.py", line 3173, in _execute_task
    return _execute_task(self, context, task_orig)
           ^^^^^^^^^^^^^^^^^^^^^^^^^^^^^^^^^^^^^^^
  File "/home/airflow/.local/lib/python3.12/site-packages/airflow/models/taskinstance.py", line 762, in _execute_task
    result = _execute_callable(context=context, **execute_callable_kwargs)
             ^^^^^^^^^^^^^^^^^^^^^^^^^^^^^^^^^^^^^^^^^^^^^^^^^^^^^^^^^^^^^
  File "/home/airflow/.local/lib/python3.12/site-packages/airflow/models/taskinstance.py", line 733, in _execute_callable
    return ExecutionCallableRunner(
           ^^^^^^^^^^^^^^^^^^^^^^^^
  File "/home/airflow/.local/lib/python3.12/site-packages/airflow/utils/operator_helpers.py", line 252, in run
    return self.func(*args, **kwargs)
           ^^^^^^^^^^^^^^^^^^^^^^^^^^
  File "/home/airflow/.local/lib/python3.12/site-packages/airflow/models/baseoperator.py", line 406, in wrapper
    return func(self, *args, **kwargs)
           ^^^^^^^^^^^^^^^^^^^^^^^^^^^
  File "/home/airflow/.local/lib/python3.12/site-packages/airflow/operators/bash.py", line 249, in execute
    raise AirflowException(
airflow.exceptions.AirflowException: Bash command failed. The command returned a non-zero exit code 1.
[2026-06-29T15:47:29.007+0000] {local_task_job_runner.py:261} INFO - Task exited with return code 1
[2026-06-29T15:47:29.067+0000] {taskinstance.py:3891} INFO - 0 downstream tasks scheduled from follow-on schedule check
[2026-06-29T15:47:29.079+0000] {local_task_job_runner.py:240} INFO - ::endgroup::
