[2026-06-29T15:44:57.829+0000] {local_task_job_runner.py:123} INFO - ::group::Pre task execution logs
[2026-06-29T15:44:57.870+0000] {taskinstance.py:2603} INFO - Dependencies all met for dep_context=non-requeueable deps ti=<TaskInstance: gold_price_pipeline.run_spark_etl scheduled__2026-06-29T14:00:00+00:00 [queued]>
[2026-06-29T15:44:57.887+0000] {taskinstance.py:2603} INFO - Dependencies all met for dep_context=requeueable deps ti=<TaskInstance: gold_price_pipeline.run_spark_etl scheduled__2026-06-29T14:00:00+00:00 [queued]>
[2026-06-29T15:44:57.891+0000] {taskinstance.py:2856} INFO - Starting attempt 2 of 3
[2026-06-29T15:44:57.916+0000] {taskinstance.py:2879} INFO - Executing <Task(BashOperator): run_spark_etl> on 2026-06-29 14:00:00+00:00
[2026-06-29T15:44:57.935+0000] {standard_task_runner.py:104} INFO - Running: ['***', 'tasks', 'run', 'gold_price_pipeline', 'run_spark_etl', 'scheduled__2026-06-29T14:00:00+00:00', '--job-id', '5', '--raw', '--subdir', 'DAGS_FOLDER/gold_pipeline.py', '--cfg-path', '/tmp/tmpphk9jzjq']
[2026-06-29T15:44:57.938+0000] {logging_mixin.py:190} WARNING - /home/***/.local/lib/python3.12/site-packages/***/task/task_runner/standard_task_runner.py:70 DeprecationWarning: This process (pid=385) is multi-threaded, use of fork() may lead to deadlocks in the child.
[2026-06-29T15:44:57.944+0000] {standard_task_runner.py:105} INFO - Job 5: Subtask run_spark_etl
[2026-06-29T15:44:57.946+0000] {standard_task_runner.py:72} INFO - Started process 386 to run task
[2026-06-29T15:44:59.071+0000] {task_command.py:467} INFO - Running <TaskInstance: gold_price_pipeline.run_spark_etl scheduled__2026-06-29T14:00:00+00:00 [running]> on host ef940326903e
[2026-06-29T15:44:59.355+0000] {taskinstance.py:3122} INFO - Exporting env vars: AIRFLOW_CTX_DAG_OWNER='Sayed' AIRFLOW_CTX_DAG_ID='gold_price_pipeline' AIRFLOW_CTX_TASK_ID='run_spark_etl' AIRFLOW_CTX_EXECUTION_DATE='2026-06-29T14:00:00+00:00' AIRFLOW_CTX_TRY_NUMBER='2' AIRFLOW_CTX_DAG_RUN_ID='scheduled__2026-06-29T14:00:00+00:00'
[2026-06-29T15:44:59.362+0000] {taskinstance.py:731} INFO - ::endgroup::
[2026-06-29T15:44:59.414+0000] {subprocess.py:63} INFO - Tmp dir root location: /tmp
[2026-06-29T15:44:59.418+0000] {subprocess.py:75} INFO - Running command: ['/usr/bin/bash', '-c', '\n        spark-submit /opt/***/pyspark_processing/sss.py\n        ']
[2026-06-29T15:44:59.465+0000] {subprocess.py:86} INFO - Output:
[2026-06-29T15:45:05.273+0000] {subprocess.py:93} INFO - 26/06/29 15:45:05 INFO SparkContext: Running Spark version 3.5.1
[2026-06-29T15:45:05.278+0000] {subprocess.py:93} INFO - 26/06/29 15:45:05 INFO SparkContext: OS info Linux, 6.18.33.2-microsoft-standard-WSL2, amd64
[2026-06-29T15:45:05.280+0000] {subprocess.py:93} INFO - 26/06/29 15:45:05 INFO SparkContext: Java version 17.0.19
[2026-06-29T15:45:05.375+0000] {subprocess.py:93} INFO - 26/06/29 15:45:05 WARN NativeCodeLoader: Unable to load native-hadoop library for your platform... using builtin-java classes where applicable
[2026-06-29T15:45:05.517+0000] {subprocess.py:93} INFO - 26/06/29 15:45:05 INFO ResourceUtils: ==============================================================
[2026-06-29T15:45:05.521+0000] {subprocess.py:93} INFO - 26/06/29 15:45:05 INFO ResourceUtils: No custom resources configured for spark.driver.
[2026-06-29T15:45:05.523+0000] {subprocess.py:93} INFO - 26/06/29 15:45:05 INFO ResourceUtils: ==============================================================
[2026-06-29T15:45:05.528+0000] {subprocess.py:93} INFO - 26/06/29 15:45:05 INFO SparkContext: Submitted application: GoldPriceETL
[2026-06-29T15:45:05.559+0000] {subprocess.py:93} INFO - 26/06/29 15:45:05 INFO ResourceProfile: Default ResourceProfile created, executor resources: Map(cores -> name: cores, amount: 1, script: , vendor: , memory -> name: memory, amount: 1024, script: , vendor: , offHeap -> name: offHeap, amount: 0, script: , vendor: ), task resources: Map(cpus -> name: cpus, amount: 1.0)
[2026-06-29T15:45:05.578+0000] {subprocess.py:93} INFO - 26/06/29 15:45:05 INFO ResourceProfile: Limiting resource is cpu
[2026-06-29T15:45:05.581+0000] {subprocess.py:93} INFO - 26/06/29 15:45:05 INFO ResourceProfileManager: Added ResourceProfile id: 0
[2026-06-29T15:45:05.684+0000] {subprocess.py:93} INFO - 26/06/29 15:45:05 INFO SecurityManager: Changing view acls to: ***
[2026-06-29T15:45:05.690+0000] {subprocess.py:93} INFO - 26/06/29 15:45:05 INFO SecurityManager: Changing modify acls to: ***
[2026-06-29T15:45:05.692+0000] {subprocess.py:93} INFO - 26/06/29 15:45:05 INFO SecurityManager: Changing view acls groups to:
[2026-06-29T15:45:05.695+0000] {subprocess.py:93} INFO - 26/06/29 15:45:05 INFO SecurityManager: Changing modify acls groups to:
[2026-06-29T15:45:05.697+0000] {subprocess.py:93} INFO - 26/06/29 15:45:05 INFO SecurityManager: SecurityManager: authentication disabled; ui acls disabled; users with view permissions: ***; groups with view permissions: EMPTY; users with modify permissions: ***; groups with modify permissions: EMPTY
[2026-06-29T15:45:06.299+0000] {subprocess.py:93} INFO - 26/06/29 15:45:06 INFO Utils: Successfully started service 'sparkDriver' on port 40435.
[2026-06-29T15:45:06.365+0000] {subprocess.py:93} INFO - 26/06/29 15:45:06 INFO SparkEnv: Registering MapOutputTracker
[2026-06-29T15:45:06.476+0000] {subprocess.py:93} INFO - 26/06/29 15:45:06 INFO SparkEnv: Registering BlockManagerMaster
[2026-06-29T15:45:06.516+0000] {subprocess.py:93} INFO - 26/06/29 15:45:06 INFO BlockManagerMasterEndpoint: Using org.apache.spark.storage.DefaultTopologyMapper for getting topology information
[2026-06-29T15:45:06.521+0000] {subprocess.py:93} INFO - 26/06/29 15:45:06 INFO BlockManagerMasterEndpoint: BlockManagerMasterEndpoint up
[2026-06-29T15:45:06.529+0000] {subprocess.py:93} INFO - 26/06/29 15:45:06 INFO SparkEnv: Registering BlockManagerMasterHeartbeat
[2026-06-29T15:45:06.576+0000] {subprocess.py:93} INFO - 26/06/29 15:45:06 INFO DiskBlockManager: Created local directory at /tmp/blockmgr-7eb354f1-fc23-4e9e-800b-de1d6001dad8
[2026-06-29T15:45:06.615+0000] {subprocess.py:93} INFO - 26/06/29 15:45:06 INFO MemoryStore: MemoryStore started with capacity 434.4 MiB
[2026-06-29T15:45:06.650+0000] {subprocess.py:93} INFO - 26/06/29 15:45:06 INFO SparkEnv: Registering OutputCommitCoordinator
[2026-06-29T15:45:06.854+0000] {subprocess.py:93} INFO - 26/06/29 15:45:06 INFO JettyUtils: Start Jetty 0.0.0.0:4040 for SparkUI
[2026-06-29T15:45:06.961+0000] {subprocess.py:93} INFO - 26/06/29 15:45:06 INFO Utils: Successfully started service 'SparkUI' on port 4040.
[2026-06-29T15:45:08.292+0000] {subprocess.py:93} INFO - 26/06/29 15:45:08 INFO Executor: Starting executor ID driver on host ef940326903e
[2026-06-29T15:45:08.297+0000] {subprocess.py:93} INFO - 26/06/29 15:45:08 INFO Executor: OS info Linux, 6.18.33.2-microsoft-standard-WSL2, amd64
[2026-06-29T15:45:08.300+0000] {subprocess.py:93} INFO - 26/06/29 15:45:08 INFO Executor: Java version 17.0.19
[2026-06-29T15:45:08.334+0000] {subprocess.py:93} INFO - 26/06/29 15:45:08 INFO Executor: Starting executor with user classpath (userClassPathFirst = false): ''
[2026-06-29T15:45:08.340+0000] {subprocess.py:93} INFO - 26/06/29 15:45:08 INFO Executor: Created or updated repl class loader org.apache.spark.util.MutableURLClassLoader@28556cce for default.
[2026-06-29T15:45:08.430+0000] {subprocess.py:93} INFO - 26/06/29 15:45:08 INFO Utils: Successfully started service 'org.apache.spark.network.netty.NettyBlockTransferService' on port 45779.
[2026-06-29T15:45:08.432+0000] {subprocess.py:93} INFO - 26/06/29 15:45:08 INFO NettyBlockTransferService: Server created on ef940326903e:45779
[2026-06-29T15:45:08.439+0000] {subprocess.py:93} INFO - 26/06/29 15:45:08 INFO BlockManager: Using org.apache.spark.storage.RandomBlockReplicationPolicy for block replication policy
[2026-06-29T15:45:08.476+0000] {subprocess.py:93} INFO - 26/06/29 15:45:08 INFO BlockManagerMaster: Registering BlockManager BlockManagerId(driver, ef940326903e, 45779, None)
[2026-06-29T15:45:08.485+0000] {subprocess.py:93} INFO - 26/06/29 15:45:08 INFO BlockManagerMasterEndpoint: Registering block manager ef940326903e:45779 with 434.4 MiB RAM, BlockManagerId(driver, ef940326903e, 45779, None)
[2026-06-29T15:45:08.492+0000] {subprocess.py:93} INFO - 26/06/29 15:45:08 INFO BlockManagerMaster: Registered BlockManager BlockManagerId(driver, ef940326903e, 45779, None)
[2026-06-29T15:45:08.495+0000] {subprocess.py:93} INFO - 26/06/29 15:45:08 INFO BlockManager: Initialized BlockManager: BlockManagerId(driver, ef940326903e, 45779, None)
[2026-06-29T15:45:13.894+0000] {subprocess.py:93} INFO - 26/06/29 15:45:13 WARN SparkSession: Cannot use io.delta.sql.DeltaSparkSessionExtension to configure session extensions.
[2026-06-29T15:45:13.897+0000] {subprocess.py:93} INFO - java.lang.ClassNotFoundException: io.delta.sql.DeltaSparkSessionExtension
[2026-06-29T15:45:13.899+0000] {subprocess.py:93} INFO - 	at java.base/java.net.URLClassLoader.findClass(URLClassLoader.java:445)
[2026-06-29T15:45:13.901+0000] {subprocess.py:93} INFO - 	at java.base/java.lang.ClassLoader.loadClass(ClassLoader.java:592)
[2026-06-29T15:45:13.905+0000] {subprocess.py:93} INFO - 	at java.base/java.lang.ClassLoader.loadClass(ClassLoader.java:525)
[2026-06-29T15:45:13.917+0000] {subprocess.py:93} INFO - 	at java.base/java.lang.Class.forName0(Native Method)
[2026-06-29T15:45:13.919+0000] {subprocess.py:93} INFO - 	at java.base/java.lang.Class.forName(Class.java:469)
[2026-06-29T15:45:13.920+0000] {subprocess.py:93} INFO - 	at org.apache.spark.util.SparkClassUtils.classForName(SparkClassUtils.scala:41)
[2026-06-29T15:45:13.926+0000] {subprocess.py:93} INFO - 	at org.apache.spark.util.SparkClassUtils.classForName$(SparkClassUtils.scala:36)
[2026-06-29T15:45:13.929+0000] {subprocess.py:93} INFO - 	at org.apache.spark.util.Utils$.classForName(Utils.scala:94)
[2026-06-29T15:45:13.933+0000] {subprocess.py:93} INFO - 	at org.apache.spark.sql.SparkSession$.$anonfun$applyExtensions$2(SparkSession.scala:1367)
[2026-06-29T15:45:13.935+0000] {subprocess.py:93} INFO - 	at org.apache.spark.sql.SparkSession$.$anonfun$applyExtensions$2$adapted(SparkSession.scala:1365)
[2026-06-29T15:45:13.937+0000] {subprocess.py:93} INFO - 	at scala.collection.mutable.ResizableArray.foreach(ResizableArray.scala:62)
[2026-06-29T15:45:13.940+0000] {subprocess.py:93} INFO - 	at scala.collection.mutable.ResizableArray.foreach$(ResizableArray.scala:55)
[2026-06-29T15:45:13.953+0000] {subprocess.py:93} INFO - 	at scala.collection.mutable.ArrayBuffer.foreach(ArrayBuffer.scala:49)
[2026-06-29T15:45:13.955+0000] {subprocess.py:93} INFO - 	at org.apache.spark.sql.SparkSession$.org$apache$spark$sql$SparkSession$$applyExtensions(SparkSession.scala:1365)
[2026-06-29T15:45:13.957+0000] {subprocess.py:93} INFO - 	at org.apache.spark.sql.SparkSession.<init>(SparkSession.scala:105)
[2026-06-29T15:45:13.966+0000] {subprocess.py:93} INFO - 	at java.base/jdk.internal.reflect.NativeConstructorAccessorImpl.newInstance0(Native Method)
[2026-06-29T15:45:13.968+0000] {subprocess.py:93} INFO - 	at java.base/jdk.internal.reflect.NativeConstructorAccessorImpl.newInstance(NativeConstructorAccessorImpl.java:77)
[2026-06-29T15:45:13.970+0000] {subprocess.py:93} INFO - 	at java.base/jdk.internal.reflect.DelegatingConstructorAccessorImpl.newInstance(DelegatingConstructorAccessorImpl.java:45)
[2026-06-29T15:45:13.973+0000] {subprocess.py:93} INFO - 	at java.base/java.lang.reflect.Constructor.newInstanceWithCaller(Constructor.java:500)
[2026-06-29T15:45:13.976+0000] {subprocess.py:93} INFO - 	at java.base/java.lang.reflect.Constructor.newInstance(Constructor.java:481)
[2026-06-29T15:45:13.980+0000] {subprocess.py:93} INFO - 	at py4j.reflection.MethodInvoker.invoke(MethodInvoker.java:247)
[2026-06-29T15:45:13.983+0000] {subprocess.py:93} INFO - 	at py4j.reflection.ReflectionEngine.invoke(ReflectionEngine.java:374)
[2026-06-29T15:45:13.985+0000] {subprocess.py:93} INFO - 	at py4j.Gateway.invoke(Gateway.java:238)
[2026-06-29T15:45:13.988+0000] {subprocess.py:93} INFO - 	at py4j.commands.ConstructorCommand.invokeConstructor(ConstructorCommand.java:80)
[2026-06-29T15:45:13.991+0000] {subprocess.py:93} INFO - 	at py4j.commands.ConstructorCommand.execute(ConstructorCommand.java:69)
[2026-06-29T15:45:13.994+0000] {subprocess.py:93} INFO - 	at py4j.ClientServerConnection.waitForCommands(ClientServerConnection.java:182)
[2026-06-29T15:45:13.996+0000] {subprocess.py:93} INFO - 	at py4j.ClientServerConnection.run(ClientServerConnection.java:106)
[2026-06-29T15:45:13.998+0000] {subprocess.py:93} INFO - 	at java.base/java.lang.Thread.run(Thread.java:840)
[2026-06-29T15:45:14.108+0000] {subprocess.py:93} INFO - 26/06/29 15:45:14 INFO SharedState: Setting hive.metastore.warehouse.dir ('null') to the value of spark.sql.warehouse.dir.
[2026-06-29T15:45:14.134+0000] {subprocess.py:93} INFO - 26/06/29 15:45:14 INFO SharedState: Warehouse path is 'file:/tmp/***tmpepfog48t/spark-warehouse'.
[2026-06-29T15:45:15.925+0000] {subprocess.py:93} INFO - 26/06/29 15:45:15 WARN FileStreamSink: Assume no metadata directory. Error while looking for metadata directory in the path: abfss://raw@golddatalakee011.dfs.core.windows.net/stream_data/.
[2026-06-29T15:45:15.928+0000] {subprocess.py:93} INFO - java.lang.RuntimeException: java.lang.ClassNotFoundException: Class org.apache.hadoop.fs.azurebfs.SecureAzureBlobFileSystem not found
[2026-06-29T15:45:15.931+0000] {subprocess.py:93} INFO - 	at org.apache.hadoop.conf.Configuration.getClass(Configuration.java:2688)
[2026-06-29T15:45:15.933+0000] {subprocess.py:93} INFO - 	at org.apache.hadoop.fs.FileSystem.getFileSystemClass(FileSystem.java:3431)
[2026-06-29T15:45:15.935+0000] {subprocess.py:93} INFO - 	at org.apache.hadoop.fs.FileSystem.createFileSystem(FileSystem.java:3466)
[2026-06-29T15:45:15.937+0000] {subprocess.py:93} INFO - 	at org.apache.hadoop.fs.FileSystem.access$300(FileSystem.java:174)
[2026-06-29T15:45:15.940+0000] {subprocess.py:93} INFO - 	at org.apache.hadoop.fs.FileSystem$Cache.getInternal(FileSystem.java:3574)
[2026-06-29T15:45:15.942+0000] {subprocess.py:93} INFO - 	at org.apache.hadoop.fs.FileSystem$Cache.get(FileSystem.java:3521)
[2026-06-29T15:45:15.944+0000] {subprocess.py:93} INFO - 	at org.apache.hadoop.fs.FileSystem.get(FileSystem.java:540)
[2026-06-29T15:45:15.946+0000] {subprocess.py:93} INFO - 	at org.apache.hadoop.fs.Path.getFileSystem(Path.java:365)
[2026-06-29T15:45:15.948+0000] {subprocess.py:93} INFO - 	at org.apache.spark.sql.execution.streaming.FileStreamSink$.hasMetadata(FileStreamSink.scala:53)
[2026-06-29T15:45:15.950+0000] {subprocess.py:93} INFO - 	at org.apache.spark.sql.execution.datasources.DataSource.resolveRelation(DataSource.scala:366)
[2026-06-29T15:45:15.952+0000] {subprocess.py:93} INFO - 	at org.apache.spark.sql.DataFrameReader.loadV1Source(DataFrameReader.scala:229)
[2026-06-29T15:45:15.955+0000] {subprocess.py:93} INFO - 	at org.apache.spark.sql.DataFrameReader.$anonfun$load$2(DataFrameReader.scala:211)
[2026-06-29T15:45:15.957+0000] {subprocess.py:93} INFO - 	at scala.Option.getOrElse(Option.scala:189)
[2026-06-29T15:45:15.959+0000] {subprocess.py:93} INFO - 	at org.apache.spark.sql.DataFrameReader.load(DataFrameReader.scala:211)
[2026-06-29T15:45:15.961+0000] {subprocess.py:93} INFO - 	at org.apache.spark.sql.DataFrameReader.json(DataFrameReader.scala:362)
[2026-06-29T15:45:15.963+0000] {subprocess.py:93} INFO - 	at java.base/jdk.internal.reflect.NativeMethodAccessorImpl.invoke0(Native Method)
[2026-06-29T15:45:15.965+0000] {subprocess.py:93} INFO - 	at java.base/jdk.internal.reflect.NativeMethodAccessorImpl.invoke(NativeMethodAccessorImpl.java:77)
[2026-06-29T15:45:15.967+0000] {subprocess.py:93} INFO - 	at java.base/jdk.internal.reflect.DelegatingMethodAccessorImpl.invoke(DelegatingMethodAccessorImpl.java:43)
[2026-06-29T15:45:15.969+0000] {subprocess.py:93} INFO - 	at java.base/java.lang.reflect.Method.invoke(Method.java:569)
[2026-06-29T15:45:15.971+0000] {subprocess.py:93} INFO - 	at py4j.reflection.MethodInvoker.invoke(MethodInvoker.java:244)
[2026-06-29T15:45:15.973+0000] {subprocess.py:93} INFO - 	at py4j.reflection.ReflectionEngine.invoke(ReflectionEngine.java:374)
[2026-06-29T15:45:15.976+0000] {subprocess.py:93} INFO - 	at py4j.Gateway.invoke(Gateway.java:282)
[2026-06-29T15:45:15.978+0000] {subprocess.py:93} INFO - 	at py4j.commands.AbstractCommand.invokeMethod(AbstractCommand.java:132)
[2026-06-29T15:45:15.980+0000] {subprocess.py:93} INFO - 	at py4j.commands.CallCommand.execute(CallCommand.java:79)
[2026-06-29T15:45:15.983+0000] {subprocess.py:93} INFO - 	at py4j.ClientServerConnection.waitForCommands(ClientServerConnection.java:182)
[2026-06-29T15:45:15.985+0000] {subprocess.py:93} INFO - 	at py4j.ClientServerConnection.run(ClientServerConnection.java:106)
[2026-06-29T15:45:15.989+0000] {subprocess.py:93} INFO - 	at java.base/java.lang.Thread.run(Thread.java:840)
[2026-06-29T15:45:15.992+0000] {subprocess.py:93} INFO - Caused by: java.lang.ClassNotFoundException: Class org.apache.hadoop.fs.azurebfs.SecureAzureBlobFileSystem not found
[2026-06-29T15:45:15.994+0000] {subprocess.py:93} INFO - 	at org.apache.hadoop.conf.Configuration.getClassByName(Configuration.java:2592)
[2026-06-29T15:45:15.996+0000] {subprocess.py:93} INFO - 	at org.apache.hadoop.conf.Configuration.getClass(Configuration.java:2686)
[2026-06-29T15:45:15.999+0000] {subprocess.py:93} INFO - 	... 26 more
[2026-06-29T15:45:16.070+0000] {subprocess.py:93} INFO - Traceback (most recent call last):
[2026-06-29T15:45:16.073+0000] {subprocess.py:93} INFO -   File "/opt/***/pyspark_processing/sss.py", line 86, in <module>
[2026-06-29T15:45:16.078+0000] {subprocess.py:93} INFO -     .json(STREAM_PATH)
[2026-06-29T15:45:16.081+0000] {subprocess.py:93} INFO -      ^^^^^^^^^^^^^^^^^
[2026-06-29T15:45:16.083+0000] {subprocess.py:93} INFO -   File "/home/***/.local/lib/python3.12/site-packages/pyspark/python/lib/pyspark.zip/pyspark/sql/readwriter.py", line 425, in json
[2026-06-29T15:45:16.085+0000] {subprocess.py:93} INFO -   File "/home/***/.local/lib/python3.12/site-packages/pyspark/python/lib/py4j-0.10.9.7-src.zip/py4j/java_gateway.py", line 1322, in __call__
[2026-06-29T15:45:16.087+0000] {subprocess.py:93} INFO -   File "/home/***/.local/lib/python3.12/site-packages/pyspark/python/lib/pyspark.zip/pyspark/errors/exceptions/captured.py", line 179, in deco
[2026-06-29T15:45:16.090+0000] {subprocess.py:93} INFO -   File "/home/***/.local/lib/python3.12/site-packages/pyspark/python/lib/py4j-0.10.9.7-src.zip/py4j/protocol.py", line 326, in get_return_value
[2026-06-29T15:45:16.092+0000] {subprocess.py:93} INFO - py4j.protocol.Py4JJavaError: An error occurred while calling o30.json.
[2026-06-29T15:45:16.094+0000] {subprocess.py:93} INFO - : java.lang.RuntimeException: java.lang.ClassNotFoundException: Class org.apache.hadoop.fs.azurebfs.SecureAzureBlobFileSystem not found
[2026-06-29T15:45:16.096+0000] {subprocess.py:93} INFO - 	at org.apache.hadoop.conf.Configuration.getClass(Configuration.java:2688)
[2026-06-29T15:45:16.099+0000] {subprocess.py:93} INFO - 	at org.apache.hadoop.fs.FileSystem.getFileSystemClass(FileSystem.java:3431)
[2026-06-29T15:45:16.101+0000] {subprocess.py:93} INFO - 	at org.apache.hadoop.fs.FileSystem.createFileSystem(FileSystem.java:3466)
[2026-06-29T15:45:16.102+0000] {subprocess.py:93} INFO - 	at org.apache.hadoop.fs.FileSystem.access$300(FileSystem.java:174)
[2026-06-29T15:45:16.104+0000] {subprocess.py:93} INFO - 	at org.apache.hadoop.fs.FileSystem$Cache.getInternal(FileSystem.java:3574)
[2026-06-29T15:45:16.106+0000] {subprocess.py:93} INFO - 	at org.apache.hadoop.fs.FileSystem$Cache.get(FileSystem.java:3521)
[2026-06-29T15:45:16.108+0000] {subprocess.py:93} INFO - 	at org.apache.hadoop.fs.FileSystem.get(FileSystem.java:540)
[2026-06-29T15:45:16.109+0000] {subprocess.py:93} INFO - 	at org.apache.hadoop.fs.Path.getFileSystem(Path.java:365)
[2026-06-29T15:45:16.111+0000] {subprocess.py:93} INFO - 	at org.apache.spark.sql.execution.datasources.DataSource$.$anonfun$checkAndGlobPathIfNecessary$1(DataSource.scala:724)
[2026-06-29T15:45:16.113+0000] {subprocess.py:93} INFO - 	at scala.collection.immutable.List.map(List.scala:293)
[2026-06-29T15:45:16.116+0000] {subprocess.py:93} INFO - 	at org.apache.spark.sql.execution.datasources.DataSource$.checkAndGlobPathIfNecessary(DataSource.scala:722)
[2026-06-29T15:45:16.118+0000] {subprocess.py:93} INFO - 	at org.apache.spark.sql.execution.datasources.DataSource.checkAndGlobPathIfNecessary(DataSource.scala:551)
[2026-06-29T15:45:16.120+0000] {subprocess.py:93} INFO - 	at org.apache.spark.sql.execution.datasources.DataSource.resolveRelation(DataSource.scala:404)
[2026-06-29T15:45:16.122+0000] {subprocess.py:93} INFO - 	at org.apache.spark.sql.DataFrameReader.loadV1Source(DataFrameReader.scala:229)
[2026-06-29T15:45:16.125+0000] {subprocess.py:93} INFO - 	at org.apache.spark.sql.DataFrameReader.$anonfun$load$2(DataFrameReader.scala:211)
[2026-06-29T15:45:16.126+0000] {subprocess.py:93} INFO - 	at scala.Option.getOrElse(Option.scala:189)
[2026-06-29T15:45:16.128+0000] {subprocess.py:93} INFO - 	at org.apache.spark.sql.DataFrameReader.load(DataFrameReader.scala:211)
[2026-06-29T15:45:16.129+0000] {subprocess.py:93} INFO - 	at org.apache.spark.sql.DataFrameReader.json(DataFrameReader.scala:362)
[2026-06-29T15:45:16.130+0000] {subprocess.py:93} INFO - 	at java.base/jdk.internal.reflect.NativeMethodAccessorImpl.invoke0(Native Method)
[2026-06-29T15:45:16.132+0000] {subprocess.py:93} INFO - 	at java.base/jdk.internal.reflect.NativeMethodAccessorImpl.invoke(NativeMethodAccessorImpl.java:77)
[2026-06-29T15:45:16.133+0000] {subprocess.py:93} INFO - 	at java.base/jdk.internal.reflect.DelegatingMethodAccessorImpl.invoke(DelegatingMethodAccessorImpl.java:43)
[2026-06-29T15:45:16.135+0000] {subprocess.py:93} INFO - 	at java.base/java.lang.reflect.Method.invoke(Method.java:569)
[2026-06-29T15:45:16.137+0000] {subprocess.py:93} INFO - 	at py4j.reflection.MethodInvoker.invoke(MethodInvoker.java:244)
[2026-06-29T15:45:16.138+0000] {subprocess.py:93} INFO - 	at py4j.reflection.ReflectionEngine.invoke(ReflectionEngine.java:374)
[2026-06-29T15:45:16.141+0000] {subprocess.py:93} INFO - 	at py4j.Gateway.invoke(Gateway.java:282)
[2026-06-29T15:45:16.144+0000] {subprocess.py:93} INFO - 	at py4j.commands.AbstractCommand.invokeMethod(AbstractCommand.java:132)
[2026-06-29T15:45:16.145+0000] {subprocess.py:93} INFO - 	at py4j.commands.CallCommand.execute(CallCommand.java:79)
[2026-06-29T15:45:16.147+0000] {subprocess.py:93} INFO - 	at py4j.ClientServerConnection.waitForCommands(ClientServerConnection.java:182)
[2026-06-29T15:45:16.149+0000] {subprocess.py:93} INFO - 	at py4j.ClientServerConnection.run(ClientServerConnection.java:106)
[2026-06-29T15:45:16.150+0000] {subprocess.py:93} INFO - 	at java.base/java.lang.Thread.run(Thread.java:840)
[2026-06-29T15:45:16.152+0000] {subprocess.py:93} INFO - Caused by: java.lang.ClassNotFoundException: Class org.apache.hadoop.fs.azurebfs.SecureAzureBlobFileSystem not found
[2026-06-29T15:45:16.154+0000] {subprocess.py:93} INFO - 	at org.apache.hadoop.conf.Configuration.getClassByName(Configuration.java:2592)
[2026-06-29T15:45:16.156+0000] {subprocess.py:93} INFO - 	at org.apache.hadoop.conf.Configuration.getClass(Configuration.java:2686)
[2026-06-29T15:45:16.158+0000] {subprocess.py:93} INFO - 	... 29 more
[2026-06-29T15:45:16.160+0000] {subprocess.py:93} INFO - 
[2026-06-29T15:45:16.211+0000] {subprocess.py:93} INFO - 26/06/29 15:45:16 INFO SparkContext: Invoking stop() from shutdown hook
[2026-06-29T15:45:16.213+0000] {subprocess.py:93} INFO - 26/06/29 15:45:16 INFO SparkContext: SparkContext is stopping with exitCode 0.
[2026-06-29T15:45:16.229+0000] {subprocess.py:93} INFO - 26/06/29 15:45:16 INFO SparkUI: Stopped Spark web UI at http://ef940326903e:4040
[2026-06-29T15:45:16.248+0000] {subprocess.py:93} INFO - 26/06/29 15:45:16 INFO MapOutputTrackerMasterEndpoint: MapOutputTrackerMasterEndpoint stopped!
[2026-06-29T15:45:16.286+0000] {subprocess.py:93} INFO - 26/06/29 15:45:16 INFO MemoryStore: MemoryStore cleared
[2026-06-29T15:45:16.291+0000] {subprocess.py:93} INFO - 26/06/29 15:45:16 INFO BlockManager: BlockManager stopped
[2026-06-29T15:45:16.300+0000] {subprocess.py:93} INFO - 26/06/29 15:45:16 INFO BlockManagerMaster: BlockManagerMaster stopped
[2026-06-29T15:45:16.307+0000] {subprocess.py:93} INFO - 26/06/29 15:45:16 INFO OutputCommitCoordinator$OutputCommitCoordinatorEndpoint: OutputCommitCoordinator stopped!
[2026-06-29T15:45:16.357+0000] {subprocess.py:93} INFO - 26/06/29 15:45:16 INFO SparkContext: Successfully stopped SparkContext
[2026-06-29T15:45:16.360+0000] {subprocess.py:93} INFO - 26/06/29 15:45:16 INFO ShutdownHookManager: Shutdown hook called
[2026-06-29T15:45:16.363+0000] {subprocess.py:93} INFO - 26/06/29 15:45:16 INFO ShutdownHookManager: Deleting directory /tmp/spark-05cd7590-1d45-45c9-ad2b-5b2b1faa1d90/pyspark-1f1ca618-a5b7-48f7-9775-5e302b2fde4a
[2026-06-29T15:45:16.372+0000] {subprocess.py:93} INFO - 26/06/29 15:45:16 INFO ShutdownHookManager: Deleting directory /tmp/spark-05cd7590-1d45-45c9-ad2b-5b2b1faa1d90
[2026-06-29T15:45:16.383+0000] {subprocess.py:93} INFO - 26/06/29 15:45:16 INFO ShutdownHookManager: Deleting directory /tmp/spark-0e6f84fb-ee39-4b44-ae94-b430bf29378f
[2026-06-29T15:45:16.487+0000] {subprocess.py:97} INFO - Command exited with return code 1
[2026-06-29T15:45:16.531+0000] {taskinstance.py:3301} ERROR - Task failed with exception
Traceback (most recent call last):
  File "/home/airflow/.local/lib/python3.12/site-packages/airflow/models/taskinstance.py", line 762, in _execute_task
    result = _execute_callable(context=context, **execute_callable_kwargs)
             ^^^^^^^^^^^^^^^^^^^^^^^^^^^^^^^^^^^^^^^^^^^^^^^^^^^^^^^^^^^^^
  File "/home/airflow/.local/lib/python3.12/site-packages/airflow/models/taskinstance.py", line 733, in _execute_callable
    return ExecutionCallableRunner(
           ^^^^^^^^^^^^^^^^^^^^^^^^
  File "/home/airflow/.local/lib/python3.12/site-packages/airflow/utils/operator_helpers.py", line 252, in run
    return self.func(*args, **kwargs)
           ^^^^^^^^^^^^^^^^^^^^^^^^^^
  File "/home/airflow/.local/lib/python3.12/site-packages/airflow/models/baseoperator.py", line 406, in wrapper
    return func(self, *args, **kwargs)
           ^^^^^^^^^^^^^^^^^^^^^^^^^^^
  File "/home/airflow/.local/lib/python3.12/site-packages/airflow/operators/bash.py", line 249, in execute
    raise AirflowException(
airflow.exceptions.AirflowException: Bash command failed. The command returned a non-zero exit code 1.
[2026-06-29T15:45:16.556+0000] {taskinstance.py:1225} INFO - Marking task as UP_FOR_RETRY. dag_id=gold_price_pipeline, task_id=run_spark_etl, run_id=scheduled__2026-06-29T14:00:00+00:00, execution_date=20260629T140000, start_date=20260629T154457, end_date=20260629T154516
[2026-06-29T15:45:16.601+0000] {taskinstance.py:340} INFO - ::group::Post task execution logs
[2026-06-29T15:45:16.605+0000] {standard_task_runner.py:124} ERROR - Failed to execute job 5 for task run_spark_etl (Bash command failed. The command returned a non-zero exit code 1.; 386)
Traceback (most recent call last):
  File "/home/airflow/.local/lib/python3.12/site-packages/airflow/task/task_runner/standard_task_runner.py", line 117, in _start_by_fork
    ret = args.func(args, dag=self.dag)
          ^^^^^^^^^^^^^^^^^^^^^^^^^^^^^
  File "/home/airflow/.local/lib/python3.12/site-packages/airflow/cli/cli_config.py", line 49, in command
    return func(*args, **kwargs)
           ^^^^^^^^^^^^^^^^^^^^^
  File "/home/airflow/.local/lib/python3.12/site-packages/airflow/utils/cli.py", line 115, in wrapper
    return f(*args, **kwargs)
           ^^^^^^^^^^^^^^^^^^
  File "/home/airflow/.local/lib/python3.12/site-packages/airflow/cli/commands/task_command.py", line 483, in task_run
    task_return_code = _run_task_by_selected_method(args, _dag, ti)
                       ^^^^^^^^^^^^^^^^^^^^^^^^^^^^^^^^^^^^^^^^^^^^
  File "/home/airflow/.local/lib/python3.12/site-packages/airflow/cli/commands/task_command.py", line 256, in _run_task_by_selected_method
    return _run_raw_task(args, ti)
           ^^^^^^^^^^^^^^^^^^^^^^^
  File "/home/airflow/.local/lib/python3.12/site-packages/airflow/cli/commands/task_command.py", line 341, in _run_raw_task
    return ti._run_raw_task(
           ^^^^^^^^^^^^^^^^^
  File "/home/airflow/.local/lib/python3.12/site-packages/airflow/utils/session.py", line 97, in wrapper
    return func(*args, session=session, **kwargs)
           ^^^^^^^^^^^^^^^^^^^^^^^^^^^^^^^^^^^^^^
  File "/home/airflow/.local/lib/python3.12/site-packages/airflow/models/taskinstance.py", line 2995, in _run_raw_task
    return _run_raw_task(
           ^^^^^^^^^^^^^^
  File "/home/airflow/.local/lib/python3.12/site-packages/airflow/models/taskinstance.py", line 273, in _run_raw_task
    TaskInstance._execute_task_with_callbacks(
  File "/home/airflow/.local/lib/python3.12/site-packages/airflow/models/taskinstance.py", line 3149, in _execute_task_with_callbacks
    result = self._execute_task(context, task_orig)
             ^^^^^^^^^^^^^^^^^^^^^^^^^^^^^^^^^^^^^^
  File "/home/airflow/.local/lib/python3.12/site-packages/airflow/models/taskinstance.py", line 3173, in _execute_task
    return _execute_task(self, context, task_orig)
           ^^^^^^^^^^^^^^^^^^^^^^^^^^^^^^^^^^^^^^^
  File "/home/airflow/.local/lib/python3.12/site-packages/airflow/models/taskinstance.py", line 762, in _execute_task
    result = _execute_callable(context=context, **execute_callable_kwargs)
             ^^^^^^^^^^^^^^^^^^^^^^^^^^^^^^^^^^^^^^^^^^^^^^^^^^^^^^^^^^^^^
  File "/home/airflow/.local/lib/python3.12/site-packages/airflow/models/taskinstance.py", line 733, in _execute_callable
    return ExecutionCallableRunner(
           ^^^^^^^^^^^^^^^^^^^^^^^^
  File "/home/airflow/.local/lib/python3.12/site-packages/airflow/utils/operator_helpers.py", line 252, in run
    return self.func(*args, **kwargs)
           ^^^^^^^^^^^^^^^^^^^^^^^^^^
  File "/home/airflow/.local/lib/python3.12/site-packages/airflow/models/baseoperator.py", line 406, in wrapper
    return func(self, *args, **kwargs)
           ^^^^^^^^^^^^^^^^^^^^^^^^^^^
  File "/home/airflow/.local/lib/python3.12/site-packages/airflow/operators/bash.py", line 249, in execute
    raise AirflowException(
airflow.exceptions.AirflowException: Bash command failed. The command returned a non-zero exit code 1.
[2026-06-29T15:45:16.643+0000] {local_task_job_runner.py:261} INFO - Task exited with return code 1
[2026-06-29T15:45:16.726+0000] {taskinstance.py:3891} INFO - 0 downstream tasks scheduled from follow-on schedule check
[2026-06-29T15:45:16.733+0000] {local_task_job_runner.py:240} INFO - ::endgroup::
