[2026-06-29T18:35:26.152+0000] {local_task_job_runner.py:123} INFO - ::group::Pre task execution logs
[2026-06-29T18:35:26.176+0000] {taskinstance.py:2603} INFO - Dependencies all met for dep_context=non-requeueable deps ti=<TaskInstance: gold_price_pipeline.run_spark_etl scheduled__2026-06-29T17:00:00+00:00 [queued]>
[2026-06-29T18:35:26.191+0000] {taskinstance.py:2603} INFO - Dependencies all met for dep_context=requeueable deps ti=<TaskInstance: gold_price_pipeline.run_spark_etl scheduled__2026-06-29T17:00:00+00:00 [queued]>
[2026-06-29T18:35:26.192+0000] {taskinstance.py:2856} INFO - Starting attempt 2 of 3
[2026-06-29T18:35:26.213+0000] {taskinstance.py:2879} INFO - Executing <Task(BashOperator): run_spark_etl> on 2026-06-29 17:00:00+00:00
[2026-06-29T18:35:26.230+0000] {logging_mixin.py:190} WARNING - /home/***/.local/lib/python3.12/site-packages/***/task/task_runner/standard_task_runner.py:70 DeprecationWarning: This process (pid=292) is multi-threaded, use of fork() may lead to deadlocks in the child.
[2026-06-29T18:35:26.228+0000] {standard_task_runner.py:104} INFO - Running: ['***', 'tasks', 'run', 'gold_price_pipeline', 'run_spark_etl', 'scheduled__2026-06-29T17:00:00+00:00', '--job-id', '5', '--raw', '--subdir', 'DAGS_FOLDER/gold_pipeline.py', '--cfg-path', '/tmp/tmp37fk39n6']
[2026-06-29T18:35:26.232+0000] {standard_task_runner.py:72} INFO - Started process 293 to run task
[2026-06-29T18:35:26.233+0000] {standard_task_runner.py:105} INFO - Job 5: Subtask run_spark_etl
[2026-06-29T18:35:26.775+0000] {task_command.py:467} INFO - Running <TaskInstance: gold_price_pipeline.run_spark_etl scheduled__2026-06-29T17:00:00+00:00 [running]> on host 95d1b0323ecd
[2026-06-29T18:35:26.881+0000] {taskinstance.py:3122} INFO - Exporting env vars: AIRFLOW_CTX_DAG_OWNER='Sayed' AIRFLOW_CTX_DAG_ID='gold_price_pipeline' AIRFLOW_CTX_TASK_ID='run_spark_etl' AIRFLOW_CTX_EXECUTION_DATE='2026-06-29T17:00:00+00:00' AIRFLOW_CTX_TRY_NUMBER='2' AIRFLOW_CTX_DAG_RUN_ID='scheduled__2026-06-29T17:00:00+00:00'
[2026-06-29T18:35:26.884+0000] {taskinstance.py:731} INFO - ::endgroup::
[2026-06-29T18:35:26.924+0000] {subprocess.py:63} INFO - Tmp dir root location: /tmp
[2026-06-29T18:35:26.926+0000] {subprocess.py:75} INFO - Running command: ['/usr/bin/bash', '-c', '\n    /opt/spark/bin/spark-submit     --master spark://spark-master:7077     --packages     org.apache.hadoop:hadoop-azure:3.3.4,    com.microsoft.azure:azure-storage:8.6.6,    io.delta:delta-spark_2.12:3.2.0     /opt/***/pyspark_processing/sss.py\n    ']
[2026-06-29T18:35:26.943+0000] {subprocess.py:86} INFO - Output:
[2026-06-29T18:35:28.615+0000] {subprocess.py:93} INFO - :: loading settings :: url = jar:file:/opt/spark/jars/ivy-2.5.1.jar!/org/apache/ivy/core/settings/ivysettings.xml
[2026-06-29T18:35:28.695+0000] {subprocess.py:93} INFO - Ivy Default Cache set to: /home/***/.ivy2/cache
[2026-06-29T18:35:28.697+0000] {subprocess.py:93} INFO - The jars for the packages stored in: /home/***/.ivy2/jars
[2026-06-29T18:35:28.702+0000] {subprocess.py:93} INFO - org.apache.hadoop#hadoop-azure added as a dependency
[2026-06-29T18:35:28.703+0000] {subprocess.py:93} INFO - :: resolving dependencies :: org.apache.spark#spark-submit-parent-a8e7dfb4-6554-46fb-be2e-ba21962c6600;1.0
[2026-06-29T18:35:28.705+0000] {subprocess.py:93} INFO - 	confs: [default]
[2026-06-29T18:35:28.860+0000] {subprocess.py:93} INFO - 	found org.apache.hadoop#hadoop-azure;3.3.4 in central
[2026-06-29T18:35:28.897+0000] {subprocess.py:93} INFO - 	found org.apache.httpcomponents#httpclient;4.5.13 in central
[2026-06-29T18:35:28.926+0000] {subprocess.py:93} INFO - 	found org.apache.httpcomponents#httpcore;4.4.13 in central
[2026-06-29T18:35:28.949+0000] {subprocess.py:93} INFO - 	found commons-logging#commons-logging;1.1.3 in central
[2026-06-29T18:35:28.972+0000] {subprocess.py:93} INFO - 	found commons-codec#commons-codec;1.15 in central
[2026-06-29T18:35:28.991+0000] {subprocess.py:93} INFO - 	found com.microsoft.azure#azure-storage;7.0.1 in central
[2026-06-29T18:35:29.009+0000] {subprocess.py:93} INFO - 	found com.fasterxml.jackson.core#jackson-core;2.12.7 in central
[2026-06-29T18:35:29.025+0000] {subprocess.py:93} INFO - 	found org.slf4j#slf4j-api;1.7.36 in central
[2026-06-29T18:35:29.043+0000] {subprocess.py:93} INFO - 	found com.microsoft.azure#azure-keyvault-core;1.0.0 in central
[2026-06-29T18:35:29.061+0000] {subprocess.py:93} INFO - 	found com.google.guava#guava;27.0-jre in central
[2026-06-29T18:35:29.079+0000] {subprocess.py:93} INFO - 	found com.google.guava#failureaccess;1.0 in central
[2026-06-29T18:35:29.099+0000] {subprocess.py:93} INFO - 	found com.google.guava#listenablefuture;9999.0-empty-to-avoid-conflict-with-guava in central
[2026-06-29T18:35:29.128+0000] {subprocess.py:93} INFO - 	found com.google.code.findbugs#jsr305;3.0.2 in central
[2026-06-29T18:35:29.153+0000] {subprocess.py:93} INFO - 	found org.checkerframework#checker-qual;2.5.2 in central
[2026-06-29T18:35:29.166+0000] {subprocess.py:93} INFO - 	found com.google.errorprone#error_prone_annotations;2.2.0 in central
[2026-06-29T18:35:29.180+0000] {subprocess.py:93} INFO - 	found com.google.j2objc#j2objc-annotations;1.1 in central
[2026-06-29T18:35:29.190+0000] {subprocess.py:93} INFO - 	found org.codehaus.mojo#animal-sniffer-annotations;1.17 in central
[2026-06-29T18:35:29.206+0000] {subprocess.py:93} INFO - 	found org.apache.hadoop.thirdparty#hadoop-shaded-guava;1.1.1 in central
[2026-06-29T18:35:29.228+0000] {subprocess.py:93} INFO - 	found org.eclipse.jetty#jetty-util-ajax;9.4.43.v20210629 in central
[2026-06-29T18:35:29.242+0000] {subprocess.py:93} INFO - 	found org.eclipse.jetty#jetty-util;9.4.43.v20210629 in central
[2026-06-29T18:35:29.255+0000] {subprocess.py:93} INFO - 	found org.codehaus.jackson#jackson-mapper-asl;1.9.13 in central
[2026-06-29T18:35:29.265+0000] {subprocess.py:93} INFO - 	found org.codehaus.jackson#jackson-core-asl;1.9.13 in central
[2026-06-29T18:35:29.275+0000] {subprocess.py:93} INFO - 	found org.wildfly.openssl#wildfly-openssl;1.0.7.Final in central
[2026-06-29T18:35:29.304+0000] {subprocess.py:93} INFO - :: resolution report :: resolve 585ms :: artifacts dl 16ms
[2026-06-29T18:35:29.305+0000] {subprocess.py:93} INFO - 	:: modules in use:
[2026-06-29T18:35:29.306+0000] {subprocess.py:93} INFO - 	com.fasterxml.jackson.core#jackson-core;2.12.7 from central in [default]
[2026-06-29T18:35:29.307+0000] {subprocess.py:93} INFO - 	com.google.code.findbugs#jsr305;3.0.2 from central in [default]
[2026-06-29T18:35:29.308+0000] {subprocess.py:93} INFO - 	com.google.errorprone#error_prone_annotations;2.2.0 from central in [default]
[2026-06-29T18:35:29.310+0000] {subprocess.py:93} INFO - 	com.google.guava#failureaccess;1.0 from central in [default]
[2026-06-29T18:35:29.312+0000] {subprocess.py:93} INFO - 	com.google.guava#guava;27.0-jre from central in [default]
[2026-06-29T18:35:29.313+0000] {subprocess.py:93} INFO - 	com.google.guava#listenablefuture;9999.0-empty-to-avoid-conflict-with-guava from central in [default]
[2026-06-29T18:35:29.315+0000] {subprocess.py:93} INFO - 	com.google.j2objc#j2objc-annotations;1.1 from central in [default]
[2026-06-29T18:35:29.317+0000] {subprocess.py:93} INFO - 	com.microsoft.azure#azure-keyvault-core;1.0.0 from central in [default]
[2026-06-29T18:35:29.319+0000] {subprocess.py:93} INFO - 	com.microsoft.azure#azure-storage;7.0.1 from central in [default]
[2026-06-29T18:35:29.320+0000] {subprocess.py:93} INFO - 	commons-codec#commons-codec;1.15 from central in [default]
[2026-06-29T18:35:29.322+0000] {subprocess.py:93} INFO - 	commons-logging#commons-logging;1.1.3 from central in [default]
[2026-06-29T18:35:29.323+0000] {subprocess.py:93} INFO - 	org.apache.hadoop#hadoop-azure;3.3.4 from central in [default]
[2026-06-29T18:35:29.324+0000] {subprocess.py:93} INFO - 	org.apache.hadoop.thirdparty#hadoop-shaded-guava;1.1.1 from central in [default]
[2026-06-29T18:35:29.325+0000] {subprocess.py:93} INFO - 	org.apache.httpcomponents#httpclient;4.5.13 from central in [default]
[2026-06-29T18:35:29.325+0000] {subprocess.py:93} INFO - 	org.apache.httpcomponents#httpcore;4.4.13 from central in [default]
[2026-06-29T18:35:29.326+0000] {subprocess.py:93} INFO - 	org.checkerframework#checker-qual;2.5.2 from central in [default]
[2026-06-29T18:35:29.328+0000] {subprocess.py:93} INFO - 	org.codehaus.jackson#jackson-core-asl;1.9.13 from central in [default]
[2026-06-29T18:35:29.329+0000] {subprocess.py:93} INFO - 	org.codehaus.jackson#jackson-mapper-asl;1.9.13 from central in [default]
[2026-06-29T18:35:29.331+0000] {subprocess.py:93} INFO - 	org.codehaus.mojo#animal-sniffer-annotations;1.17 from central in [default]
[2026-06-29T18:35:29.332+0000] {subprocess.py:93} INFO - 	org.eclipse.jetty#jetty-util;9.4.43.v20210629 from central in [default]
[2026-06-29T18:35:29.333+0000] {subprocess.py:93} INFO - 	org.eclipse.jetty#jetty-util-ajax;9.4.43.v20210629 from central in [default]
[2026-06-29T18:35:29.334+0000] {subprocess.py:93} INFO - 	org.slf4j#slf4j-api;1.7.36 from central in [default]
[2026-06-29T18:35:29.336+0000] {subprocess.py:93} INFO - 	org.wildfly.openssl#wildfly-openssl;1.0.7.Final from central in [default]
[2026-06-29T18:35:29.337+0000] {subprocess.py:93} INFO - 	---------------------------------------------------------------------
[2026-06-29T18:35:29.338+0000] {subprocess.py:93} INFO - 	|                  |            modules            ||   artifacts   |
[2026-06-29T18:35:29.339+0000] {subprocess.py:93} INFO - 	|       conf       | number| search|dwnlded|evicted|| number|dwnlded|
[2026-06-29T18:35:29.340+0000] {subprocess.py:93} INFO - 	---------------------------------------------------------------------
[2026-06-29T18:35:29.341+0000] {subprocess.py:93} INFO - 	|      default     |   23  |   0   |   0   |   0   ||   23  |   0   |
[2026-06-29T18:35:29.342+0000] {subprocess.py:93} INFO - 	---------------------------------------------------------------------
[2026-06-29T18:35:29.343+0000] {subprocess.py:93} INFO - :: retrieving :: org.apache.spark#spark-submit-parent-a8e7dfb4-6554-46fb-be2e-ba21962c6600
[2026-06-29T18:35:29.344+0000] {subprocess.py:93} INFO - 	confs: [default]
[2026-06-29T18:35:29.345+0000] {subprocess.py:93} INFO - 	0 artifacts copied, 23 already retrieved (0kB/13ms)
[2026-06-29T18:35:29.519+0000] {subprocess.py:93} INFO - 26/06/29 18:35:29 WARN NativeCodeLoader: Unable to load native-hadoop library for your platform... using builtin-java classes where applicable
[2026-06-29T18:35:29.812+0000] {subprocess.py:93} INFO - Exception in thread "main" java.lang.NullPointerException: Cannot invoke "String.lastIndexOf(String)" because "path" is null
[2026-06-29T18:35:29.815+0000] {subprocess.py:93} INFO - 	at org.apache.hadoop.fs.Path.getName(Path.java:418)
[2026-06-29T18:35:29.817+0000] {subprocess.py:93} INFO - 	at org.apache.spark.util.DependencyUtils$.downloadFile(DependencyUtils.scala:263)
[2026-06-29T18:35:29.818+0000] {subprocess.py:93} INFO - 	at org.apache.spark.deploy.SparkSubmit.$anonfun$prepareSubmitEnvironment$8(SparkSubmit.scala:404)
[2026-06-29T18:35:29.819+0000] {subprocess.py:93} INFO - 	at scala.Option.map(Option.scala:230)
[2026-06-29T18:35:29.820+0000] {subprocess.py:93} INFO - 	at org.apache.spark.deploy.SparkSubmit.prepareSubmitEnvironment(SparkSubmit.scala:404)
[2026-06-29T18:35:29.823+0000] {subprocess.py:93} INFO - 	at org.apache.spark.deploy.SparkSubmit.org$apache$spark$deploy$SparkSubmit$$runMain(SparkSubmit.scala:964)
[2026-06-29T18:35:29.824+0000] {subprocess.py:93} INFO - 	at org.apache.spark.deploy.SparkSubmit.doRunMain$1(SparkSubmit.scala:194)
[2026-06-29T18:35:29.829+0000] {subprocess.py:93} INFO - 	at org.apache.spark.deploy.SparkSubmit.submit(SparkSubmit.scala:217)
[2026-06-29T18:35:29.830+0000] {subprocess.py:93} INFO - 	at org.apache.spark.deploy.SparkSubmit.doSubmit(SparkSubmit.scala:91)
[2026-06-29T18:35:29.832+0000] {subprocess.py:93} INFO - 	at org.apache.spark.deploy.SparkSubmit$$anon$2.doSubmit(SparkSubmit.scala:1120)
[2026-06-29T18:35:29.836+0000] {subprocess.py:93} INFO - 	at org.apache.spark.deploy.SparkSubmit$.main(SparkSubmit.scala:1129)
[2026-06-29T18:35:29.838+0000] {subprocess.py:93} INFO - 	at org.apache.spark.deploy.SparkSubmit.main(SparkSubmit.scala)
[2026-06-29T18:35:29.869+0000] {subprocess.py:97} INFO - Command exited with return code 1
[2026-06-29T18:35:29.883+0000] {taskinstance.py:3301} ERROR - Task failed with exception
Traceback (most recent call last):
  File "/home/airflow/.local/lib/python3.12/site-packages/airflow/models/taskinstance.py", line 767, in _execute_task
    result = _execute_callable(context=context, **execute_callable_kwargs)
             ^^^^^^^^^^^^^^^^^^^^^^^^^^^^^^^^^^^^^^^^^^^^^^^^^^^^^^^^^^^^^
  File "/home/airflow/.local/lib/python3.12/site-packages/airflow/models/taskinstance.py", line 733, in _execute_callable
    return ExecutionCallableRunner(
           ^^^^^^^^^^^^^^^^^^^^^^^^
  File "/home/airflow/.local/lib/python3.12/site-packages/airflow/utils/operator_helpers.py", line 252, in run
    return self.func(*args, **kwargs)
           ^^^^^^^^^^^^^^^^^^^^^^^^^^
  File "/home/airflow/.local/lib/python3.12/site-packages/airflow/models/baseoperator.py", line 406, in wrapper
    return func(self, *args, **kwargs)
           ^^^^^^^^^^^^^^^^^^^^^^^^^^^
  File "/home/airflow/.local/lib/python3.12/site-packages/airflow/operators/bash.py", line 249, in execute
    raise AirflowException(
airflow.exceptions.AirflowException: Bash command failed. The command returned a non-zero exit code 1.
[2026-06-29T18:35:29.893+0000] {taskinstance.py:1225} INFO - Marking task as UP_FOR_RETRY. dag_id=gold_price_pipeline, task_id=run_spark_etl, run_id=scheduled__2026-06-29T17:00:00+00:00, execution_date=20260629T170000, start_date=20260629T183526, end_date=20260629T183529
[2026-06-29T18:35:29.912+0000] {taskinstance.py:340} INFO - ::group::Post task execution logs
[2026-06-29T18:35:29.913+0000] {standard_task_runner.py:124} ERROR - Failed to execute job 5 for task run_spark_etl (Bash command failed. The command returned a non-zero exit code 1.; 293)
Traceback (most recent call last):
  File "/home/airflow/.local/lib/python3.12/site-packages/airflow/task/task_runner/standard_task_runner.py", line 117, in _start_by_fork
    ret = args.func(args, dag=self.dag)
          ^^^^^^^^^^^^^^^^^^^^^^^^^^^^^
  File "/home/airflow/.local/lib/python3.12/site-packages/airflow/cli/cli_config.py", line 49, in command
    return func(*args, **kwargs)
           ^^^^^^^^^^^^^^^^^^^^^
  File "/home/airflow/.local/lib/python3.12/site-packages/airflow/utils/cli.py", line 115, in wrapper
    return f(*args, **kwargs)
           ^^^^^^^^^^^^^^^^^^
  File "/home/airflow/.local/lib/python3.12/site-packages/airflow/cli/commands/task_command.py", line 483, in task_run
    task_return_code = _run_task_by_selected_method(args, _dag, ti)
                       ^^^^^^^^^^^^^^^^^^^^^^^^^^^^^^^^^^^^^^^^^^^^
  File "/home/airflow/.local/lib/python3.12/site-packages/airflow/cli/commands/task_command.py", line 256, in _run_task_by_selected_method
    return _run_raw_task(args, ti)
           ^^^^^^^^^^^^^^^^^^^^^^^
  File "/home/airflow/.local/lib/python3.12/site-packages/airflow/cli/commands/task_command.py", line 341, in _run_raw_task
    return ti._run_raw_task(
           ^^^^^^^^^^^^^^^^^
  File "/home/airflow/.local/lib/python3.12/site-packages/airflow/utils/session.py", line 97, in wrapper
    return func(*args, session=session, **kwargs)
           ^^^^^^^^^^^^^^^^^^^^^^^^^^^^^^^^^^^^^^
  File "/home/airflow/.local/lib/python3.12/site-packages/airflow/models/taskinstance.py", line 2995, in _run_raw_task
    return _run_raw_task(
           ^^^^^^^^^^^^^^
  File "/home/airflow/.local/lib/python3.12/site-packages/airflow/models/taskinstance.py", line 273, in _run_raw_task
    TaskInstance._execute_task_with_callbacks(
  File "/home/airflow/.local/lib/python3.12/site-packages/airflow/models/taskinstance.py", line 3149, in _execute_task_with_callbacks
    result = self._execute_task(context, task_orig)
             ^^^^^^^^^^^^^^^^^^^^^^^^^^^^^^^^^^^^^^
  File "/home/airflow/.local/lib/python3.12/site-packages/airflow/models/taskinstance.py", line 3173, in _execute_task
    return _execute_task(self, context, task_orig)
           ^^^^^^^^^^^^^^^^^^^^^^^^^^^^^^^^^^^^^^^
  File "/home/airflow/.local/lib/python3.12/site-packages/airflow/models/taskinstance.py", line 767, in _execute_task
    result = _execute_callable(context=context, **execute_callable_kwargs)
             ^^^^^^^^^^^^^^^^^^^^^^^^^^^^^^^^^^^^^^^^^^^^^^^^^^^^^^^^^^^^^
  File "/home/airflow/.local/lib/python3.12/site-packages/airflow/models/taskinstance.py", line 733, in _execute_callable
    return ExecutionCallableRunner(
           ^^^^^^^^^^^^^^^^^^^^^^^^
  File "/home/airflow/.local/lib/python3.12/site-packages/airflow/utils/operator_helpers.py", line 252, in run
    return self.func(*args, **kwargs)
           ^^^^^^^^^^^^^^^^^^^^^^^^^^
  File "/home/airflow/.local/lib/python3.12/site-packages/airflow/models/baseoperator.py", line 406, in wrapper
    return func(self, *args, **kwargs)
           ^^^^^^^^^^^^^^^^^^^^^^^^^^^
  File "/home/airflow/.local/lib/python3.12/site-packages/airflow/operators/bash.py", line 249, in execute
    raise AirflowException(
airflow.exceptions.AirflowException: Bash command failed. The command returned a non-zero exit code 1.
[2026-06-29T18:35:29.947+0000] {local_task_job_runner.py:261} INFO - Task exited with return code 1
[2026-06-29T18:35:29.996+0000] {taskinstance.py:3891} INFO - 0 downstream tasks scheduled from follow-on schedule check
[2026-06-29T18:35:29.999+0000] {local_task_job_runner.py:240} INFO - ::endgroup::
[2026-06-29T18:59:00.036+0000] {local_task_job_runner.py:123} INFO - ::group::Pre task execution logs
[2026-06-29T18:59:00.068+0000] {taskinstance.py:2603} INFO - Dependencies all met for dep_context=non-requeueable deps ti=<TaskInstance: gold_price_pipeline.run_spark_etl scheduled__2026-06-29T17:00:00+00:00 [queued]>
[2026-06-29T18:59:00.080+0000] {taskinstance.py:2603} INFO - Dependencies all met for dep_context=requeueable deps ti=<TaskInstance: gold_price_pipeline.run_spark_etl scheduled__2026-06-29T17:00:00+00:00 [queued]>
[2026-06-29T18:59:00.082+0000] {taskinstance.py:2856} INFO - Starting attempt 2 of 3
[2026-06-29T18:59:00.101+0000] {taskinstance.py:2879} INFO - Executing <Task(BashOperator): run_spark_etl> on 2026-06-29 17:00:00+00:00
[2026-06-29T18:59:00.113+0000] {logging_mixin.py:190} WARNING - /home/***/.local/lib/python3.12/site-packages/***/task/task_runner/standard_task_runner.py:70 DeprecationWarning: This process (pid=409) is multi-threaded, use of fork() may lead to deadlocks in the child.
[2026-06-29T18:59:00.111+0000] {standard_task_runner.py:104} INFO - Running: ['***', 'tasks', 'run', 'gold_price_pipeline', 'run_spark_etl', 'scheduled__2026-06-29T17:00:00+00:00', '--job-id', '5', '--raw', '--subdir', 'DAGS_FOLDER/gold_pipeline.py', '--cfg-path', '/tmp/tmpebwxc7j_']
[2026-06-29T18:59:00.115+0000] {standard_task_runner.py:105} INFO - Job 5: Subtask run_spark_etl
[2026-06-29T18:59:00.115+0000] {standard_task_runner.py:72} INFO - Started process 410 to run task
[2026-06-29T18:59:00.873+0000] {task_command.py:467} INFO - Running <TaskInstance: gold_price_pipeline.run_spark_etl scheduled__2026-06-29T17:00:00+00:00 [running]> on host 64c35aa3f581
[2026-06-29T18:59:00.996+0000] {taskinstance.py:3122} INFO - Exporting env vars: AIRFLOW_CTX_DAG_OWNER='Sayed' AIRFLOW_CTX_DAG_ID='gold_price_pipeline' AIRFLOW_CTX_TASK_ID='run_spark_etl' AIRFLOW_CTX_EXECUTION_DATE='2026-06-29T17:00:00+00:00' AIRFLOW_CTX_TRY_NUMBER='2' AIRFLOW_CTX_DAG_RUN_ID='scheduled__2026-06-29T17:00:00+00:00'
[2026-06-29T18:59:01.000+0000] {taskinstance.py:731} INFO - ::endgroup::
[2026-06-29T18:59:01.031+0000] {subprocess.py:63} INFO - Tmp dir root location: /tmp
[2026-06-29T18:59:01.034+0000] {subprocess.py:75} INFO - Running command: ['/usr/bin/bash', '-c', '\n    /opt/spark/bin/spark-submit     --master spark://spark-master:7077     /opt/***/pyspark_processing/sss.py\n    ']
[2026-06-29T18:59:01.044+0000] {subprocess.py:86} INFO - Output:
[2026-06-29T18:59:04.165+0000] {subprocess.py:93} INFO - 26/06/29 18:59:04 INFO SparkContext: Running Spark version 3.5.1
[2026-06-29T18:59:04.167+0000] {subprocess.py:93} INFO - 26/06/29 18:59:04 INFO SparkContext: OS info Linux, 6.18.33.2-microsoft-standard-WSL2, amd64
[2026-06-29T18:59:04.169+0000] {subprocess.py:93} INFO - 26/06/29 18:59:04 INFO SparkContext: Java version 17.0.19
[2026-06-29T18:59:04.218+0000] {subprocess.py:93} INFO - 26/06/29 18:59:04 WARN NativeCodeLoader: Unable to load native-hadoop library for your platform... using builtin-java classes where applicable
[2026-06-29T18:59:04.289+0000] {subprocess.py:93} INFO - 26/06/29 18:59:04 INFO ResourceUtils: ==============================================================
[2026-06-29T18:59:04.291+0000] {subprocess.py:93} INFO - 26/06/29 18:59:04 INFO ResourceUtils: No custom resources configured for spark.driver.
[2026-06-29T18:59:04.292+0000] {subprocess.py:93} INFO - 26/06/29 18:59:04 INFO ResourceUtils: ==============================================================
[2026-06-29T18:59:04.293+0000] {subprocess.py:93} INFO - 26/06/29 18:59:04 INFO SparkContext: Submitted application: GoldPriceETL
[2026-06-29T18:59:04.312+0000] {subprocess.py:93} INFO - 26/06/29 18:59:04 INFO ResourceProfile: Default ResourceProfile created, executor resources: Map(memory -> name: memory, amount: 1024, script: , vendor: , offHeap -> name: offHeap, amount: 0, script: , vendor: ), task resources: Map(cpus -> name: cpus, amount: 1.0)
[2026-06-29T18:59:04.320+0000] {subprocess.py:93} INFO - 26/06/29 18:59:04 INFO ResourceProfile: Limiting resource is cpu
[2026-06-29T18:59:04.321+0000] {subprocess.py:93} INFO - 26/06/29 18:59:04 INFO ResourceProfileManager: Added ResourceProfile id: 0
[2026-06-29T18:59:04.388+0000] {subprocess.py:93} INFO - 26/06/29 18:59:04 INFO SecurityManager: Changing view acls to: ***
[2026-06-29T18:59:04.390+0000] {subprocess.py:93} INFO - 26/06/29 18:59:04 INFO SecurityManager: Changing modify acls to: ***
[2026-06-29T18:59:04.391+0000] {subprocess.py:93} INFO - 26/06/29 18:59:04 INFO SecurityManager: Changing view acls groups to:
[2026-06-29T18:59:04.393+0000] {subprocess.py:93} INFO - 26/06/29 18:59:04 INFO SecurityManager: Changing modify acls groups to:
[2026-06-29T18:59:04.394+0000] {subprocess.py:93} INFO - 26/06/29 18:59:04 INFO SecurityManager: SecurityManager: authentication disabled; ui acls disabled; users with view permissions: ***; groups with view permissions: EMPTY; users with modify permissions: ***; groups with modify permissions: EMPTY
[2026-06-29T18:59:04.652+0000] {subprocess.py:93} INFO - 26/06/29 18:59:04 INFO Utils: Successfully started service 'sparkDriver' on port 38391.
[2026-06-29T18:59:04.696+0000] {subprocess.py:93} INFO - 26/06/29 18:59:04 INFO SparkEnv: Registering MapOutputTracker
[2026-06-29T18:59:04.737+0000] {subprocess.py:93} INFO - 26/06/29 18:59:04 INFO SparkEnv: Registering BlockManagerMaster
[2026-06-29T18:59:04.757+0000] {subprocess.py:93} INFO - 26/06/29 18:59:04 INFO BlockManagerMasterEndpoint: Using org.apache.spark.storage.DefaultTopologyMapper for getting topology information
[2026-06-29T18:59:04.759+0000] {subprocess.py:93} INFO - 26/06/29 18:59:04 INFO BlockManagerMasterEndpoint: BlockManagerMasterEndpoint up
[2026-06-29T18:59:04.764+0000] {subprocess.py:93} INFO - 26/06/29 18:59:04 INFO SparkEnv: Registering BlockManagerMasterHeartbeat
[2026-06-29T18:59:04.799+0000] {subprocess.py:93} INFO - 26/06/29 18:59:04 INFO DiskBlockManager: Created local directory at /tmp/blockmgr-475a8449-afe9-4503-86bd-575ed5eac46a
[2026-06-29T18:59:04.820+0000] {subprocess.py:93} INFO - 26/06/29 18:59:04 INFO MemoryStore: MemoryStore started with capacity 434.4 MiB
[2026-06-29T18:59:04.837+0000] {subprocess.py:93} INFO - 26/06/29 18:59:04 INFO SparkEnv: Registering OutputCommitCoordinator
[2026-06-29T18:59:04.967+0000] {subprocess.py:93} INFO - 26/06/29 18:59:04 INFO JettyUtils: Start Jetty 0.0.0.0:4040 for SparkUI
[2026-06-29T18:59:05.038+0000] {subprocess.py:93} INFO - 26/06/29 18:59:05 INFO Utils: Successfully started service 'SparkUI' on port 4040.
[2026-06-29T18:59:05.185+0000] {subprocess.py:93} INFO - 26/06/29 18:59:05 INFO StandaloneAppClient$ClientEndpoint: Connecting to master spark://spark-master:7077...
[2026-06-29T18:59:05.233+0000] {subprocess.py:93} INFO - 26/06/29 18:59:05 INFO TransportClientFactory: Successfully created connection to spark-master/172.18.0.4:7077 after 26 ms (0 ms spent in bootstraps)
[2026-06-29T18:59:05.317+0000] {subprocess.py:93} INFO - 26/06/29 18:59:05 INFO StandaloneSchedulerBackend: Connected to Spark cluster with app ID app-20260629185905-0001
[2026-06-29T18:59:05.321+0000] {subprocess.py:93} INFO - 26/06/29 18:59:05 INFO StandaloneAppClient$ClientEndpoint: Executor added: app-20260629185905-0001/0 on worker-20260629185359-172.18.0.6-39315 (172.18.0.6:39315) with 8 core(s)
[2026-06-29T18:59:05.323+0000] {subprocess.py:93} INFO - 26/06/29 18:59:05 INFO StandaloneSchedulerBackend: Granted executor ID app-20260629185905-0001/0 on hostPort 172.18.0.6:39315 with 8 core(s), 1024.0 MiB RAM
[2026-06-29T18:59:05.328+0000] {subprocess.py:93} INFO - 26/06/29 18:59:05 INFO Utils: Successfully started service 'org.apache.spark.network.netty.NettyBlockTransferService' on port 44387.
[2026-06-29T18:59:05.330+0000] {subprocess.py:93} INFO - 26/06/29 18:59:05 INFO NettyBlockTransferService: Server created on 64c35aa3f581:44387
[2026-06-29T18:59:05.332+0000] {subprocess.py:93} INFO - 26/06/29 18:59:05 INFO BlockManager: Using org.apache.spark.storage.RandomBlockReplicationPolicy for block replication policy
[2026-06-29T18:59:05.339+0000] {subprocess.py:93} INFO - 26/06/29 18:59:05 INFO BlockManagerMaster: Registering BlockManager BlockManagerId(driver, 64c35aa3f581, 44387, None)
[2026-06-29T18:59:05.344+0000] {subprocess.py:93} INFO - 26/06/29 18:59:05 INFO BlockManagerMasterEndpoint: Registering block manager 64c35aa3f581:44387 with 434.4 MiB RAM, BlockManagerId(driver, 64c35aa3f581, 44387, None)
[2026-06-29T18:59:05.347+0000] {subprocess.py:93} INFO - 26/06/29 18:59:05 INFO BlockManagerMaster: Registered BlockManager BlockManagerId(driver, 64c35aa3f581, 44387, None)
[2026-06-29T18:59:05.349+0000] {subprocess.py:93} INFO - 26/06/29 18:59:05 INFO BlockManager: Initialized BlockManager: BlockManagerId(driver, 64c35aa3f581, 44387, None)
[2026-06-29T18:59:05.377+0000] {subprocess.py:93} INFO - 26/06/29 18:59:05 INFO StandaloneAppClient$ClientEndpoint: Executor updated: app-20260629185905-0001/0 is now RUNNING
[2026-06-29T18:59:05.637+0000] {subprocess.py:93} INFO - 26/06/29 18:59:05 INFO StandaloneSchedulerBackend: SchedulerBackend is ready for scheduling beginning after reached minRegisteredResourcesRatio: 0.0
[2026-06-29T18:59:06.195+0000] {subprocess.py:93} INFO - 26/06/29 18:59:06 INFO SharedState: Setting hive.metastore.warehouse.dir ('null') to the value of spark.sql.warehouse.dir.
[2026-06-29T18:59:06.206+0000] {subprocess.py:93} INFO - 26/06/29 18:59:06 INFO SharedState: Warehouse path is 'file:/tmp/***tmpbsq_iri3/spark-warehouse'.
[2026-06-29T18:59:11.862+0000] {subprocess.py:93} INFO - 26/06/29 18:59:11 INFO InMemoryFileIndex: It took 1223 ms to list leaf files for 1 paths.
[2026-06-29T18:59:13.063+0000] {subprocess.py:93} INFO - 26/06/29 18:59:13 INFO MemoryStore: Block broadcast_0 stored as values in memory (estimated size 209.0 KiB, free 434.2 MiB)
[2026-06-29T18:59:13.514+0000] {subprocess.py:93} INFO - 26/06/29 18:59:13 INFO MemoryStore: Block broadcast_0_piece0 stored as bytes in memory (estimated size 35.9 KiB, free 434.2 MiB)
[2026-06-29T18:59:13.522+0000] {subprocess.py:93} INFO - 26/06/29 18:59:13 INFO BlockManagerInfo: Added broadcast_0_piece0 in memory on 64c35aa3f581:44387 (size: 35.9 KiB, free: 434.4 MiB)
[2026-06-29T18:59:13.544+0000] {subprocess.py:93} INFO - 26/06/29 18:59:13 INFO StandaloneSchedulerBackend$StandaloneDriverEndpoint: Registered executor NettyRpcEndpointRef(spark-client://Executor) (172.18.0.6:33276) with ID 0,  ResourceProfileId 0
[2026-06-29T18:59:13.691+0000] {subprocess.py:93} INFO - 26/06/29 18:59:13 INFO SparkContext: Created broadcast 0 from json at NativeMethodAccessorImpl.java:0
[2026-06-29T18:59:18.946+0000] {subprocess.py:93} INFO - 26/06/29 18:59:18 INFO BlockManagerMasterEndpoint: Registering block manager 172.18.0.6:39133 with 434.4 MiB RAM, BlockManagerId(0, 172.18.0.6, 39133, None)
[2026-06-29T18:59:24.835+0000] {subprocess.py:93} INFO - 26/06/29 18:59:24 INFO FileInputFormat: Total input files to process : 37
[2026-06-29T18:59:28.414+0000] {subprocess.py:93} INFO - 26/06/29 18:59:28 INFO FileInputFormat: Total input files to process : 37
[2026-06-29T18:59:28.428+0000] {subprocess.py:93} INFO - 26/06/29 18:59:28 INFO SparkContext: Starting job: json at NativeMethodAccessorImpl.java:0
[2026-06-29T18:59:28.440+0000] {subprocess.py:93} INFO - 26/06/29 18:59:28 INFO DAGScheduler: Got job 0 (json at NativeMethodAccessorImpl.java:0) with 1 output partitions
[2026-06-29T18:59:28.444+0000] {subprocess.py:93} INFO - 26/06/29 18:59:28 INFO DAGScheduler: Final stage: ResultStage 0 (json at NativeMethodAccessorImpl.java:0)
[2026-06-29T18:59:28.445+0000] {subprocess.py:93} INFO - 26/06/29 18:59:28 INFO DAGScheduler: Parents of final stage: List()
[2026-06-29T18:59:28.446+0000] {subprocess.py:93} INFO - 26/06/29 18:59:28 INFO DAGScheduler: Missing parents: List()
[2026-06-29T18:59:28.447+0000] {subprocess.py:93} INFO - 26/06/29 18:59:28 INFO DAGScheduler: Submitting ResultStage 0 (MapPartitionsRDD[2] at json at NativeMethodAccessorImpl.java:0), which has no missing parents
[2026-06-29T18:59:28.479+0000] {subprocess.py:93} INFO - 26/06/29 18:59:28 INFO MemoryStore: Block broadcast_1 stored as values in memory (estimated size 9.3 KiB, free 434.2 MiB)
[2026-06-29T18:59:28.482+0000] {subprocess.py:93} INFO - 26/06/29 18:59:28 INFO MemoryStore: Block broadcast_1_piece0 stored as bytes in memory (estimated size 5.0 KiB, free 434.1 MiB)
[2026-06-29T18:59:28.483+0000] {subprocess.py:93} INFO - 26/06/29 18:59:28 INFO BlockManagerInfo: Added broadcast_1_piece0 in memory on 64c35aa3f581:44387 (size: 5.0 KiB, free: 434.4 MiB)
[2026-06-29T18:59:28.484+0000] {subprocess.py:93} INFO - 26/06/29 18:59:28 INFO SparkContext: Created broadcast 1 from broadcast at DAGScheduler.scala:1585
[2026-06-29T18:59:28.495+0000] {subprocess.py:93} INFO - 26/06/29 18:59:28 INFO DAGScheduler: Submitting 1 missing tasks from ResultStage 0 (MapPartitionsRDD[2] at json at NativeMethodAccessorImpl.java:0) (first 15 tasks are for partitions Vector(0))
[2026-06-29T18:59:28.496+0000] {subprocess.py:93} INFO - 26/06/29 18:59:28 INFO TaskSchedulerImpl: Adding task set 0.0 with 1 tasks resource profile 0
[2026-06-29T18:59:28.524+0000] {subprocess.py:93} INFO - 26/06/29 18:59:28 INFO TaskSetManager: Starting task 0.0 in stage 0.0 (TID 0) (172.18.0.6, executor 0, partition 0, PROCESS_LOCAL, 11969 bytes)
[2026-06-29T18:59:29.760+0000] {subprocess.py:93} INFO - 26/06/29 18:59:29 INFO BlockManagerInfo: Added broadcast_1_piece0 in memory on 172.18.0.6:39133 (size: 5.0 KiB, free: 434.4 MiB)
[2026-06-29T18:59:34.403+0000] {subprocess.py:93} INFO - 26/06/29 18:59:34 INFO BlockManagerInfo: Added broadcast_0_piece0 in memory on 172.18.0.6:39133 (size: 35.9 KiB, free: 434.4 MiB)
[2026-06-29T18:59:41.175+0000] {subprocess.py:93} INFO - 26/06/29 18:59:41 INFO TaskSetManager: Finished task 0.0 in stage 0.0 (TID 0) in 12663 ms on 172.18.0.6 (executor 0) (1/1)
[2026-06-29T18:59:41.198+0000] {subprocess.py:93} INFO - 26/06/29 18:59:41 INFO TaskSchedulerImpl: Removed TaskSet 0.0, whose tasks have all completed, from pool
[2026-06-29T18:59:41.205+0000] {subprocess.py:93} INFO - 26/06/29 18:59:41 INFO DAGScheduler: ResultStage 0 (json at NativeMethodAccessorImpl.java:0) finished in 12.745 s
[2026-06-29T18:59:41.226+0000] {subprocess.py:93} INFO - 26/06/29 18:59:41 INFO DAGScheduler: Job 0 is finished. Cancelling potential speculative or zombie tasks for this job
[2026-06-29T18:59:41.227+0000] {subprocess.py:93} INFO - 26/06/29 18:59:41 INFO TaskSchedulerImpl: Killing all running tasks in stage 0: Stage finished
[2026-06-29T18:59:41.503+0000] {subprocess.py:93} INFO - 26/06/29 18:59:41 INFO DAGScheduler: Job 0 finished: json at NativeMethodAccessorImpl.java:0, took 13.077127 s
[2026-06-29T18:59:42.562+0000] {subprocess.py:93} INFO - 26/06/29 18:59:42 INFO BlockManagerInfo: Removed broadcast_1_piece0 on 64c35aa3f581:44387 in memory (size: 5.0 KiB, free: 434.4 MiB)
[2026-06-29T18:59:42.571+0000] {subprocess.py:93} INFO - 26/06/29 18:59:42 INFO BlockManagerInfo: Removed broadcast_1_piece0 on 172.18.0.6:39133 in memory (size: 5.0 KiB, free: 434.4 MiB)
[2026-06-29T18:59:44.400+0000] {subprocess.py:93} INFO - Traceback (most recent call last):
[2026-06-29T18:59:44.402+0000] {subprocess.py:93} INFO -   File "/opt/***/pyspark_processing/sss.py", line 103, in <module>
[2026-06-29T18:59:44.405+0000] {subprocess.py:93} INFO -     .withColumn(
[2026-06-29T18:59:44.406+0000] {subprocess.py:93} INFO -      ^^^^^^^^^^^
[2026-06-29T18:59:44.408+0000] {subprocess.py:93} INFO -   File "/opt/spark/python/lib/pyspark.zip/pyspark/sql/dataframe.py", line 5174, in withColumn
[2026-06-29T18:59:44.409+0000] {subprocess.py:93} INFO -   File "/opt/spark/python/lib/py4j-0.10.9.7-src.zip/py4j/java_gateway.py", line 1322, in __call__
[2026-06-29T18:59:44.410+0000] {subprocess.py:93} INFO -   File "/opt/spark/python/lib/pyspark.zip/pyspark/errors/exceptions/captured.py", line 185, in deco
[2026-06-29T18:59:44.414+0000] {subprocess.py:93} INFO - pyspark.errors.exceptions.captured.AnalysisException: [UNRESOLVED_COLUMN.WITH_SUGGESTION] A column or function parameter with name `updatedAt` cannot be resolved. Did you mean one of the following? [`_corrupt_record`].;
[2026-06-29T18:59:44.416+0000] {subprocess.py:93} INFO - 'Project [_corrupt_record#0, to_date('updatedAt, None, Some(Etc/UTC), false) AS event_date#3]
[2026-06-29T18:59:44.417+0000] {subprocess.py:93} INFO - +- Relation [_corrupt_record#0] json
[2026-06-29T18:59:44.417+0000] {subprocess.py:93} INFO - 
[2026-06-29T18:59:44.502+0000] {subprocess.py:93} INFO - 26/06/29 18:59:44 INFO SparkContext: Invoking stop() from shutdown hook
[2026-06-29T18:59:44.504+0000] {subprocess.py:93} INFO - 26/06/29 18:59:44 INFO SparkContext: SparkContext is stopping with exitCode 0.
[2026-06-29T18:59:44.514+0000] {subprocess.py:93} INFO - 26/06/29 18:59:44 INFO SparkUI: Stopped Spark web UI at http://64c35aa3f581:4040
[2026-06-29T18:59:44.583+0000] {subprocess.py:93} INFO - 26/06/29 18:59:44 INFO StandaloneSchedulerBackend: Shutting down all executors
[2026-06-29T18:59:44.585+0000] {subprocess.py:93} INFO - 26/06/29 18:59:44 INFO StandaloneSchedulerBackend$StandaloneDriverEndpoint: Asking each executor to shut down
[2026-06-29T18:59:44.622+0000] {subprocess.py:93} INFO - 26/06/29 18:59:44 INFO MapOutputTrackerMasterEndpoint: MapOutputTrackerMasterEndpoint stopped!
[2026-06-29T18:59:44.641+0000] {subprocess.py:93} INFO - 26/06/29 18:59:44 INFO MemoryStore: MemoryStore cleared
[2026-06-29T18:59:44.642+0000] {subprocess.py:93} INFO - 26/06/29 18:59:44 INFO BlockManager: BlockManager stopped
[2026-06-29T18:59:44.644+0000] {subprocess.py:93} INFO - 26/06/29 18:59:44 INFO BlockManagerMaster: BlockManagerMaster stopped
[2026-06-29T18:59:44.647+0000] {subprocess.py:93} INFO - 26/06/29 18:59:44 INFO OutputCommitCoordinator$OutputCommitCoordinatorEndpoint: OutputCommitCoordinator stopped!
[2026-06-29T18:59:44.752+0000] {subprocess.py:93} INFO - 26/06/29 18:59:44 INFO SparkContext: Successfully stopped SparkContext
[2026-06-29T18:59:44.755+0000] {subprocess.py:93} INFO - 26/06/29 18:59:44 INFO ShutdownHookManager: Shutdown hook called
[2026-06-29T18:59:44.757+0000] {subprocess.py:93} INFO - 26/06/29 18:59:44 INFO ShutdownHookManager: Deleting directory /tmp/spark-f252fd49-2c36-4889-8310-52c6a7343105
[2026-06-29T18:59:44.780+0000] {subprocess.py:93} INFO - 26/06/29 18:59:44 INFO ShutdownHookManager: Deleting directory /tmp/spark-87985ad4-a5d3-4341-827d-51806af42392
[2026-06-29T18:59:44.784+0000] {subprocess.py:93} INFO - 26/06/29 18:59:44 INFO ShutdownHookManager: Deleting directory /tmp/spark-f252fd49-2c36-4889-8310-52c6a7343105/pyspark-faed5688-3d91-40f0-b466-4d19e43de247
[2026-06-29T18:59:44.825+0000] {subprocess.py:97} INFO - Command exited with return code 1
[2026-06-29T18:59:44.838+0000] {taskinstance.py:3301} ERROR - Task failed with exception
Traceback (most recent call last):
  File "/home/airflow/.local/lib/python3.12/site-packages/airflow/models/taskinstance.py", line 762, in _execute_task
    result = _execute_callable(context=context, **execute_callable_kwargs)
             ^^^^^^^^^^^^^^^^^^^^^^^^^^^^^^^^^^^^^^^^^^^^^^^^^^^^^^^^^^^^^
  File "/home/airflow/.local/lib/python3.12/site-packages/airflow/models/taskinstance.py", line 733, in _execute_callable
    return ExecutionCallableRunner(
           ^^^^^^^^^^^^^^^^^^^^^^^^
  File "/home/airflow/.local/lib/python3.12/site-packages/airflow/utils/operator_helpers.py", line 252, in run
    return self.func(*args, **kwargs)
           ^^^^^^^^^^^^^^^^^^^^^^^^^^
  File "/home/airflow/.local/lib/python3.12/site-packages/airflow/models/baseoperator.py", line 406, in wrapper
    return func(self, *args, **kwargs)
           ^^^^^^^^^^^^^^^^^^^^^^^^^^^
  File "/home/airflow/.local/lib/python3.12/site-packages/airflow/operators/bash.py", line 249, in execute
    raise AirflowException(
airflow.exceptions.AirflowException: Bash command failed. The command returned a non-zero exit code 1.
[2026-06-29T18:59:44.861+0000] {taskinstance.py:1225} INFO - Marking task as UP_FOR_RETRY. dag_id=gold_price_pipeline, task_id=run_spark_etl, run_id=scheduled__2026-06-29T17:00:00+00:00, execution_date=20260629T170000, start_date=20260629T185900, end_date=20260629T185944
[2026-06-29T18:59:44.882+0000] {taskinstance.py:340} INFO - ::group::Post task execution logs
[2026-06-29T18:59:44.884+0000] {standard_task_runner.py:124} ERROR - Failed to execute job 5 for task run_spark_etl (Bash command failed. The command returned a non-zero exit code 1.; 410)
Traceback (most recent call last):
  File "/home/airflow/.local/lib/python3.12/site-packages/airflow/task/task_runner/standard_task_runner.py", line 117, in _start_by_fork
    ret = args.func(args, dag=self.dag)
          ^^^^^^^^^^^^^^^^^^^^^^^^^^^^^
  File "/home/airflow/.local/lib/python3.12/site-packages/airflow/cli/cli_config.py", line 49, in command
    return func(*args, **kwargs)
           ^^^^^^^^^^^^^^^^^^^^^
  File "/home/airflow/.local/lib/python3.12/site-packages/airflow/utils/cli.py", line 115, in wrapper
    return f(*args, **kwargs)
           ^^^^^^^^^^^^^^^^^^
  File "/home/airflow/.local/lib/python3.12/site-packages/airflow/cli/commands/task_command.py", line 483, in task_run
    task_return_code = _run_task_by_selected_method(args, _dag, ti)
                       ^^^^^^^^^^^^^^^^^^^^^^^^^^^^^^^^^^^^^^^^^^^^
  File "/home/airflow/.local/lib/python3.12/site-packages/airflow/cli/commands/task_command.py", line 256, in _run_task_by_selected_method
    return _run_raw_task(args, ti)
           ^^^^^^^^^^^^^^^^^^^^^^^
  File "/home/airflow/.local/lib/python3.12/site-packages/airflow/cli/commands/task_command.py", line 341, in _run_raw_task
    return ti._run_raw_task(
           ^^^^^^^^^^^^^^^^^
  File "/home/airflow/.local/lib/python3.12/site-packages/airflow/utils/session.py", line 97, in wrapper
    return func(*args, session=session, **kwargs)
           ^^^^^^^^^^^^^^^^^^^^^^^^^^^^^^^^^^^^^^
  File "/home/airflow/.local/lib/python3.12/site-packages/airflow/models/taskinstance.py", line 2995, in _run_raw_task
    return _run_raw_task(
           ^^^^^^^^^^^^^^
  File "/home/airflow/.local/lib/python3.12/site-packages/airflow/models/taskinstance.py", line 273, in _run_raw_task
    TaskInstance._execute_task_with_callbacks(
  File "/home/airflow/.local/lib/python3.12/site-packages/airflow/models/taskinstance.py", line 3149, in _execute_task_with_callbacks
    result = self._execute_task(context, task_orig)
             ^^^^^^^^^^^^^^^^^^^^^^^^^^^^^^^^^^^^^^
  File "/home/airflow/.local/lib/python3.12/site-packages/airflow/models/taskinstance.py", line 3173, in _execute_task
    return _execute_task(self, context, task_orig)
           ^^^^^^^^^^^^^^^^^^^^^^^^^^^^^^^^^^^^^^^
  File "/home/airflow/.local/lib/python3.12/site-packages/airflow/models/taskinstance.py", line 762, in _execute_task
    result = _execute_callable(context=context, **execute_callable_kwargs)
             ^^^^^^^^^^^^^^^^^^^^^^^^^^^^^^^^^^^^^^^^^^^^^^^^^^^^^^^^^^^^^
  File "/home/airflow/.local/lib/python3.12/site-packages/airflow/models/taskinstance.py", line 733, in _execute_callable
    return ExecutionCallableRunner(
           ^^^^^^^^^^^^^^^^^^^^^^^^
  File "/home/airflow/.local/lib/python3.12/site-packages/airflow/utils/operator_helpers.py", line 252, in run
    return self.func(*args, **kwargs)
           ^^^^^^^^^^^^^^^^^^^^^^^^^^
  File "/home/airflow/.local/lib/python3.12/site-packages/airflow/models/baseoperator.py", line 406, in wrapper
    return func(self, *args, **kwargs)
           ^^^^^^^^^^^^^^^^^^^^^^^^^^^
  File "/home/airflow/.local/lib/python3.12/site-packages/airflow/operators/bash.py", line 249, in execute
    raise AirflowException(
airflow.exceptions.AirflowException: Bash command failed. The command returned a non-zero exit code 1.
[2026-06-29T18:59:44.935+0000] {local_task_job_runner.py:261} INFO - Task exited with return code 1
[2026-06-29T18:59:45.012+0000] {taskinstance.py:3891} INFO - 0 downstream tasks scheduled from follow-on schedule check
[2026-06-29T18:59:45.015+0000] {local_task_job_runner.py:240} INFO - ::endgroup::
