[2026-06-29T18:32:45.436+0000] {local_task_job_runner.py:123} INFO - ::group::Pre task execution logs
[2026-06-29T18:32:45.464+0000] {taskinstance.py:2603} INFO - Dependencies all met for dep_context=non-requeueable deps ti=<TaskInstance: gold_price_pipeline.run_spark_etl scheduled__2026-06-29T17:00:00+00:00 [queued]>
[2026-06-29T18:32:45.475+0000] {taskinstance.py:2603} INFO - Dependencies all met for dep_context=requeueable deps ti=<TaskInstance: gold_price_pipeline.run_spark_etl scheduled__2026-06-29T17:00:00+00:00 [queued]>
[2026-06-29T18:32:45.477+0000] {taskinstance.py:2856} INFO - Starting attempt 1 of 3
[2026-06-29T18:32:45.497+0000] {taskinstance.py:2879} INFO - Executing <Task(BashOperator): run_spark_etl> on 2026-06-29 17:00:00+00:00
[2026-06-29T18:32:45.509+0000] {logging_mixin.py:190} WARNING - /home/***/.local/lib/python3.12/site-packages/***/task/task_runner/standard_task_runner.py:70 DeprecationWarning: This process (pid=203) is multi-threaded, use of fork() may lead to deadlocks in the child.
[2026-06-29T18:32:45.508+0000] {standard_task_runner.py:104} INFO - Running: ['***', 'tasks', 'run', 'gold_price_pipeline', 'run_spark_etl', 'scheduled__2026-06-29T17:00:00+00:00', '--job-id', '4', '--raw', '--subdir', 'DAGS_FOLDER/gold_pipeline.py', '--cfg-path', '/tmp/tmp4jx7iozi']
[2026-06-29T18:32:45.511+0000] {standard_task_runner.py:72} INFO - Started process 204 to run task
[2026-06-29T18:32:45.512+0000] {standard_task_runner.py:105} INFO - Job 4: Subtask run_spark_etl
[2026-06-29T18:32:45.591+0000] {task_command.py:467} INFO - Running <TaskInstance: gold_price_pipeline.run_spark_etl scheduled__2026-06-29T17:00:00+00:00 [running]> on host 95d1b0323ecd
[2026-06-29T18:32:45.699+0000] {taskinstance.py:3122} INFO - Exporting env vars: AIRFLOW_CTX_DAG_OWNER='Sayed' AIRFLOW_CTX_DAG_ID='gold_price_pipeline' AIRFLOW_CTX_TASK_ID='run_spark_etl' AIRFLOW_CTX_EXECUTION_DATE='2026-06-29T17:00:00+00:00' AIRFLOW_CTX_TRY_NUMBER='1' AIRFLOW_CTX_DAG_RUN_ID='scheduled__2026-06-29T17:00:00+00:00'
[2026-06-29T18:32:45.702+0000] {taskinstance.py:731} INFO - ::endgroup::
[2026-06-29T18:32:45.724+0000] {subprocess.py:63} INFO - Tmp dir root location: /tmp
[2026-06-29T18:32:45.726+0000] {subprocess.py:75} INFO - Running command: ['/usr/bin/bash', '-c', '\n    /opt/spark/bin/spark-submit     --master spark://spark-master:7077     --packages     org.apache.hadoop:hadoop-azure:3.3.4,    com.microsoft.azure:azure-storage:8.6.6,    io.delta:delta-spark_2.12:3.2.0     /opt/***/pyspark_processing/sss.py\n    ']
[2026-06-29T18:32:45.738+0000] {subprocess.py:86} INFO - Output:
[2026-06-29T18:32:47.885+0000] {subprocess.py:93} INFO - :: loading settings :: url = jar:file:/opt/spark/jars/ivy-2.5.1.jar!/org/apache/ivy/core/settings/ivysettings.xml
[2026-06-29T18:32:48.057+0000] {subprocess.py:93} INFO - Ivy Default Cache set to: /home/***/.ivy2/cache
[2026-06-29T18:32:48.058+0000] {subprocess.py:93} INFO - The jars for the packages stored in: /home/***/.ivy2/jars
[2026-06-29T18:32:48.061+0000] {subprocess.py:93} INFO - org.apache.hadoop#hadoop-azure added as a dependency
[2026-06-29T18:32:48.063+0000] {subprocess.py:93} INFO - :: resolving dependencies :: org.apache.spark#spark-submit-parent-0d035950-3454-4db1-a7b5-751aef767ff8;1.0
[2026-06-29T18:32:48.064+0000] {subprocess.py:93} INFO - 	confs: [default]
[2026-06-29T18:32:51.232+0000] {subprocess.py:93} INFO - 	found org.apache.hadoop#hadoop-azure;3.3.4 in central
[2026-06-29T18:32:52.772+0000] {subprocess.py:93} INFO - 	found org.apache.httpcomponents#httpclient;4.5.13 in central
[2026-06-29T18:32:53.914+0000] {subprocess.py:93} INFO - 	found org.apache.httpcomponents#httpcore;4.4.13 in central
[2026-06-29T18:32:55.506+0000] {subprocess.py:93} INFO - 	found commons-logging#commons-logging;1.1.3 in central
[2026-06-29T18:32:57.539+0000] {subprocess.py:93} INFO - 	found commons-codec#commons-codec;1.15 in central
[2026-06-29T18:32:57.760+0000] {subprocess.py:93} INFO - 	found com.microsoft.azure#azure-storage;7.0.1 in central
[2026-06-29T18:33:01.187+0000] {subprocess.py:93} INFO - 	found com.fasterxml.jackson.core#jackson-core;2.12.7 in central
[2026-06-29T18:33:01.915+0000] {subprocess.py:93} INFO - 	found org.slf4j#slf4j-api;1.7.36 in central
[2026-06-29T18:33:03.057+0000] {subprocess.py:93} INFO - 	found com.microsoft.azure#azure-keyvault-core;1.0.0 in central
[2026-06-29T18:33:04.561+0000] {subprocess.py:93} INFO - 	found com.google.guava#guava;27.0-jre in central
[2026-06-29T18:33:05.715+0000] {subprocess.py:93} INFO - 	found com.google.guava#failureaccess;1.0 in central
[2026-06-29T18:33:05.946+0000] {subprocess.py:93} INFO - 	found com.google.guava#listenablefuture;9999.0-empty-to-avoid-conflict-with-guava in central
[2026-06-29T18:33:06.537+0000] {subprocess.py:93} INFO - 	found com.google.code.findbugs#jsr305;3.0.2 in central
[2026-06-29T18:33:06.761+0000] {subprocess.py:93} INFO - 	found org.checkerframework#checker-qual;2.5.2 in central
[2026-06-29T18:33:07.862+0000] {subprocess.py:93} INFO - 	found com.google.errorprone#error_prone_annotations;2.2.0 in central
[2026-06-29T18:33:08.089+0000] {subprocess.py:93} INFO - 	found com.google.j2objc#j2objc-annotations;1.1 in central
[2026-06-29T18:33:10.177+0000] {subprocess.py:93} INFO - 	found org.codehaus.mojo#animal-sniffer-annotations;1.17 in central
[2026-06-29T18:33:10.864+0000] {subprocess.py:93} INFO - 	found org.apache.hadoop.thirdparty#hadoop-shaded-guava;1.1.1 in central
[2026-06-29T18:33:11.980+0000] {subprocess.py:93} INFO - 	found org.eclipse.jetty#jetty-util-ajax;9.4.43.v20210629 in central
[2026-06-29T18:33:12.213+0000] {subprocess.py:93} INFO - 	found org.eclipse.jetty#jetty-util;9.4.43.v20210629 in central
[2026-06-29T18:33:12.416+0000] {subprocess.py:93} INFO - 	found org.codehaus.jackson#jackson-mapper-asl;1.9.13 in central
[2026-06-29T18:33:12.622+0000] {subprocess.py:93} INFO - 	found org.codehaus.jackson#jackson-core-asl;1.9.13 in central
[2026-06-29T18:33:14.727+0000] {subprocess.py:93} INFO - 	found org.wildfly.openssl#wildfly-openssl;1.0.7.Final in central
[2026-06-29T18:33:14.844+0000] {subprocess.py:93} INFO - downloading https://repo1.maven.org/maven2/org/apache/hadoop/hadoop-azure/3.3.4/hadoop-azure-3.3.4.jar ...
[2026-06-29T18:33:15.246+0000] {subprocess.py:93} INFO - 	[SUCCESSFUL ] org.apache.hadoop#hadoop-azure;3.3.4!hadoop-azure.jar (509ms)
[2026-06-29T18:33:15.358+0000] {subprocess.py:93} INFO - downloading https://repo1.maven.org/maven2/org/apache/httpcomponents/httpclient/4.5.13/httpclient-4.5.13.jar ...
[2026-06-29T18:33:15.770+0000] {subprocess.py:93} INFO - 	[SUCCESSFUL ] org.apache.httpcomponents#httpclient;4.5.13!httpclient.jar (523ms)
[2026-06-29T18:33:15.864+0000] {subprocess.py:93} INFO - downloading https://repo1.maven.org/maven2/com/microsoft/azure/azure-storage/7.0.1/azure-storage-7.0.1.jar ...
[2026-06-29T18:33:16.225+0000] {subprocess.py:93} INFO - 	[SUCCESSFUL ] com.microsoft.azure#azure-storage;7.0.1!azure-storage.jar (453ms)
[2026-06-29T18:33:16.332+0000] {subprocess.py:93} INFO - downloading https://repo1.maven.org/maven2/org/apache/hadoop/thirdparty/hadoop-shaded-guava/1.1.1/hadoop-shaded-guava-1.1.1.jar ...
[2026-06-29T18:33:17.971+0000] {subprocess.py:93} INFO - 	[SUCCESSFUL ] org.apache.hadoop.thirdparty#hadoop-shaded-guava;1.1.1!hadoop-shaded-guava.jar (1745ms)
[2026-06-29T18:33:18.069+0000] {subprocess.py:93} INFO - downloading https://repo1.maven.org/maven2/org/eclipse/jetty/jetty-util-ajax/9.4.43.v20210629/jetty-util-ajax-9.4.43.v20210629.jar ...
[2026-06-29T18:33:18.192+0000] {subprocess.py:93} INFO - 	[SUCCESSFUL ] org.eclipse.jetty#jetty-util-ajax;9.4.43.v20210629!jetty-util-ajax.jar (220ms)
[2026-06-29T18:33:18.298+0000] {subprocess.py:93} INFO - downloading https://repo1.maven.org/maven2/org/codehaus/jackson/jackson-mapper-asl/1.9.13/jackson-mapper-asl-1.9.13.jar ...
[2026-06-29T18:33:18.685+0000] {subprocess.py:93} INFO - 	[SUCCESSFUL ] org.codehaus.jackson#jackson-mapper-asl;1.9.13!jackson-mapper-asl.jar (492ms)
[2026-06-29T18:33:18.788+0000] {subprocess.py:93} INFO - downloading https://repo1.maven.org/maven2/org/codehaus/jackson/jackson-core-asl/1.9.13/jackson-core-asl-1.9.13.jar ...
[2026-06-29T18:33:19.063+0000] {subprocess.py:93} INFO - 	[SUCCESSFUL ] org.codehaus.jackson#jackson-core-asl;1.9.13!jackson-core-asl.jar (377ms)
[2026-06-29T18:33:19.187+0000] {subprocess.py:93} INFO - downloading https://repo1.maven.org/maven2/org/wildfly/openssl/wildfly-openssl/1.0.7.Final/wildfly-openssl-1.0.7.Final.jar ...
[2026-06-29T18:33:19.436+0000] {subprocess.py:93} INFO - 	[SUCCESSFUL ] org.wildfly.openssl#wildfly-openssl;1.0.7.Final!wildfly-openssl.jar (372ms)
[2026-06-29T18:33:19.555+0000] {subprocess.py:93} INFO - downloading https://repo1.maven.org/maven2/org/apache/httpcomponents/httpcore/4.4.13/httpcore-4.4.13.jar ...
[2026-06-29T18:33:19.797+0000] {subprocess.py:93} INFO - 	[SUCCESSFUL ] org.apache.httpcomponents#httpcore;4.4.13!httpcore.jar (360ms)
[2026-06-29T18:33:19.887+0000] {subprocess.py:93} INFO - downloading https://repo1.maven.org/maven2/commons-logging/commons-logging/1.1.3/commons-logging-1.1.3.jar ...
[2026-06-29T18:33:19.998+0000] {subprocess.py:93} INFO - 	[SUCCESSFUL ] commons-logging#commons-logging;1.1.3!commons-logging.jar (201ms)
[2026-06-29T18:33:20.108+0000] {subprocess.py:93} INFO - downloading https://repo1.maven.org/maven2/commons-codec/commons-codec/1.15/commons-codec-1.15.jar ...
[2026-06-29T18:33:20.317+0000] {subprocess.py:93} INFO - 	[SUCCESSFUL ] commons-codec#commons-codec;1.15!commons-codec.jar (318ms)
[2026-06-29T18:33:20.421+0000] {subprocess.py:93} INFO - downloading https://repo1.maven.org/maven2/com/fasterxml/jackson/core/jackson-core/2.12.7/jackson-core-2.12.7.jar ...
[2026-06-29T18:33:20.644+0000] {subprocess.py:93} INFO - 	[SUCCESSFUL ] com.fasterxml.jackson.core#jackson-core;2.12.7!jackson-core.jar(bundle) (327ms)
[2026-06-29T18:33:20.755+0000] {subprocess.py:93} INFO - downloading https://repo1.maven.org/maven2/org/slf4j/slf4j-api/1.7.36/slf4j-api-1.7.36.jar ...
[2026-06-29T18:33:20.873+0000] {subprocess.py:93} INFO - 	[SUCCESSFUL ] org.slf4j#slf4j-api;1.7.36!slf4j-api.jar (228ms)
[2026-06-29T18:33:21.025+0000] {subprocess.py:93} INFO - downloading https://repo1.maven.org/maven2/com/microsoft/azure/azure-keyvault-core/1.0.0/azure-keyvault-core-1.0.0.jar ...
[2026-06-29T18:33:21.215+0000] {subprocess.py:93} INFO - 	[SUCCESSFUL ] com.microsoft.azure#azure-keyvault-core;1.0.0!azure-keyvault-core.jar (341ms)
[2026-06-29T18:33:21.368+0000] {subprocess.py:93} INFO - downloading https://repo1.maven.org/maven2/com/google/guava/guava/27.0-jre/guava-27.0-jre.jar ...
[2026-06-29T18:33:22.794+0000] {subprocess.py:93} INFO - 	[SUCCESSFUL ] com.google.guava#guava;27.0-jre!guava.jar(bundle) (1578ms)
[2026-06-29T18:33:22.919+0000] {subprocess.py:93} INFO - downloading https://repo1.maven.org/maven2/com/google/guava/failureaccess/1.0/failureaccess-1.0.jar ...
[2026-06-29T18:33:23.051+0000] {subprocess.py:93} INFO - 	[SUCCESSFUL ] com.google.guava#failureaccess;1.0!failureaccess.jar (257ms)
[2026-06-29T18:33:23.157+0000] {subprocess.py:93} INFO - downloading https://repo1.maven.org/maven2/com/google/guava/listenablefuture/9999.0-empty-to-avoid-conflict-with-guava/listenablefuture-9999.0-empty-to-avoid-conflict-with-guava.jar ...
[2026-06-29T18:33:23.258+0000] {subprocess.py:93} INFO - 	[SUCCESSFUL ] com.google.guava#listenablefuture;9999.0-empty-to-avoid-conflict-with-guava!listenablefuture.jar (205ms)
[2026-06-29T18:33:23.384+0000] {subprocess.py:93} INFO - downloading https://repo1.maven.org/maven2/com/google/code/findbugs/jsr305/3.0.2/jsr305-3.0.2.jar ...
[2026-06-29T18:33:23.483+0000] {subprocess.py:93} INFO - 	[SUCCESSFUL ] com.google.code.findbugs#jsr305;3.0.2!jsr305.jar (225ms)
[2026-06-29T18:33:23.587+0000] {subprocess.py:93} INFO - downloading https://repo1.maven.org/maven2/org/checkerframework/checker-qual/2.5.2/checker-qual-2.5.2.jar ...
[2026-06-29T18:33:23.750+0000] {subprocess.py:93} INFO - 	[SUCCESSFUL ] org.checkerframework#checker-qual;2.5.2!checker-qual.jar (265ms)
[2026-06-29T18:33:23.856+0000] {subprocess.py:93} INFO - downloading https://repo1.maven.org/maven2/com/google/errorprone/error_prone_annotations/2.2.0/error_prone_annotations-2.2.0.jar ...
[2026-06-29T18:33:23.976+0000] {subprocess.py:93} INFO - 	[SUCCESSFUL ] com.google.errorprone#error_prone_annotations;2.2.0!error_prone_annotations.jar (226ms)
[2026-06-29T18:33:24.107+0000] {subprocess.py:93} INFO - downloading https://repo1.maven.org/maven2/com/google/j2objc/j2objc-annotations/1.1/j2objc-annotations-1.1.jar ...
[2026-06-29T18:33:24.215+0000] {subprocess.py:93} INFO - 	[SUCCESSFUL ] com.google.j2objc#j2objc-annotations;1.1!j2objc-annotations.jar (237ms)
[2026-06-29T18:33:24.317+0000] {subprocess.py:93} INFO - downloading https://repo1.maven.org/maven2/org/codehaus/mojo/animal-sniffer-annotations/1.17/animal-sniffer-annotations-1.17.jar ...
[2026-06-29T18:33:24.417+0000] {subprocess.py:93} INFO - 	[SUCCESSFUL ] org.codehaus.mojo#animal-sniffer-annotations;1.17!animal-sniffer-annotations.jar (201ms)
[2026-06-29T18:33:24.515+0000] {subprocess.py:93} INFO - downloading https://repo1.maven.org/maven2/org/eclipse/jetty/jetty-util/9.4.43.v20210629/jetty-util-9.4.43.v20210629.jar ...
[2026-06-29T18:33:24.797+0000] {subprocess.py:93} INFO - 	[SUCCESSFUL ] org.eclipse.jetty#jetty-util;9.4.43.v20210629!jetty-util.jar (379ms)
[2026-06-29T18:33:24.798+0000] {subprocess.py:93} INFO - :: resolution report :: resolve 26674ms :: artifacts dl 10061ms
[2026-06-29T18:33:24.799+0000] {subprocess.py:93} INFO - 	:: modules in use:
[2026-06-29T18:33:24.800+0000] {subprocess.py:93} INFO - 	com.fasterxml.jackson.core#jackson-core;2.12.7 from central in [default]
[2026-06-29T18:33:24.801+0000] {subprocess.py:93} INFO - 	com.google.code.findbugs#jsr305;3.0.2 from central in [default]
[2026-06-29T18:33:24.802+0000] {subprocess.py:93} INFO - 	com.google.errorprone#error_prone_annotations;2.2.0 from central in [default]
[2026-06-29T18:33:24.803+0000] {subprocess.py:93} INFO - 	com.google.guava#failureaccess;1.0 from central in [default]
[2026-06-29T18:33:24.803+0000] {subprocess.py:93} INFO - 	com.google.guava#guava;27.0-jre from central in [default]
[2026-06-29T18:33:24.804+0000] {subprocess.py:93} INFO - 	com.google.guava#listenablefuture;9999.0-empty-to-avoid-conflict-with-guava from central in [default]
[2026-06-29T18:33:24.805+0000] {subprocess.py:93} INFO - 	com.google.j2objc#j2objc-annotations;1.1 from central in [default]
[2026-06-29T18:33:24.806+0000] {subprocess.py:93} INFO - 	com.microsoft.azure#azure-keyvault-core;1.0.0 from central in [default]
[2026-06-29T18:33:24.807+0000] {subprocess.py:93} INFO - 	com.microsoft.azure#azure-storage;7.0.1 from central in [default]
[2026-06-29T18:33:24.808+0000] {subprocess.py:93} INFO - 	commons-codec#commons-codec;1.15 from central in [default]
[2026-06-29T18:33:24.809+0000] {subprocess.py:93} INFO - 	commons-logging#commons-logging;1.1.3 from central in [default]
[2026-06-29T18:33:24.810+0000] {subprocess.py:93} INFO - 	org.apache.hadoop#hadoop-azure;3.3.4 from central in [default]
[2026-06-29T18:33:24.811+0000] {subprocess.py:93} INFO - 	org.apache.hadoop.thirdparty#hadoop-shaded-guava;1.1.1 from central in [default]
[2026-06-29T18:33:24.812+0000] {subprocess.py:93} INFO - 	org.apache.httpcomponents#httpclient;4.5.13 from central in [default]
[2026-06-29T18:33:24.813+0000] {subprocess.py:93} INFO - 	org.apache.httpcomponents#httpcore;4.4.13 from central in [default]
[2026-06-29T18:33:24.814+0000] {subprocess.py:93} INFO - 	org.checkerframework#checker-qual;2.5.2 from central in [default]
[2026-06-29T18:33:24.815+0000] {subprocess.py:93} INFO - 	org.codehaus.jackson#jackson-core-asl;1.9.13 from central in [default]
[2026-06-29T18:33:24.816+0000] {subprocess.py:93} INFO - 	org.codehaus.jackson#jackson-mapper-asl;1.9.13 from central in [default]
[2026-06-29T18:33:24.817+0000] {subprocess.py:93} INFO - 	org.codehaus.mojo#animal-sniffer-annotations;1.17 from central in [default]
[2026-06-29T18:33:24.819+0000] {subprocess.py:93} INFO - 	org.eclipse.jetty#jetty-util;9.4.43.v20210629 from central in [default]
[2026-06-29T18:33:24.820+0000] {subprocess.py:93} INFO - 	org.eclipse.jetty#jetty-util-ajax;9.4.43.v20210629 from central in [default]
[2026-06-29T18:33:24.821+0000] {subprocess.py:93} INFO - 	org.slf4j#slf4j-api;1.7.36 from central in [default]
[2026-06-29T18:33:24.822+0000] {subprocess.py:93} INFO - 	org.wildfly.openssl#wildfly-openssl;1.0.7.Final from central in [default]
[2026-06-29T18:33:24.823+0000] {subprocess.py:93} INFO - 	---------------------------------------------------------------------
[2026-06-29T18:33:24.824+0000] {subprocess.py:93} INFO - 	|                  |            modules            ||   artifacts   |
[2026-06-29T18:33:24.826+0000] {subprocess.py:93} INFO - 	|       conf       | number| search|dwnlded|evicted|| number|dwnlded|
[2026-06-29T18:33:24.827+0000] {subprocess.py:93} INFO - 	---------------------------------------------------------------------
[2026-06-29T18:33:24.828+0000] {subprocess.py:93} INFO - 	|      default     |   23  |   23  |   23  |   0   ||   23  |   23  |
[2026-06-29T18:33:24.829+0000] {subprocess.py:93} INFO - 	---------------------------------------------------------------------
[2026-06-29T18:33:24.830+0000] {subprocess.py:93} INFO - :: retrieving :: org.apache.spark#spark-submit-parent-0d035950-3454-4db1-a7b5-751aef767ff8
[2026-06-29T18:33:24.831+0000] {subprocess.py:93} INFO - 	confs: [default]
[2026-06-29T18:33:24.833+0000] {subprocess.py:93} INFO - 	23 artifacts copied, 0 already retrieved (11488kB/29ms)
[2026-06-29T18:33:25.098+0000] {subprocess.py:93} INFO - 26/06/29 18:33:25 WARN NativeCodeLoader: Unable to load native-hadoop library for your platform... using builtin-java classes where applicable
[2026-06-29T18:33:25.318+0000] {subprocess.py:93} INFO - Exception in thread "main" java.lang.NullPointerException: Cannot invoke "String.lastIndexOf(String)" because "path" is null
[2026-06-29T18:33:25.320+0000] {subprocess.py:93} INFO - 	at org.apache.hadoop.fs.Path.getName(Path.java:418)
[2026-06-29T18:33:25.322+0000] {subprocess.py:93} INFO - 	at org.apache.spark.util.DependencyUtils$.downloadFile(DependencyUtils.scala:263)
[2026-06-29T18:33:25.323+0000] {subprocess.py:93} INFO - 	at org.apache.spark.deploy.SparkSubmit.$anonfun$prepareSubmitEnvironment$8(SparkSubmit.scala:404)
[2026-06-29T18:33:25.325+0000] {subprocess.py:93} INFO - 	at scala.Option.map(Option.scala:230)
[2026-06-29T18:33:25.326+0000] {subprocess.py:93} INFO - 	at org.apache.spark.deploy.SparkSubmit.prepareSubmitEnvironment(SparkSubmit.scala:404)
[2026-06-29T18:33:25.328+0000] {subprocess.py:93} INFO - 	at org.apache.spark.deploy.SparkSubmit.org$apache$spark$deploy$SparkSubmit$$runMain(SparkSubmit.scala:964)
[2026-06-29T18:33:25.330+0000] {subprocess.py:93} INFO - 	at org.apache.spark.deploy.SparkSubmit.doRunMain$1(SparkSubmit.scala:194)
[2026-06-29T18:33:25.331+0000] {subprocess.py:93} INFO - 	at org.apache.spark.deploy.SparkSubmit.submit(SparkSubmit.scala:217)
[2026-06-29T18:33:25.333+0000] {subprocess.py:93} INFO - 	at org.apache.spark.deploy.SparkSubmit.doSubmit(SparkSubmit.scala:91)
[2026-06-29T18:33:25.334+0000] {subprocess.py:93} INFO - 	at org.apache.spark.deploy.SparkSubmit$$anon$2.doSubmit(SparkSubmit.scala:1120)
[2026-06-29T18:33:25.337+0000] {subprocess.py:93} INFO - 	at org.apache.spark.deploy.SparkSubmit$.main(SparkSubmit.scala:1129)
[2026-06-29T18:33:25.339+0000] {subprocess.py:93} INFO - 	at org.apache.spark.deploy.SparkSubmit.main(SparkSubmit.scala)
[2026-06-29T18:33:25.392+0000] {subprocess.py:97} INFO - Command exited with return code 1
[2026-06-29T18:33:25.413+0000] {taskinstance.py:3301} ERROR - Task failed with exception
Traceback (most recent call last):
  File "/home/airflow/.local/lib/python3.12/site-packages/airflow/models/taskinstance.py", line 767, in _execute_task
    result = _execute_callable(context=context, **execute_callable_kwargs)
             ^^^^^^^^^^^^^^^^^^^^^^^^^^^^^^^^^^^^^^^^^^^^^^^^^^^^^^^^^^^^^
  File "/home/airflow/.local/lib/python3.12/site-packages/airflow/models/taskinstance.py", line 733, in _execute_callable
    return ExecutionCallableRunner(
           ^^^^^^^^^^^^^^^^^^^^^^^^
  File "/home/airflow/.local/lib/python3.12/site-packages/airflow/utils/operator_helpers.py", line 252, in run
    return self.func(*args, **kwargs)
           ^^^^^^^^^^^^^^^^^^^^^^^^^^
  File "/home/airflow/.local/lib/python3.12/site-packages/airflow/models/baseoperator.py", line 406, in wrapper
    return func(self, *args, **kwargs)
           ^^^^^^^^^^^^^^^^^^^^^^^^^^^
  File "/home/airflow/.local/lib/python3.12/site-packages/airflow/operators/bash.py", line 249, in execute
    raise AirflowException(
airflow.exceptions.AirflowException: Bash command failed. The command returned a non-zero exit code 1.
[2026-06-29T18:33:25.436+0000] {taskinstance.py:1225} INFO - Marking task as UP_FOR_RETRY. dag_id=gold_price_pipeline, task_id=run_spark_etl, run_id=scheduled__2026-06-29T17:00:00+00:00, execution_date=20260629T170000, start_date=20260629T183245, end_date=20260629T183325
[2026-06-29T18:33:25.464+0000] {taskinstance.py:340} INFO - ::group::Post task execution logs
[2026-06-29T18:33:25.467+0000] {standard_task_runner.py:124} ERROR - Failed to execute job 4 for task run_spark_etl (Bash command failed. The command returned a non-zero exit code 1.; 204)
Traceback (most recent call last):
  File "/home/airflow/.local/lib/python3.12/site-packages/airflow/task/task_runner/standard_task_runner.py", line 117, in _start_by_fork
    ret = args.func(args, dag=self.dag)
          ^^^^^^^^^^^^^^^^^^^^^^^^^^^^^
  File "/home/airflow/.local/lib/python3.12/site-packages/airflow/cli/cli_config.py", line 49, in command
    return func(*args, **kwargs)
           ^^^^^^^^^^^^^^^^^^^^^
  File "/home/airflow/.local/lib/python3.12/site-packages/airflow/utils/cli.py", line 115, in wrapper
    return f(*args, **kwargs)
           ^^^^^^^^^^^^^^^^^^
  File "/home/airflow/.local/lib/python3.12/site-packages/airflow/cli/commands/task_command.py", line 483, in task_run
    task_return_code = _run_task_by_selected_method(args, _dag, ti)
                       ^^^^^^^^^^^^^^^^^^^^^^^^^^^^^^^^^^^^^^^^^^^^
  File "/home/airflow/.local/lib/python3.12/site-packages/airflow/cli/commands/task_command.py", line 256, in _run_task_by_selected_method
    return _run_raw_task(args, ti)
           ^^^^^^^^^^^^^^^^^^^^^^^
  File "/home/airflow/.local/lib/python3.12/site-packages/airflow/cli/commands/task_command.py", line 341, in _run_raw_task
    return ti._run_raw_task(
           ^^^^^^^^^^^^^^^^^
  File "/home/airflow/.local/lib/python3.12/site-packages/airflow/utils/session.py", line 97, in wrapper
    return func(*args, session=session, **kwargs)
           ^^^^^^^^^^^^^^^^^^^^^^^^^^^^^^^^^^^^^^
  File "/home/airflow/.local/lib/python3.12/site-packages/airflow/models/taskinstance.py", line 2995, in _run_raw_task
    return _run_raw_task(
           ^^^^^^^^^^^^^^
  File "/home/airflow/.local/lib/python3.12/site-packages/airflow/models/taskinstance.py", line 273, in _run_raw_task
    TaskInstance._execute_task_with_callbacks(
  File "/home/airflow/.local/lib/python3.12/site-packages/airflow/models/taskinstance.py", line 3149, in _execute_task_with_callbacks
    result = self._execute_task(context, task_orig)
             ^^^^^^^^^^^^^^^^^^^^^^^^^^^^^^^^^^^^^^
  File "/home/airflow/.local/lib/python3.12/site-packages/airflow/models/taskinstance.py", line 3173, in _execute_task
    return _execute_task(self, context, task_orig)
           ^^^^^^^^^^^^^^^^^^^^^^^^^^^^^^^^^^^^^^^
  File "/home/airflow/.local/lib/python3.12/site-packages/airflow/models/taskinstance.py", line 767, in _execute_task
    result = _execute_callable(context=context, **execute_callable_kwargs)
             ^^^^^^^^^^^^^^^^^^^^^^^^^^^^^^^^^^^^^^^^^^^^^^^^^^^^^^^^^^^^^
  File "/home/airflow/.local/lib/python3.12/site-packages/airflow/models/taskinstance.py", line 733, in _execute_callable
    return ExecutionCallableRunner(
           ^^^^^^^^^^^^^^^^^^^^^^^^
  File "/home/airflow/.local/lib/python3.12/site-packages/airflow/utils/operator_helpers.py", line 252, in run
    return self.func(*args, **kwargs)
           ^^^^^^^^^^^^^^^^^^^^^^^^^^
  File "/home/airflow/.local/lib/python3.12/site-packages/airflow/models/baseoperator.py", line 406, in wrapper
    return func(self, *args, **kwargs)
           ^^^^^^^^^^^^^^^^^^^^^^^^^^^
  File "/home/airflow/.local/lib/python3.12/site-packages/airflow/operators/bash.py", line 249, in execute
    raise AirflowException(
airflow.exceptions.AirflowException: Bash command failed. The command returned a non-zero exit code 1.
[2026-06-29T18:33:25.512+0000] {local_task_job_runner.py:261} INFO - Task exited with return code 1
[2026-06-29T18:33:25.530+0000] {standard_task_runner.py:217} INFO - Process not found (most likely exited), stop collecting metrics
[2026-06-29T18:33:25.544+0000] {taskinstance.py:3891} INFO - 0 downstream tasks scheduled from follow-on schedule check
[2026-06-29T18:33:25.548+0000] {local_task_job_runner.py:240} INFO - ::endgroup::
[2026-06-29T18:56:26.647+0000] {local_task_job_runner.py:123} INFO - ::group::Pre task execution logs
[2026-06-29T18:56:26.668+0000] {taskinstance.py:2603} INFO - Dependencies all met for dep_context=non-requeueable deps ti=<TaskInstance: gold_price_pipeline.run_spark_etl scheduled__2026-06-29T17:00:00+00:00 [queued]>
[2026-06-29T18:56:26.678+0000] {taskinstance.py:2603} INFO - Dependencies all met for dep_context=requeueable deps ti=<TaskInstance: gold_price_pipeline.run_spark_etl scheduled__2026-06-29T17:00:00+00:00 [queued]>
[2026-06-29T18:56:26.679+0000] {taskinstance.py:2856} INFO - Starting attempt 1 of 3
[2026-06-29T18:56:26.693+0000] {taskinstance.py:2879} INFO - Executing <Task(BashOperator): run_spark_etl> on 2026-06-29 17:00:00+00:00
[2026-06-29T18:56:26.703+0000] {logging_mixin.py:190} WARNING - /home/***/.local/lib/python3.12/site-packages/***/task/task_runner/standard_task_runner.py:70 DeprecationWarning: This process (pid=196) is multi-threaded, use of fork() may lead to deadlocks in the child.
[2026-06-29T18:56:26.702+0000] {standard_task_runner.py:104} INFO - Running: ['***', 'tasks', 'run', 'gold_price_pipeline', 'run_spark_etl', 'scheduled__2026-06-29T17:00:00+00:00', '--job-id', '4', '--raw', '--subdir', 'DAGS_FOLDER/gold_pipeline.py', '--cfg-path', '/tmp/tmprz7sg621']
[2026-06-29T18:56:26.706+0000] {standard_task_runner.py:72} INFO - Started process 197 to run task
[2026-06-29T18:56:26.706+0000] {standard_task_runner.py:105} INFO - Job 4: Subtask run_spark_etl
[2026-06-29T18:56:26.832+0000] {task_command.py:467} INFO - Running <TaskInstance: gold_price_pipeline.run_spark_etl scheduled__2026-06-29T17:00:00+00:00 [running]> on host 64c35aa3f581
[2026-06-29T18:56:26.918+0000] {taskinstance.py:3122} INFO - Exporting env vars: AIRFLOW_CTX_DAG_OWNER='Sayed' AIRFLOW_CTX_DAG_ID='gold_price_pipeline' AIRFLOW_CTX_TASK_ID='run_spark_etl' AIRFLOW_CTX_EXECUTION_DATE='2026-06-29T17:00:00+00:00' AIRFLOW_CTX_TRY_NUMBER='1' AIRFLOW_CTX_DAG_RUN_ID='scheduled__2026-06-29T17:00:00+00:00'
[2026-06-29T18:56:26.920+0000] {taskinstance.py:731} INFO - ::endgroup::
[2026-06-29T18:56:26.938+0000] {subprocess.py:63} INFO - Tmp dir root location: /tmp
[2026-06-29T18:56:26.940+0000] {subprocess.py:75} INFO - Running command: ['/usr/bin/bash', '-c', '\n    /opt/spark/bin/spark-submit     --master spark://spark-master:7077     /opt/***/pyspark_processing/sss.py\n    ']
[2026-06-29T18:56:26.952+0000] {subprocess.py:86} INFO - Output:
[2026-06-29T18:56:30.248+0000] {subprocess.py:93} INFO - 26/06/29 18:56:30 INFO SparkContext: Running Spark version 3.5.1
[2026-06-29T18:56:30.251+0000] {subprocess.py:93} INFO - 26/06/29 18:56:30 INFO SparkContext: OS info Linux, 6.18.33.2-microsoft-standard-WSL2, amd64
[2026-06-29T18:56:30.253+0000] {subprocess.py:93} INFO - 26/06/29 18:56:30 INFO SparkContext: Java version 17.0.19
[2026-06-29T18:56:30.361+0000] {subprocess.py:93} INFO - 26/06/29 18:56:30 WARN NativeCodeLoader: Unable to load native-hadoop library for your platform... using builtin-java classes where applicable
[2026-06-29T18:56:30.468+0000] {subprocess.py:93} INFO - 26/06/29 18:56:30 INFO ResourceUtils: ==============================================================
[2026-06-29T18:56:30.469+0000] {subprocess.py:93} INFO - 26/06/29 18:56:30 INFO ResourceUtils: No custom resources configured for spark.driver.
[2026-06-29T18:56:30.471+0000] {subprocess.py:93} INFO - 26/06/29 18:56:30 INFO ResourceUtils: ==============================================================
[2026-06-29T18:56:30.472+0000] {subprocess.py:93} INFO - 26/06/29 18:56:30 INFO SparkContext: Submitted application: GoldPriceETL
[2026-06-29T18:56:30.495+0000] {subprocess.py:93} INFO - 26/06/29 18:56:30 INFO ResourceProfile: Default ResourceProfile created, executor resources: Map(memory -> name: memory, amount: 1024, script: , vendor: , offHeap -> name: offHeap, amount: 0, script: , vendor: ), task resources: Map(cpus -> name: cpus, amount: 1.0)
[2026-06-29T18:56:30.503+0000] {subprocess.py:93} INFO - 26/06/29 18:56:30 INFO ResourceProfile: Limiting resource is cpu
[2026-06-29T18:56:30.504+0000] {subprocess.py:93} INFO - 26/06/29 18:56:30 INFO ResourceProfileManager: Added ResourceProfile id: 0
[2026-06-29T18:56:30.580+0000] {subprocess.py:93} INFO - 26/06/29 18:56:30 INFO SecurityManager: Changing view acls to: ***
[2026-06-29T18:56:30.582+0000] {subprocess.py:93} INFO - 26/06/29 18:56:30 INFO SecurityManager: Changing modify acls to: ***
[2026-06-29T18:56:30.583+0000] {subprocess.py:93} INFO - 26/06/29 18:56:30 INFO SecurityManager: Changing view acls groups to:
[2026-06-29T18:56:30.585+0000] {subprocess.py:93} INFO - 26/06/29 18:56:30 INFO SecurityManager: Changing modify acls groups to:
[2026-06-29T18:56:30.586+0000] {subprocess.py:93} INFO - 26/06/29 18:56:30 INFO SecurityManager: SecurityManager: authentication disabled; ui acls disabled; users with view permissions: ***; groups with view permissions: EMPTY; users with modify permissions: ***; groups with modify permissions: EMPTY
[2026-06-29T18:56:30.931+0000] {subprocess.py:93} INFO - 26/06/29 18:56:30 INFO Utils: Successfully started service 'sparkDriver' on port 32787.
[2026-06-29T18:56:30.969+0000] {subprocess.py:93} INFO - 26/06/29 18:56:30 INFO SparkEnv: Registering MapOutputTracker
[2026-06-29T18:56:31.014+0000] {subprocess.py:93} INFO - 26/06/29 18:56:31 INFO SparkEnv: Registering BlockManagerMaster
[2026-06-29T18:56:31.039+0000] {subprocess.py:93} INFO - 26/06/29 18:56:31 INFO BlockManagerMasterEndpoint: Using org.apache.spark.storage.DefaultTopologyMapper for getting topology information
[2026-06-29T18:56:31.040+0000] {subprocess.py:93} INFO - 26/06/29 18:56:31 INFO BlockManagerMasterEndpoint: BlockManagerMasterEndpoint up
[2026-06-29T18:56:31.046+0000] {subprocess.py:93} INFO - 26/06/29 18:56:31 INFO SparkEnv: Registering BlockManagerMasterHeartbeat
[2026-06-29T18:56:31.074+0000] {subprocess.py:93} INFO - 26/06/29 18:56:31 INFO DiskBlockManager: Created local directory at /tmp/blockmgr-ea2aa7ae-e66c-4c37-9887-d56338eb8ea4
[2026-06-29T18:56:31.091+0000] {subprocess.py:93} INFO - 26/06/29 18:56:31 INFO MemoryStore: MemoryStore started with capacity 434.4 MiB
[2026-06-29T18:56:31.108+0000] {subprocess.py:93} INFO - 26/06/29 18:56:31 INFO SparkEnv: Registering OutputCommitCoordinator
[2026-06-29T18:56:31.228+0000] {subprocess.py:93} INFO - 26/06/29 18:56:31 INFO JettyUtils: Start Jetty 0.0.0.0:4040 for SparkUI
[2026-06-29T18:56:31.289+0000] {subprocess.py:93} INFO - 26/06/29 18:56:31 INFO Utils: Successfully started service 'SparkUI' on port 4040.
[2026-06-29T18:56:31.417+0000] {subprocess.py:93} INFO - 26/06/29 18:56:31 INFO StandaloneAppClient$ClientEndpoint: Connecting to master spark://spark-master:7077...
[2026-06-29T18:56:31.473+0000] {subprocess.py:93} INFO - 26/06/29 18:56:31 INFO TransportClientFactory: Successfully created connection to spark-master/172.18.0.4:7077 after 30 ms (0 ms spent in bootstraps)
[2026-06-29T18:56:31.662+0000] {subprocess.py:93} INFO - 26/06/29 18:56:31 INFO StandaloneSchedulerBackend: Connected to Spark cluster with app ID app-20260629185631-0000
[2026-06-29T18:56:31.677+0000] {subprocess.py:93} INFO - 26/06/29 18:56:31 INFO Utils: Successfully started service 'org.apache.spark.network.netty.NettyBlockTransferService' on port 42927.
[2026-06-29T18:56:31.678+0000] {subprocess.py:93} INFO - 26/06/29 18:56:31 INFO NettyBlockTransferService: Server created on 64c35aa3f581:42927
[2026-06-29T18:56:31.681+0000] {subprocess.py:93} INFO - 26/06/29 18:56:31 INFO BlockManager: Using org.apache.spark.storage.RandomBlockReplicationPolicy for block replication policy
[2026-06-29T18:56:31.695+0000] {subprocess.py:93} INFO - 26/06/29 18:56:31 INFO BlockManagerMaster: Registering BlockManager BlockManagerId(driver, 64c35aa3f581, 42927, None)
[2026-06-29T18:56:31.703+0000] {subprocess.py:93} INFO - 26/06/29 18:56:31 INFO BlockManagerMasterEndpoint: Registering block manager 64c35aa3f581:42927 with 434.4 MiB RAM, BlockManagerId(driver, 64c35aa3f581, 42927, None)
[2026-06-29T18:56:31.707+0000] {subprocess.py:93} INFO - 26/06/29 18:56:31 INFO BlockManagerMaster: Registered BlockManager BlockManagerId(driver, 64c35aa3f581, 42927, None)
[2026-06-29T18:56:31.709+0000] {subprocess.py:93} INFO - 26/06/29 18:56:31 INFO BlockManager: Initialized BlockManager: BlockManagerId(driver, 64c35aa3f581, 42927, None)
[2026-06-29T18:56:31.739+0000] {subprocess.py:93} INFO - 26/06/29 18:56:31 INFO StandaloneAppClient$ClientEndpoint: Executor added: app-20260629185631-0000/0 on worker-20260629185359-172.18.0.6-39315 (172.18.0.6:39315) with 8 core(s)
[2026-06-29T18:56:31.743+0000] {subprocess.py:93} INFO - 26/06/29 18:56:31 INFO StandaloneSchedulerBackend: Granted executor ID app-20260629185631-0000/0 on hostPort 172.18.0.6:39315 with 8 core(s), 1024.0 MiB RAM
[2026-06-29T18:56:32.002+0000] {subprocess.py:93} INFO - 26/06/29 18:56:32 INFO StandaloneAppClient$ClientEndpoint: Executor updated: app-20260629185631-0000/0 is now RUNNING
[2026-06-29T18:56:32.050+0000] {subprocess.py:93} INFO - 26/06/29 18:56:32 INFO StandaloneSchedulerBackend: SchedulerBackend is ready for scheduling beginning after reached minRegisteredResourcesRatio: 0.0
[2026-06-29T18:56:32.470+0000] {subprocess.py:93} INFO - 26/06/29 18:56:32 INFO SharedState: Setting hive.metastore.warehouse.dir ('null') to the value of spark.sql.warehouse.dir.
[2026-06-29T18:56:32.492+0000] {subprocess.py:93} INFO - 26/06/29 18:56:32 INFO SharedState: Warehouse path is 'file:/tmp/***tmp82d5svw_/spark-warehouse'.
[2026-06-29T18:56:35.494+0000] {subprocess.py:93} INFO - 26/06/29 18:56:35 INFO StandaloneSchedulerBackend$StandaloneDriverEndpoint: Registered executor NettyRpcEndpointRef(spark-client://Executor) (172.18.0.6:48774) with ID 0,  ResourceProfileId 0
[2026-06-29T18:56:35.634+0000] {subprocess.py:93} INFO - 26/06/29 18:56:35 INFO BlockManagerMasterEndpoint: Registering block manager 172.18.0.6:39833 with 434.4 MiB RAM, BlockManagerId(0, 172.18.0.6, 39833, None)
[2026-06-29T18:56:36.135+0000] {subprocess.py:93} INFO - 26/06/29 18:56:36 INFO InMemoryFileIndex: It took 410 ms to list leaf files for 1 paths.
[2026-06-29T18:56:36.336+0000] {subprocess.py:93} INFO - 26/06/29 18:56:36 INFO MemoryStore: Block broadcast_0 stored as values in memory (estimated size 209.0 KiB, free 434.2 MiB)
[2026-06-29T18:56:36.430+0000] {subprocess.py:93} INFO - 26/06/29 18:56:36 INFO MemoryStore: Block broadcast_0_piece0 stored as bytes in memory (estimated size 35.9 KiB, free 434.2 MiB)
[2026-06-29T18:56:36.434+0000] {subprocess.py:93} INFO - 26/06/29 18:56:36 INFO BlockManagerInfo: Added broadcast_0_piece0 in memory on 64c35aa3f581:42927 (size: 35.9 KiB, free: 434.4 MiB)
[2026-06-29T18:56:36.443+0000] {subprocess.py:93} INFO - 26/06/29 18:56:36 INFO SparkContext: Created broadcast 0 from json at NativeMethodAccessorImpl.java:0
[2026-06-29T18:56:41.765+0000] {subprocess.py:93} INFO - 26/06/29 18:56:41 INFO FileInputFormat: Total input files to process : 37
[2026-06-29T18:56:45.199+0000] {subprocess.py:93} INFO - 26/06/29 18:56:45 INFO FileInputFormat: Total input files to process : 37
[2026-06-29T18:56:45.226+0000] {subprocess.py:93} INFO - 26/06/29 18:56:45 INFO SparkContext: Starting job: json at NativeMethodAccessorImpl.java:0
[2026-06-29T18:56:45.247+0000] {subprocess.py:93} INFO - 26/06/29 18:56:45 INFO DAGScheduler: Got job 0 (json at NativeMethodAccessorImpl.java:0) with 1 output partitions
[2026-06-29T18:56:45.249+0000] {subprocess.py:93} INFO - 26/06/29 18:56:45 INFO DAGScheduler: Final stage: ResultStage 0 (json at NativeMethodAccessorImpl.java:0)
[2026-06-29T18:56:45.251+0000] {subprocess.py:93} INFO - 26/06/29 18:56:45 INFO DAGScheduler: Parents of final stage: List()
[2026-06-29T18:56:45.253+0000] {subprocess.py:93} INFO - 26/06/29 18:56:45 INFO DAGScheduler: Missing parents: List()
[2026-06-29T18:56:45.258+0000] {subprocess.py:93} INFO - 26/06/29 18:56:45 INFO DAGScheduler: Submitting ResultStage 0 (MapPartitionsRDD[2] at json at NativeMethodAccessorImpl.java:0), which has no missing parents
[2026-06-29T18:56:45.315+0000] {subprocess.py:93} INFO - 26/06/29 18:56:45 INFO MemoryStore: Block broadcast_1 stored as values in memory (estimated size 9.3 KiB, free 434.2 MiB)
[2026-06-29T18:56:45.321+0000] {subprocess.py:93} INFO - 26/06/29 18:56:45 INFO MemoryStore: Block broadcast_1_piece0 stored as bytes in memory (estimated size 5.0 KiB, free 434.1 MiB)
[2026-06-29T18:56:45.322+0000] {subprocess.py:93} INFO - 26/06/29 18:56:45 INFO BlockManagerInfo: Added broadcast_1_piece0 in memory on 64c35aa3f581:42927 (size: 5.0 KiB, free: 434.4 MiB)
[2026-06-29T18:56:45.324+0000] {subprocess.py:93} INFO - 26/06/29 18:56:45 INFO SparkContext: Created broadcast 1 from broadcast at DAGScheduler.scala:1585
[2026-06-29T18:56:45.344+0000] {subprocess.py:93} INFO - 26/06/29 18:56:45 INFO DAGScheduler: Submitting 1 missing tasks from ResultStage 0 (MapPartitionsRDD[2] at json at NativeMethodAccessorImpl.java:0) (first 15 tasks are for partitions Vector(0))
[2026-06-29T18:56:45.345+0000] {subprocess.py:93} INFO - 26/06/29 18:56:45 INFO TaskSchedulerImpl: Adding task set 0.0 with 1 tasks resource profile 0
[2026-06-29T18:56:45.381+0000] {subprocess.py:93} INFO - 26/06/29 18:56:45 INFO TaskSetManager: Starting task 0.0 in stage 0.0 (TID 0) (172.18.0.6, executor 0, partition 0, PROCESS_LOCAL, 11969 bytes)
[2026-06-29T18:56:45.953+0000] {subprocess.py:93} INFO - 26/06/29 18:56:45 INFO BlockManagerInfo: Added broadcast_1_piece0 in memory on 172.18.0.6:39833 (size: 5.0 KiB, free: 434.4 MiB)
[2026-06-29T18:56:46.508+0000] {subprocess.py:93} INFO - 26/06/29 18:56:46 INFO BlockManagerInfo: Added broadcast_0_piece0 in memory on 172.18.0.6:39833 (size: 35.9 KiB, free: 434.4 MiB)
[2026-06-29T18:56:52.812+0000] {subprocess.py:93} INFO - 26/06/29 18:56:52 INFO TaskSetManager: Finished task 0.0 in stage 0.0 (TID 0) in 7445 ms on 172.18.0.6 (executor 0) (1/1)
[2026-06-29T18:56:52.816+0000] {subprocess.py:93} INFO - 26/06/29 18:56:52 INFO TaskSchedulerImpl: Removed TaskSet 0.0, whose tasks have all completed, from pool
[2026-06-29T18:56:52.820+0000] {subprocess.py:93} INFO - 26/06/29 18:56:52 INFO DAGScheduler: ResultStage 0 (json at NativeMethodAccessorImpl.java:0) finished in 7.540 s
[2026-06-29T18:56:52.824+0000] {subprocess.py:93} INFO - 26/06/29 18:56:52 INFO DAGScheduler: Job 0 is finished. Cancelling potential speculative or zombie tasks for this job
[2026-06-29T18:56:52.826+0000] {subprocess.py:93} INFO - 26/06/29 18:56:52 INFO TaskSchedulerImpl: Killing all running tasks in stage 0: Stage finished
[2026-06-29T18:56:53.180+0000] {subprocess.py:93} INFO - 26/06/29 18:56:53 INFO DAGScheduler: Job 0 finished: json at NativeMethodAccessorImpl.java:0, took 7.953427 s
[2026-06-29T18:56:58.793+0000] {subprocess.py:93} INFO - 26/06/29 18:56:58 INFO BlockManagerInfo: Removed broadcast_1_piece0 on 64c35aa3f581:42927 in memory (size: 5.0 KiB, free: 434.4 MiB)
[2026-06-29T18:56:58.841+0000] {subprocess.py:93} INFO - Traceback (most recent call last):
[2026-06-29T18:56:58.872+0000] {subprocess.py:93} INFO -   File "/opt/***/pyspark_processing/sss.py", line 103, in <module>
[2026-06-29T18:56:58.882+0000] {subprocess.py:93} INFO -     .withColumn(
[2026-06-29T18:56:58.884+0000] {subprocess.py:93} INFO -      ^^^^^^^^^^^
[2026-06-29T18:56:58.886+0000] {subprocess.py:93} INFO -   File "/opt/spark/python/lib/pyspark.zip/pyspark/sql/dataframe.py", line 5174, in withColumn
[2026-06-29T18:56:58.887+0000] {subprocess.py:93} INFO -   File "/opt/spark/python/lib/py4j-0.10.9.7-src.zip/py4j/java_gateway.py", line 1322, in __call__
[2026-06-29T18:56:58.889+0000] {subprocess.py:93} INFO -   File "/opt/spark/python/lib/pyspark.zip/pyspark/errors/exceptions/captured.py", line 185, in deco
[2026-06-29T18:56:58.896+0000] {subprocess.py:93} INFO - pyspark.errors.exceptions.captured.AnalysisException26/06/29 18:56:58 INFO BlockManagerInfo: Removed broadcast_1_piece0 on 172.18.0.6:39833 in memory (size: 5.0 KiB, free: 434.4 MiB)
[2026-06-29T18:56:58.900+0000] {subprocess.py:93} INFO - : [UNRESOLVED_COLUMN.WITH_SUGGESTION] A column or function parameter with name `updatedAt` cannot be resolved. Did you mean one of the following? [`_corrupt_record`].;
[2026-06-29T18:56:58.901+0000] {subprocess.py:93} INFO - 'Project [_corrupt_record#0, to_date('updatedAt, None, Some(Etc/UTC), false) AS event_date#3]
[2026-06-29T18:56:58.903+0000] {subprocess.py:93} INFO - +- Relation [_corrupt_record#0] json
[2026-06-29T18:56:58.904+0000] {subprocess.py:93} INFO - 
[2026-06-29T18:56:58.941+0000] {subprocess.py:93} INFO - 26/06/29 18:56:58 INFO BlockManagerInfo: Removed broadcast_0_piece0 on 64c35aa3f581:42927 in memory (size: 35.9 KiB, free: 434.4 MiB)
[2026-06-29T18:56:59.073+0000] {subprocess.py:93} INFO - 26/06/29 18:56:58 INFO BlockManagerInfo: Removed broadcast_0_piece0 on 172.18.0.6:39833 in memory (size: 35.9 KiB, free: 434.4 MiB)
[2026-06-29T18:56:59.160+0000] {subprocess.py:93} INFO - 26/06/29 18:56:59 INFO SparkContext: Invoking stop() from shutdown hook
[2026-06-29T18:56:59.162+0000] {subprocess.py:93} INFO - 26/06/29 18:56:59 INFO SparkContext: SparkContext is stopping with exitCode 0.
[2026-06-29T18:56:59.173+0000] {subprocess.py:93} INFO - 26/06/29 18:56:59 INFO SparkUI: Stopped Spark web UI at http://64c35aa3f581:4040
[2026-06-29T18:56:59.183+0000] {subprocess.py:93} INFO - 26/06/29 18:56:59 INFO StandaloneSchedulerBackend: Shutting down all executors
[2026-06-29T18:56:59.187+0000] {subprocess.py:93} INFO - 26/06/29 18:56:59 INFO StandaloneSchedulerBackend$StandaloneDriverEndpoint: Asking each executor to shut down
[2026-06-29T18:56:59.251+0000] {subprocess.py:93} INFO - 26/06/29 18:56:59 INFO MapOutputTrackerMasterEndpoint: MapOutputTrackerMasterEndpoint stopped!
[2026-06-29T18:56:59.320+0000] {subprocess.py:93} INFO - 26/06/29 18:56:59 INFO MemoryStore: MemoryStore cleared
[2026-06-29T18:56:59.322+0000] {subprocess.py:93} INFO - 26/06/29 18:56:59 INFO BlockManager: BlockManager stopped
[2026-06-29T18:56:59.325+0000] {subprocess.py:93} INFO - 26/06/29 18:56:59 INFO BlockManagerMaster: BlockManagerMaster stopped
[2026-06-29T18:56:59.329+0000] {subprocess.py:93} INFO - 26/06/29 18:56:59 INFO OutputCommitCoordinator$OutputCommitCoordinatorEndpoint: OutputCommitCoordinator stopped!
[2026-06-29T18:56:59.346+0000] {subprocess.py:93} INFO - 26/06/29 18:56:59 INFO SparkContext: Successfully stopped SparkContext
[2026-06-29T18:56:59.347+0000] {subprocess.py:93} INFO - 26/06/29 18:56:59 INFO ShutdownHookManager: Shutdown hook called
[2026-06-29T18:56:59.349+0000] {subprocess.py:93} INFO - 26/06/29 18:56:59 INFO ShutdownHookManager: Deleting directory /tmp/spark-eb0537a7-6deb-45fb-9c7c-bea8f3028006
[2026-06-29T18:56:59.352+0000] {subprocess.py:93} INFO - 26/06/29 18:56:59 INFO ShutdownHookManager: Deleting directory /tmp/spark-fcc7f7e8-3ee3-4fbd-babf-e0e6cabbe22a
[2026-06-29T18:56:59.357+0000] {subprocess.py:93} INFO - 26/06/29 18:56:59 INFO ShutdownHookManager: Deleting directory /tmp/spark-fcc7f7e8-3ee3-4fbd-babf-e0e6cabbe22a/pyspark-030e90d0-05a1-4d82-8c8f-a5fe4326a879
[2026-06-29T18:56:59.409+0000] {subprocess.py:97} INFO - Command exited with return code 1
[2026-06-29T18:56:59.424+0000] {taskinstance.py:3301} ERROR - Task failed with exception
Traceback (most recent call last):
  File "/home/airflow/.local/lib/python3.12/site-packages/airflow/models/taskinstance.py", line 762, in _execute_task
    result = _execute_callable(context=context, **execute_callable_kwargs)
             ^^^^^^^^^^^^^^^^^^^^^^^^^^^^^^^^^^^^^^^^^^^^^^^^^^^^^^^^^^^^^
  File "/home/airflow/.local/lib/python3.12/site-packages/airflow/models/taskinstance.py", line 733, in _execute_callable
    return ExecutionCallableRunner(
           ^^^^^^^^^^^^^^^^^^^^^^^^
  File "/home/airflow/.local/lib/python3.12/site-packages/airflow/utils/operator_helpers.py", line 252, in run
    return self.func(*args, **kwargs)
           ^^^^^^^^^^^^^^^^^^^^^^^^^^
  File "/home/airflow/.local/lib/python3.12/site-packages/airflow/models/baseoperator.py", line 406, in wrapper
    return func(self, *args, **kwargs)
           ^^^^^^^^^^^^^^^^^^^^^^^^^^^
  File "/home/airflow/.local/lib/python3.12/site-packages/airflow/operators/bash.py", line 249, in execute
    raise AirflowException(
airflow.exceptions.AirflowException: Bash command failed. The command returned a non-zero exit code 1.
[2026-06-29T18:56:59.443+0000] {taskinstance.py:1225} INFO - Marking task as UP_FOR_RETRY. dag_id=gold_price_pipeline, task_id=run_spark_etl, run_id=scheduled__2026-06-29T17:00:00+00:00, execution_date=20260629T170000, start_date=20260629T185626, end_date=20260629T185659
[2026-06-29T18:56:59.473+0000] {taskinstance.py:340} INFO - ::group::Post task execution logs
[2026-06-29T18:56:59.474+0000] {standard_task_runner.py:124} ERROR - Failed to execute job 4 for task run_spark_etl (Bash command failed. The command returned a non-zero exit code 1.; 197)
Traceback (most recent call last):
  File "/home/airflow/.local/lib/python3.12/site-packages/airflow/task/task_runner/standard_task_runner.py", line 117, in _start_by_fork
    ret = args.func(args, dag=self.dag)
          ^^^^^^^^^^^^^^^^^^^^^^^^^^^^^
  File "/home/airflow/.local/lib/python3.12/site-packages/airflow/cli/cli_config.py", line 49, in command
    return func(*args, **kwargs)
           ^^^^^^^^^^^^^^^^^^^^^
  File "/home/airflow/.local/lib/python3.12/site-packages/airflow/utils/cli.py", line 115, in wrapper
    return f(*args, **kwargs)
           ^^^^^^^^^^^^^^^^^^
  File "/home/airflow/.local/lib/python3.12/site-packages/airflow/cli/commands/task_command.py", line 483, in task_run
    task_return_code = _run_task_by_selected_method(args, _dag, ti)
                       ^^^^^^^^^^^^^^^^^^^^^^^^^^^^^^^^^^^^^^^^^^^^
  File "/home/airflow/.local/lib/python3.12/site-packages/airflow/cli/commands/task_command.py", line 256, in _run_task_by_selected_method
    return _run_raw_task(args, ti)
           ^^^^^^^^^^^^^^^^^^^^^^^
  File "/home/airflow/.local/lib/python3.12/site-packages/airflow/cli/commands/task_command.py", line 341, in _run_raw_task
    return ti._run_raw_task(
           ^^^^^^^^^^^^^^^^^
  File "/home/airflow/.local/lib/python3.12/site-packages/airflow/utils/session.py", line 97, in wrapper
    return func(*args, session=session, **kwargs)
           ^^^^^^^^^^^^^^^^^^^^^^^^^^^^^^^^^^^^^^
  File "/home/airflow/.local/lib/python3.12/site-packages/airflow/models/taskinstance.py", line 2995, in _run_raw_task
    return _run_raw_task(
           ^^^^^^^^^^^^^^
  File "/home/airflow/.local/lib/python3.12/site-packages/airflow/models/taskinstance.py", line 273, in _run_raw_task
    TaskInstance._execute_task_with_callbacks(
  File "/home/airflow/.local/lib/python3.12/site-packages/airflow/models/taskinstance.py", line 3149, in _execute_task_with_callbacks
    result = self._execute_task(context, task_orig)
             ^^^^^^^^^^^^^^^^^^^^^^^^^^^^^^^^^^^^^^
  File "/home/airflow/.local/lib/python3.12/site-packages/airflow/models/taskinstance.py", line 3173, in _execute_task
    return _execute_task(self, context, task_orig)
           ^^^^^^^^^^^^^^^^^^^^^^^^^^^^^^^^^^^^^^^
  File "/home/airflow/.local/lib/python3.12/site-packages/airflow/models/taskinstance.py", line 762, in _execute_task
    result = _execute_callable(context=context, **execute_callable_kwargs)
             ^^^^^^^^^^^^^^^^^^^^^^^^^^^^^^^^^^^^^^^^^^^^^^^^^^^^^^^^^^^^^
  File "/home/airflow/.local/lib/python3.12/site-packages/airflow/models/taskinstance.py", line 733, in _execute_callable
    return ExecutionCallableRunner(
           ^^^^^^^^^^^^^^^^^^^^^^^^
  File "/home/airflow/.local/lib/python3.12/site-packages/airflow/utils/operator_helpers.py", line 252, in run
    return self.func(*args, **kwargs)
           ^^^^^^^^^^^^^^^^^^^^^^^^^^
  File "/home/airflow/.local/lib/python3.12/site-packages/airflow/models/baseoperator.py", line 406, in wrapper
    return func(self, *args, **kwargs)
           ^^^^^^^^^^^^^^^^^^^^^^^^^^^
  File "/home/airflow/.local/lib/python3.12/site-packages/airflow/operators/bash.py", line 249, in execute
    raise AirflowException(
airflow.exceptions.AirflowException: Bash command failed. The command returned a non-zero exit code 1.
[2026-06-29T18:56:59.520+0000] {local_task_job_runner.py:261} INFO - Task exited with return code 1
[2026-06-29T18:56:59.546+0000] {taskinstance.py:3891} INFO - 0 downstream tasks scheduled from follow-on schedule check
[2026-06-29T18:56:59.549+0000] {local_task_job_runner.py:240} INFO - ::endgroup::
