[2026-06-28T23:53:41.311+0000] {local_task_job_runner.py:123} INFO - ::group::Pre task execution logs
[2026-06-28T23:53:41.332+0000] {taskinstance.py:2603} INFO - Dependencies all met for dep_context=non-requeueable deps ti=<TaskInstance: gold_price_pipeline.run_kafka_producer manual__2026-06-28T23:53:39.135799+00:00 [queued]>
[2026-06-28T23:53:41.343+0000] {taskinstance.py:2603} INFO - Dependencies all met for dep_context=requeueable deps ti=<TaskInstance: gold_price_pipeline.run_kafka_producer manual__2026-06-28T23:53:39.135799+00:00 [queued]>
[2026-06-28T23:53:41.344+0000] {taskinstance.py:2856} INFO - Starting attempt 1 of 3
[2026-06-28T23:53:41.363+0000] {taskinstance.py:2879} INFO - Executing <Task(BashOperator): run_kafka_producer> on 2026-06-28 23:53:39.135799+00:00
[2026-06-28T23:53:41.376+0000] {logging_mixin.py:190} WARNING - /home/***/.local/lib/python3.12/site-packages/***/task/task_runner/standard_task_runner.py:70 DeprecationWarning: This process (pid=1434) is multi-threaded, use of fork() may lead to deadlocks in the child.
[2026-06-28T23:53:41.374+0000] {standard_task_runner.py:104} INFO - Running: ['***', 'tasks', 'run', 'gold_price_pipeline', 'run_kafka_producer', 'manual__2026-06-28T23:53:39.135799+00:00', '--job-id', '10', '--raw', '--subdir', 'DAGS_FOLDER/gold_pipeline.py', '--cfg-path', '/tmp/tmpgcchizfo']
[2026-06-28T23:53:41.379+0000] {standard_task_runner.py:72} INFO - Started process 1435 to run task
[2026-06-28T23:53:41.380+0000] {standard_task_runner.py:105} INFO - Job 10: Subtask run_kafka_producer
[2026-06-28T23:53:41.505+0000] {task_command.py:467} INFO - Running <TaskInstance: gold_price_pipeline.run_kafka_producer manual__2026-06-28T23:53:39.135799+00:00 [running]> on host 3828c1b309b8
[2026-06-28T23:53:41.607+0000] {taskinstance.py:3122} INFO - Exporting env vars: AIRFLOW_CTX_DAG_OWNER='Sayed' AIRFLOW_CTX_DAG_ID='gold_price_pipeline' AIRFLOW_CTX_TASK_ID='run_kafka_producer' AIRFLOW_CTX_EXECUTION_DATE='2026-06-28T23:53:39.135799+00:00' AIRFLOW_CTX_TRY_NUMBER='1' AIRFLOW_CTX_DAG_RUN_ID='manual__2026-06-28T23:53:39.135799+00:00'
[2026-06-28T23:53:41.609+0000] {taskinstance.py:731} INFO - ::endgroup::
[2026-06-28T23:53:41.631+0000] {subprocess.py:63} INFO - Tmp dir root location: /tmp
[2026-06-28T23:53:41.633+0000] {subprocess.py:75} INFO - Running command: ['/usr/bin/bash', '-c', '\n        python /opt/***/kafka/Producer.py\n        ']
[2026-06-28T23:53:41.644+0000] {subprocess.py:86} INFO - Output:
[2026-06-28T23:53:42.844+0000] {subprocess.py:93} INFO - ========== GOLD PRODUCER ==========
[2026-06-28T23:53:42.851+0000] {subprocess.py:93} INFO - Connected to Kafka
[2026-06-28T23:53:42.852+0000] {subprocess.py:93} INFO - Message sent Successfully
[2026-06-28T23:53:42.912+0000] {subprocess.py:97} INFO - Command exited with return code 0
[2026-06-28T23:53:42.950+0000] {taskinstance.py:340} INFO - ::group::Post task execution logs
[2026-06-28T23:53:42.952+0000] {taskinstance.py:352} INFO - Marking task as SUCCESS. dag_id=gold_price_pipeline, task_id=run_kafka_producer, run_id=manual__2026-06-28T23:53:39.135799+00:00, execution_date=20260628T235339, start_date=20260628T235341, end_date=20260628T235342
[2026-06-28T23:53:43.006+0000] {local_task_job_runner.py:261} INFO - Task exited with return code 0
[2026-06-28T23:53:43.035+0000] {taskinstance.py:3891} INFO - 1 downstream tasks scheduled from follow-on schedule check
[2026-06-28T23:53:43.038+0000] {local_task_job_runner.py:240} INFO - ::endgroup::
