[2026-06-28T23:47:39.973+0000] {local_task_job_runner.py:123} INFO - ::group::Pre task execution logs
[2026-06-28T23:47:40.006+0000] {taskinstance.py:2603} INFO - Dependencies all met for dep_context=non-requeueable deps ti=<TaskInstance: gold_price_pipeline.run_dbt_models scheduled__2026-06-28T22:00:00+00:00 [queued]>
[2026-06-28T23:47:40.022+0000] {taskinstance.py:2603} INFO - Dependencies all met for dep_context=requeueable deps ti=<TaskInstance: gold_price_pipeline.run_dbt_models scheduled__2026-06-28T22:00:00+00:00 [queued]>
[2026-06-28T23:47:40.024+0000] {taskinstance.py:2856} INFO - Starting attempt 1 of 3
[2026-06-28T23:47:40.050+0000] {taskinstance.py:2879} INFO - Executing <Task(BashOperator): run_dbt_models> on 2026-06-28 22:00:00+00:00
[2026-06-28T23:47:40.062+0000] {logging_mixin.py:190} WARNING - /home/***/.local/lib/python3.12/site-packages/***/task/task_runner/standard_task_runner.py:70 DeprecationWarning: This process (pid=745) is multi-threaded, use of fork() may lead to deadlocks in the child.
[2026-06-28T23:47:40.059+0000] {standard_task_runner.py:104} INFO - Running: ['***', 'tasks', 'run', 'gold_price_pipeline', 'run_dbt_models', 'scheduled__2026-06-28T22:00:00+00:00', '--job-id', '5', '--raw', '--subdir', 'DAGS_FOLDER/gold_pipeline.py', '--cfg-path', '/tmp/tmpc70s4zuq']
[2026-06-28T23:47:40.064+0000] {standard_task_runner.py:72} INFO - Started process 746 to run task
[2026-06-28T23:47:40.065+0000] {standard_task_runner.py:105} INFO - Job 5: Subtask run_dbt_models
[2026-06-28T23:47:40.178+0000] {task_command.py:467} INFO - Running <TaskInstance: gold_price_pipeline.run_dbt_models scheduled__2026-06-28T22:00:00+00:00 [running]> on host 3828c1b309b8
[2026-06-28T23:47:40.314+0000] {taskinstance.py:3122} INFO - Exporting env vars: AIRFLOW_CTX_DAG_OWNER='Sayed' AIRFLOW_CTX_DAG_ID='gold_price_pipeline' AIRFLOW_CTX_TASK_ID='run_dbt_models' AIRFLOW_CTX_EXECUTION_DATE='2026-06-28T22:00:00+00:00' AIRFLOW_CTX_TRY_NUMBER='1' AIRFLOW_CTX_DAG_RUN_ID='scheduled__2026-06-28T22:00:00+00:00'
[2026-06-28T23:47:40.317+0000] {taskinstance.py:731} INFO - ::endgroup::
[2026-06-28T23:47:40.352+0000] {subprocess.py:63} INFO - Tmp dir root location: /tmp
[2026-06-28T23:47:40.355+0000] {subprocess.py:75} INFO - Running command: ['/usr/bin/bash', '-c', '\n        cd /opt/***/gold_price_dbt &&         dbt run --profiles-dir /opt/***\n        ']
[2026-06-28T23:47:40.368+0000] {subprocess.py:86} INFO - Output:
[2026-06-28T23:47:43.669+0000] {subprocess.py:93} INFO - [0m23:47:43  Running with dbt=1.11.8
[2026-06-28T23:47:44.558+0000] {subprocess.py:93} INFO - WARNING:thrift.transport.sslcompat:using legacy validation callback
[2026-06-28T23:47:47.185+0000] {subprocess.py:93} INFO - [0m23:47:47  Registered adapter: databricks=1.11.8
[2026-06-28T23:47:47.412+0000] {subprocess.py:93} INFO - [0m23:47:47  Unable to do partial parsing because of a version mismatch
[2026-06-28T23:47:49.360+0000] {subprocess.py:93} INFO - [0m23:47:49  [[33mWARNING[0m]: Configuration paths exist in your dbt_project.yml file which do not apply to any resources.
[2026-06-28T23:47:49.361+0000] {subprocess.py:93} INFO - There are 1 unused configuration paths:
[2026-06-28T23:47:49.362+0000] {subprocess.py:93} INFO - - models.gold_price_dbt.example
[2026-06-28T23:47:49.524+0000] {subprocess.py:93} INFO - [0m23:47:49  Found 5 models, 732 macros
[2026-06-28T23:47:49.529+0000] {subprocess.py:93} INFO - [0m23:47:49
[2026-06-28T23:47:49.530+0000] {subprocess.py:93} INFO - [0m23:47:49  Concurrency: 1 threads (target='dev')
[2026-06-28T23:47:49.531+0000] {subprocess.py:93} INFO - [0m23:47:49
[2026-06-28T23:48:00.045+0000] {subprocess.py:93} INFO - [0m23:48:00  1 of 5 START sql view model gold_layer.stg_gold_price .......................... [RUN]
[2026-06-28T23:48:05.470+0000] {subprocess.py:93} INFO - [0m23:48:05  1 of 5 OK created sql view model gold_layer.stg_gold_price ..................... [[32mOK[0m in 5.42s]
[2026-06-28T23:48:05.477+0000] {subprocess.py:93} INFO - [0m23:48:05  2 of 5 START sql table model gold_layer.dim_currency ........................... [RUN]
[2026-06-28T23:48:23.632+0000] {subprocess.py:93} INFO - [0m23:48:23  2 of 5 OK created sql table model gold_layer.dim_currency ...................... [[32mOK[0m in 18.14s]
[2026-06-28T23:48:23.652+0000] {subprocess.py:93} INFO - [0m23:48:23  3 of 5 START sql table model gold_layer.dim_date ............................... [RUN]
[2026-06-28T23:48:28.563+0000] {subprocess.py:93} INFO - [0m23:48:28  3 of 5 OK created sql table model gold_layer.dim_date .......................... [[32mOK[0m in 4.90s]
[2026-06-28T23:48:28.573+0000] {subprocess.py:93} INFO - [0m23:48:28  4 of 5 START sql table model gold_layer.dim_time ............................... [RUN]
[2026-06-28T23:48:32.089+0000] {subprocess.py:93} INFO - [0m23:48:32  4 of 5 OK created sql table model gold_layer.dim_time .......................... [[32mOK[0m in 3.51s]
[2026-06-28T23:48:32.103+0000] {subprocess.py:93} INFO - [0m23:48:32  5 of 5 START sql table model gold_layer.fact_gold_price ........................ [RUN]
[2026-06-28T23:48:36.487+0000] {subprocess.py:93} INFO - [0m23:48:36  5 of 5 OK created sql table model gold_layer.fact_gold_price ................... [[32mOK[0m in 4.38s]
[2026-06-28T23:48:36.502+0000] {subprocess.py:93} INFO - [0m23:48:36
[2026-06-28T23:48:36.504+0000] {subprocess.py:93} INFO - [0m23:48:36  Finished running 4 table models, 1 view model in 0 hours 0 minutes and 46.97 seconds (46.97s).
[2026-06-28T23:48:36.938+0000] {subprocess.py:93} INFO - [0m23:48:36
[2026-06-28T23:48:36.942+0000] {subprocess.py:93} INFO - [0m23:48:36  [32mCompleted successfully[0m
[2026-06-28T23:48:36.944+0000] {subprocess.py:93} INFO - [0m23:48:36
[2026-06-28T23:48:36.947+0000] {subprocess.py:93} INFO - [0m23:48:36  Done. PASS=5 WARN=0 ERROR=0 SKIP=0 NO-OP=0 TOTAL=5
[2026-06-28T23:48:39.509+0000] {subprocess.py:97} INFO - Command exited with return code 0
[2026-06-28T23:48:39.563+0000] {taskinstance.py:340} INFO - ::group::Post task execution logs
[2026-06-28T23:48:39.565+0000] {taskinstance.py:352} INFO - Marking task as SUCCESS. dag_id=gold_price_pipeline, task_id=run_dbt_models, run_id=scheduled__2026-06-28T22:00:00+00:00, execution_date=20260628T220000, start_date=20260628T234740, end_date=20260628T234839
[2026-06-28T23:48:39.606+0000] {local_task_job_runner.py:261} INFO - Task exited with return code 0
[2026-06-28T23:48:39.647+0000] {taskinstance.py:3891} INFO - 0 downstream tasks scheduled from follow-on schedule check
[2026-06-28T23:48:39.651+0000] {local_task_job_runner.py:240} INFO - ::endgroup::
