[2026-06-28T18:04:30.077+0000] {local_task_job_runner.py:123} INFO - ::group::Pre task execution logs
[2026-06-28T18:04:30.096+0000] {taskinstance.py:2603} INFO - Dependencies all met for dep_context=non-requeueable deps ti=<TaskInstance: gold_price_pipeline.run_dbt_models manual__2026-06-28T17:58:09.267195+00:00 [queued]>
[2026-06-28T18:04:30.106+0000] {taskinstance.py:2603} INFO - Dependencies all met for dep_context=requeueable deps ti=<TaskInstance: gold_price_pipeline.run_dbt_models manual__2026-06-28T17:58:09.267195+00:00 [queued]>
[2026-06-28T18:04:30.107+0000] {taskinstance.py:2856} INFO - Starting attempt 3 of 3
[2026-06-28T18:04:30.122+0000] {taskinstance.py:2879} INFO - Executing <Task(BashOperator): run_dbt_models> on 2026-06-28 17:58:09.267195+00:00
[2026-06-28T18:04:30.132+0000] {logging_mixin.py:190} WARNING - /home/***/.local/lib/python3.12/site-packages/***/task/task_runner/standard_task_runner.py:70 DeprecationWarning: This process (pid=1377) is multi-threaded, use of fork() may lead to deadlocks in the child.
[2026-06-28T18:04:30.132+0000] {standard_task_runner.py:104} INFO - Running: ['***', 'tasks', 'run', 'gold_price_pipeline', 'run_dbt_models', 'manual__2026-06-28T17:58:09.267195+00:00', '--job-id', '61', '--raw', '--subdir', 'DAGS_FOLDER/gold_pipeline.py', '--cfg-path', '/tmp/tmp0issfhty']
[2026-06-28T18:04:30.135+0000] {standard_task_runner.py:72} INFO - Started process 1378 to run task
[2026-06-28T18:04:30.136+0000] {standard_task_runner.py:105} INFO - Job 61: Subtask run_dbt_models
[2026-06-28T18:04:30.214+0000] {task_command.py:467} INFO - Running <TaskInstance: gold_price_pipeline.run_dbt_models manual__2026-06-28T17:58:09.267195+00:00 [running]> on host a2bb4f60b74c
[2026-06-28T18:04:30.310+0000] {taskinstance.py:3122} INFO - Exporting env vars: AIRFLOW_CTX_DAG_OWNER='Sayed' AIRFLOW_CTX_DAG_ID='gold_price_pipeline' AIRFLOW_CTX_TASK_ID='run_dbt_models' AIRFLOW_CTX_EXECUTION_DATE='2026-06-28T17:58:09.267195+00:00' AIRFLOW_CTX_TRY_NUMBER='3' AIRFLOW_CTX_DAG_RUN_ID='manual__2026-06-28T17:58:09.267195+00:00'
[2026-06-28T18:04:30.312+0000] {taskinstance.py:731} INFO - ::endgroup::
[2026-06-28T18:04:30.331+0000] {subprocess.py:63} INFO - Tmp dir root location: /tmp
[2026-06-28T18:04:30.333+0000] {subprocess.py:75} INFO - Running command: ['/usr/bin/bash', '-c', '\n    cd /opt/***/gold_price_dbt &&\n    dbt run --profiles-dir /opt/***\n    ']
[2026-06-28T18:04:30.344+0000] {subprocess.py:86} INFO - Output:
[2026-06-28T18:04:32.307+0000] {subprocess.py:93} INFO - [0m18:04:32  Running with dbt=1.11.11
[2026-06-28T18:04:34.022+0000] {subprocess.py:93} INFO - [0m18:04:34  Registered adapter: databricks=1.12.1
[2026-06-28T18:04:35.223+0000] {subprocess.py:93} INFO - [0m18:04:35  Encountered an error:
[2026-06-28T18:04:35.225+0000] {subprocess.py:93} INFO - 'dbt_spark://macros/adapters.sql'
[2026-06-28T18:04:35.226+0000] {subprocess.py:93} INFO - [0m18:04:35  Traceback (most recent call last):
[2026-06-28T18:04:35.227+0000] {subprocess.py:93} INFO -   File "/home/***/.local/lib/python3.12/site-packages/dbt/cli/requires.py", line 182, in wrapper
[2026-06-28T18:04:35.228+0000] {subprocess.py:93} INFO -     result, success = func(*args, **kwargs)
[2026-06-28T18:04:35.229+0000] {subprocess.py:93} INFO -                       ^^^^^^^^^^^^^^^^^^^^^
[2026-06-28T18:04:35.230+0000] {subprocess.py:93} INFO -   File "/home/***/.local/lib/python3.12/site-packages/dbt/cli/requires.py", line 128, in wrapper
[2026-06-28T18:04:35.231+0000] {subprocess.py:93} INFO -     return func(*args, **kwargs)
[2026-06-28T18:04:35.232+0000] {subprocess.py:93} INFO -            ^^^^^^^^^^^^^^^^^^^^^
[2026-06-28T18:04:35.233+0000] {subprocess.py:93} INFO -   File "/home/***/.local/lib/python3.12/site-packages/dbt/cli/requires.py", line 276, in wrapper
[2026-06-28T18:04:35.234+0000] {subprocess.py:93} INFO -     return func(*args, **kwargs)
[2026-06-28T18:04:35.235+0000] {subprocess.py:93} INFO -            ^^^^^^^^^^^^^^^^^^^^^
[2026-06-28T18:04:35.236+0000] {subprocess.py:93} INFO -   File "/home/***/.local/lib/python3.12/site-packages/dbt/cli/requires.py", line 321, in wrapper
[2026-06-28T18:04:35.237+0000] {subprocess.py:93} INFO -     return func(*args, **kwargs)
[2026-06-28T18:04:35.239+0000] {subprocess.py:93} INFO -            ^^^^^^^^^^^^^^^^^^^^^
[2026-06-28T18:04:35.240+0000] {subprocess.py:93} INFO -   File "/home/***/.local/lib/python3.12/site-packages/dbt/cli/requires.py", line 391, in wrapper
[2026-06-28T18:04:35.241+0000] {subprocess.py:93} INFO -     return func(*args, **kwargs)
[2026-06-28T18:04:35.242+0000] {subprocess.py:93} INFO -            ^^^^^^^^^^^^^^^^^^^^^
[2026-06-28T18:04:35.243+0000] {subprocess.py:93} INFO -   File "/home/***/.local/lib/python3.12/site-packages/dbt/cli/requires.py", line 368, in wrapper
[2026-06-28T18:04:35.244+0000] {subprocess.py:93} INFO -     return func(*args, **kwargs)
[2026-06-28T18:04:35.245+0000] {subprocess.py:93} INFO -            ^^^^^^^^^^^^^^^^^^^^^
[2026-06-28T18:04:35.246+0000] {subprocess.py:93} INFO -   File "/home/***/.local/lib/python3.12/site-packages/dbt/cli/requires.py", line 407, in wrapper
[2026-06-28T18:04:35.246+0000] {subprocess.py:93} INFO -     setup_manifest(ctx, write=write, write_perf_info=write_perf_info)
[2026-06-28T18:04:35.247+0000] {subprocess.py:93} INFO -   File "/home/***/.local/lib/python3.12/site-packages/dbt/cli/requires.py", line 434, in setup_manifest
[2026-06-28T18:04:35.248+0000] {subprocess.py:93} INFO -     ctx.obj["manifest"] = parse_manifest(
[2026-06-28T18:04:35.248+0000] {subprocess.py:93} INFO -                           ^^^^^^^^^^^^^^^
[2026-06-28T18:04:35.249+0000] {subprocess.py:93} INFO -   File "/home/***/.local/lib/python3.12/site-packages/dbt/parser/manifest.py", line 2257, in parse_manifest
[2026-06-28T18:04:35.249+0000] {subprocess.py:93} INFO -     manifest = ManifestLoader.get_full_manifest(
[2026-06-28T18:04:35.250+0000] {subprocess.py:93} INFO -                ^^^^^^^^^^^^^^^^^^^^^^^^^^^^^^^^^
[2026-06-28T18:04:35.250+0000] {subprocess.py:93} INFO -   File "/home/***/.local/lib/python3.12/site-packages/dbt/parser/manifest.py", line 323, in get_full_manifest
[2026-06-28T18:04:35.251+0000] {subprocess.py:93} INFO -     manifest = loader.load()
[2026-06-28T18:04:35.252+0000] {subprocess.py:93} INFO -                ^^^^^^^^^^^^^
[2026-06-28T18:04:35.252+0000] {subprocess.py:93} INFO -   File "/home/***/.local/lib/python3.12/site-packages/dbt/parser/manifest.py", line 392, in load
[2026-06-28T18:04:35.253+0000] {subprocess.py:93} INFO -     self.load_and_parse_macros(project_parser_files)
[2026-06-28T18:04:35.253+0000] {subprocess.py:93} INFO -   File "/home/***/.local/lib/python3.12/site-packages/dbt/parser/manifest.py", line 707, in load_and_parse_macros
[2026-06-28T18:04:35.254+0000] {subprocess.py:93} INFO -     block = FileBlock(self.manifest.files[file_id])
[2026-06-28T18:04:35.254+0000] {subprocess.py:93} INFO -                       ~~~~~~~~~~~~~~~~~~~^^^^^^^^^
[2026-06-28T18:04:35.255+0000] {subprocess.py:93} INFO - KeyError: 'dbt_spark://macros/adapters.sql'
[2026-06-28T18:04:35.255+0000] {subprocess.py:93} INFO - 
[2026-06-28T18:04:36.501+0000] {subprocess.py:97} INFO - Command exited with return code 2
[2026-06-28T18:04:36.517+0000] {taskinstance.py:3301} ERROR - Task failed with exception
Traceback (most recent call last):
  File "/home/airflow/.local/lib/python3.12/site-packages/airflow/models/taskinstance.py", line 767, in _execute_task
    result = _execute_callable(context=context, **execute_callable_kwargs)
             ^^^^^^^^^^^^^^^^^^^^^^^^^^^^^^^^^^^^^^^^^^^^^^^^^^^^^^^^^^^^^
  File "/home/airflow/.local/lib/python3.12/site-packages/airflow/models/taskinstance.py", line 733, in _execute_callable
    return ExecutionCallableRunner(
           ^^^^^^^^^^^^^^^^^^^^^^^^
  File "/home/airflow/.local/lib/python3.12/site-packages/airflow/utils/operator_helpers.py", line 252, in run
    return self.func(*args, **kwargs)
           ^^^^^^^^^^^^^^^^^^^^^^^^^^
  File "/home/airflow/.local/lib/python3.12/site-packages/airflow/models/baseoperator.py", line 406, in wrapper
    return func(self, *args, **kwargs)
           ^^^^^^^^^^^^^^^^^^^^^^^^^^^
  File "/home/airflow/.local/lib/python3.12/site-packages/airflow/operators/bash.py", line 249, in execute
    raise AirflowException(
airflow.exceptions.AirflowException: Bash command failed. The command returned a non-zero exit code 2.
[2026-06-28T18:04:36.525+0000] {taskinstance.py:1225} INFO - Marking task as FAILED. dag_id=gold_price_pipeline, task_id=run_dbt_models, run_id=manual__2026-06-28T17:58:09.267195+00:00, execution_date=20260628T175809, start_date=20260628T180430, end_date=20260628T180436
[2026-06-28T18:04:36.543+0000] {taskinstance.py:340} INFO - ::group::Post task execution logs
[2026-06-28T18:04:36.545+0000] {standard_task_runner.py:124} ERROR - Failed to execute job 61 for task run_dbt_models (Bash command failed. The command returned a non-zero exit code 2.; 1378)
Traceback (most recent call last):
  File "/home/airflow/.local/lib/python3.12/site-packages/airflow/task/task_runner/standard_task_runner.py", line 117, in _start_by_fork
    ret = args.func(args, dag=self.dag)
          ^^^^^^^^^^^^^^^^^^^^^^^^^^^^^
  File "/home/airflow/.local/lib/python3.12/site-packages/airflow/cli/cli_config.py", line 49, in command
    return func(*args, **kwargs)
           ^^^^^^^^^^^^^^^^^^^^^
  File "/home/airflow/.local/lib/python3.12/site-packages/airflow/utils/cli.py", line 115, in wrapper
    return f(*args, **kwargs)
           ^^^^^^^^^^^^^^^^^^
  File "/home/airflow/.local/lib/python3.12/site-packages/airflow/cli/commands/task_command.py", line 483, in task_run
    task_return_code = _run_task_by_selected_method(args, _dag, ti)
                       ^^^^^^^^^^^^^^^^^^^^^^^^^^^^^^^^^^^^^^^^^^^^
  File "/home/airflow/.local/lib/python3.12/site-packages/airflow/cli/commands/task_command.py", line 256, in _run_task_by_selected_method
    return _run_raw_task(args, ti)
           ^^^^^^^^^^^^^^^^^^^^^^^
  File "/home/airflow/.local/lib/python3.12/site-packages/airflow/cli/commands/task_command.py", line 341, in _run_raw_task
    return ti._run_raw_task(
           ^^^^^^^^^^^^^^^^^
  File "/home/airflow/.local/lib/python3.12/site-packages/airflow/utils/session.py", line 97, in wrapper
    return func(*args, session=session, **kwargs)
           ^^^^^^^^^^^^^^^^^^^^^^^^^^^^^^^^^^^^^^
  File "/home/airflow/.local/lib/python3.12/site-packages/airflow/models/taskinstance.py", line 2995, in _run_raw_task
    return _run_raw_task(
           ^^^^^^^^^^^^^^
  File "/home/airflow/.local/lib/python3.12/site-packages/airflow/models/taskinstance.py", line 273, in _run_raw_task
    TaskInstance._execute_task_with_callbacks(
  File "/home/airflow/.local/lib/python3.12/site-packages/airflow/models/taskinstance.py", line 3149, in _execute_task_with_callbacks
    result = self._execute_task(context, task_orig)
             ^^^^^^^^^^^^^^^^^^^^^^^^^^^^^^^^^^^^^^
  File "/home/airflow/.local/lib/python3.12/site-packages/airflow/models/taskinstance.py", line 3173, in _execute_task
    return _execute_task(self, context, task_orig)
           ^^^^^^^^^^^^^^^^^^^^^^^^^^^^^^^^^^^^^^^
  File "/home/airflow/.local/lib/python3.12/site-packages/airflow/models/taskinstance.py", line 767, in _execute_task
    result = _execute_callable(context=context, **execute_callable_kwargs)
             ^^^^^^^^^^^^^^^^^^^^^^^^^^^^^^^^^^^^^^^^^^^^^^^^^^^^^^^^^^^^^
  File "/home/airflow/.local/lib/python3.12/site-packages/airflow/models/taskinstance.py", line 733, in _execute_callable
    return ExecutionCallableRunner(
           ^^^^^^^^^^^^^^^^^^^^^^^^
  File "/home/airflow/.local/lib/python3.12/site-packages/airflow/utils/operator_helpers.py", line 252, in run
    return self.func(*args, **kwargs)
           ^^^^^^^^^^^^^^^^^^^^^^^^^^
  File "/home/airflow/.local/lib/python3.12/site-packages/airflow/models/baseoperator.py", line 406, in wrapper
    return func(self, *args, **kwargs)
           ^^^^^^^^^^^^^^^^^^^^^^^^^^^
  File "/home/airflow/.local/lib/python3.12/site-packages/airflow/operators/bash.py", line 249, in execute
    raise AirflowException(
airflow.exceptions.AirflowException: Bash command failed. The command returned a non-zero exit code 2.
[2026-06-28T18:04:36.596+0000] {local_task_job_runner.py:261} INFO - Task exited with return code 1
[2026-06-28T18:04:36.624+0000] {taskinstance.py:3891} INFO - 0 downstream tasks scheduled from follow-on schedule check
[2026-06-28T18:04:36.629+0000] {local_task_job_runner.py:240} INFO - ::endgroup::
