[2026-06-29T12:36:59.330+0000] {local_task_job_runner.py:123} INFO - ::group::Pre task execution logs
[2026-06-29T12:36:59.358+0000] {taskinstance.py:2603} INFO - Dependencies all met for dep_context=non-requeueable deps ti=<TaskInstance: gold_price_pipeline.run_dbt_models manual__2026-06-29T12:28:32.905356+00:00 [queued]>
[2026-06-29T12:36:59.370+0000] {taskinstance.py:2603} INFO - Dependencies all met for dep_context=requeueable deps ti=<TaskInstance: gold_price_pipeline.run_dbt_models manual__2026-06-29T12:28:32.905356+00:00 [queued]>
[2026-06-29T12:36:59.371+0000] {taskinstance.py:2856} INFO - Starting attempt 1 of 3
[2026-06-29T12:36:59.392+0000] {taskinstance.py:2879} INFO - Executing <Task(BashOperator): run_dbt_models> on 2026-06-29 12:28:32.905356+00:00
[2026-06-29T12:36:59.402+0000] {logging_mixin.py:190} WARNING - /home/***/.local/lib/python3.12/site-packages/***/task/task_runner/standard_task_runner.py:70 DeprecationWarning: This process (pid=2064) is multi-threaded, use of fork() may lead to deadlocks in the child.
[2026-06-29T12:36:59.400+0000] {standard_task_runner.py:104} INFO - Running: ['***', 'tasks', 'run', 'gold_price_pipeline', 'run_dbt_models', 'manual__2026-06-29T12:28:32.905356+00:00', '--job-id', '35', '--raw', '--subdir', 'DAGS_FOLDER/gold_pipeline.py', '--cfg-path', '/tmp/tmpql525diu']
[2026-06-29T12:36:59.404+0000] {standard_task_runner.py:72} INFO - Started process 2065 to run task
[2026-06-29T12:36:59.404+0000] {standard_task_runner.py:105} INFO - Job 35: Subtask run_dbt_models
[2026-06-29T12:36:59.486+0000] {task_command.py:467} INFO - Running <TaskInstance: gold_price_pipeline.run_dbt_models manual__2026-06-29T12:28:32.905356+00:00 [running]> on host 3828c1b309b8
[2026-06-29T12:36:59.606+0000] {taskinstance.py:3122} INFO - Exporting env vars: AIRFLOW_CTX_DAG_OWNER='Sayed' AIRFLOW_CTX_DAG_ID='gold_price_pipeline' AIRFLOW_CTX_TASK_ID='run_dbt_models' AIRFLOW_CTX_EXECUTION_DATE='2026-06-29T12:28:32.905356+00:00' AIRFLOW_CTX_TRY_NUMBER='1' AIRFLOW_CTX_DAG_RUN_ID='manual__2026-06-29T12:28:32.905356+00:00'
[2026-06-29T12:36:59.610+0000] {taskinstance.py:731} INFO - ::endgroup::
[2026-06-29T12:36:59.634+0000] {subprocess.py:63} INFO - Tmp dir root location: /tmp
[2026-06-29T12:36:59.636+0000] {subprocess.py:75} INFO - Running command: ['/usr/bin/bash', '-c', '\n        cd /opt/***/gold_price_dbt &&         dbt run --profiles-dir /opt/***\n        ']
[2026-06-29T12:36:59.646+0000] {subprocess.py:86} INFO - Output:
[2026-06-29T12:37:02.280+0000] {subprocess.py:93} INFO - [0m12:37:02  Running with dbt=1.11.8
[2026-06-29T12:37:03.209+0000] {subprocess.py:93} INFO - WARNING:thrift.transport.sslcompat:using legacy validation callback
[2026-06-29T12:37:04.232+0000] {subprocess.py:93} INFO - [0m12:37:04  Registered adapter: databricks=1.11.8
[2026-06-29T12:37:04.590+0000] {subprocess.py:93} INFO - [0m12:37:04  [[33mWARNING[0m]: Configuration paths exist in your dbt_project.yml file which do not apply to any resources.
[2026-06-29T12:37:04.591+0000] {subprocess.py:93} INFO - There are 1 unused configuration paths:
[2026-06-29T12:37:04.591+0000] {subprocess.py:93} INFO - - models.gold_price_dbt.example
[2026-06-29T12:37:04.766+0000] {subprocess.py:93} INFO - [0m12:37:04  Found 5 models, 732 macros
[2026-06-29T12:37:04.771+0000] {subprocess.py:93} INFO - [0m12:37:04
[2026-06-29T12:37:04.772+0000] {subprocess.py:93} INFO - [0m12:37:04  Concurrency: 1 threads (target='dev')
[2026-06-29T12:37:04.774+0000] {subprocess.py:93} INFO - [0m12:37:04
[2026-06-29T12:37:05.480+0000] {subprocess.py:93} INFO - [0m12:37:05  databricks-sql-connector adapter: ThriftBackend.attempt_request: Exception: %s
[2026-06-29T12:37:05.481+0000] {subprocess.py:93} INFO - ERROR:databricks.sql.backend.thrift_backend:ThriftBackend.attempt_request: Exception: BAD_REQUEST: Cannot start warehouse 'gold_data_warehouse' with Serverless Compute since workspace is no longer eligible for Serverless Compute. To use the warehouse, please contact your administrator.
[2026-06-29T12:37:05.503+0000] {subprocess.py:93} INFO - [0m12:37:05  Databricks adapter: Connection(session-id=Unknown) - Exception while trying to create connection: Error during request to server: BAD_REQUEST: Cannot start warehouse 'gold_data_warehouse' with Serverless Compute since workspace is no longer eligible for Serverless Compute. To use the warehouse, please contact your administrator.. BAD_REQUEST: Cannot start warehouse 'gold_data_warehouse' with Serverless Compute since workspace is no longer eligible for Serverless Compute. To use the warehouse, please contact your administrator.
[2026-06-29T12:37:05.504+0000] {subprocess.py:93} INFO - Error properties: attempt=1/30, bounded-retry-delay=None, elapsed-seconds=0.6268661022186279/900.0, error-message=BAD_REQUEST: Cannot start warehouse 'gold_data_warehouse' with Serverless Compute since workspace is no longer eligible for Serverless Compute. To use the warehouse, please contact your administrator., http-code=400, method=OpenSession, no-retry-reason=non-retryable error, original-exception=BAD_REQUEST: Cannot start warehouse 'gold_data_warehouse' with Serverless Compute since workspace is no longer eligible for Serverless Compute. To use the warehouse, please contact your administrator., query-id=None, session-id=None
[2026-06-29T12:37:05.509+0000] {subprocess.py:93} INFO - [0m12:37:05
[2026-06-29T12:37:05.510+0000] {subprocess.py:93} INFO - [0m12:37:05  Finished running  in 0 hours 0 minutes and 0.73 seconds (0.73s).
[2026-06-29T12:37:05.512+0000] {subprocess.py:93} INFO - [0m12:37:05  Encountered an error:
[2026-06-29T12:37:05.513+0000] {subprocess.py:93} INFO - Database Error
[2026-06-29T12:37:05.513+0000] {subprocess.py:93} INFO -   Database Error
[2026-06-29T12:37:05.514+0000] {subprocess.py:93} INFO -     Database Error
[2026-06-29T12:37:05.515+0000] {subprocess.py:93} INFO -       Error during request to server: BAD_REQUEST: Cannot start warehouse 'gold_data_warehouse' with Serverless Compute since workspace is no longer eligible for Serverless Compute. To use the warehouse, please contact your administrator.. BAD_REQUEST: Cannot start warehouse 'gold_data_warehouse' with Serverless Compute since workspace is no longer eligible for Serverless Compute. To use the warehouse, please contact your administrator.
[2026-06-29T12:37:06.897+0000] {subprocess.py:97} INFO - Command exited with return code 2
[2026-06-29T12:37:06.922+0000] {taskinstance.py:3301} ERROR - Task failed with exception
Traceback (most recent call last):
  File "/home/airflow/.local/lib/python3.12/site-packages/airflow/models/taskinstance.py", line 762, in _execute_task
    result = _execute_callable(context=context, **execute_callable_kwargs)
             ^^^^^^^^^^^^^^^^^^^^^^^^^^^^^^^^^^^^^^^^^^^^^^^^^^^^^^^^^^^^^
  File "/home/airflow/.local/lib/python3.12/site-packages/airflow/models/taskinstance.py", line 733, in _execute_callable
    return ExecutionCallableRunner(
           ^^^^^^^^^^^^^^^^^^^^^^^^
  File "/home/airflow/.local/lib/python3.12/site-packages/airflow/utils/operator_helpers.py", line 252, in run
    return self.func(*args, **kwargs)
           ^^^^^^^^^^^^^^^^^^^^^^^^^^
  File "/home/airflow/.local/lib/python3.12/site-packages/airflow/models/baseoperator.py", line 406, in wrapper
    return func(self, *args, **kwargs)
           ^^^^^^^^^^^^^^^^^^^^^^^^^^^
  File "/home/airflow/.local/lib/python3.12/site-packages/airflow/operators/bash.py", line 249, in execute
    raise AirflowException(
airflow.exceptions.AirflowException: Bash command failed. The command returned a non-zero exit code 2.
[2026-06-29T12:37:06.946+0000] {taskinstance.py:1225} INFO - Marking task as UP_FOR_RETRY. dag_id=gold_price_pipeline, task_id=run_dbt_models, run_id=manual__2026-06-29T12:28:32.905356+00:00, execution_date=20260629T122832, start_date=20260629T123659, end_date=20260629T123706
[2026-06-29T12:37:06.976+0000] {taskinstance.py:340} INFO - ::group::Post task execution logs
[2026-06-29T12:37:06.978+0000] {standard_task_runner.py:124} ERROR - Failed to execute job 35 for task run_dbt_models (Bash command failed. The command returned a non-zero exit code 2.; 2065)
Traceback (most recent call last):
  File "/home/airflow/.local/lib/python3.12/site-packages/airflow/task/task_runner/standard_task_runner.py", line 117, in _start_by_fork
    ret = args.func(args, dag=self.dag)
          ^^^^^^^^^^^^^^^^^^^^^^^^^^^^^
  File "/home/airflow/.local/lib/python3.12/site-packages/airflow/cli/cli_config.py", line 49, in command
    return func(*args, **kwargs)
           ^^^^^^^^^^^^^^^^^^^^^
  File "/home/airflow/.local/lib/python3.12/site-packages/airflow/utils/cli.py", line 115, in wrapper
    return f(*args, **kwargs)
           ^^^^^^^^^^^^^^^^^^
  File "/home/airflow/.local/lib/python3.12/site-packages/airflow/cli/commands/task_command.py", line 483, in task_run
    task_return_code = _run_task_by_selected_method(args, _dag, ti)
                       ^^^^^^^^^^^^^^^^^^^^^^^^^^^^^^^^^^^^^^^^^^^^
  File "/home/airflow/.local/lib/python3.12/site-packages/airflow/cli/commands/task_command.py", line 256, in _run_task_by_selected_method
    return _run_raw_task(args, ti)
           ^^^^^^^^^^^^^^^^^^^^^^^
  File "/home/airflow/.local/lib/python3.12/site-packages/airflow/cli/commands/task_command.py", line 341, in _run_raw_task
    return ti._run_raw_task(
           ^^^^^^^^^^^^^^^^^
  File "/home/airflow/.local/lib/python3.12/site-packages/airflow/utils/session.py", line 97, in wrapper
    return func(*args, session=session, **kwargs)
           ^^^^^^^^^^^^^^^^^^^^^^^^^^^^^^^^^^^^^^
  File "/home/airflow/.local/lib/python3.12/site-packages/airflow/models/taskinstance.py", line 2995, in _run_raw_task
    return _run_raw_task(
           ^^^^^^^^^^^^^^
  File "/home/airflow/.local/lib/python3.12/site-packages/airflow/models/taskinstance.py", line 273, in _run_raw_task
    TaskInstance._execute_task_with_callbacks(
  File "/home/airflow/.local/lib/python3.12/site-packages/airflow/models/taskinstance.py", line 3149, in _execute_task_with_callbacks
    result = self._execute_task(context, task_orig)
             ^^^^^^^^^^^^^^^^^^^^^^^^^^^^^^^^^^^^^^
  File "/home/airflow/.local/lib/python3.12/site-packages/airflow/models/taskinstance.py", line 3173, in _execute_task
    return _execute_task(self, context, task_orig)
           ^^^^^^^^^^^^^^^^^^^^^^^^^^^^^^^^^^^^^^^
  File "/home/airflow/.local/lib/python3.12/site-packages/airflow/models/taskinstance.py", line 762, in _execute_task
    result = _execute_callable(context=context, **execute_callable_kwargs)
             ^^^^^^^^^^^^^^^^^^^^^^^^^^^^^^^^^^^^^^^^^^^^^^^^^^^^^^^^^^^^^
  File "/home/airflow/.local/lib/python3.12/site-packages/airflow/models/taskinstance.py", line 733, in _execute_callable
    return ExecutionCallableRunner(
           ^^^^^^^^^^^^^^^^^^^^^^^^
  File "/home/airflow/.local/lib/python3.12/site-packages/airflow/utils/operator_helpers.py", line 252, in run
    return self.func(*args, **kwargs)
           ^^^^^^^^^^^^^^^^^^^^^^^^^^
  File "/home/airflow/.local/lib/python3.12/site-packages/airflow/models/baseoperator.py", line 406, in wrapper
    return func(self, *args, **kwargs)
           ^^^^^^^^^^^^^^^^^^^^^^^^^^^
  File "/home/airflow/.local/lib/python3.12/site-packages/airflow/operators/bash.py", line 249, in execute
    raise AirflowException(
airflow.exceptions.AirflowException: Bash command failed. The command returned a non-zero exit code 2.
[2026-06-29T12:37:07.003+0000] {local_task_job_runner.py:261} INFO - Task exited with return code 1
[2026-06-29T12:37:07.026+0000] {taskinstance.py:3891} INFO - 0 downstream tasks scheduled from follow-on schedule check
[2026-06-29T12:37:07.029+0000] {local_task_job_runner.py:240} INFO - ::endgroup::
