[2026-06-29T00:00:16.755+0000] {local_task_job_runner.py:123} INFO - ::group::Pre task execution logs
[2026-06-29T00:00:16.774+0000] {taskinstance.py:2603} INFO - Dependencies all met for dep_context=non-requeueable deps ti=<TaskInstance: gold_price_pipeline.run_kafka_consumer scheduled__2026-06-28T23:00:00+00:00 [queued]>
[2026-06-29T00:00:16.783+0000] {taskinstance.py:2603} INFO - Dependencies all met for dep_context=requeueable deps ti=<TaskInstance: gold_price_pipeline.run_kafka_consumer scheduled__2026-06-28T23:00:00+00:00 [queued]>
[2026-06-29T00:00:16.785+0000] {taskinstance.py:2856} INFO - Starting attempt 1 of 3
[2026-06-29T00:00:16.799+0000] {taskinstance.py:2879} INFO - Executing <Task(BashOperator): run_kafka_consumer> on 2026-06-28 23:00:00+00:00
[2026-06-29T00:00:16.809+0000] {logging_mixin.py:190} WARNING - /home/***/.local/lib/python3.12/site-packages/***/task/task_runner/standard_task_runner.py:70 DeprecationWarning: This process (pid=2697) is multi-threaded, use of fork() may lead to deadlocks in the child.
[2026-06-29T00:00:16.808+0000] {standard_task_runner.py:104} INFO - Running: ['***', 'tasks', 'run', 'gold_price_pipeline', 'run_kafka_consumer', 'scheduled__2026-06-28T23:00:00+00:00', '--job-id', '19', '--raw', '--subdir', 'DAGS_FOLDER/gold_pipeline.py', '--cfg-path', '/tmp/tmpjsjmf81u']
[2026-06-29T00:00:16.812+0000] {standard_task_runner.py:72} INFO - Started process 2698 to run task
[2026-06-29T00:00:16.812+0000] {standard_task_runner.py:105} INFO - Job 19: Subtask run_kafka_consumer
[2026-06-29T00:00:16.879+0000] {task_command.py:467} INFO - Running <TaskInstance: gold_price_pipeline.run_kafka_consumer scheduled__2026-06-28T23:00:00+00:00 [running]> on host 3828c1b309b8
[2026-06-29T00:00:16.984+0000] {taskinstance.py:3122} INFO - Exporting env vars: AIRFLOW_CTX_DAG_OWNER='Sayed' AIRFLOW_CTX_DAG_ID='gold_price_pipeline' AIRFLOW_CTX_TASK_ID='run_kafka_consumer' AIRFLOW_CTX_EXECUTION_DATE='2026-06-28T23:00:00+00:00' AIRFLOW_CTX_TRY_NUMBER='1' AIRFLOW_CTX_DAG_RUN_ID='scheduled__2026-06-28T23:00:00+00:00'
[2026-06-29T00:00:16.985+0000] {taskinstance.py:731} INFO - ::endgroup::
[2026-06-29T00:00:17.002+0000] {subprocess.py:63} INFO - Tmp dir root location: /tmp
[2026-06-29T00:00:17.004+0000] {subprocess.py:75} INFO - Running command: ['/usr/bin/bash', '-c', '\n        python /opt/***/kafka/Consumer.py\n        ']
[2026-06-29T00:00:17.014+0000] {subprocess.py:86} INFO - Output:
[2026-06-29T00:00:18.040+0000] {subprocess.py:93} INFO - /opt/***/kafka/Consumer.py:38: DeprecationWarning: value_deserializer does not implement kafka.serializer.Deserializer
[2026-06-29T00:00:18.041+0000] {subprocess.py:93} INFO -   consumer = KafkaConsumer(
[2026-06-29T00:00:21.100+0000] {subprocess.py:93} INFO - /opt/***/kafka/Consumer.py:56: DeprecationWarning: datetime.datetime.utcnow() is deprecated and scheduled for removal in a future version. Use timezone-aware objects to represent datetimes in UTC: datetime.datetime.now(datetime.UTC).
[2026-06-29T00:00:21.102+0000] {subprocess.py:93} INFO -   timestamp = datetime.datetime.utcnow().strftime("%Y%m%d_%H%M%S")
[2026-06-29T00:00:22.456+0000] {subprocess.py:93} INFO - Connected To Azure Data Lake
[2026-06-29T00:00:22.460+0000] {subprocess.py:93} INFO - Waiting For Kafka Message...
[2026-06-29T00:00:22.461+0000] {subprocess.py:93} INFO - Uploaded -> stream_data/gold_price_20260629_000021.json
[2026-06-29T00:00:22.461+0000] {subprocess.py:93} INFO - Consumer Finished Successfully
[2026-06-29T00:00:22.573+0000] {subprocess.py:97} INFO - Command exited with return code 0
[2026-06-29T00:00:22.600+0000] {taskinstance.py:340} INFO - ::group::Post task execution logs
[2026-06-29T00:00:22.601+0000] {taskinstance.py:352} INFO - Marking task as SUCCESS. dag_id=gold_price_pipeline, task_id=run_kafka_consumer, run_id=scheduled__2026-06-28T23:00:00+00:00, execution_date=20260628T230000, start_date=20260629T000016, end_date=20260629T000022
[2026-06-29T00:00:22.619+0000] {local_task_job_runner.py:261} INFO - Task exited with return code 0
[2026-06-29T00:00:22.646+0000] {taskinstance.py:3891} INFO - 1 downstream tasks scheduled from follow-on schedule check
[2026-06-29T00:00:22.649+0000] {local_task_job_runner.py:240} INFO - ::endgroup::
