[2026-06-29T12:28:20.995+0000] {local_task_job_runner.py:123} INFO - ::group::Pre task execution logs
[2026-06-29T12:28:21.014+0000] {taskinstance.py:2603} INFO - Dependencies all met for dep_context=non-requeueable deps ti=<TaskInstance: gold_price_pipeline.run_kafka_producer scheduled__2026-06-29T11:00:00+00:00 [queued]>
[2026-06-29T12:28:21.023+0000] {taskinstance.py:2603} INFO - Dependencies all met for dep_context=requeueable deps ti=<TaskInstance: gold_price_pipeline.run_kafka_producer scheduled__2026-06-29T11:00:00+00:00 [queued]>
[2026-06-29T12:28:21.024+0000] {taskinstance.py:2856} INFO - Starting attempt 1 of 3
[2026-06-29T12:28:21.037+0000] {taskinstance.py:2879} INFO - Executing <Task(BashOperator): run_kafka_producer> on 2026-06-29 11:00:00+00:00
[2026-06-29T12:28:21.044+0000] {logging_mixin.py:190} WARNING - /home/***/.local/lib/python3.12/site-packages/***/task/task_runner/standard_task_runner.py:70 DeprecationWarning: This process (pid=810) is multi-threaded, use of fork() may lead to deadlocks in the child.
[2026-06-29T12:28:21.044+0000] {standard_task_runner.py:104} INFO - Running: ['***', 'tasks', 'run', 'gold_price_pipeline', 'run_kafka_producer', 'scheduled__2026-06-29T11:00:00+00:00', '--job-id', '26', '--raw', '--subdir', 'DAGS_FOLDER/gold_pipeline.py', '--cfg-path', '/tmp/tmpn8h4ijzm']
[2026-06-29T12:28:21.046+0000] {standard_task_runner.py:72} INFO - Started process 811 to run task
[2026-06-29T12:28:21.047+0000] {standard_task_runner.py:105} INFO - Job 26: Subtask run_kafka_producer
[2026-06-29T12:28:21.114+0000] {task_command.py:467} INFO - Running <TaskInstance: gold_price_pipeline.run_kafka_producer scheduled__2026-06-29T11:00:00+00:00 [running]> on host 3828c1b309b8
[2026-06-29T12:28:21.209+0000] {taskinstance.py:3122} INFO - Exporting env vars: AIRFLOW_CTX_DAG_OWNER='Sayed' AIRFLOW_CTX_DAG_ID='gold_price_pipeline' AIRFLOW_CTX_TASK_ID='run_kafka_producer' AIRFLOW_CTX_EXECUTION_DATE='2026-06-29T11:00:00+00:00' AIRFLOW_CTX_TRY_NUMBER='1' AIRFLOW_CTX_DAG_RUN_ID='scheduled__2026-06-29T11:00:00+00:00'
[2026-06-29T12:28:21.211+0000] {taskinstance.py:731} INFO - ::endgroup::
[2026-06-29T12:28:21.226+0000] {subprocess.py:63} INFO - Tmp dir root location: /tmp
[2026-06-29T12:28:21.228+0000] {subprocess.py:75} INFO - Running command: ['/usr/bin/bash', '-c', '\n        python /opt/***/kafka/Producer.py\n        ']
[2026-06-29T12:28:21.238+0000] {subprocess.py:86} INFO - Output:
[2026-06-29T12:28:23.893+0000] {subprocess.py:93} INFO - ========== GOLD PRODUCER ==========
[2026-06-29T12:28:23.895+0000] {subprocess.py:93} INFO - Connected to Kafka
[2026-06-29T12:28:23.895+0000] {subprocess.py:93} INFO - Message sent Successfully
[2026-06-29T12:28:23.965+0000] {subprocess.py:97} INFO - Command exited with return code 0
[2026-06-29T12:28:23.997+0000] {taskinstance.py:340} INFO - ::group::Post task execution logs
[2026-06-29T12:28:23.998+0000] {taskinstance.py:352} INFO - Marking task as SUCCESS. dag_id=gold_price_pipeline, task_id=run_kafka_producer, run_id=scheduled__2026-06-29T11:00:00+00:00, execution_date=20260629T110000, start_date=20260629T122821, end_date=20260629T122823
[2026-06-29T12:28:24.032+0000] {local_task_job_runner.py:261} INFO - Task exited with return code 0
[2026-06-29T12:28:24.060+0000] {taskinstance.py:3891} INFO - 1 downstream tasks scheduled from follow-on schedule check
[2026-06-29T12:28:24.064+0000] {local_task_job_runner.py:240} INFO - ::endgroup::
