[2026-06-29T15:12:05.596+0000] {local_task_job_runner.py:123} INFO - ::group::Pre task execution logs
[2026-06-29T15:12:05.652+0000] {taskinstance.py:2603} INFO - Dependencies all met for dep_context=non-requeueable deps ti=<TaskInstance: gold_price_pipeline.run_kafka_producer scheduled__2026-06-29T14:00:00+00:00 [queued]>
[2026-06-29T15:12:05.679+0000] {taskinstance.py:2603} INFO - Dependencies all met for dep_context=requeueable deps ti=<TaskInstance: gold_price_pipeline.run_kafka_producer scheduled__2026-06-29T14:00:00+00:00 [queued]>
[2026-06-29T15:12:05.718+0000] {taskinstance.py:2856} INFO - Starting attempt 1 of 3
[2026-06-29T15:12:05.768+0000] {taskinstance.py:2879} INFO - Executing <Task(BashOperator): run_kafka_producer> on 2026-06-29 14:00:00+00:00
[2026-06-29T15:12:05.792+0000] {standard_task_runner.py:104} INFO - Running: ['***', 'tasks', 'run', 'gold_price_pipeline', 'run_kafka_producer', 'scheduled__2026-06-29T14:00:00+00:00', '--job-id', '59', '--raw', '--subdir', 'DAGS_FOLDER/gold_pipeline.py', '--cfg-path', '/tmp/tmp623uus29']
[2026-06-29T15:12:05.797+0000] {logging_mixin.py:190} WARNING - /home/***/.local/lib/python3.12/site-packages/***/task/task_runner/standard_task_runner.py:70 DeprecationWarning: This process (pid=358) is multi-threaded, use of fork() may lead to deadlocks in the child.
[2026-06-29T15:12:05.804+0000] {standard_task_runner.py:105} INFO - Job 59: Subtask run_kafka_producer
[2026-06-29T15:12:05.806+0000] {standard_task_runner.py:72} INFO - Started process 359 to run task
[2026-06-29T15:12:06.061+0000] {task_command.py:467} INFO - Running <TaskInstance: gold_price_pipeline.run_kafka_producer scheduled__2026-06-29T14:00:00+00:00 [running]> on host 31887d20b8ee
[2026-06-29T15:12:06.222+0000] {taskinstance.py:3122} INFO - Exporting env vars: AIRFLOW_CTX_DAG_OWNER='Sayed' AIRFLOW_CTX_DAG_ID='gold_price_pipeline' AIRFLOW_CTX_TASK_ID='run_kafka_producer' AIRFLOW_CTX_EXECUTION_DATE='2026-06-29T14:00:00+00:00' AIRFLOW_CTX_TRY_NUMBER='1' AIRFLOW_CTX_DAG_RUN_ID='scheduled__2026-06-29T14:00:00+00:00'
[2026-06-29T15:12:06.224+0000] {taskinstance.py:731} INFO - ::endgroup::
[2026-06-29T15:12:06.256+0000] {subprocess.py:63} INFO - Tmp dir root location: /tmp
[2026-06-29T15:12:06.259+0000] {subprocess.py:75} INFO - Running command: ['/usr/bin/bash', '-c', '\n        python /opt/***/kafka/Producer.py\n        ']
[2026-06-29T15:12:06.275+0000] {subprocess.py:86} INFO - Output:
[2026-06-29T15:12:40.090+0000] {subprocess.py:93} INFO - ========== GOLD PRODUCER ==========
[2026-06-29T15:12:40.093+0000] {subprocess.py:93} INFO - KafkaTimeoutError: Unable to bootstrap from kafka:9092
[2026-06-29T15:12:40.239+0000] {subprocess.py:97} INFO - Command exited with return code 1
[2026-06-29T15:12:40.266+0000] {taskinstance.py:3301} ERROR - Task failed with exception
Traceback (most recent call last):
  File "/home/airflow/.local/lib/python3.12/site-packages/airflow/models/taskinstance.py", line 762, in _execute_task
    result = _execute_callable(context=context, **execute_callable_kwargs)
             ^^^^^^^^^^^^^^^^^^^^^^^^^^^^^^^^^^^^^^^^^^^^^^^^^^^^^^^^^^^^^
  File "/home/airflow/.local/lib/python3.12/site-packages/airflow/models/taskinstance.py", line 733, in _execute_callable
    return ExecutionCallableRunner(
           ^^^^^^^^^^^^^^^^^^^^^^^^
  File "/home/airflow/.local/lib/python3.12/site-packages/airflow/utils/operator_helpers.py", line 252, in run
    return self.func(*args, **kwargs)
           ^^^^^^^^^^^^^^^^^^^^^^^^^^
  File "/home/airflow/.local/lib/python3.12/site-packages/airflow/models/baseoperator.py", line 406, in wrapper
    return func(self, *args, **kwargs)
           ^^^^^^^^^^^^^^^^^^^^^^^^^^^
  File "/home/airflow/.local/lib/python3.12/site-packages/airflow/operators/bash.py", line 249, in execute
    raise AirflowException(
airflow.exceptions.AirflowException: Bash command failed. The command returned a non-zero exit code 1.
[2026-06-29T15:12:40.436+0000] {taskinstance.py:1225} INFO - Marking task as UP_FOR_RETRY. dag_id=gold_price_pipeline, task_id=run_kafka_producer, run_id=scheduled__2026-06-29T14:00:00+00:00, execution_date=20260629T140000, start_date=20260629T151205, end_date=20260629T151240
[2026-06-29T15:12:40.503+0000] {taskinstance.py:340} INFO - ::group::Post task execution logs
[2026-06-29T15:12:40.506+0000] {standard_task_runner.py:124} ERROR - Failed to execute job 59 for task run_kafka_producer (Bash command failed. The command returned a non-zero exit code 1.; 359)
Traceback (most recent call last):
  File "/home/airflow/.local/lib/python3.12/site-packages/airflow/task/task_runner/standard_task_runner.py", line 117, in _start_by_fork
    ret = args.func(args, dag=self.dag)
          ^^^^^^^^^^^^^^^^^^^^^^^^^^^^^
  File "/home/airflow/.local/lib/python3.12/site-packages/airflow/cli/cli_config.py", line 49, in command
    return func(*args, **kwargs)
           ^^^^^^^^^^^^^^^^^^^^^
  File "/home/airflow/.local/lib/python3.12/site-packages/airflow/utils/cli.py", line 115, in wrapper
    return f(*args, **kwargs)
           ^^^^^^^^^^^^^^^^^^
  File "/home/airflow/.local/lib/python3.12/site-packages/airflow/cli/commands/task_command.py", line 483, in task_run
    task_return_code = _run_task_by_selected_method(args, _dag, ti)
                       ^^^^^^^^^^^^^^^^^^^^^^^^^^^^^^^^^^^^^^^^^^^^
  File "/home/airflow/.local/lib/python3.12/site-packages/airflow/cli/commands/task_command.py", line 256, in _run_task_by_selected_method
    return _run_raw_task(args, ti)
           ^^^^^^^^^^^^^^^^^^^^^^^
  File "/home/airflow/.local/lib/python3.12/site-packages/airflow/cli/commands/task_command.py", line 341, in _run_raw_task
    return ti._run_raw_task(
           ^^^^^^^^^^^^^^^^^
  File "/home/airflow/.local/lib/python3.12/site-packages/airflow/utils/session.py", line 97, in wrapper
    return func(*args, session=session, **kwargs)
           ^^^^^^^^^^^^^^^^^^^^^^^^^^^^^^^^^^^^^^
  File "/home/airflow/.local/lib/python3.12/site-packages/airflow/models/taskinstance.py", line 2995, in _run_raw_task
    return _run_raw_task(
           ^^^^^^^^^^^^^^
  File "/home/airflow/.local/lib/python3.12/site-packages/airflow/models/taskinstance.py", line 273, in _run_raw_task
    TaskInstance._execute_task_with_callbacks(
  File "/home/airflow/.local/lib/python3.12/site-packages/airflow/models/taskinstance.py", line 3149, in _execute_task_with_callbacks
    result = self._execute_task(context, task_orig)
             ^^^^^^^^^^^^^^^^^^^^^^^^^^^^^^^^^^^^^^
  File "/home/airflow/.local/lib/python3.12/site-packages/airflow/models/taskinstance.py", line 3173, in _execute_task
    return _execute_task(self, context, task_orig)
           ^^^^^^^^^^^^^^^^^^^^^^^^^^^^^^^^^^^^^^^
  File "/home/airflow/.local/lib/python3.12/site-packages/airflow/models/taskinstance.py", line 762, in _execute_task
    result = _execute_callable(context=context, **execute_callable_kwargs)
             ^^^^^^^^^^^^^^^^^^^^^^^^^^^^^^^^^^^^^^^^^^^^^^^^^^^^^^^^^^^^^
  File "/home/airflow/.local/lib/python3.12/site-packages/airflow/models/taskinstance.py", line 733, in _execute_callable
    return ExecutionCallableRunner(
           ^^^^^^^^^^^^^^^^^^^^^^^^
  File "/home/airflow/.local/lib/python3.12/site-packages/airflow/utils/operator_helpers.py", line 252, in run
    return self.func(*args, **kwargs)
           ^^^^^^^^^^^^^^^^^^^^^^^^^^
  File "/home/airflow/.local/lib/python3.12/site-packages/airflow/models/baseoperator.py", line 406, in wrapper
    return func(self, *args, **kwargs)
           ^^^^^^^^^^^^^^^^^^^^^^^^^^^
  File "/home/airflow/.local/lib/python3.12/site-packages/airflow/operators/bash.py", line 249, in execute
    raise AirflowException(
airflow.exceptions.AirflowException: Bash command failed. The command returned a non-zero exit code 1.
[2026-06-29T15:12:40.542+0000] {local_task_job_runner.py:261} INFO - Task exited with return code 1
[2026-06-29T15:12:40.578+0000] {taskinstance.py:3891} INFO - 0 downstream tasks scheduled from follow-on schedule check
[2026-06-29T15:12:40.582+0000] {local_task_job_runner.py:240} INFO - ::endgroup::
[2026-06-29T15:41:26.903+0000] {local_task_job_runner.py:123} INFO - ::group::Pre task execution logs
[2026-06-29T15:41:26.964+0000] {taskinstance.py:2603} INFO - Dependencies all met for dep_context=non-requeueable deps ti=<TaskInstance: gold_price_pipeline.run_kafka_producer scheduled__2026-06-29T14:00:00+00:00 [queued]>
[2026-06-29T15:41:26.986+0000] {taskinstance.py:2603} INFO - Dependencies all met for dep_context=requeueable deps ti=<TaskInstance: gold_price_pipeline.run_kafka_producer scheduled__2026-06-29T14:00:00+00:00 [queued]>
[2026-06-29T15:41:26.988+0000] {taskinstance.py:2856} INFO - Starting attempt 1 of 3
[2026-06-29T15:41:27.016+0000] {taskinstance.py:2879} INFO - Executing <Task(BashOperator): run_kafka_producer> on 2026-06-29 14:00:00+00:00
[2026-06-29T15:41:27.092+0000] {standard_task_runner.py:104} INFO - Running: ['***', 'tasks', 'run', 'gold_price_pipeline', 'run_kafka_producer', 'scheduled__2026-06-29T14:00:00+00:00', '--job-id', '2', '--raw', '--subdir', 'DAGS_FOLDER/gold_pipeline.py', '--cfg-path', '/tmp/tmpolh195l9']
[2026-06-29T15:41:27.096+0000] {logging_mixin.py:190} WARNING - /home/***/.local/lib/python3.12/site-packages/***/task/task_runner/standard_task_runner.py:70 DeprecationWarning: This process (pid=179) is multi-threaded, use of fork() may lead to deadlocks in the child.
[2026-06-29T15:41:27.099+0000] {standard_task_runner.py:105} INFO - Job 2: Subtask run_kafka_producer
[2026-06-29T15:41:27.101+0000] {standard_task_runner.py:72} INFO - Started process 180 to run task
[2026-06-29T15:41:29.028+0000] {task_command.py:467} INFO - Running <TaskInstance: gold_price_pipeline.run_kafka_producer scheduled__2026-06-29T14:00:00+00:00 [running]> on host ef940326903e
[2026-06-29T15:41:29.242+0000] {taskinstance.py:3122} INFO - Exporting env vars: AIRFLOW_CTX_DAG_OWNER='Sayed' AIRFLOW_CTX_DAG_ID='gold_price_pipeline' AIRFLOW_CTX_TASK_ID='run_kafka_producer' AIRFLOW_CTX_EXECUTION_DATE='2026-06-29T14:00:00+00:00' AIRFLOW_CTX_TRY_NUMBER='1' AIRFLOW_CTX_DAG_RUN_ID='scheduled__2026-06-29T14:00:00+00:00'
[2026-06-29T15:41:29.245+0000] {taskinstance.py:731} INFO - ::endgroup::
[2026-06-29T15:41:29.377+0000] {subprocess.py:63} INFO - Tmp dir root location: /tmp
[2026-06-29T15:41:29.404+0000] {subprocess.py:75} INFO - Running command: ['/usr/bin/bash', '-c', '\n        python /opt/***/kafka/Producer.py\n        ']
[2026-06-29T15:41:29.427+0000] {subprocess.py:86} INFO - Output:
[2026-06-29T15:41:33.568+0000] {subprocess.py:93} INFO - ========== GOLD PRODUCER ==========
[2026-06-29T15:41:33.571+0000] {subprocess.py:93} INFO - Connected to Kafka
[2026-06-29T15:41:33.573+0000] {subprocess.py:93} INFO - Message sent Successfully
[2026-06-29T15:41:33.726+0000] {subprocess.py:97} INFO - Command exited with return code 0
[2026-06-29T15:41:33.800+0000] {taskinstance.py:340} INFO - ::group::Post task execution logs
[2026-06-29T15:41:33.804+0000] {taskinstance.py:352} INFO - Marking task as SUCCESS. dag_id=gold_price_pipeline, task_id=run_kafka_producer, run_id=scheduled__2026-06-29T14:00:00+00:00, execution_date=20260629T140000, start_date=20260629T154126, end_date=20260629T154133
[2026-06-29T15:41:33.915+0000] {local_task_job_runner.py:261} INFO - Task exited with return code 0
[2026-06-29T15:41:33.975+0000] {taskinstance.py:3891} INFO - 1 downstream tasks scheduled from follow-on schedule check
[2026-06-29T15:41:33.978+0000] {local_task_job_runner.py:240} INFO - ::endgroup::
