[2026-06-29T14:25:40.803+0000] {local_task_job_runner.py:123} INFO - ::group::Pre task execution logs
[2026-06-29T14:25:40.832+0000] {taskinstance.py:2603} INFO - Dependencies all met for dep_context=non-requeueable deps ti=<TaskInstance: gold_price_pipeline.run_dbt_models scheduled__2026-06-29T13:00:00+00:00 [queued]>
[2026-06-29T14:25:40.852+0000] {taskinstance.py:2603} INFO - Dependencies all met for dep_context=requeueable deps ti=<TaskInstance: gold_price_pipeline.run_dbt_models scheduled__2026-06-29T13:00:00+00:00 [queued]>
[2026-06-29T14:25:40.854+0000] {taskinstance.py:2856} INFO - Starting attempt 1 of 3
[2026-06-29T14:25:40.873+0000] {taskinstance.py:2879} INFO - Executing <Task(BashOperator): run_dbt_models> on 2026-06-29 13:00:00+00:00
[2026-06-29T14:25:40.883+0000] {logging_mixin.py:190} WARNING - /home/***/.local/lib/python3.12/site-packages/***/task/task_runner/standard_task_runner.py:70 DeprecationWarning: This process (pid=862) is multi-threaded, use of fork() may lead to deadlocks in the child.
[2026-06-29T14:25:40.882+0000] {standard_task_runner.py:104} INFO - Running: ['***', 'tasks', 'run', 'gold_price_pipeline', 'run_dbt_models', 'scheduled__2026-06-29T13:00:00+00:00', '--job-id', '50', '--raw', '--subdir', 'DAGS_FOLDER/gold_pipeline.py', '--cfg-path', '/tmp/tmp_iptr9qu']
[2026-06-29T14:25:40.885+0000] {standard_task_runner.py:72} INFO - Started process 863 to run task
[2026-06-29T14:25:40.886+0000] {standard_task_runner.py:105} INFO - Job 50: Subtask run_dbt_models
[2026-06-29T14:25:40.958+0000] {task_command.py:467} INFO - Running <TaskInstance: gold_price_pipeline.run_dbt_models scheduled__2026-06-29T13:00:00+00:00 [running]> on host 3828c1b309b8
[2026-06-29T14:25:41.070+0000] {taskinstance.py:3122} INFO - Exporting env vars: AIRFLOW_CTX_DAG_OWNER='Sayed' AIRFLOW_CTX_DAG_ID='gold_price_pipeline' AIRFLOW_CTX_TASK_ID='run_dbt_models' AIRFLOW_CTX_EXECUTION_DATE='2026-06-29T13:00:00+00:00' AIRFLOW_CTX_TRY_NUMBER='1' AIRFLOW_CTX_DAG_RUN_ID='scheduled__2026-06-29T13:00:00+00:00'
[2026-06-29T14:25:41.072+0000] {taskinstance.py:731} INFO - ::endgroup::
[2026-06-29T14:25:41.092+0000] {subprocess.py:63} INFO - Tmp dir root location: /tmp
[2026-06-29T14:25:41.095+0000] {subprocess.py:75} INFO - Running command: ['/usr/bin/bash', '-c', '\n        cd /opt/***/gold_price_dbt &&         dbt run --profiles-dir /opt/***\n        ']
[2026-06-29T14:25:41.106+0000] {subprocess.py:86} INFO - Output:
[2026-06-29T14:25:43.225+0000] {subprocess.py:93} INFO - [0m14:25:43  Running with dbt=1.11.8
[2026-06-29T14:25:43.963+0000] {subprocess.py:93} INFO - WARNING:thrift.transport.sslcompat:using legacy validation callback
[2026-06-29T14:25:45.007+0000] {subprocess.py:93} INFO - [0m14:25:45  Registered adapter: databricks=1.11.8
[2026-06-29T14:25:45.389+0000] {subprocess.py:93} INFO - [0m14:25:45  [[33mWARNING[0m]: Configuration paths exist in your dbt_project.yml file which do not apply to any resources.
[2026-06-29T14:25:45.390+0000] {subprocess.py:93} INFO - There are 1 unused configuration paths:
[2026-06-29T14:25:45.391+0000] {subprocess.py:93} INFO - - models.gold_price_dbt.example
[2026-06-29T14:25:45.635+0000] {subprocess.py:93} INFO - [0m14:25:45  Found 5 models, 732 macros
[2026-06-29T14:25:45.640+0000] {subprocess.py:93} INFO - [0m14:25:45
[2026-06-29T14:25:45.641+0000] {subprocess.py:93} INFO - [0m14:25:45  Concurrency: 1 threads (target='dev')
[2026-06-29T14:25:45.642+0000] {subprocess.py:93} INFO - [0m14:25:45
[2026-06-29T14:35:41.036+0000] {timeout.py:68} ERROR - Process timed out, PID: 863
[2026-06-29T14:35:41.042+0000] {subprocess.py:104} INFO - Sending SIGTERM signal to process group
[2026-06-29T14:35:41.064+0000] {taskinstance.py:3301} ERROR - Task failed with exception
Traceback (most recent call last):
  File "/home/airflow/.local/lib/python3.12/site-packages/airflow/models/taskinstance.py", line 762, in _execute_task
    result = _execute_callable(context=context, **execute_callable_kwargs)
             ^^^^^^^^^^^^^^^^^^^^^^^^^^^^^^^^^^^^^^^^^^^^^^^^^^^^^^^^^^^^^
  File "/home/airflow/.local/lib/python3.12/site-packages/airflow/models/taskinstance.py", line 733, in _execute_callable
    return ExecutionCallableRunner(
           ^^^^^^^^^^^^^^^^^^^^^^^^
  File "/home/airflow/.local/lib/python3.12/site-packages/airflow/utils/operator_helpers.py", line 252, in run
    return self.func(*args, **kwargs)
           ^^^^^^^^^^^^^^^^^^^^^^^^^^
  File "/home/airflow/.local/lib/python3.12/site-packages/airflow/models/baseoperator.py", line 406, in wrapper
    return func(self, *args, **kwargs)
           ^^^^^^^^^^^^^^^^^^^^^^^^^^^
  File "/home/airflow/.local/lib/python3.12/site-packages/airflow/operators/bash.py", line 240, in execute
    result = self.subprocess_hook.run_command(
             ^^^^^^^^^^^^^^^^^^^^^^^^^^^^^^^^^
  File "/home/airflow/.local/lib/python3.12/site-packages/airflow/hooks/subprocess.py", line 91, in run_command
    for raw_line in iter(self.sub_process.stdout.readline, b""):
                    ^^^^^^^^^^^^^^^^^^^^^^^^^^^^^^^^^^^^^^^^^^^
  File "/home/airflow/.local/lib/python3.12/site-packages/airflow/utils/timeout.py", line 69, in handle_timeout
    raise AirflowTaskTimeout(self.error_message)
airflow.exceptions.AirflowTaskTimeout: Timeout, PID: 863
[2026-06-29T14:35:41.087+0000] {taskinstance.py:1225} INFO - Marking task as UP_FOR_RETRY. dag_id=gold_price_pipeline, task_id=run_dbt_models, run_id=scheduled__2026-06-29T13:00:00+00:00, execution_date=20260629T130000, start_date=20260629T142540, end_date=20260629T143541
[2026-06-29T14:35:41.115+0000] {taskinstance.py:340} INFO - ::group::Post task execution logs
[2026-06-29T14:35:41.129+0000] {local_task_job_runner.py:261} INFO - Task exited with return code 2
[2026-06-29T14:35:41.155+0000] {taskinstance.py:3891} INFO - 0 downstream tasks scheduled from follow-on schedule check
[2026-06-29T14:35:41.158+0000] {local_task_job_runner.py:240} INFO - ::endgroup::
