[2026-06-29T14:37:41.596+0000] {local_task_job_runner.py:123} INFO - ::group::Pre task execution logs
[2026-06-29T14:37:41.613+0000] {taskinstance.py:2603} INFO - Dependencies all met for dep_context=non-requeueable deps ti=<TaskInstance: gold_price_pipeline.run_dbt_models scheduled__2026-06-29T13:00:00+00:00 [queued]>
[2026-06-29T14:37:41.622+0000] {taskinstance.py:2603} INFO - Dependencies all met for dep_context=requeueable deps ti=<TaskInstance: gold_price_pipeline.run_dbt_models scheduled__2026-06-29T13:00:00+00:00 [queued]>
[2026-06-29T14:37:41.623+0000] {taskinstance.py:2856} INFO - Starting attempt 2 of 3
[2026-06-29T14:37:41.636+0000] {taskinstance.py:2879} INFO - Executing <Task(BashOperator): run_dbt_models> on 2026-06-29 13:00:00+00:00
[2026-06-29T14:37:41.647+0000] {logging_mixin.py:190} WARNING - /home/***/.local/lib/python3.12/site-packages/***/task/task_runner/standard_task_runner.py:70 DeprecationWarning: This process (pid=999) is multi-threaded, use of fork() may lead to deadlocks in the child.
[2026-06-29T14:37:41.646+0000] {standard_task_runner.py:104} INFO - Running: ['***', 'tasks', 'run', 'gold_price_pipeline', 'run_dbt_models', 'scheduled__2026-06-29T13:00:00+00:00', '--job-id', '51', '--raw', '--subdir', 'DAGS_FOLDER/gold_pipeline.py', '--cfg-path', '/tmp/tmpe5g36iu2']
[2026-06-29T14:37:41.650+0000] {standard_task_runner.py:72} INFO - Started process 1000 to run task
[2026-06-29T14:37:41.651+0000] {standard_task_runner.py:105} INFO - Job 51: Subtask run_dbt_models
[2026-06-29T14:37:41.723+0000] {task_command.py:467} INFO - Running <TaskInstance: gold_price_pipeline.run_dbt_models scheduled__2026-06-29T13:00:00+00:00 [running]> on host 3828c1b309b8
[2026-06-29T14:37:41.805+0000] {taskinstance.py:3122} INFO - Exporting env vars: AIRFLOW_CTX_DAG_OWNER='Sayed' AIRFLOW_CTX_DAG_ID='gold_price_pipeline' AIRFLOW_CTX_TASK_ID='run_dbt_models' AIRFLOW_CTX_EXECUTION_DATE='2026-06-29T13:00:00+00:00' AIRFLOW_CTX_TRY_NUMBER='2' AIRFLOW_CTX_DAG_RUN_ID='scheduled__2026-06-29T13:00:00+00:00'
[2026-06-29T14:37:41.808+0000] {taskinstance.py:731} INFO - ::endgroup::
[2026-06-29T14:37:41.822+0000] {subprocess.py:63} INFO - Tmp dir root location: /tmp
[2026-06-29T14:37:41.824+0000] {subprocess.py:75} INFO - Running command: ['/usr/bin/bash', '-c', '\n        cd /opt/***/gold_price_dbt &&         dbt run --profiles-dir /opt/***\n        ']
[2026-06-29T14:37:41.834+0000] {subprocess.py:86} INFO - Output:
[2026-06-29T14:37:43.699+0000] {subprocess.py:93} INFO - [0m14:37:43  Running with dbt=1.11.8
[2026-06-29T14:37:44.405+0000] {subprocess.py:93} INFO - WARNING:thrift.transport.sslcompat:using legacy validation callback
[2026-06-29T14:37:45.197+0000] {subprocess.py:93} INFO - [0m14:37:45  Registered adapter: databricks=1.11.8
[2026-06-29T14:37:45.502+0000] {subprocess.py:93} INFO - [0m14:37:45  [[33mWARNING[0m]: Configuration paths exist in your dbt_project.yml file which do not apply to any resources.
[2026-06-29T14:37:45.503+0000] {subprocess.py:93} INFO - There are 1 unused configuration paths:
[2026-06-29T14:37:45.504+0000] {subprocess.py:93} INFO - - models.gold_price_dbt.example
[2026-06-29T14:37:45.670+0000] {subprocess.py:93} INFO - [0m14:37:45  Found 5 models, 732 macros
[2026-06-29T14:37:45.674+0000] {subprocess.py:93} INFO - [0m14:37:45
[2026-06-29T14:37:45.675+0000] {subprocess.py:93} INFO - [0m14:37:45  Concurrency: 1 threads (target='dev')
[2026-06-29T14:37:45.677+0000] {subprocess.py:93} INFO - [0m14:37:45
[2026-06-29T14:44:04.977+0000] {local_task_job_runner.py:341} WARNING - State of this instance has been externally set to restarting. Terminating instance.
[2026-06-29T14:44:04.979+0000] {local_task_job_runner.py:240} INFO - ::endgroup::
[2026-06-29T14:44:04.983+0000] {process_utils.py:132} INFO - Sending 15 to group 1000. PIDs of all processes in the group: [1002, 1003, 1013, 1000]
[2026-06-29T14:44:04.984+0000] {process_utils.py:87} INFO - Sending the signal 15 to group 1000
[2026-06-29T14:44:04.985+0000] {taskinstance.py:3083} ERROR - Received SIGTERM. Terminating subprocesses.
[2026-06-29T14:44:04.987+0000] {subprocess.py:104} INFO - Sending SIGTERM signal to process group
[2026-06-29T14:44:05.006+0000] {taskinstance.py:3301} ERROR - Task failed with exception
Traceback (most recent call last):
  File "/home/airflow/.local/lib/python3.12/site-packages/airflow/models/taskinstance.py", line 762, in _execute_task
    result = _execute_callable(context=context, **execute_callable_kwargs)
             ^^^^^^^^^^^^^^^^^^^^^^^^^^^^^^^^^^^^^^^^^^^^^^^^^^^^^^^^^^^^^
  File "/home/airflow/.local/lib/python3.12/site-packages/airflow/models/taskinstance.py", line 733, in _execute_callable
    return ExecutionCallableRunner(
           ^^^^^^^^^^^^^^^^^^^^^^^^
  File "/home/airflow/.local/lib/python3.12/site-packages/airflow/utils/operator_helpers.py", line 252, in run
    return self.func(*args, **kwargs)
           ^^^^^^^^^^^^^^^^^^^^^^^^^^
  File "/home/airflow/.local/lib/python3.12/site-packages/airflow/models/baseoperator.py", line 406, in wrapper
    return func(self, *args, **kwargs)
           ^^^^^^^^^^^^^^^^^^^^^^^^^^^
  File "/home/airflow/.local/lib/python3.12/site-packages/airflow/operators/bash.py", line 240, in execute
    result = self.subprocess_hook.run_command(
             ^^^^^^^^^^^^^^^^^^^^^^^^^^^^^^^^^
  File "/home/airflow/.local/lib/python3.12/site-packages/airflow/hooks/subprocess.py", line 91, in run_command
    for raw_line in iter(self.sub_process.stdout.readline, b""):
                    ^^^^^^^^^^^^^^^^^^^^^^^^^^^^^^^^^^^^^^^^^^^
  File "/home/airflow/.local/lib/python3.12/site-packages/airflow/models/taskinstance.py", line 3085, in signal_handler
    raise AirflowTaskTerminated("Task received SIGTERM signal")
airflow.exceptions.AirflowTaskTerminated: Task received SIGTERM signal
[2026-06-29T14:44:05.014+0000] {taskinstance.py:1225} INFO - Marking task as UP_FOR_RETRY. dag_id=gold_price_pipeline, task_id=run_dbt_models, run_id=scheduled__2026-06-29T13:00:00+00:00, execution_date=20260629T130000, start_date=20260629T143741, end_date=20260629T144405
[2026-06-29T14:44:05.031+0000] {taskinstance.py:340} INFO - ::group::Post task execution logs
[2026-06-29T14:44:05.078+0000] {process_utils.py:80} INFO - Process psutil.Process(pid=1002, status='terminated', started='14:37:41') (1002) terminated with exit code None
[2026-06-29T14:44:05.080+0000] {process_utils.py:80} INFO - Process psutil.Process(pid=1003, status='terminated', started='14:37:41') (1003) terminated with exit code None
[2026-06-29T14:44:05.081+0000] {process_utils.py:80} INFO - Process psutil.Process(pid=1013, status='terminated', started='14:37:45') (1013) terminated with exit code None
[2026-06-29T14:44:05.082+0000] {process_utils.py:80} INFO - Process psutil.Process(pid=1000, status='terminated', exitcode=2, started='14:37:41') (1000) terminated with exit code 2
