[2026-06-29T19:15:07.204+0000] {local_task_job_runner.py:123} INFO - ::group::Pre task execution logs
[2026-06-29T19:15:07.225+0000] {taskinstance.py:2603} INFO - Dependencies all met for dep_context=non-requeueable deps ti=<TaskInstance: gold_price_pipeline.run_kafka_consumer manual__2026-06-29T19:09:43.806261+00:00 [queued]>
[2026-06-29T19:15:07.239+0000] {taskinstance.py:2603} INFO - Dependencies all met for dep_context=requeueable deps ti=<TaskInstance: gold_price_pipeline.run_kafka_consumer manual__2026-06-29T19:09:43.806261+00:00 [queued]>
[2026-06-29T19:15:07.240+0000] {taskinstance.py:2856} INFO - Starting attempt 1 of 3
[2026-06-29T19:15:07.256+0000] {taskinstance.py:2879} INFO - Executing <Task(BashOperator): run_kafka_consumer> on 2026-06-29 19:09:43.806261+00:00
[2026-06-29T19:15:07.264+0000] {logging_mixin.py:190} WARNING - /home/***/.local/lib/python3.12/site-packages/***/task/task_runner/standard_task_runner.py:70 DeprecationWarning: This process (pid=181) is multi-threaded, use of fork() may lead to deadlocks in the child.
[2026-06-29T19:15:07.264+0000] {standard_task_runner.py:104} INFO - Running: ['***', 'tasks', 'run', 'gold_price_pipeline', 'run_kafka_consumer', 'manual__2026-06-29T19:09:43.806261+00:00', '--job-id', '17', '--raw', '--subdir', 'DAGS_FOLDER/gold_pipeline.py', '--cfg-path', '/tmp/tmp_hs3dr8b']
[2026-06-29T19:15:07.267+0000] {standard_task_runner.py:72} INFO - Started process 182 to run task
[2026-06-29T19:15:07.267+0000] {standard_task_runner.py:105} INFO - Job 17: Subtask run_kafka_consumer
[2026-06-29T19:15:07.346+0000] {task_command.py:467} INFO - Running <TaskInstance: gold_price_pipeline.run_kafka_consumer manual__2026-06-29T19:09:43.806261+00:00 [running]> on host 64c35aa3f581
[2026-06-29T19:15:07.456+0000] {taskinstance.py:3122} INFO - Exporting env vars: AIRFLOW_CTX_DAG_OWNER='Sayed' AIRFLOW_CTX_DAG_ID='gold_price_pipeline' AIRFLOW_CTX_TASK_ID='run_kafka_consumer' AIRFLOW_CTX_EXECUTION_DATE='2026-06-29T19:09:43.806261+00:00' AIRFLOW_CTX_TRY_NUMBER='1' AIRFLOW_CTX_DAG_RUN_ID='manual__2026-06-29T19:09:43.806261+00:00'
[2026-06-29T19:15:07.458+0000] {taskinstance.py:731} INFO - ::endgroup::
[2026-06-29T19:15:07.478+0000] {subprocess.py:63} INFO - Tmp dir root location: /tmp
[2026-06-29T19:15:07.481+0000] {subprocess.py:75} INFO - Running command: ['/usr/bin/bash', '-c', '\n        python /opt/***/kafka/Consumer.py\n        ']
[2026-06-29T19:15:07.492+0000] {subprocess.py:86} INFO - Output:
[2026-06-29T19:15:09.021+0000] {subprocess.py:93} INFO - /opt/***/kafka/Consumer.py:38: DeprecationWarning: value_deserializer does not implement kafka.serializer.Deserializer
[2026-06-29T19:15:09.022+0000] {subprocess.py:93} INFO -   consumer = KafkaConsumer(
[2026-06-29T19:15:12.136+0000] {subprocess.py:93} INFO - /opt/***/kafka/Consumer.py:56: DeprecationWarning: datetime.datetime.utcnow() is deprecated and scheduled for removal in a future version. Use timezone-aware objects to represent datetimes in UTC: datetime.datetime.now(datetime.UTC).
[2026-06-29T19:15:12.138+0000] {subprocess.py:93} INFO -   timestamp = datetime.datetime.utcnow().strftime("%Y%m%d_%H%M%S")
[2026-06-29T19:15:13.672+0000] {subprocess.py:93} INFO - Connected To Azure Data Lake
[2026-06-29T19:15:13.673+0000] {subprocess.py:93} INFO - Waiting For Kafka Message...
[2026-06-29T19:15:13.674+0000] {subprocess.py:93} INFO - Uploaded -> stream_data/gold_price_20260629_191512.json
[2026-06-29T19:15:13.675+0000] {subprocess.py:93} INFO - Consumer Finished Successfully
[2026-06-29T19:15:13.785+0000] {subprocess.py:97} INFO - Command exited with return code 0
[2026-06-29T19:15:13.814+0000] {taskinstance.py:340} INFO - ::group::Post task execution logs
[2026-06-29T19:15:13.815+0000] {taskinstance.py:352} INFO - Marking task as SUCCESS. dag_id=gold_price_pipeline, task_id=run_kafka_consumer, run_id=manual__2026-06-29T19:09:43.806261+00:00, execution_date=20260629T190943, start_date=20260629T191507, end_date=20260629T191513
[2026-06-29T19:15:13.841+0000] {local_task_job_runner.py:261} INFO - Task exited with return code 0
[2026-06-29T19:15:13.866+0000] {taskinstance.py:3891} INFO - 1 downstream tasks scheduled from follow-on schedule check
[2026-06-29T19:15:13.869+0000] {local_task_job_runner.py:240} INFO - ::endgroup::
