[2026-06-29T15:54:59.861+0000] {local_task_job_runner.py:123} INFO - ::group::Pre task execution logs
[2026-06-29T15:54:59.900+0000] {taskinstance.py:2603} INFO - Dependencies all met for dep_context=non-requeueable deps ti=<TaskInstance: gold_price_pipeline.run_kafka_producer manual__2026-06-29T15:54:57.533642+00:00 [queued]>
[2026-06-29T15:54:59.916+0000] {taskinstance.py:2603} INFO - Dependencies all met for dep_context=requeueable deps ti=<TaskInstance: gold_price_pipeline.run_kafka_producer manual__2026-06-29T15:54:57.533642+00:00 [queued]>
[2026-06-29T15:54:59.918+0000] {taskinstance.py:2856} INFO - Starting attempt 1 of 3
[2026-06-29T15:54:59.946+0000] {taskinstance.py:2879} INFO - Executing <Task(BashOperator): run_kafka_producer> on 2026-06-29 15:54:57.533642+00:00
[2026-06-29T15:54:59.960+0000] {standard_task_runner.py:104} INFO - Running: ['***', 'tasks', 'run', 'gold_price_pipeline', 'run_kafka_producer', 'manual__2026-06-29T15:54:57.533642+00:00', '--job-id', '7', '--raw', '--subdir', 'DAGS_FOLDER/gold_pipeline.py', '--cfg-path', '/tmp/tmpsu1vbpjw']
[2026-06-29T15:54:59.963+0000] {logging_mixin.py:190} WARNING - /home/***/.local/lib/python3.12/site-packages/***/task/task_runner/standard_task_runner.py:70 DeprecationWarning: This process (pid=801) is multi-threaded, use of fork() may lead to deadlocks in the child.
[2026-06-29T15:54:59.965+0000] {standard_task_runner.py:105} INFO - Job 7: Subtask run_kafka_producer
[2026-06-29T15:54:59.966+0000] {standard_task_runner.py:72} INFO - Started process 802 to run task
[2026-06-29T15:55:05.149+0000] {task_command.py:467} INFO - Running <TaskInstance: gold_price_pipeline.run_kafka_producer manual__2026-06-29T15:54:57.533642+00:00 [running]> on host ef940326903e
[2026-06-29T15:55:05.528+0000] {taskinstance.py:3122} INFO - Exporting env vars: AIRFLOW_CTX_DAG_OWNER='Sayed' AIRFLOW_CTX_DAG_ID='gold_price_pipeline' AIRFLOW_CTX_TASK_ID='run_kafka_producer' AIRFLOW_CTX_EXECUTION_DATE='2026-06-29T15:54:57.533642+00:00' AIRFLOW_CTX_TRY_NUMBER='1' AIRFLOW_CTX_DAG_RUN_ID='manual__2026-06-29T15:54:57.533642+00:00'
[2026-06-29T15:55:05.534+0000] {taskinstance.py:731} INFO - ::endgroup::
[2026-06-29T15:55:05.578+0000] {subprocess.py:63} INFO - Tmp dir root location: /tmp
[2026-06-29T15:55:05.581+0000] {subprocess.py:75} INFO - Running command: ['/usr/bin/bash', '-c', '\n        python /opt/***/kafka/Producer.py\n        ']
[2026-06-29T15:55:05.607+0000] {subprocess.py:86} INFO - Output:
[2026-06-29T15:55:07.900+0000] {subprocess.py:93} INFO - ========== GOLD PRODUCER ==========
[2026-06-29T15:55:07.904+0000] {subprocess.py:93} INFO - Connected to Kafka
[2026-06-29T15:55:07.906+0000] {subprocess.py:93} INFO - Message sent Successfully
[2026-06-29T15:55:08.052+0000] {subprocess.py:97} INFO - Command exited with return code 0
[2026-06-29T15:55:08.171+0000] {taskinstance.py:340} INFO - ::group::Post task execution logs
[2026-06-29T15:55:08.174+0000] {taskinstance.py:352} INFO - Marking task as SUCCESS. dag_id=gold_price_pipeline, task_id=run_kafka_producer, run_id=manual__2026-06-29T15:54:57.533642+00:00, execution_date=20260629T155457, start_date=20260629T155459, end_date=20260629T155508
[2026-06-29T15:55:08.367+0000] {local_task_job_runner.py:261} INFO - Task exited with return code 0
[2026-06-29T15:55:08.487+0000] {taskinstance.py:3891} INFO - 1 downstream tasks scheduled from follow-on schedule check
[2026-06-29T15:55:08.493+0000] {local_task_job_runner.py:240} INFO - ::endgroup::
