[2026-06-29T19:07:12.960+0000] {local_task_job_runner.py:123} INFO - ::group::Pre task execution logs
[2026-06-29T19:07:12.982+0000] {taskinstance.py:2603} INFO - Dependencies all met for dep_context=non-requeueable deps ti=<TaskInstance: gold_price_pipeline.run_spark_etl scheduled__2026-06-29T18:00:00+00:00 [queued]>
[2026-06-29T19:07:12.994+0000] {taskinstance.py:2603} INFO - Dependencies all met for dep_context=requeueable deps ti=<TaskInstance: gold_price_pipeline.run_spark_etl scheduled__2026-06-29T18:00:00+00:00 [queued]>
[2026-06-29T19:07:12.995+0000] {taskinstance.py:2856} INFO - Starting attempt 3 of 3
[2026-06-29T19:07:13.011+0000] {taskinstance.py:2879} INFO - Executing <Task(BashOperator): run_spark_etl> on 2026-06-29 18:00:00+00:00
[2026-06-29T19:07:13.021+0000] {logging_mixin.py:190} WARNING - /home/***/.local/lib/python3.12/site-packages/***/task/task_runner/standard_task_runner.py:70 DeprecationWarning: This process (pid=1241) is multi-threaded, use of fork() may lead to deadlocks in the child.
[2026-06-29T19:07:13.020+0000] {standard_task_runner.py:104} INFO - Running: ['***', 'tasks', 'run', 'gold_price_pipeline', 'run_spark_etl', 'scheduled__2026-06-29T18:00:00+00:00', '--job-id', '11', '--raw', '--subdir', 'DAGS_FOLDER/gold_pipeline.py', '--cfg-path', '/tmp/tmpk3fqb4xs']
[2026-06-29T19:07:13.023+0000] {standard_task_runner.py:72} INFO - Started process 1242 to run task
[2026-06-29T19:07:13.023+0000] {standard_task_runner.py:105} INFO - Job 11: Subtask run_spark_etl
[2026-06-29T19:07:13.107+0000] {task_command.py:467} INFO - Running <TaskInstance: gold_price_pipeline.run_spark_etl scheduled__2026-06-29T18:00:00+00:00 [running]> on host 64c35aa3f581
[2026-06-29T19:07:13.195+0000] {taskinstance.py:3122} INFO - Exporting env vars: AIRFLOW_CTX_DAG_OWNER='Sayed' AIRFLOW_CTX_DAG_ID='gold_price_pipeline' AIRFLOW_CTX_TASK_ID='run_spark_etl' AIRFLOW_CTX_EXECUTION_DATE='2026-06-29T18:00:00+00:00' AIRFLOW_CTX_TRY_NUMBER='3' AIRFLOW_CTX_DAG_RUN_ID='scheduled__2026-06-29T18:00:00+00:00'
[2026-06-29T19:07:13.197+0000] {taskinstance.py:731} INFO - ::endgroup::
[2026-06-29T19:07:13.218+0000] {subprocess.py:63} INFO - Tmp dir root location: /tmp
[2026-06-29T19:07:13.220+0000] {subprocess.py:75} INFO - Running command: ['/usr/bin/bash', '-c', '\n    /opt/spark/bin/spark-submit     --master spark://spark-master:7077     /opt/***/pyspark_processing/sss.py\n    ']
[2026-06-29T19:07:13.233+0000] {subprocess.py:86} INFO - Output:
[2026-06-29T19:07:21.258+0000] {subprocess.py:93} INFO - 26/06/29 19:07:21 INFO SparkContext: Running Spark version 3.5.1
[2026-06-29T19:07:21.261+0000] {subprocess.py:93} INFO - 26/06/29 19:07:21 INFO SparkContext: OS info Linux, 6.18.33.2-microsoft-standard-WSL2, amd64
[2026-06-29T19:07:21.262+0000] {subprocess.py:93} INFO - 26/06/29 19:07:21 INFO SparkContext: Java version 17.0.19
[2026-06-29T19:07:21.314+0000] {subprocess.py:93} INFO - 26/06/29 19:07:21 WARN NativeCodeLoader: Unable to load native-hadoop library for your platform... using builtin-java classes where applicable
[2026-06-29T19:07:21.399+0000] {subprocess.py:93} INFO - 26/06/29 19:07:21 INFO ResourceUtils: ==============================================================
[2026-06-29T19:07:21.401+0000] {subprocess.py:93} INFO - 26/06/29 19:07:21 INFO ResourceUtils: No custom resources configured for spark.driver.
[2026-06-29T19:07:21.402+0000] {subprocess.py:93} INFO - 26/06/29 19:07:21 INFO ResourceUtils: ==============================================================
[2026-06-29T19:07:21.403+0000] {subprocess.py:93} INFO - 26/06/29 19:07:21 INFO SparkContext: Submitted application: GoldPriceETL
[2026-06-29T19:07:21.418+0000] {subprocess.py:93} INFO - 26/06/29 19:07:21 INFO ResourceProfile: Default ResourceProfile created, executor resources: Map(memory -> name: memory, amount: 1024, script: , vendor: , offHeap -> name: offHeap, amount: 0, script: , vendor: ), task resources: Map(cpus -> name: cpus, amount: 1.0)
[2026-06-29T19:07:21.424+0000] {subprocess.py:93} INFO - 26/06/29 19:07:21 INFO ResourceProfile: Limiting resource is cpu
[2026-06-29T19:07:21.426+0000] {subprocess.py:93} INFO - 26/06/29 19:07:21 INFO ResourceProfileManager: Added ResourceProfile id: 0
[2026-06-29T19:07:21.473+0000] {subprocess.py:93} INFO - 26/06/29 19:07:21 INFO SecurityManager: Changing view acls to: ***
[2026-06-29T19:07:21.475+0000] {subprocess.py:93} INFO - 26/06/29 19:07:21 INFO SecurityManager: Changing modify acls to: ***
[2026-06-29T19:07:21.476+0000] {subprocess.py:93} INFO - 26/06/29 19:07:21 INFO SecurityManager: Changing view acls groups to:
[2026-06-29T19:07:21.477+0000] {subprocess.py:93} INFO - 26/06/29 19:07:21 INFO SecurityManager: Changing modify acls groups to:
[2026-06-29T19:07:21.478+0000] {subprocess.py:93} INFO - 26/06/29 19:07:21 INFO SecurityManager: SecurityManager: authentication disabled; ui acls disabled; users with view permissions: ***; groups with view permissions: EMPTY; users with modify permissions: ***; groups with modify permissions: EMPTY
[2026-06-29T19:07:21.698+0000] {subprocess.py:93} INFO - 26/06/29 19:07:21 INFO Utils: Successfully started service 'sparkDriver' on port 41893.
[2026-06-29T19:07:21.736+0000] {subprocess.py:93} INFO - 26/06/29 19:07:21 INFO SparkEnv: Registering MapOutputTracker
[2026-06-29T19:07:21.780+0000] {subprocess.py:93} INFO - 26/06/29 19:07:21 INFO SparkEnv: Registering BlockManagerMaster
[2026-06-29T19:07:21.803+0000] {subprocess.py:93} INFO - 26/06/29 19:07:21 INFO BlockManagerMasterEndpoint: Using org.apache.spark.storage.DefaultTopologyMapper for getting topology information
[2026-06-29T19:07:21.804+0000] {subprocess.py:93} INFO - 26/06/29 19:07:21 INFO BlockManagerMasterEndpoint: BlockManagerMasterEndpoint up
[2026-06-29T19:07:21.809+0000] {subprocess.py:93} INFO - 26/06/29 19:07:21 INFO SparkEnv: Registering BlockManagerMasterHeartbeat
[2026-06-29T19:07:21.834+0000] {subprocess.py:93} INFO - 26/06/29 19:07:21 INFO DiskBlockManager: Created local directory at /tmp/blockmgr-1caa5069-6470-46c0-875c-adc5d57c12b2
[2026-06-29T19:07:21.851+0000] {subprocess.py:93} INFO - 26/06/29 19:07:21 INFO MemoryStore: MemoryStore started with capacity 434.4 MiB
[2026-06-29T19:07:21.870+0000] {subprocess.py:93} INFO - 26/06/29 19:07:21 INFO SparkEnv: Registering OutputCommitCoordinator
[2026-06-29T19:07:21.989+0000] {subprocess.py:93} INFO - 26/06/29 19:07:21 INFO JettyUtils: Start Jetty 0.0.0.0:4040 for SparkUI
[2026-06-29T19:07:22.039+0000] {subprocess.py:93} INFO - 26/06/29 19:07:22 INFO Utils: Successfully started service 'SparkUI' on port 4040.
[2026-06-29T19:07:22.156+0000] {subprocess.py:93} INFO - 26/06/29 19:07:22 INFO StandaloneAppClient$ClientEndpoint: Connecting to master spark://spark-master:7077...
[2026-06-29T19:07:22.203+0000] {subprocess.py:93} INFO - 26/06/29 19:07:22 INFO TransportClientFactory: Successfully created connection to spark-master/172.18.0.4:7077 after 26 ms (0 ms spent in bootstraps)
[2026-06-29T19:07:22.284+0000] {subprocess.py:93} INFO - 26/06/29 19:07:22 INFO StandaloneSchedulerBackend: Connected to Spark cluster with app ID app-20260629190722-0005
[2026-06-29T19:07:22.286+0000] {subprocess.py:93} INFO - 26/06/29 19:07:22 INFO StandaloneAppClient$ClientEndpoint: Executor added: app-20260629190722-0005/0 on worker-20260629185359-172.18.0.6-39315 (172.18.0.6:39315) with 8 core(s)
[2026-06-29T19:07:22.289+0000] {subprocess.py:93} INFO - 26/06/29 19:07:22 INFO StandaloneSchedulerBackend: Granted executor ID app-20260629190722-0005/0 on hostPort 172.18.0.6:39315 with 8 core(s), 1024.0 MiB RAM
[2026-06-29T19:07:22.296+0000] {subprocess.py:93} INFO - 26/06/29 19:07:22 INFO Utils: Successfully started service 'org.apache.spark.network.netty.NettyBlockTransferService' on port 36627.
[2026-06-29T19:07:22.297+0000] {subprocess.py:93} INFO - 26/06/29 19:07:22 INFO NettyBlockTransferService: Server created on 64c35aa3f581:36627
[2026-06-29T19:07:22.298+0000] {subprocess.py:93} INFO - 26/06/29 19:07:22 INFO BlockManager: Using org.apache.spark.storage.RandomBlockReplicationPolicy for block replication policy
[2026-06-29T19:07:22.305+0000] {subprocess.py:93} INFO - 26/06/29 19:07:22 INFO BlockManagerMaster: Registering BlockManager BlockManagerId(driver, 64c35aa3f581, 36627, None)
[2026-06-29T19:07:22.309+0000] {subprocess.py:93} INFO - 26/06/29 19:07:22 INFO BlockManagerMasterEndpoint: Registering block manager 64c35aa3f581:36627 with 434.4 MiB RAM, BlockManagerId(driver, 64c35aa3f581, 36627, None)
[2026-06-29T19:07:22.312+0000] {subprocess.py:93} INFO - 26/06/29 19:07:22 INFO BlockManagerMaster: Registered BlockManager BlockManagerId(driver, 64c35aa3f581, 36627, None)
[2026-06-29T19:07:22.314+0000] {subprocess.py:93} INFO - 26/06/29 19:07:22 INFO BlockManager: Initialized BlockManager: BlockManagerId(driver, 64c35aa3f581, 36627, None)
[2026-06-29T19:07:22.345+0000] {subprocess.py:93} INFO - 26/06/29 19:07:22 INFO StandaloneAppClient$ClientEndpoint: Executor updated: app-20260629190722-0005/0 is now RUNNING
[2026-06-29T19:07:22.573+0000] {subprocess.py:93} INFO - 26/06/29 19:07:22 INFO StandaloneSchedulerBackend: SchedulerBackend is ready for scheduling beginning after reached minRegisteredResourcesRatio: 0.0
[2026-06-29T19:07:23.006+0000] {subprocess.py:93} INFO - 26/06/29 19:07:23 INFO SharedState: Setting hive.metastore.warehouse.dir ('null') to the value of spark.sql.warehouse.dir.
[2026-06-29T19:07:23.018+0000] {subprocess.py:93} INFO - 26/06/29 19:07:23 INFO SharedState: Warehouse path is 'file:/tmp/***tmprvvyk3j8/spark-warehouse'.
[2026-06-29T19:07:25.394+0000] {subprocess.py:93} INFO - 26/06/29 19:07:25 INFO StandaloneSchedulerBackend$StandaloneDriverEndpoint: Registered executor NettyRpcEndpointRef(spark-client://Executor) (172.18.0.6:36350) with ID 0,  ResourceProfileId 0
[2026-06-29T19:07:25.855+0000] {subprocess.py:93} INFO - 26/06/29 19:07:25 INFO BlockManagerMasterEndpoint: Registering block manager 172.18.0.6:46819 with 434.4 MiB RAM, BlockManagerId(0, 172.18.0.6, 46819, None)
[2026-06-29T19:07:30.564+0000] {subprocess.py:93} INFO - 26/06/29 19:07:30 INFO InMemoryFileIndex: It took 453 ms to list leaf files for 1 paths.
[2026-06-29T19:07:30.684+0000] {subprocess.py:93} INFO - 26/06/29 19:07:30 INFO MemoryStore: Block broadcast_0 stored as values in memory (estimated size 209.0 KiB, free 434.2 MiB)
[2026-06-29T19:07:30.746+0000] {subprocess.py:93} INFO - 26/06/29 19:07:30 INFO MemoryStore: Block broadcast_0_piece0 stored as bytes in memory (estimated size 36.0 KiB, free 434.2 MiB)
[2026-06-29T19:07:30.750+0000] {subprocess.py:93} INFO - 26/06/29 19:07:30 INFO BlockManagerInfo: Added broadcast_0_piece0 in memory on 64c35aa3f581:36627 (size: 36.0 KiB, free: 434.4 MiB)
[2026-06-29T19:07:30.755+0000] {subprocess.py:93} INFO - 26/06/29 19:07:30 INFO SparkContext: Created broadcast 0 from json at NativeMethodAccessorImpl.java:0
[2026-06-29T19:07:35.809+0000] {subprocess.py:93} INFO - 26/06/29 19:07:35 INFO FileInputFormat: Total input files to process : 38
[2026-06-29T19:07:39.854+0000] {subprocess.py:93} INFO - 26/06/29 19:07:39 INFO FileInputFormat: Total input files to process : 38
[2026-06-29T19:07:40.890+0000] {subprocess.py:93} INFO - 26/06/29 19:07:40 INFO SparkContext: Starting job: json at NativeMethodAccessorImpl.java:0
[2026-06-29T19:07:40.907+0000] {subprocess.py:93} INFO - 26/06/29 19:07:40 INFO DAGScheduler: Got job 0 (json at NativeMethodAccessorImpl.java:0) with 1 output partitions
[2026-06-29T19:07:40.909+0000] {subprocess.py:93} INFO - 26/06/29 19:07:40 INFO DAGScheduler: Final stage: ResultStage 0 (json at NativeMethodAccessorImpl.java:0)
[2026-06-29T19:07:40.911+0000] {subprocess.py:93} INFO - 26/06/29 19:07:40 INFO DAGScheduler: Parents of final stage: List()
[2026-06-29T19:07:40.912+0000] {subprocess.py:93} INFO - 26/06/29 19:07:40 INFO DAGScheduler: Missing parents: List()
[2026-06-29T19:07:40.916+0000] {subprocess.py:93} INFO - 26/06/29 19:07:40 INFO DAGScheduler: Submitting ResultStage 0 (MapPartitionsRDD[2] at json at NativeMethodAccessorImpl.java:0), which has no missing parents
[2026-06-29T19:07:40.965+0000] {subprocess.py:93} INFO - 26/06/29 19:07:40 INFO MemoryStore: Block broadcast_1 stored as values in memory (estimated size 9.3 KiB, free 434.2 MiB)
[2026-06-29T19:07:40.968+0000] {subprocess.py:93} INFO - 26/06/29 19:07:40 INFO MemoryStore: Block broadcast_1_piece0 stored as bytes in memory (estimated size 5.0 KiB, free 434.1 MiB)
[2026-06-29T19:07:40.970+0000] {subprocess.py:93} INFO - 26/06/29 19:07:40 INFO BlockManagerInfo: Added broadcast_1_piece0 in memory on 64c35aa3f581:36627 (size: 5.0 KiB, free: 434.4 MiB)
[2026-06-29T19:07:40.971+0000] {subprocess.py:93} INFO - 26/06/29 19:07:40 INFO SparkContext: Created broadcast 1 from broadcast at DAGScheduler.scala:1585
[2026-06-29T19:07:40.987+0000] {subprocess.py:93} INFO - 26/06/29 19:07:40 INFO DAGScheduler: Submitting 1 missing tasks from ResultStage 0 (MapPartitionsRDD[2] at json at NativeMethodAccessorImpl.java:0) (first 15 tasks are for partitions Vector(0))
[2026-06-29T19:07:40.989+0000] {subprocess.py:93} INFO - 26/06/29 19:07:40 INFO TaskSchedulerImpl: Adding task set 0.0 with 1 tasks resource profile 0
[2026-06-29T19:07:41.023+0000] {subprocess.py:93} INFO - 26/06/29 19:07:41 INFO TaskSetManager: Starting task 0.0 in stage 0.0 (TID 0) (172.18.0.6, executor 0, partition 0, PROCESS_LOCAL, 12079 bytes)
[2026-06-29T19:07:41.405+0000] {subprocess.py:93} INFO - 26/06/29 19:07:41 INFO BlockManagerInfo: Added broadcast_1_piece0 in memory on 172.18.0.6:46819 (size: 5.0 KiB, free: 434.4 MiB)
[2026-06-29T19:07:47.791+0000] {subprocess.py:93} INFO - 26/06/29 19:07:47 INFO BlockManagerInfo: Added broadcast_0_piece0 in memory on 172.18.0.6:46819 (size: 36.0 KiB, free: 434.4 MiB)
[2026-06-29T19:07:48.592+0000] {subprocess.py:93} INFO - 26/06/29 19:07:48 INFO TaskSetManager: Finished task 0.0 in stage 0.0 (TID 0) in 7548 ms on 172.18.0.6 (executor 0) (1/1)
[2026-06-29T19:07:48.596+0000] {subprocess.py:93} INFO - 26/06/29 19:07:48 INFO TaskSchedulerImpl: Removed TaskSet 0.0, whose tasks have all completed, from pool
[2026-06-29T19:07:48.601+0000] {subprocess.py:93} INFO - 26/06/29 19:07:48 INFO DAGScheduler: ResultStage 0 (json at NativeMethodAccessorImpl.java:0) finished in 7.662 s
[2026-06-29T19:07:48.604+0000] {subprocess.py:93} INFO - 26/06/29 19:07:48 INFO DAGScheduler: Job 0 is finished. Cancelling potential speculative or zombie tasks for this job
[2026-06-29T19:07:48.605+0000] {subprocess.py:93} INFO - 26/06/29 19:07:48 INFO TaskSchedulerImpl: Killing all running tasks in stage 0: Stage finished
[2026-06-29T19:07:48.613+0000] {subprocess.py:93} INFO - 26/06/29 19:07:48 INFO DAGScheduler: Job 0 finished: json at NativeMethodAccessorImpl.java:0, took 7.722058 s
[2026-06-29T19:07:49.185+0000] {subprocess.py:93} INFO - 26/06/29 19:07:49 INFO BlockManagerInfo: Removed broadcast_1_piece0 on 64c35aa3f581:36627 in memory (size: 5.0 KiB, free: 434.4 MiB)
[2026-06-29T19:07:49.197+0000] {subprocess.py:93} INFO - 26/06/29 19:07:49 INFO BlockManagerInfo: Removed broadcast_1_piece0 on 172.18.0.6:46819 in memory (size: 5.0 KiB, free: 434.4 MiB)
[2026-06-29T19:07:49.269+0000] {subprocess.py:93} INFO - Columns:
[2026-06-29T19:07:51.316+0000] {subprocess.py:93} INFO - ['_corrupt_record']
[2026-06-29T19:07:54.330+0000] {subprocess.py:93} INFO - root
[2026-06-29T19:07:54.331+0000] {subprocess.py:93} INFO -  |-- _corrupt_record: string (nullable = true)
[2026-06-29T19:07:54.332+0000] {subprocess.py:93} INFO - 
[2026-06-29T19:07:59.133+0000] {subprocess.py:93} INFO - 26/06/29 19:07:59 INFO FileSourceStrategy: Pushed Filters:
[2026-06-29T19:07:59.135+0000] {subprocess.py:93} INFO - 26/06/29 19:07:59 INFO FileSourceStrategy: Post-Scan Filters:
[2026-06-29T19:07:59.348+0000] {subprocess.py:93} INFO - 26/06/29 19:07:59 INFO BlockManagerInfo: Removed broadcast_0_piece0 on 64c35aa3f581:36627 in memory (size: 36.0 KiB, free: 434.4 MiB)
[2026-06-29T19:07:59.354+0000] {subprocess.py:93} INFO - 26/06/29 19:07:59 INFO BlockManagerInfo: Removed broadcast_0_piece0 on 172.18.0.6:46819 in memory (size: 36.0 KiB, free: 434.4 MiB)
[2026-06-29T19:07:59.662+0000] {subprocess.py:93} INFO - 26/06/29 19:07:59 INFO CodeGenerator: Code generated in 211.251944 ms
[2026-06-29T19:07:59.666+0000] {subprocess.py:93} INFO - 26/06/29 19:07:59 INFO MemoryStore: Block broadcast_2 stored as values in memory (estimated size 205.1 KiB, free 434.2 MiB)
[2026-06-29T19:07:59.675+0000] {subprocess.py:93} INFO - 26/06/29 19:07:59 INFO MemoryStore: Block broadcast_2_piece0 stored as bytes in memory (estimated size 35.1 KiB, free 434.2 MiB)
[2026-06-29T19:07:59.676+0000] {subprocess.py:93} INFO - 26/06/29 19:07:59 INFO BlockManagerInfo: Added broadcast_2_piece0 in memory on 64c35aa3f581:36627 (size: 35.1 KiB, free: 434.4 MiB)
[2026-06-29T19:07:59.677+0000] {subprocess.py:93} INFO - 26/06/29 19:07:59 INFO SparkContext: Created broadcast 2 from showString at NativeMethodAccessorImpl.java:0
[2026-06-29T19:07:59.792+0000] {subprocess.py:93} INFO - Traceback (most recent call last):
[2026-06-29T19:07:59.794+0000] {subprocess.py:93} INFO -   File "/opt/***/pyspark_processing/sss.py", line 99, in <module>
[2026-06-29T19:07:59.796+0000] {subprocess.py:93} INFO -     stream_df.show(5, False)
[2026-06-29T19:07:59.797+0000] {subprocess.py:93} INFO -   File "/opt/spark/python/lib/pyspark.zip/pyspark/sql/dataframe.py", line 945, in show
[2026-06-29T19:07:59.799+0000] {subprocess.py:93} INFO -   File "/opt/spark/python/lib/pyspark.zip/pyspark/sql/dataframe.py", line 976, in _show_string
[2026-06-29T19:07:59.800+0000] {subprocess.py:93} INFO -   File "/opt/spark/python/lib/py4j-0.10.9.7-src.zip/py4j/java_gateway.py", line 1322, in __call__
[2026-06-29T19:07:59.800+0000] {subprocess.py:93} INFO -   File "/opt/spark/python/lib/pyspark.zip/pyspark/errors/exceptions/captured.py", line 185, in deco
[2026-06-29T19:07:59.805+0000] {subprocess.py:93} INFO - pyspark.errors.exceptions.captured.AnalysisException: Since Spark 2.3, the queries from raw JSON/CSV files are disallowed when the
[2026-06-29T19:07:59.806+0000] {subprocess.py:93} INFO - referenced columns only include the internal corrupt record column
[2026-06-29T19:07:59.807+0000] {subprocess.py:93} INFO - (named _corrupt_record by default). For example:
[2026-06-29T19:07:59.808+0000] {subprocess.py:93} INFO - spark.read.schema(schema).csv(file).filter($"_corrupt_record".isNotNull).count()
[2026-06-29T19:07:59.809+0000] {subprocess.py:93} INFO - and spark.read.schema(schema).csv(file).select("_corrupt_record").show().
[2026-06-29T19:07:59.810+0000] {subprocess.py:93} INFO - Instead, you can cache or save the parsed results and then send the same query.
[2026-06-29T19:07:59.811+0000] {subprocess.py:93} INFO - For example, val df = spark.read.schema(schema).csv(file).cache() and then
[2026-06-29T19:07:59.812+0000] {subprocess.py:93} INFO - df.filter($"_corrupt_record".isNotNull).count().
[2026-06-29T19:07:59.915+0000] {subprocess.py:93} INFO - 26/06/29 19:07:59 INFO SparkContext: Invoking stop() from shutdown hook
[2026-06-29T19:07:59.917+0000] {subprocess.py:93} INFO - 26/06/29 19:07:59 INFO SparkContext: SparkContext is stopping with exitCode 0.
[2026-06-29T19:07:59.926+0000] {subprocess.py:93} INFO - 26/06/29 19:07:59 INFO SparkUI: Stopped Spark web UI at http://64c35aa3f581:4040
[2026-06-29T19:07:59.929+0000] {subprocess.py:93} INFO - 26/06/29 19:07:59 INFO StandaloneSchedulerBackend: Shutting down all executors
[2026-06-29T19:07:59.930+0000] {subprocess.py:93} INFO - 26/06/29 19:07:59 INFO StandaloneSchedulerBackend$StandaloneDriverEndpoint: Asking each executor to shut down
[2026-06-29T19:07:59.950+0000] {subprocess.py:93} INFO - 26/06/29 19:07:59 INFO MapOutputTrackerMasterEndpoint: MapOutputTrackerMasterEndpoint stopped!
[2026-06-29T19:07:59.967+0000] {subprocess.py:93} INFO - 26/06/29 19:07:59 INFO MemoryStore: MemoryStore cleared
[2026-06-29T19:07:59.969+0000] {subprocess.py:93} INFO - 26/06/29 19:07:59 INFO BlockManager: BlockManager stopped
[2026-06-29T19:07:59.971+0000] {subprocess.py:93} INFO - 26/06/29 19:07:59 INFO BlockManagerMaster: BlockManagerMaster stopped
[2026-06-29T19:07:59.974+0000] {subprocess.py:93} INFO - 26/06/29 19:07:59 INFO OutputCommitCoordinator$OutputCommitCoordinatorEndpoint: OutputCommitCoordinator stopped!
[2026-06-29T19:08:00.013+0000] {subprocess.py:93} INFO - 26/06/29 19:08:00 INFO SparkContext: Successfully stopped SparkContext
[2026-06-29T19:08:00.015+0000] {subprocess.py:93} INFO - 26/06/29 19:08:00 INFO ShutdownHookManager: Shutdown hook called
[2026-06-29T19:08:00.015+0000] {subprocess.py:93} INFO - 26/06/29 19:08:00 INFO ShutdownHookManager: Deleting directory /tmp/spark-9788c9d3-8689-43a5-9221-532757ba4108/pyspark-e2e03a27-2649-421b-8562-cb8db0aa0d78
[2026-06-29T19:08:00.019+0000] {subprocess.py:93} INFO - 26/06/29 19:08:00 INFO ShutdownHookManager: Deleting directory /tmp/spark-8236945e-0dd3-4a57-b0cc-c68bfba5e719
[2026-06-29T19:08:00.023+0000] {subprocess.py:93} INFO - 26/06/29 19:08:00 INFO ShutdownHookManager: Deleting directory /tmp/spark-9788c9d3-8689-43a5-9221-532757ba4108
[2026-06-29T19:08:00.064+0000] {subprocess.py:97} INFO - Command exited with return code 1
[2026-06-29T19:08:00.081+0000] {taskinstance.py:3301} ERROR - Task failed with exception
Traceback (most recent call last):
  File "/home/airflow/.local/lib/python3.12/site-packages/airflow/models/taskinstance.py", line 762, in _execute_task
    result = _execute_callable(context=context, **execute_callable_kwargs)
             ^^^^^^^^^^^^^^^^^^^^^^^^^^^^^^^^^^^^^^^^^^^^^^^^^^^^^^^^^^^^^
  File "/home/airflow/.local/lib/python3.12/site-packages/airflow/models/taskinstance.py", line 733, in _execute_callable
    return ExecutionCallableRunner(
           ^^^^^^^^^^^^^^^^^^^^^^^^
  File "/home/airflow/.local/lib/python3.12/site-packages/airflow/utils/operator_helpers.py", line 252, in run
    return self.func(*args, **kwargs)
           ^^^^^^^^^^^^^^^^^^^^^^^^^^
  File "/home/airflow/.local/lib/python3.12/site-packages/airflow/models/baseoperator.py", line 406, in wrapper
    return func(self, *args, **kwargs)
           ^^^^^^^^^^^^^^^^^^^^^^^^^^^
  File "/home/airflow/.local/lib/python3.12/site-packages/airflow/operators/bash.py", line 249, in execute
    raise AirflowException(
airflow.exceptions.AirflowException: Bash command failed. The command returned a non-zero exit code 1.
[2026-06-29T19:08:00.087+0000] {taskinstance.py:1225} INFO - Marking task as FAILED. dag_id=gold_price_pipeline, task_id=run_spark_etl, run_id=scheduled__2026-06-29T18:00:00+00:00, execution_date=20260629T180000, start_date=20260629T190712, end_date=20260629T190800
[2026-06-29T19:08:00.101+0000] {taskinstance.py:340} INFO - ::group::Post task execution logs
[2026-06-29T19:08:00.102+0000] {standard_task_runner.py:124} ERROR - Failed to execute job 11 for task run_spark_etl (Bash command failed. The command returned a non-zero exit code 1.; 1242)
Traceback (most recent call last):
  File "/home/airflow/.local/lib/python3.12/site-packages/airflow/task/task_runner/standard_task_runner.py", line 117, in _start_by_fork
    ret = args.func(args, dag=self.dag)
          ^^^^^^^^^^^^^^^^^^^^^^^^^^^^^
  File "/home/airflow/.local/lib/python3.12/site-packages/airflow/cli/cli_config.py", line 49, in command
    return func(*args, **kwargs)
           ^^^^^^^^^^^^^^^^^^^^^
  File "/home/airflow/.local/lib/python3.12/site-packages/airflow/utils/cli.py", line 115, in wrapper
    return f(*args, **kwargs)
           ^^^^^^^^^^^^^^^^^^
  File "/home/airflow/.local/lib/python3.12/site-packages/airflow/cli/commands/task_command.py", line 483, in task_run
    task_return_code = _run_task_by_selected_method(args, _dag, ti)
                       ^^^^^^^^^^^^^^^^^^^^^^^^^^^^^^^^^^^^^^^^^^^^
  File "/home/airflow/.local/lib/python3.12/site-packages/airflow/cli/commands/task_command.py", line 256, in _run_task_by_selected_method
    return _run_raw_task(args, ti)
           ^^^^^^^^^^^^^^^^^^^^^^^
  File "/home/airflow/.local/lib/python3.12/site-packages/airflow/cli/commands/task_command.py", line 341, in _run_raw_task
    return ti._run_raw_task(
           ^^^^^^^^^^^^^^^^^
  File "/home/airflow/.local/lib/python3.12/site-packages/airflow/utils/session.py", line 97, in wrapper
    return func(*args, session=session, **kwargs)
           ^^^^^^^^^^^^^^^^^^^^^^^^^^^^^^^^^^^^^^
  File "/home/airflow/.local/lib/python3.12/site-packages/airflow/models/taskinstance.py", line 2995, in _run_raw_task
    return _run_raw_task(
           ^^^^^^^^^^^^^^
  File "/home/airflow/.local/lib/python3.12/site-packages/airflow/models/taskinstance.py", line 273, in _run_raw_task
    TaskInstance._execute_task_with_callbacks(
  File "/home/airflow/.local/lib/python3.12/site-packages/airflow/models/taskinstance.py", line 3149, in _execute_task_with_callbacks
    result = self._execute_task(context, task_orig)
             ^^^^^^^^^^^^^^^^^^^^^^^^^^^^^^^^^^^^^^
  File "/home/airflow/.local/lib/python3.12/site-packages/airflow/models/taskinstance.py", line 3173, in _execute_task
    return _execute_task(self, context, task_orig)
           ^^^^^^^^^^^^^^^^^^^^^^^^^^^^^^^^^^^^^^^
  File "/home/airflow/.local/lib/python3.12/site-packages/airflow/models/taskinstance.py", line 762, in _execute_task
    result = _execute_callable(context=context, **execute_callable_kwargs)
             ^^^^^^^^^^^^^^^^^^^^^^^^^^^^^^^^^^^^^^^^^^^^^^^^^^^^^^^^^^^^^
  File "/home/airflow/.local/lib/python3.12/site-packages/airflow/models/taskinstance.py", line 733, in _execute_callable
    return ExecutionCallableRunner(
           ^^^^^^^^^^^^^^^^^^^^^^^^
  File "/home/airflow/.local/lib/python3.12/site-packages/airflow/utils/operator_helpers.py", line 252, in run
    return self.func(*args, **kwargs)
           ^^^^^^^^^^^^^^^^^^^^^^^^^^
  File "/home/airflow/.local/lib/python3.12/site-packages/airflow/models/baseoperator.py", line 406, in wrapper
    return func(self, *args, **kwargs)
           ^^^^^^^^^^^^^^^^^^^^^^^^^^^
  File "/home/airflow/.local/lib/python3.12/site-packages/airflow/operators/bash.py", line 249, in execute
    raise AirflowException(
airflow.exceptions.AirflowException: Bash command failed. The command returned a non-zero exit code 1.
[2026-06-29T19:08:00.139+0000] {local_task_job_runner.py:261} INFO - Task exited with return code 1
[2026-06-29T19:08:00.161+0000] {taskinstance.py:3891} INFO - 0 downstream tasks scheduled from follow-on schedule check
[2026-06-29T19:08:00.167+0000] {local_task_job_runner.py:240} INFO - ::endgroup::
