[2026-06-29T19:02:24.385+0000] {local_task_job_runner.py:123} INFO - ::group::Pre task execution logs
[2026-06-29T19:02:24.407+0000] {taskinstance.py:2603} INFO - Dependencies all met for dep_context=non-requeueable deps ti=<TaskInstance: gold_price_pipeline.run_spark_etl scheduled__2026-06-29T18:00:00+00:00 [queued]>
[2026-06-29T19:02:24.421+0000] {taskinstance.py:2603} INFO - Dependencies all met for dep_context=requeueable deps ti=<TaskInstance: gold_price_pipeline.run_spark_etl scheduled__2026-06-29T18:00:00+00:00 [queued]>
[2026-06-29T19:02:24.422+0000] {taskinstance.py:2856} INFO - Starting attempt 1 of 3
[2026-06-29T19:02:24.437+0000] {taskinstance.py:2879} INFO - Executing <Task(BashOperator): run_spark_etl> on 2026-06-29 18:00:00+00:00
[2026-06-29T19:02:24.447+0000] {logging_mixin.py:190} WARNING - /home/***/.local/lib/python3.12/site-packages/***/task/task_runner/standard_task_runner.py:70 DeprecationWarning: This process (pid=823) is multi-threaded, use of fork() may lead to deadlocks in the child.
[2026-06-29T19:02:24.447+0000] {standard_task_runner.py:104} INFO - Running: ['***', 'tasks', 'run', 'gold_price_pipeline', 'run_spark_etl', 'scheduled__2026-06-29T18:00:00+00:00', '--job-id', '9', '--raw', '--subdir', 'DAGS_FOLDER/gold_pipeline.py', '--cfg-path', '/tmp/tmp1e7_tat8']
[2026-06-29T19:02:24.450+0000] {standard_task_runner.py:72} INFO - Started process 824 to run task
[2026-06-29T19:02:24.450+0000] {standard_task_runner.py:105} INFO - Job 9: Subtask run_spark_etl
[2026-06-29T19:02:24.526+0000] {task_command.py:467} INFO - Running <TaskInstance: gold_price_pipeline.run_spark_etl scheduled__2026-06-29T18:00:00+00:00 [running]> on host 64c35aa3f581
[2026-06-29T19:02:24.613+0000] {taskinstance.py:3122} INFO - Exporting env vars: AIRFLOW_CTX_DAG_OWNER='Sayed' AIRFLOW_CTX_DAG_ID='gold_price_pipeline' AIRFLOW_CTX_TASK_ID='run_spark_etl' AIRFLOW_CTX_EXECUTION_DATE='2026-06-29T18:00:00+00:00' AIRFLOW_CTX_TRY_NUMBER='1' AIRFLOW_CTX_DAG_RUN_ID='scheduled__2026-06-29T18:00:00+00:00'
[2026-06-29T19:02:24.615+0000] {taskinstance.py:731} INFO - ::endgroup::
[2026-06-29T19:02:24.636+0000] {subprocess.py:63} INFO - Tmp dir root location: /tmp
[2026-06-29T19:02:24.638+0000] {subprocess.py:75} INFO - Running command: ['/usr/bin/bash', '-c', '\n    /opt/spark/bin/spark-submit     --master spark://spark-master:7077     /opt/***/pyspark_processing/sss.py\n    ']
[2026-06-29T19:02:24.651+0000] {subprocess.py:86} INFO - Output:
[2026-06-29T19:02:27.327+0000] {subprocess.py:93} INFO - 26/06/29 19:02:27 INFO SparkContext: Running Spark version 3.5.1
[2026-06-29T19:02:27.330+0000] {subprocess.py:93} INFO - 26/06/29 19:02:27 INFO SparkContext: OS info Linux, 6.18.33.2-microsoft-standard-WSL2, amd64
[2026-06-29T19:02:27.331+0000] {subprocess.py:93} INFO - 26/06/29 19:02:27 INFO SparkContext: Java version 17.0.19
[2026-06-29T19:02:27.378+0000] {subprocess.py:93} INFO - 26/06/29 19:02:27 WARN NativeCodeLoader: Unable to load native-hadoop library for your platform... using builtin-java classes where applicable
[2026-06-29T19:02:27.451+0000] {subprocess.py:93} INFO - 26/06/29 19:02:27 INFO ResourceUtils: ==============================================================
[2026-06-29T19:02:27.453+0000] {subprocess.py:93} INFO - 26/06/29 19:02:27 INFO ResourceUtils: No custom resources configured for spark.driver.
[2026-06-29T19:02:27.454+0000] {subprocess.py:93} INFO - 26/06/29 19:02:27 INFO ResourceUtils: ==============================================================
[2026-06-29T19:02:27.455+0000] {subprocess.py:93} INFO - 26/06/29 19:02:27 INFO SparkContext: Submitted application: GoldPriceETL
[2026-06-29T19:02:27.472+0000] {subprocess.py:93} INFO - 26/06/29 19:02:27 INFO ResourceProfile: Default ResourceProfile created, executor resources: Map(memory -> name: memory, amount: 1024, script: , vendor: , offHeap -> name: offHeap, amount: 0, script: , vendor: ), task resources: Map(cpus -> name: cpus, amount: 1.0)
[2026-06-29T19:02:27.478+0000] {subprocess.py:93} INFO - 26/06/29 19:02:27 INFO ResourceProfile: Limiting resource is cpu
[2026-06-29T19:02:27.480+0000] {subprocess.py:93} INFO - 26/06/29 19:02:27 INFO ResourceProfileManager: Added ResourceProfile id: 0
[2026-06-29T19:02:27.524+0000] {subprocess.py:93} INFO - 26/06/29 19:02:27 INFO SecurityManager: Changing view acls to: ***
[2026-06-29T19:02:27.526+0000] {subprocess.py:93} INFO - 26/06/29 19:02:27 INFO SecurityManager: Changing modify acls to: ***
[2026-06-29T19:02:27.527+0000] {subprocess.py:93} INFO - 26/06/29 19:02:27 INFO SecurityManager: Changing view acls groups to:
[2026-06-29T19:02:27.528+0000] {subprocess.py:93} INFO - 26/06/29 19:02:27 INFO SecurityManager: Changing modify acls groups to:
[2026-06-29T19:02:27.529+0000] {subprocess.py:93} INFO - 26/06/29 19:02:27 INFO SecurityManager: SecurityManager: authentication disabled; ui acls disabled; users with view permissions: ***; groups with view permissions: EMPTY; users with modify permissions: ***; groups with modify permissions: EMPTY
[2026-06-29T19:02:27.783+0000] {subprocess.py:93} INFO - 26/06/29 19:02:27 INFO Utils: Successfully started service 'sparkDriver' on port 38351.
[2026-06-29T19:02:27.825+0000] {subprocess.py:93} INFO - 26/06/29 19:02:27 INFO SparkEnv: Registering MapOutputTracker
[2026-06-29T19:02:27.864+0000] {subprocess.py:93} INFO - 26/06/29 19:02:27 INFO SparkEnv: Registering BlockManagerMaster
[2026-06-29T19:02:27.884+0000] {subprocess.py:93} INFO - 26/06/29 19:02:27 INFO BlockManagerMasterEndpoint: Using org.apache.spark.storage.DefaultTopologyMapper for getting topology information
[2026-06-29T19:02:27.885+0000] {subprocess.py:93} INFO - 26/06/29 19:02:27 INFO BlockManagerMasterEndpoint: BlockManagerMasterEndpoint up
[2026-06-29T19:02:27.890+0000] {subprocess.py:93} INFO - 26/06/29 19:02:27 INFO SparkEnv: Registering BlockManagerMasterHeartbeat
[2026-06-29T19:02:27.911+0000] {subprocess.py:93} INFO - 26/06/29 19:02:27 INFO DiskBlockManager: Created local directory at /tmp/blockmgr-82755a9e-c4f5-4ffa-a02b-3d99c8851ce6
[2026-06-29T19:02:27.925+0000] {subprocess.py:93} INFO - 26/06/29 19:02:27 INFO MemoryStore: MemoryStore started with capacity 434.4 MiB
[2026-06-29T19:02:27.942+0000] {subprocess.py:93} INFO - 26/06/29 19:02:27 INFO SparkEnv: Registering OutputCommitCoordinator
[2026-06-29T19:02:28.048+0000] {subprocess.py:93} INFO - 26/06/29 19:02:28 INFO JettyUtils: Start Jetty 0.0.0.0:4040 for SparkUI
[2026-06-29T19:02:28.096+0000] {subprocess.py:93} INFO - 26/06/29 19:02:28 INFO Utils: Successfully started service 'SparkUI' on port 4040.
[2026-06-29T19:02:28.251+0000] {subprocess.py:93} INFO - 26/06/29 19:02:28 INFO StandaloneAppClient$ClientEndpoint: Connecting to master spark://spark-master:7077...
[2026-06-29T19:02:28.296+0000] {subprocess.py:93} INFO - 26/06/29 19:02:28 INFO TransportClientFactory: Successfully created connection to spark-master/172.18.0.4:7077 after 25 ms (0 ms spent in bootstraps)
[2026-06-29T19:02:28.384+0000] {subprocess.py:93} INFO - 26/06/29 19:02:28 INFO StandaloneSchedulerBackend: Connected to Spark cluster with app ID app-20260629190228-0003
[2026-06-29T19:02:28.389+0000] {subprocess.py:93} INFO - 26/06/29 19:02:28 INFO StandaloneAppClient$ClientEndpoint: Executor added: app-20260629190228-0003/0 on worker-20260629185359-172.18.0.6-39315 (172.18.0.6:39315) with 8 core(s)
[2026-06-29T19:02:28.391+0000] {subprocess.py:93} INFO - 26/06/29 19:02:28 INFO StandaloneSchedulerBackend: Granted executor ID app-20260629190228-0003/0 on hostPort 172.18.0.6:39315 with 8 core(s), 1024.0 MiB RAM
[2026-06-29T19:02:28.395+0000] {subprocess.py:93} INFO - 26/06/29 19:02:28 INFO Utils: Successfully started service 'org.apache.spark.network.netty.NettyBlockTransferService' on port 46225.
[2026-06-29T19:02:28.397+0000] {subprocess.py:93} INFO - 26/06/29 19:02:28 INFO NettyBlockTransferService: Server created on 64c35aa3f581:46225
[2026-06-29T19:02:28.399+0000] {subprocess.py:93} INFO - 26/06/29 19:02:28 INFO BlockManager: Using org.apache.spark.storage.RandomBlockReplicationPolicy for block replication policy
[2026-06-29T19:02:28.407+0000] {subprocess.py:93} INFO - 26/06/29 19:02:28 INFO BlockManagerMaster: Registering BlockManager BlockManagerId(driver, 64c35aa3f581, 46225, None)
[2026-06-29T19:02:28.413+0000] {subprocess.py:93} INFO - 26/06/29 19:02:28 INFO BlockManagerMasterEndpoint: Registering block manager 64c35aa3f581:46225 with 434.4 MiB RAM, BlockManagerId(driver, 64c35aa3f581, 46225, None)
[2026-06-29T19:02:28.415+0000] {subprocess.py:93} INFO - 26/06/29 19:02:28 INFO BlockManagerMaster: Registered BlockManager BlockManagerId(driver, 64c35aa3f581, 46225, None)
[2026-06-29T19:02:28.416+0000] {subprocess.py:93} INFO - 26/06/29 19:02:28 INFO BlockManager: Initialized BlockManager: BlockManagerId(driver, 64c35aa3f581, 46225, None)
[2026-06-29T19:02:28.446+0000] {subprocess.py:93} INFO - 26/06/29 19:02:28 INFO StandaloneAppClient$ClientEndpoint: Executor updated: app-20260629190228-0003/0 is now RUNNING
[2026-06-29T19:02:28.630+0000] {subprocess.py:93} INFO - 26/06/29 19:02:28 INFO StandaloneSchedulerBackend: SchedulerBackend is ready for scheduling beginning after reached minRegisteredResourcesRatio: 0.0
[2026-06-29T19:02:28.993+0000] {subprocess.py:93} INFO - 26/06/29 19:02:28 INFO SharedState: Setting hive.metastore.warehouse.dir ('null') to the value of spark.sql.warehouse.dir.
[2026-06-29T19:02:29.002+0000] {subprocess.py:93} INFO - 26/06/29 19:02:29 INFO SharedState: Warehouse path is 'file:/tmp/***tmpsmmxesi1/spark-warehouse'.
[2026-06-29T19:02:31.356+0000] {subprocess.py:93} INFO - 26/06/29 19:02:31 INFO StandaloneSchedulerBackend$StandaloneDriverEndpoint: Registered executor NettyRpcEndpointRef(spark-client://Executor) (172.18.0.6:54406) with ID 0,  ResourceProfileId 0
[2026-06-29T19:02:31.460+0000] {subprocess.py:93} INFO - 26/06/29 19:02:31 INFO BlockManagerMasterEndpoint: Registering block manager 172.18.0.6:41269 with 434.4 MiB RAM, BlockManagerId(0, 172.18.0.6, 41269, None)
[2026-06-29T19:02:32.982+0000] {subprocess.py:93} INFO - 26/06/29 19:02:32 INFO InMemoryFileIndex: It took 571 ms to list leaf files for 1 paths.
[2026-06-29T19:02:33.076+0000] {subprocess.py:93} INFO - 26/06/29 19:02:33 INFO MemoryStore: Block broadcast_0 stored as values in memory (estimated size 209.0 KiB, free 434.2 MiB)
[2026-06-29T19:02:33.326+0000] {subprocess.py:93} INFO - 26/06/29 19:02:33 INFO MemoryStore: Block broadcast_0_piece0 stored as bytes in memory (estimated size 36.0 KiB, free 434.2 MiB)
[2026-06-29T19:02:33.329+0000] {subprocess.py:93} INFO - 26/06/29 19:02:33 INFO BlockManagerInfo: Added broadcast_0_piece0 in memory on 64c35aa3f581:46225 (size: 36.0 KiB, free: 434.4 MiB)
[2026-06-29T19:02:33.334+0000] {subprocess.py:93} INFO - 26/06/29 19:02:33 INFO SparkContext: Created broadcast 0 from json at NativeMethodAccessorImpl.java:0
[2026-06-29T19:02:37.957+0000] {subprocess.py:93} INFO - 26/06/29 19:02:37 INFO FileInputFormat: Total input files to process : 38
[2026-06-29T19:02:41.514+0000] {subprocess.py:93} INFO - 26/06/29 19:02:41 INFO FileInputFormat: Total input files to process : 38
[2026-06-29T19:02:41.538+0000] {subprocess.py:93} INFO - 26/06/29 19:02:41 INFO SparkContext: Starting job: json at NativeMethodAccessorImpl.java:0
[2026-06-29T19:02:41.559+0000] {subprocess.py:93} INFO - 26/06/29 19:02:41 INFO DAGScheduler: Got job 0 (json at NativeMethodAccessorImpl.java:0) with 1 output partitions
[2026-06-29T19:02:41.561+0000] {subprocess.py:93} INFO - 26/06/29 19:02:41 INFO DAGScheduler: Final stage: ResultStage 0 (json at NativeMethodAccessorImpl.java:0)
[2026-06-29T19:02:41.606+0000] {subprocess.py:93} INFO - 26/06/29 19:02:41 INFO DAGScheduler: Parents of final stage: List()
[2026-06-29T19:02:41.608+0000] {subprocess.py:93} INFO - 26/06/29 19:02:41 INFO DAGScheduler: Missing parents: List()
[2026-06-29T19:02:41.627+0000] {subprocess.py:93} INFO - 26/06/29 19:02:41 INFO DAGScheduler: Submitting ResultStage 0 (MapPartitionsRDD[2] at json at NativeMethodAccessorImpl.java:0), which has no missing parents
[2026-06-29T19:02:41.776+0000] {subprocess.py:93} INFO - 26/06/29 19:02:41 INFO MemoryStore: Block broadcast_1 stored as values in memory (estimated size 9.3 KiB, free 434.2 MiB)
[2026-06-29T19:02:41.779+0000] {subprocess.py:93} INFO - 26/06/29 19:02:41 INFO MemoryStore: Block broadcast_1_piece0 stored as bytes in memory (estimated size 5.0 KiB, free 434.1 MiB)
[2026-06-29T19:02:41.781+0000] {subprocess.py:93} INFO - 26/06/29 19:02:41 INFO BlockManagerInfo: Added broadcast_1_piece0 in memory on 64c35aa3f581:46225 (size: 5.0 KiB, free: 434.4 MiB)
[2026-06-29T19:02:41.782+0000] {subprocess.py:93} INFO - 26/06/29 19:02:41 INFO SparkContext: Created broadcast 1 from broadcast at DAGScheduler.scala:1585
[2026-06-29T19:02:41.799+0000] {subprocess.py:93} INFO - 26/06/29 19:02:41 INFO DAGScheduler: Submitting 1 missing tasks from ResultStage 0 (MapPartitionsRDD[2] at json at NativeMethodAccessorImpl.java:0) (first 15 tasks are for partitions Vector(0))
[2026-06-29T19:02:41.800+0000] {subprocess.py:93} INFO - 26/06/29 19:02:41 INFO TaskSchedulerImpl: Adding task set 0.0 with 1 tasks resource profile 0
[2026-06-29T19:02:41.832+0000] {subprocess.py:93} INFO - 26/06/29 19:02:41 INFO TaskSetManager: Starting task 0.0 in stage 0.0 (TID 0) (172.18.0.6, executor 0, partition 0, PROCESS_LOCAL, 12079 bytes)
[2026-06-29T19:02:42.530+0000] {subprocess.py:93} INFO - 26/06/29 19:02:42 INFO BlockManagerInfo: Added broadcast_1_piece0 in memory on 172.18.0.6:41269 (size: 5.0 KiB, free: 434.4 MiB)
[2026-06-29T19:02:43.319+0000] {subprocess.py:93} INFO - 26/06/29 19:02:43 INFO BlockManagerInfo: Added broadcast_0_piece0 in memory on 172.18.0.6:41269 (size: 36.0 KiB, free: 434.4 MiB)
[2026-06-29T19:02:49.607+0000] {subprocess.py:93} INFO - 26/06/29 19:02:49 INFO TaskSetManager: Finished task 0.0 in stage 0.0 (TID 0) in 7787 ms on 172.18.0.6 (executor 0) (1/1)
[2026-06-29T19:02:49.610+0000] {subprocess.py:93} INFO - 26/06/29 19:02:49 INFO TaskSchedulerImpl: Removed TaskSet 0.0, whose tasks have all completed, from pool
[2026-06-29T19:02:49.615+0000] {subprocess.py:93} INFO - 26/06/29 19:02:49 INFO DAGScheduler: ResultStage 0 (json at NativeMethodAccessorImpl.java:0) finished in 7.942 s
[2026-06-29T19:02:49.619+0000] {subprocess.py:93} INFO - 26/06/29 19:02:49 INFO DAGScheduler: Job 0 is finished. Cancelling potential speculative or zombie tasks for this job
[2026-06-29T19:02:49.620+0000] {subprocess.py:93} INFO - 26/06/29 19:02:49 INFO TaskSchedulerImpl: Killing all running tasks in stage 0: Stage finished
[2026-06-29T19:02:49.626+0000] {subprocess.py:93} INFO - 26/06/29 19:02:49 INFO DAGScheduler: Job 0 finished: json at NativeMethodAccessorImpl.java:0, took 8.087519 s
[2026-06-29T19:02:50.530+0000] {subprocess.py:93} INFO - 26/06/29 19:02:50 INFO BlockManagerInfo: Removed broadcast_1_piece0 on 64c35aa3f581:46225 in memory (size: 5.0 KiB, free: 434.4 MiB)
[2026-06-29T19:02:50.549+0000] {subprocess.py:93} INFO - 26/06/29 19:02:50 INFO BlockManagerInfo: Removed broadcast_1_piece0 on 172.18.0.6:41269 in memory (size: 5.0 KiB, free: 434.4 MiB)
[2026-06-29T19:02:51.002+0000] {subprocess.py:93} INFO - Traceback (most recent call last):
[2026-06-29T19:02:51.003+0000] {subprocess.py:93} INFO -   File "/opt/***/pyspark_processing/sss.py", line 103, in <module>
[2026-06-29T19:02:51.005+0000] {subprocess.py:93} INFO -     .withColumn(
[2026-06-29T19:02:51.006+0000] {subprocess.py:93} INFO -      ^^^^^^^^^^^
[2026-06-29T19:02:51.007+0000] {subprocess.py:93} INFO -   File "/opt/spark/python/lib/pyspark.zip/pyspark/sql/dataframe.py", line 5174, in withColumn
[2026-06-29T19:02:51.008+0000] {subprocess.py:93} INFO -   File "/opt/spark/python/lib/py4j-0.10.9.7-src.zip/py4j/java_gateway.py", line 1322, in __call__
[2026-06-29T19:02:51.009+0000] {subprocess.py:93} INFO -   File "/opt/spark/python/lib/pyspark.zip/pyspark/errors/exceptions/captured.py", line 185, in deco
[2026-06-29T19:02:51.014+0000] {subprocess.py:93} INFO - pyspark.errors.exceptions.captured.AnalysisException: [UNRESOLVED_COLUMN.WITH_SUGGESTION] A column or function parameter with name `updatedAt` cannot be resolved. Did you mean one of the following? [`_corrupt_record`].;
[2026-06-29T19:02:51.015+0000] {subprocess.py:93} INFO - 'Project [_corrupt_record#0, to_date('updatedAt, None, Some(Etc/UTC), false) AS event_date#3]
[2026-06-29T19:02:51.016+0000] {subprocess.py:93} INFO - +- Relation [_corrupt_record#0] json
[2026-06-29T19:02:51.017+0000] {subprocess.py:93} INFO - 
[2026-06-29T19:02:51.082+0000] {subprocess.py:93} INFO - 26/06/29 19:02:51 INFO SparkContext: Invoking stop() from shutdown hook
[2026-06-29T19:02:51.083+0000] {subprocess.py:93} INFO - 26/06/29 19:02:51 INFO SparkContext: SparkContext is stopping with exitCode 0.
[2026-06-29T19:02:51.094+0000] {subprocess.py:93} INFO - 26/06/29 19:02:51 INFO SparkUI: Stopped Spark web UI at http://64c35aa3f581:4040
[2026-06-29T19:02:51.098+0000] {subprocess.py:93} INFO - 26/06/29 19:02:51 INFO StandaloneSchedulerBackend: Shutting down all executors
[2026-06-29T19:02:51.100+0000] {subprocess.py:93} INFO - 26/06/29 19:02:51 INFO StandaloneSchedulerBackend$StandaloneDriverEndpoint: Asking each executor to shut down
[2026-06-29T19:02:51.125+0000] {subprocess.py:93} INFO - 26/06/29 19:02:51 INFO MapOutputTrackerMasterEndpoint: MapOutputTrackerMasterEndpoint stopped!
[2026-06-29T19:02:51.169+0000] {subprocess.py:93} INFO - 26/06/29 19:02:51 INFO MemoryStore: MemoryStore cleared
[2026-06-29T19:02:51.176+0000] {subprocess.py:93} INFO - 26/06/29 19:02:51 INFO BlockManager: BlockManager stopped
[2026-06-29T19:02:51.178+0000] {subprocess.py:93} INFO - 26/06/29 19:02:51 INFO BlockManagerMaster: BlockManagerMaster stopped
[2026-06-29T19:02:51.181+0000] {subprocess.py:93} INFO - 26/06/29 19:02:51 INFO OutputCommitCoordinator$OutputCommitCoordinatorEndpoint: OutputCommitCoordinator stopped!
[2026-06-29T19:02:51.201+0000] {subprocess.py:93} INFO - 26/06/29 19:02:51 INFO SparkContext: Successfully stopped SparkContext
[2026-06-29T19:02:51.203+0000] {subprocess.py:93} INFO - 26/06/29 19:02:51 INFO ShutdownHookManager: Shutdown hook called
[2026-06-29T19:02:51.207+0000] {subprocess.py:93} INFO - 26/06/29 19:02:51 INFO ShutdownHookManager: Deleting directory /tmp/spark-3f832e07-8e09-48ba-9841-118d12655d85/pyspark-1e54b9eb-b80a-4f29-95bd-4ecc676b4ffc
[2026-06-29T19:02:51.212+0000] {subprocess.py:93} INFO - 26/06/29 19:02:51 INFO ShutdownHookManager: Deleting directory /tmp/spark-3f832e07-8e09-48ba-9841-118d12655d85
[2026-06-29T19:02:51.220+0000] {subprocess.py:93} INFO - 26/06/29 19:02:51 INFO ShutdownHookManager: Deleting directory /tmp/spark-2121f95f-dd8e-474e-87c5-aceb221e442f
[2026-06-29T19:02:51.278+0000] {subprocess.py:97} INFO - Command exited with return code 1
[2026-06-29T19:02:51.292+0000] {taskinstance.py:3301} ERROR - Task failed with exception
Traceback (most recent call last):
  File "/home/airflow/.local/lib/python3.12/site-packages/airflow/models/taskinstance.py", line 762, in _execute_task
    result = _execute_callable(context=context, **execute_callable_kwargs)
             ^^^^^^^^^^^^^^^^^^^^^^^^^^^^^^^^^^^^^^^^^^^^^^^^^^^^^^^^^^^^^
  File "/home/airflow/.local/lib/python3.12/site-packages/airflow/models/taskinstance.py", line 733, in _execute_callable
    return ExecutionCallableRunner(
           ^^^^^^^^^^^^^^^^^^^^^^^^
  File "/home/airflow/.local/lib/python3.12/site-packages/airflow/utils/operator_helpers.py", line 252, in run
    return self.func(*args, **kwargs)
           ^^^^^^^^^^^^^^^^^^^^^^^^^^
  File "/home/airflow/.local/lib/python3.12/site-packages/airflow/models/baseoperator.py", line 406, in wrapper
    return func(self, *args, **kwargs)
           ^^^^^^^^^^^^^^^^^^^^^^^^^^^
  File "/home/airflow/.local/lib/python3.12/site-packages/airflow/operators/bash.py", line 249, in execute
    raise AirflowException(
airflow.exceptions.AirflowException: Bash command failed. The command returned a non-zero exit code 1.
[2026-06-29T19:02:51.301+0000] {taskinstance.py:1225} INFO - Marking task as UP_FOR_RETRY. dag_id=gold_price_pipeline, task_id=run_spark_etl, run_id=scheduled__2026-06-29T18:00:00+00:00, execution_date=20260629T180000, start_date=20260629T190224, end_date=20260629T190251
[2026-06-29T19:02:51.321+0000] {taskinstance.py:340} INFO - ::group::Post task execution logs
[2026-06-29T19:02:51.322+0000] {standard_task_runner.py:124} ERROR - Failed to execute job 9 for task run_spark_etl (Bash command failed. The command returned a non-zero exit code 1.; 824)
Traceback (most recent call last):
  File "/home/airflow/.local/lib/python3.12/site-packages/airflow/task/task_runner/standard_task_runner.py", line 117, in _start_by_fork
    ret = args.func(args, dag=self.dag)
          ^^^^^^^^^^^^^^^^^^^^^^^^^^^^^
  File "/home/airflow/.local/lib/python3.12/site-packages/airflow/cli/cli_config.py", line 49, in command
    return func(*args, **kwargs)
           ^^^^^^^^^^^^^^^^^^^^^
  File "/home/airflow/.local/lib/python3.12/site-packages/airflow/utils/cli.py", line 115, in wrapper
    return f(*args, **kwargs)
           ^^^^^^^^^^^^^^^^^^
  File "/home/airflow/.local/lib/python3.12/site-packages/airflow/cli/commands/task_command.py", line 483, in task_run
    task_return_code = _run_task_by_selected_method(args, _dag, ti)
                       ^^^^^^^^^^^^^^^^^^^^^^^^^^^^^^^^^^^^^^^^^^^^
  File "/home/airflow/.local/lib/python3.12/site-packages/airflow/cli/commands/task_command.py", line 256, in _run_task_by_selected_method
    return _run_raw_task(args, ti)
           ^^^^^^^^^^^^^^^^^^^^^^^
  File "/home/airflow/.local/lib/python3.12/site-packages/airflow/cli/commands/task_command.py", line 341, in _run_raw_task
    return ti._run_raw_task(
           ^^^^^^^^^^^^^^^^^
  File "/home/airflow/.local/lib/python3.12/site-packages/airflow/utils/session.py", line 97, in wrapper
    return func(*args, session=session, **kwargs)
           ^^^^^^^^^^^^^^^^^^^^^^^^^^^^^^^^^^^^^^
  File "/home/airflow/.local/lib/python3.12/site-packages/airflow/models/taskinstance.py", line 2995, in _run_raw_task
    return _run_raw_task(
           ^^^^^^^^^^^^^^
  File "/home/airflow/.local/lib/python3.12/site-packages/airflow/models/taskinstance.py", line 273, in _run_raw_task
    TaskInstance._execute_task_with_callbacks(
  File "/home/airflow/.local/lib/python3.12/site-packages/airflow/models/taskinstance.py", line 3149, in _execute_task_with_callbacks
    result = self._execute_task(context, task_orig)
             ^^^^^^^^^^^^^^^^^^^^^^^^^^^^^^^^^^^^^^
  File "/home/airflow/.local/lib/python3.12/site-packages/airflow/models/taskinstance.py", line 3173, in _execute_task
    return _execute_task(self, context, task_orig)
           ^^^^^^^^^^^^^^^^^^^^^^^^^^^^^^^^^^^^^^^
  File "/home/airflow/.local/lib/python3.12/site-packages/airflow/models/taskinstance.py", line 762, in _execute_task
    result = _execute_callable(context=context, **execute_callable_kwargs)
             ^^^^^^^^^^^^^^^^^^^^^^^^^^^^^^^^^^^^^^^^^^^^^^^^^^^^^^^^^^^^^
  File "/home/airflow/.local/lib/python3.12/site-packages/airflow/models/taskinstance.py", line 733, in _execute_callable
    return ExecutionCallableRunner(
           ^^^^^^^^^^^^^^^^^^^^^^^^
  File "/home/airflow/.local/lib/python3.12/site-packages/airflow/utils/operator_helpers.py", line 252, in run
    return self.func(*args, **kwargs)
           ^^^^^^^^^^^^^^^^^^^^^^^^^^
  File "/home/airflow/.local/lib/python3.12/site-packages/airflow/models/baseoperator.py", line 406, in wrapper
    return func(self, *args, **kwargs)
           ^^^^^^^^^^^^^^^^^^^^^^^^^^^
  File "/home/airflow/.local/lib/python3.12/site-packages/airflow/operators/bash.py", line 249, in execute
    raise AirflowException(
airflow.exceptions.AirflowException: Bash command failed. The command returned a non-zero exit code 1.
[2026-06-29T19:02:51.370+0000] {local_task_job_runner.py:261} INFO - Task exited with return code 1
[2026-06-29T19:02:51.401+0000] {taskinstance.py:3891} INFO - 0 downstream tasks scheduled from follow-on schedule check
[2026-06-29T19:02:51.405+0000] {local_task_job_runner.py:240} INFO - ::endgroup::
