[2026-06-29T19:04:52.491+0000] {local_task_job_runner.py:123} INFO - ::group::Pre task execution logs
[2026-06-29T19:04:52.515+0000] {taskinstance.py:2603} INFO - Dependencies all met for dep_context=non-requeueable deps ti=<TaskInstance: gold_price_pipeline.run_spark_etl scheduled__2026-06-29T18:00:00+00:00 [queued]>
[2026-06-29T19:04:52.528+0000] {taskinstance.py:2603} INFO - Dependencies all met for dep_context=requeueable deps ti=<TaskInstance: gold_price_pipeline.run_spark_etl scheduled__2026-06-29T18:00:00+00:00 [queued]>
[2026-06-29T19:04:52.530+0000] {taskinstance.py:2856} INFO - Starting attempt 2 of 3
[2026-06-29T19:04:52.548+0000] {taskinstance.py:2879} INFO - Executing <Task(BashOperator): run_spark_etl> on 2026-06-29 18:00:00+00:00
[2026-06-29T19:04:52.561+0000] {logging_mixin.py:190} WARNING - /home/***/.local/lib/python3.12/site-packages/***/task/task_runner/standard_task_runner.py:70 DeprecationWarning: This process (pid=1031) is multi-threaded, use of fork() may lead to deadlocks in the child.
[2026-06-29T19:04:52.559+0000] {standard_task_runner.py:104} INFO - Running: ['***', 'tasks', 'run', 'gold_price_pipeline', 'run_spark_etl', 'scheduled__2026-06-29T18:00:00+00:00', '--job-id', '10', '--raw', '--subdir', 'DAGS_FOLDER/gold_pipeline.py', '--cfg-path', '/tmp/tmp2twnjfnu']
[2026-06-29T19:04:52.563+0000] {standard_task_runner.py:72} INFO - Started process 1032 to run task
[2026-06-29T19:04:52.564+0000] {standard_task_runner.py:105} INFO - Job 10: Subtask run_spark_etl
[2026-06-29T19:04:52.856+0000] {task_command.py:467} INFO - Running <TaskInstance: gold_price_pipeline.run_spark_etl scheduled__2026-06-29T18:00:00+00:00 [running]> on host 64c35aa3f581
[2026-06-29T19:04:52.954+0000] {taskinstance.py:3122} INFO - Exporting env vars: AIRFLOW_CTX_DAG_OWNER='Sayed' AIRFLOW_CTX_DAG_ID='gold_price_pipeline' AIRFLOW_CTX_TASK_ID='run_spark_etl' AIRFLOW_CTX_EXECUTION_DATE='2026-06-29T18:00:00+00:00' AIRFLOW_CTX_TRY_NUMBER='2' AIRFLOW_CTX_DAG_RUN_ID='scheduled__2026-06-29T18:00:00+00:00'
[2026-06-29T19:04:52.956+0000] {taskinstance.py:731} INFO - ::endgroup::
[2026-06-29T19:04:52.977+0000] {subprocess.py:63} INFO - Tmp dir root location: /tmp
[2026-06-29T19:04:52.980+0000] {subprocess.py:75} INFO - Running command: ['/usr/bin/bash', '-c', '\n    /opt/spark/bin/spark-submit     --master spark://spark-master:7077     /opt/***/pyspark_processing/sss.py\n    ']
[2026-06-29T19:04:52.995+0000] {subprocess.py:86} INFO - Output:
[2026-06-29T19:04:56.035+0000] {subprocess.py:93} INFO - 26/06/29 19:04:56 INFO SparkContext: Running Spark version 3.5.1
[2026-06-29T19:04:56.037+0000] {subprocess.py:93} INFO - 26/06/29 19:04:56 INFO SparkContext: OS info Linux, 6.18.33.2-microsoft-standard-WSL2, amd64
[2026-06-29T19:04:56.039+0000] {subprocess.py:93} INFO - 26/06/29 19:04:56 INFO SparkContext: Java version 17.0.19
[2026-06-29T19:04:56.096+0000] {subprocess.py:93} INFO - 26/06/29 19:04:56 WARN NativeCodeLoader: Unable to load native-hadoop library for your platform... using builtin-java classes where applicable
[2026-06-29T19:04:56.200+0000] {subprocess.py:93} INFO - 26/06/29 19:04:56 INFO ResourceUtils: ==============================================================
[2026-06-29T19:04:56.202+0000] {subprocess.py:93} INFO - 26/06/29 19:04:56 INFO ResourceUtils: No custom resources configured for spark.driver.
[2026-06-29T19:04:56.203+0000] {subprocess.py:93} INFO - 26/06/29 19:04:56 INFO ResourceUtils: ==============================================================
[2026-06-29T19:04:56.204+0000] {subprocess.py:93} INFO - 26/06/29 19:04:56 INFO SparkContext: Submitted application: GoldPriceETL
[2026-06-29T19:04:56.229+0000] {subprocess.py:93} INFO - 26/06/29 19:04:56 INFO ResourceProfile: Default ResourceProfile created, executor resources: Map(memory -> name: memory, amount: 1024, script: , vendor: , offHeap -> name: offHeap, amount: 0, script: , vendor: ), task resources: Map(cpus -> name: cpus, amount: 1.0)
[2026-06-29T19:04:56.236+0000] {subprocess.py:93} INFO - 26/06/29 19:04:56 INFO ResourceProfile: Limiting resource is cpu
[2026-06-29T19:04:56.238+0000] {subprocess.py:93} INFO - 26/06/29 19:04:56 INFO ResourceProfileManager: Added ResourceProfile id: 0
[2026-06-29T19:04:56.285+0000] {subprocess.py:93} INFO - 26/06/29 19:04:56 INFO SecurityManager: Changing view acls to: ***
[2026-06-29T19:04:56.287+0000] {subprocess.py:93} INFO - 26/06/29 19:04:56 INFO SecurityManager: Changing modify acls to: ***
[2026-06-29T19:04:56.289+0000] {subprocess.py:93} INFO - 26/06/29 19:04:56 INFO SecurityManager: Changing view acls groups to:
[2026-06-29T19:04:56.290+0000] {subprocess.py:93} INFO - 26/06/29 19:04:56 INFO SecurityManager: Changing modify acls groups to:
[2026-06-29T19:04:56.291+0000] {subprocess.py:93} INFO - 26/06/29 19:04:56 INFO SecurityManager: SecurityManager: authentication disabled; ui acls disabled; users with view permissions: ***; groups with view permissions: EMPTY; users with modify permissions: ***; groups with modify permissions: EMPTY
[2026-06-29T19:04:56.530+0000] {subprocess.py:93} INFO - 26/06/29 19:04:56 INFO Utils: Successfully started service 'sparkDriver' on port 40567.
[2026-06-29T19:04:56.563+0000] {subprocess.py:93} INFO - 26/06/29 19:04:56 INFO SparkEnv: Registering MapOutputTracker
[2026-06-29T19:04:56.596+0000] {subprocess.py:93} INFO - 26/06/29 19:04:56 INFO SparkEnv: Registering BlockManagerMaster
[2026-06-29T19:04:56.614+0000] {subprocess.py:93} INFO - 26/06/29 19:04:56 INFO BlockManagerMasterEndpoint: Using org.apache.spark.storage.DefaultTopologyMapper for getting topology information
[2026-06-29T19:04:56.616+0000] {subprocess.py:93} INFO - 26/06/29 19:04:56 INFO BlockManagerMasterEndpoint: BlockManagerMasterEndpoint up
[2026-06-29T19:04:56.621+0000] {subprocess.py:93} INFO - 26/06/29 19:04:56 INFO SparkEnv: Registering BlockManagerMasterHeartbeat
[2026-06-29T19:04:56.641+0000] {subprocess.py:93} INFO - 26/06/29 19:04:56 INFO DiskBlockManager: Created local directory at /tmp/blockmgr-289848d6-bd81-4d38-92bb-2a7394f76631
[2026-06-29T19:04:56.655+0000] {subprocess.py:93} INFO - 26/06/29 19:04:56 INFO MemoryStore: MemoryStore started with capacity 434.4 MiB
[2026-06-29T19:04:56.675+0000] {subprocess.py:93} INFO - 26/06/29 19:04:56 INFO SparkEnv: Registering OutputCommitCoordinator
[2026-06-29T19:04:56.834+0000] {subprocess.py:93} INFO - 26/06/29 19:04:56 INFO JettyUtils: Start Jetty 0.0.0.0:4040 for SparkUI
[2026-06-29T19:04:56.923+0000] {subprocess.py:93} INFO - 26/06/29 19:04:56 INFO Utils: Successfully started service 'SparkUI' on port 4040.
[2026-06-29T19:04:57.071+0000] {subprocess.py:93} INFO - 26/06/29 19:04:57 INFO StandaloneAppClient$ClientEndpoint: Connecting to master spark://spark-master:7077...
[2026-06-29T19:04:57.143+0000] {subprocess.py:93} INFO - 26/06/29 19:04:57 INFO TransportClientFactory: Successfully created connection to spark-master/172.18.0.4:7077 after 49 ms (0 ms spent in bootstraps)
[2026-06-29T19:04:57.246+0000] {subprocess.py:93} INFO - 26/06/29 19:04:57 INFO StandaloneSchedulerBackend: Connected to Spark cluster with app ID app-20260629190457-0004
[2026-06-29T19:04:57.253+0000] {subprocess.py:93} INFO - 26/06/29 19:04:57 INFO StandaloneAppClient$ClientEndpoint: Executor added: app-20260629190457-0004/0 on worker-20260629185359-172.18.0.6-39315 (172.18.0.6:39315) with 8 core(s)
[2026-06-29T19:04:57.259+0000] {subprocess.py:93} INFO - 26/06/29 19:04:57 INFO StandaloneSchedulerBackend: Granted executor ID app-20260629190457-0004/0 on hostPort 172.18.0.6:39315 with 8 core(s), 1024.0 MiB RAM
[2026-06-29T19:04:57.265+0000] {subprocess.py:93} INFO - 26/06/29 19:04:57 INFO Utils: Successfully started service 'org.apache.spark.network.netty.NettyBlockTransferService' on port 39353.
[2026-06-29T19:04:57.267+0000] {subprocess.py:93} INFO - 26/06/29 19:04:57 INFO NettyBlockTransferService: Server created on 64c35aa3f581:39353
[2026-06-29T19:04:57.269+0000] {subprocess.py:93} INFO - 26/06/29 19:04:57 INFO BlockManager: Using org.apache.spark.storage.RandomBlockReplicationPolicy for block replication policy
[2026-06-29T19:04:57.279+0000] {subprocess.py:93} INFO - 26/06/29 19:04:57 INFO BlockManagerMaster: Registering BlockManager BlockManagerId(driver, 64c35aa3f581, 39353, None)
[2026-06-29T19:04:57.284+0000] {subprocess.py:93} INFO - 26/06/29 19:04:57 INFO BlockManagerMasterEndpoint: Registering block manager 64c35aa3f581:39353 with 434.4 MiB RAM, BlockManagerId(driver, 64c35aa3f581, 39353, None)
[2026-06-29T19:04:57.289+0000] {subprocess.py:93} INFO - 26/06/29 19:04:57 INFO BlockManagerMaster: Registered BlockManager BlockManagerId(driver, 64c35aa3f581, 39353, None)
[2026-06-29T19:04:57.291+0000] {subprocess.py:93} INFO - 26/06/29 19:04:57 INFO BlockManager: Initialized BlockManager: BlockManagerId(driver, 64c35aa3f581, 39353, None)
[2026-06-29T19:04:57.328+0000] {subprocess.py:93} INFO - 26/06/29 19:04:57 INFO StandaloneAppClient$ClientEndpoint: Executor updated: app-20260629190457-0004/0 is now RUNNING
[2026-06-29T19:04:57.585+0000] {subprocess.py:93} INFO - 26/06/29 19:04:57 INFO StandaloneSchedulerBackend: SchedulerBackend is ready for scheduling beginning after reached minRegisteredResourcesRatio: 0.0
[2026-06-29T19:04:58.125+0000] {subprocess.py:93} INFO - 26/06/29 19:04:58 INFO SharedState: Setting hive.metastore.warehouse.dir ('null') to the value of spark.sql.warehouse.dir.
[2026-06-29T19:04:58.140+0000] {subprocess.py:93} INFO - 26/06/29 19:04:58 INFO SharedState: Warehouse path is 'file:/tmp/***tmpl0lvubb2/spark-warehouse'.
[2026-06-29T19:05:01.133+0000] {subprocess.py:93} INFO - 26/06/29 19:05:01 INFO StandaloneSchedulerBackend$StandaloneDriverEndpoint: Registered executor NettyRpcEndpointRef(spark-client://Executor) (172.18.0.6:33560) with ID 0,  ResourceProfileId 0
[2026-06-29T19:05:01.226+0000] {subprocess.py:93} INFO - 26/06/29 19:05:01 INFO BlockManagerMasterEndpoint: Registering block manager 172.18.0.6:37033 with 434.4 MiB RAM, BlockManagerId(0, 172.18.0.6, 37033, None)
[2026-06-29T19:05:01.661+0000] {subprocess.py:93} INFO - 26/06/29 19:05:01 INFO InMemoryFileIndex: It took 342 ms to list leaf files for 1 paths.
[2026-06-29T19:05:01.796+0000] {subprocess.py:93} INFO - 26/06/29 19:05:01 INFO MemoryStore: Block broadcast_0 stored as values in memory (estimated size 209.0 KiB, free 434.2 MiB)
[2026-06-29T19:05:01.893+0000] {subprocess.py:93} INFO - 26/06/29 19:05:01 INFO MemoryStore: Block broadcast_0_piece0 stored as bytes in memory (estimated size 36.0 KiB, free 434.2 MiB)
[2026-06-29T19:05:01.901+0000] {subprocess.py:93} INFO - 26/06/29 19:05:01 INFO BlockManagerInfo: Added broadcast_0_piece0 in memory on 64c35aa3f581:39353 (size: 36.0 KiB, free: 434.4 MiB)
[2026-06-29T19:05:01.908+0000] {subprocess.py:93} INFO - 26/06/29 19:05:01 INFO SparkContext: Created broadcast 0 from json at NativeMethodAccessorImpl.java:0
[2026-06-29T19:05:05.919+0000] {subprocess.py:93} INFO - 26/06/29 19:05:05 INFO FileInputFormat: Total input files to process : 38
[2026-06-29T19:05:09.458+0000] {subprocess.py:93} INFO - 26/06/29 19:05:09 INFO FileInputFormat: Total input files to process : 38
[2026-06-29T19:05:09.477+0000] {subprocess.py:93} INFO - 26/06/29 19:05:09 INFO SparkContext: Starting job: json at NativeMethodAccessorImpl.java:0
[2026-06-29T19:05:09.492+0000] {subprocess.py:93} INFO - 26/06/29 19:05:09 INFO DAGScheduler: Got job 0 (json at NativeMethodAccessorImpl.java:0) with 1 output partitions
[2026-06-29T19:05:09.493+0000] {subprocess.py:93} INFO - 26/06/29 19:05:09 INFO DAGScheduler: Final stage: ResultStage 0 (json at NativeMethodAccessorImpl.java:0)
[2026-06-29T19:05:09.494+0000] {subprocess.py:93} INFO - 26/06/29 19:05:09 INFO DAGScheduler: Parents of final stage: List()
[2026-06-29T19:05:09.495+0000] {subprocess.py:93} INFO - 26/06/29 19:05:09 INFO DAGScheduler: Missing parents: List()
[2026-06-29T19:05:09.498+0000] {subprocess.py:93} INFO - 26/06/29 19:05:09 INFO DAGScheduler: Submitting ResultStage 0 (MapPartitionsRDD[2] at json at NativeMethodAccessorImpl.java:0), which has no missing parents
[2026-06-29T19:05:09.535+0000] {subprocess.py:93} INFO - 26/06/29 19:05:09 INFO MemoryStore: Block broadcast_1 stored as values in memory (estimated size 9.3 KiB, free 434.2 MiB)
[2026-06-29T19:05:09.543+0000] {subprocess.py:93} INFO - 26/06/29 19:05:09 INFO MemoryStore: Block broadcast_1_piece0 stored as bytes in memory (estimated size 5.0 KiB, free 434.1 MiB)
[2026-06-29T19:05:09.544+0000] {subprocess.py:93} INFO - 26/06/29 19:05:09 INFO BlockManagerInfo: Added broadcast_1_piece0 in memory on 64c35aa3f581:39353 (size: 5.0 KiB, free: 434.4 MiB)
[2026-06-29T19:05:09.546+0000] {subprocess.py:93} INFO - 26/06/29 19:05:09 INFO SparkContext: Created broadcast 1 from broadcast at DAGScheduler.scala:1585
[2026-06-29T19:05:09.569+0000] {subprocess.py:93} INFO - 26/06/29 19:05:09 INFO DAGScheduler: Submitting 1 missing tasks from ResultStage 0 (MapPartitionsRDD[2] at json at NativeMethodAccessorImpl.java:0) (first 15 tasks are for partitions Vector(0))
[2026-06-29T19:05:09.571+0000] {subprocess.py:93} INFO - 26/06/29 19:05:09 INFO TaskSchedulerImpl: Adding task set 0.0 with 1 tasks resource profile 0
[2026-06-29T19:05:09.606+0000] {subprocess.py:93} INFO - 26/06/29 19:05:09 INFO TaskSetManager: Starting task 0.0 in stage 0.0 (TID 0) (172.18.0.6, executor 0, partition 0, PROCESS_LOCAL, 12079 bytes)
[2026-06-29T19:05:09.848+0000] {subprocess.py:93} INFO - 26/06/29 19:05:09 INFO BlockManagerInfo: Added broadcast_1_piece0 in memory on 172.18.0.6:37033 (size: 5.0 KiB, free: 434.4 MiB)
[2026-06-29T19:05:10.103+0000] {subprocess.py:93} INFO - 26/06/29 19:05:10 INFO BlockManagerInfo: Added broadcast_0_piece0 in memory on 172.18.0.6:37033 (size: 36.0 KiB, free: 434.4 MiB)
[2026-06-29T19:05:10.790+0000] {subprocess.py:93} INFO - 26/06/29 19:05:10 INFO TaskSetManager: Finished task 0.0 in stage 0.0 (TID 0) in 1197 ms on 172.18.0.6 (executor 0) (1/1)
[2026-06-29T19:05:10.793+0000] {subprocess.py:93} INFO - 26/06/29 19:05:10 INFO TaskSchedulerImpl: Removed TaskSet 0.0, whose tasks have all completed, from pool
[2026-06-29T19:05:10.799+0000] {subprocess.py:93} INFO - 26/06/29 19:05:10 INFO DAGScheduler: ResultStage 0 (json at NativeMethodAccessorImpl.java:0) finished in 1.289 s
[2026-06-29T19:05:10.802+0000] {subprocess.py:93} INFO - 26/06/29 19:05:10 INFO DAGScheduler: Job 0 is finished. Cancelling potential speculative or zombie tasks for this job
[2026-06-29T19:05:10.804+0000] {subprocess.py:93} INFO - 26/06/29 19:05:10 INFO TaskSchedulerImpl: Killing all running tasks in stage 0: Stage finished
[2026-06-29T19:05:10.810+0000] {subprocess.py:93} INFO - 26/06/29 19:05:10 INFO DAGScheduler: Job 0 finished: json at NativeMethodAccessorImpl.java:0, took 1.332565 s
[2026-06-29T19:05:11.210+0000] {subprocess.py:93} INFO - 26/06/29 19:05:11 INFO BlockManagerInfo: Removed broadcast_1_piece0 on 64c35aa3f581:39353 in memory (size: 5.0 KiB, free: 434.4 MiB)
[2026-06-29T19:05:11.225+0000] {subprocess.py:93} INFO - 26/06/29 19:05:11 INFO BlockManagerInfo: Removed broadcast_1_piece0 on 172.18.0.6:37033 in memory (size: 5.0 KiB, free: 434.4 MiB)
[2026-06-29T19:05:11.777+0000] {subprocess.py:93} INFO - Traceback (most recent call last):
[2026-06-29T19:05:11.778+0000] {subprocess.py:93} INFO -   File "/opt/***/pyspark_processing/sss.py", line 103, in <module>
[2026-06-29T19:05:11.780+0000] {subprocess.py:93} INFO -     .withColumn(
[2026-06-29T19:05:11.781+0000] {subprocess.py:93} INFO -      ^^^^^^^^^^^
[2026-06-29T19:05:11.782+0000] {subprocess.py:93} INFO -   File "/opt/spark/python/lib/pyspark.zip/pyspark/sql/dataframe.py", line 5174, in withColumn
[2026-06-29T19:05:11.783+0000] {subprocess.py:93} INFO -   File "/opt/spark/python/lib/py4j-0.10.9.7-src.zip/py4j/java_gateway.py", line 1322, in __call__
[2026-06-29T19:05:11.784+0000] {subprocess.py:93} INFO -   File "/opt/spark/python/lib/pyspark.zip/pyspark/errors/exceptions/captured.py", line 185, in deco
[2026-06-29T19:05:11.788+0000] {subprocess.py:93} INFO - pyspark.errors.exceptions.captured.AnalysisException: [UNRESOLVED_COLUMN.WITH_SUGGESTION] A column or function parameter with name `updatedAt` cannot be resolved. Did you mean one of the following? [`_corrupt_record`].;
[2026-06-29T19:05:11.790+0000] {subprocess.py:93} INFO - 'Project [_corrupt_record#0, to_date('updatedAt, None, Some(Etc/UTC), false) AS event_date#3]
[2026-06-29T19:05:11.791+0000] {subprocess.py:93} INFO - +- Relation [_corrupt_record#0] json
[2026-06-29T19:05:11.793+0000] {subprocess.py:93} INFO - 
[2026-06-29T19:05:11.837+0000] {subprocess.py:93} INFO - 26/06/29 19:05:11 INFO SparkContext: Invoking stop() from shutdown hook
[2026-06-29T19:05:11.838+0000] {subprocess.py:93} INFO - 26/06/29 19:05:11 INFO SparkContext: SparkContext is stopping with exitCode 0.
[2026-06-29T19:05:11.848+0000] {subprocess.py:93} INFO - 26/06/29 19:05:11 INFO SparkUI: Stopped Spark web UI at http://64c35aa3f581:4040
[2026-06-29T19:05:11.852+0000] {subprocess.py:93} INFO - 26/06/29 19:05:11 INFO StandaloneSchedulerBackend: Shutting down all executors
[2026-06-29T19:05:11.854+0000] {subprocess.py:93} INFO - 26/06/29 19:05:11 INFO StandaloneSchedulerBackend$StandaloneDriverEndpoint: Asking each executor to shut down
[2026-06-29T19:05:11.874+0000] {subprocess.py:93} INFO - 26/06/29 19:05:11 INFO MapOutputTrackerMasterEndpoint: MapOutputTrackerMasterEndpoint stopped!
[2026-06-29T19:05:11.893+0000] {subprocess.py:93} INFO - 26/06/29 19:05:11 INFO MemoryStore: MemoryStore cleared
[2026-06-29T19:05:11.895+0000] {subprocess.py:93} INFO - 26/06/29 19:05:11 INFO BlockManager: BlockManager stopped
[2026-06-29T19:05:11.900+0000] {subprocess.py:93} INFO - 26/06/29 19:05:11 INFO BlockManagerMaster: BlockManagerMaster stopped
[2026-06-29T19:05:11.903+0000] {subprocess.py:93} INFO - 26/06/29 19:05:11 INFO OutputCommitCoordinator$OutputCommitCoordinatorEndpoint: OutputCommitCoordinator stopped!
[2026-06-29T19:05:11.916+0000] {subprocess.py:93} INFO - 26/06/29 19:05:11 INFO SparkContext: Successfully stopped SparkContext
[2026-06-29T19:05:11.918+0000] {subprocess.py:93} INFO - 26/06/29 19:05:11 INFO ShutdownHookManager: Shutdown hook called
[2026-06-29T19:05:11.919+0000] {subprocess.py:93} INFO - 26/06/29 19:05:11 INFO ShutdownHookManager: Deleting directory /tmp/spark-28e7ee6e-073a-4e50-b31d-6a01f5ad1834/pyspark-8510c280-26cb-4fba-ac94-404d5d0e3f22
[2026-06-29T19:05:11.924+0000] {subprocess.py:93} INFO - 26/06/29 19:05:11 INFO ShutdownHookManager: Deleting directory /tmp/spark-28e7ee6e-073a-4e50-b31d-6a01f5ad1834
[2026-06-29T19:05:11.930+0000] {subprocess.py:93} INFO - 26/06/29 19:05:11 INFO ShutdownHookManager: Deleting directory /tmp/spark-9b5c0248-466c-4a97-8986-cda00726f63a
[2026-06-29T19:05:11.981+0000] {subprocess.py:97} INFO - Command exited with return code 1
[2026-06-29T19:05:11.995+0000] {taskinstance.py:3301} ERROR - Task failed with exception
Traceback (most recent call last):
  File "/home/airflow/.local/lib/python3.12/site-packages/airflow/models/taskinstance.py", line 762, in _execute_task
    result = _execute_callable(context=context, **execute_callable_kwargs)
             ^^^^^^^^^^^^^^^^^^^^^^^^^^^^^^^^^^^^^^^^^^^^^^^^^^^^^^^^^^^^^
  File "/home/airflow/.local/lib/python3.12/site-packages/airflow/models/taskinstance.py", line 733, in _execute_callable
    return ExecutionCallableRunner(
           ^^^^^^^^^^^^^^^^^^^^^^^^
  File "/home/airflow/.local/lib/python3.12/site-packages/airflow/utils/operator_helpers.py", line 252, in run
    return self.func(*args, **kwargs)
           ^^^^^^^^^^^^^^^^^^^^^^^^^^
  File "/home/airflow/.local/lib/python3.12/site-packages/airflow/models/baseoperator.py", line 406, in wrapper
    return func(self, *args, **kwargs)
           ^^^^^^^^^^^^^^^^^^^^^^^^^^^
  File "/home/airflow/.local/lib/python3.12/site-packages/airflow/operators/bash.py", line 249, in execute
    raise AirflowException(
airflow.exceptions.AirflowException: Bash command failed. The command returned a non-zero exit code 1.
[2026-06-29T19:05:12.004+0000] {taskinstance.py:1225} INFO - Marking task as UP_FOR_RETRY. dag_id=gold_price_pipeline, task_id=run_spark_etl, run_id=scheduled__2026-06-29T18:00:00+00:00, execution_date=20260629T180000, start_date=20260629T190452, end_date=20260629T190512
[2026-06-29T19:05:12.028+0000] {taskinstance.py:340} INFO - ::group::Post task execution logs
[2026-06-29T19:05:12.030+0000] {standard_task_runner.py:124} ERROR - Failed to execute job 10 for task run_spark_etl (Bash command failed. The command returned a non-zero exit code 1.; 1032)
Traceback (most recent call last):
  File "/home/airflow/.local/lib/python3.12/site-packages/airflow/task/task_runner/standard_task_runner.py", line 117, in _start_by_fork
    ret = args.func(args, dag=self.dag)
          ^^^^^^^^^^^^^^^^^^^^^^^^^^^^^
  File "/home/airflow/.local/lib/python3.12/site-packages/airflow/cli/cli_config.py", line 49, in command
    return func(*args, **kwargs)
           ^^^^^^^^^^^^^^^^^^^^^
  File "/home/airflow/.local/lib/python3.12/site-packages/airflow/utils/cli.py", line 115, in wrapper
    return f(*args, **kwargs)
           ^^^^^^^^^^^^^^^^^^
  File "/home/airflow/.local/lib/python3.12/site-packages/airflow/cli/commands/task_command.py", line 483, in task_run
    task_return_code = _run_task_by_selected_method(args, _dag, ti)
                       ^^^^^^^^^^^^^^^^^^^^^^^^^^^^^^^^^^^^^^^^^^^^
  File "/home/airflow/.local/lib/python3.12/site-packages/airflow/cli/commands/task_command.py", line 256, in _run_task_by_selected_method
    return _run_raw_task(args, ti)
           ^^^^^^^^^^^^^^^^^^^^^^^
  File "/home/airflow/.local/lib/python3.12/site-packages/airflow/cli/commands/task_command.py", line 341, in _run_raw_task
    return ti._run_raw_task(
           ^^^^^^^^^^^^^^^^^
  File "/home/airflow/.local/lib/python3.12/site-packages/airflow/utils/session.py", line 97, in wrapper
    return func(*args, session=session, **kwargs)
           ^^^^^^^^^^^^^^^^^^^^^^^^^^^^^^^^^^^^^^
  File "/home/airflow/.local/lib/python3.12/site-packages/airflow/models/taskinstance.py", line 2995, in _run_raw_task
    return _run_raw_task(
           ^^^^^^^^^^^^^^
  File "/home/airflow/.local/lib/python3.12/site-packages/airflow/models/taskinstance.py", line 273, in _run_raw_task
    TaskInstance._execute_task_with_callbacks(
  File "/home/airflow/.local/lib/python3.12/site-packages/airflow/models/taskinstance.py", line 3149, in _execute_task_with_callbacks
    result = self._execute_task(context, task_orig)
             ^^^^^^^^^^^^^^^^^^^^^^^^^^^^^^^^^^^^^^
  File "/home/airflow/.local/lib/python3.12/site-packages/airflow/models/taskinstance.py", line 3173, in _execute_task
    return _execute_task(self, context, task_orig)
           ^^^^^^^^^^^^^^^^^^^^^^^^^^^^^^^^^^^^^^^
  File "/home/airflow/.local/lib/python3.12/site-packages/airflow/models/taskinstance.py", line 762, in _execute_task
    result = _execute_callable(context=context, **execute_callable_kwargs)
             ^^^^^^^^^^^^^^^^^^^^^^^^^^^^^^^^^^^^^^^^^^^^^^^^^^^^^^^^^^^^^
  File "/home/airflow/.local/lib/python3.12/site-packages/airflow/models/taskinstance.py", line 733, in _execute_callable
    return ExecutionCallableRunner(
           ^^^^^^^^^^^^^^^^^^^^^^^^
  File "/home/airflow/.local/lib/python3.12/site-packages/airflow/utils/operator_helpers.py", line 252, in run
    return self.func(*args, **kwargs)
           ^^^^^^^^^^^^^^^^^^^^^^^^^^
  File "/home/airflow/.local/lib/python3.12/site-packages/airflow/models/baseoperator.py", line 406, in wrapper
    return func(self, *args, **kwargs)
           ^^^^^^^^^^^^^^^^^^^^^^^^^^^
  File "/home/airflow/.local/lib/python3.12/site-packages/airflow/operators/bash.py", line 249, in execute
    raise AirflowException(
airflow.exceptions.AirflowException: Bash command failed. The command returned a non-zero exit code 1.
[2026-06-29T19:05:12.060+0000] {local_task_job_runner.py:261} INFO - Task exited with return code 1
[2026-06-29T19:05:12.089+0000] {taskinstance.py:3891} INFO - 0 downstream tasks scheduled from follow-on schedule check
[2026-06-29T19:05:12.092+0000] {local_task_job_runner.py:240} INFO - ::endgroup::
