[2026-06-29T15:57:36.569+0000] {local_task_job_runner.py:123} INFO - ::group::Pre task execution logs
[2026-06-29T15:57:36.611+0000] {taskinstance.py:2603} INFO - Dependencies all met for dep_context=non-requeueable deps ti=<TaskInstance: gold_price_pipeline.run_spark_etl manual__2026-06-29T15:54:57.533642+00:00 [queued]>
[2026-06-29T15:57:36.632+0000] {taskinstance.py:2603} INFO - Dependencies all met for dep_context=requeueable deps ti=<TaskInstance: gold_price_pipeline.run_spark_etl manual__2026-06-29T15:54:57.533642+00:00 [queued]>
[2026-06-29T15:57:36.635+0000] {taskinstance.py:2856} INFO - Starting attempt 2 of 3
[2026-06-29T15:57:36.663+0000] {taskinstance.py:2879} INFO - Executing <Task(BashOperator): run_spark_etl> on 2026-06-29 15:54:57.533642+00:00
[2026-06-29T15:57:36.682+0000] {logging_mixin.py:190} WARNING - /home/***/.local/lib/python3.12/site-packages/***/task/task_runner/standard_task_runner.py:70 DeprecationWarning: This process (pid=997) is multi-threaded, use of fork() may lead to deadlocks in the child.
[2026-06-29T15:57:36.682+0000] {standard_task_runner.py:104} INFO - Running: ['***', 'tasks', 'run', 'gold_price_pipeline', 'run_spark_etl', 'manual__2026-06-29T15:54:57.533642+00:00', '--job-id', '10', '--raw', '--subdir', 'DAGS_FOLDER/gold_pipeline.py', '--cfg-path', '/tmp/tmpqkbmna3h']
[2026-06-29T15:57:36.686+0000] {standard_task_runner.py:72} INFO - Started process 998 to run task
[2026-06-29T15:57:36.687+0000] {standard_task_runner.py:105} INFO - Job 10: Subtask run_spark_etl
[2026-06-29T15:57:37.038+0000] {task_command.py:467} INFO - Running <TaskInstance: gold_price_pipeline.run_spark_etl manual__2026-06-29T15:54:57.533642+00:00 [running]> on host ef940326903e
[2026-06-29T15:57:37.208+0000] {taskinstance.py:3122} INFO - Exporting env vars: AIRFLOW_CTX_DAG_OWNER='Sayed' AIRFLOW_CTX_DAG_ID='gold_price_pipeline' AIRFLOW_CTX_TASK_ID='run_spark_etl' AIRFLOW_CTX_EXECUTION_DATE='2026-06-29T15:54:57.533642+00:00' AIRFLOW_CTX_TRY_NUMBER='2' AIRFLOW_CTX_DAG_RUN_ID='manual__2026-06-29T15:54:57.533642+00:00'
[2026-06-29T15:57:37.211+0000] {taskinstance.py:731} INFO - ::endgroup::
[2026-06-29T15:57:37.242+0000] {subprocess.py:63} INFO - Tmp dir root location: /tmp
[2026-06-29T15:57:37.245+0000] {subprocess.py:75} INFO - Running command: ['/usr/bin/bash', '-c', '\n        spark-submit /opt/***/pyspark_processing/sss.py\n        ']
[2026-06-29T15:57:37.272+0000] {subprocess.py:86} INFO - Output:
[2026-06-29T15:57:42.408+0000] {subprocess.py:93} INFO - 26/06/29 15:57:42 INFO SparkContext: Running Spark version 3.5.1
[2026-06-29T15:57:42.414+0000] {subprocess.py:93} INFO - 26/06/29 15:57:42 INFO SparkContext: OS info Linux, 6.18.33.2-microsoft-standard-WSL2, amd64
[2026-06-29T15:57:42.416+0000] {subprocess.py:93} INFO - 26/06/29 15:57:42 INFO SparkContext: Java version 17.0.19
[2026-06-29T15:57:42.503+0000] {subprocess.py:93} INFO - 26/06/29 15:57:42 WARN NativeCodeLoader: Unable to load native-hadoop library for your platform... using builtin-java classes where applicable
[2026-06-29T15:57:42.637+0000] {subprocess.py:93} INFO - 26/06/29 15:57:42 INFO ResourceUtils: ==============================================================
[2026-06-29T15:57:42.640+0000] {subprocess.py:93} INFO - 26/06/29 15:57:42 INFO ResourceUtils: No custom resources configured for spark.driver.
[2026-06-29T15:57:42.642+0000] {subprocess.py:93} INFO - 26/06/29 15:57:42 INFO ResourceUtils: ==============================================================
[2026-06-29T15:57:42.644+0000] {subprocess.py:93} INFO - 26/06/29 15:57:42 INFO SparkContext: Submitted application: GoldPriceETL
[2026-06-29T15:57:42.689+0000] {subprocess.py:93} INFO - 26/06/29 15:57:42 INFO ResourceProfile: Default ResourceProfile created, executor resources: Map(cores -> name: cores, amount: 1, script: , vendor: , memory -> name: memory, amount: 1024, script: , vendor: , offHeap -> name: offHeap, amount: 0, script: , vendor: ), task resources: Map(cpus -> name: cpus, amount: 1.0)
[2026-06-29T15:57:42.706+0000] {subprocess.py:93} INFO - 26/06/29 15:57:42 INFO ResourceProfile: Limiting resource is cpu
[2026-06-29T15:57:42.709+0000] {subprocess.py:93} INFO - 26/06/29 15:57:42 INFO ResourceProfileManager: Added ResourceProfile id: 0
[2026-06-29T15:57:42.889+0000] {subprocess.py:93} INFO - 26/06/29 15:57:42 INFO SecurityManager: Changing view acls to: ***
[2026-06-29T15:57:42.896+0000] {subprocess.py:93} INFO - 26/06/29 15:57:42 INFO SecurityManager: Changing modify acls to: ***
[2026-06-29T15:57:42.899+0000] {subprocess.py:93} INFO - 26/06/29 15:57:42 INFO SecurityManager: Changing view acls groups to:
[2026-06-29T15:57:42.902+0000] {subprocess.py:93} INFO - 26/06/29 15:57:42 INFO SecurityManager: Changing modify acls groups to:
[2026-06-29T15:57:42.907+0000] {subprocess.py:93} INFO - 26/06/29 15:57:42 INFO SecurityManager: SecurityManager: authentication disabled; ui acls disabled; users with view permissions: ***; groups with view permissions: EMPTY; users with modify permissions: ***; groups with modify permissions: EMPTY
[2026-06-29T15:57:47.348+0000] {subprocess.py:93} INFO - 26/06/29 15:57:47 INFO Utils: Successfully started service 'sparkDriver' on port 44403.
[2026-06-29T15:57:47.412+0000] {subprocess.py:93} INFO - 26/06/29 15:57:47 INFO SparkEnv: Registering MapOutputTracker
[2026-06-29T15:57:47.468+0000] {subprocess.py:93} INFO - 26/06/29 15:57:47 INFO SparkEnv: Registering BlockManagerMaster
[2026-06-29T15:57:47.494+0000] {subprocess.py:93} INFO - 26/06/29 15:57:47 INFO BlockManagerMasterEndpoint: Using org.apache.spark.storage.DefaultTopologyMapper for getting topology information
[2026-06-29T15:57:47.496+0000] {subprocess.py:93} INFO - 26/06/29 15:57:47 INFO BlockManagerMasterEndpoint: BlockManagerMasterEndpoint up
[2026-06-29T15:57:47.503+0000] {subprocess.py:93} INFO - 26/06/29 15:57:47 INFO SparkEnv: Registering BlockManagerMasterHeartbeat
[2026-06-29T15:57:47.532+0000] {subprocess.py:93} INFO - 26/06/29 15:57:47 INFO DiskBlockManager: Created local directory at /tmp/blockmgr-2446179a-5e99-4152-833a-b1cbb235150f
[2026-06-29T15:57:47.554+0000] {subprocess.py:93} INFO - 26/06/29 15:57:47 INFO MemoryStore: MemoryStore started with capacity 434.4 MiB
[2026-06-29T15:57:47.578+0000] {subprocess.py:93} INFO - 26/06/29 15:57:47 INFO SparkEnv: Registering OutputCommitCoordinator
[2026-06-29T15:57:47.738+0000] {subprocess.py:93} INFO - 26/06/29 15:57:47 INFO JettyUtils: Start Jetty 0.0.0.0:4040 for SparkUI
[2026-06-29T15:57:47.828+0000] {subprocess.py:93} INFO - 26/06/29 15:57:47 INFO Utils: Successfully started service 'SparkUI' on port 4040.
[2026-06-29T15:57:48.214+0000] {subprocess.py:93} INFO - 26/06/29 15:57:48 INFO Executor: Starting executor ID driver on host ef940326903e
[2026-06-29T15:57:48.218+0000] {subprocess.py:93} INFO - 26/06/29 15:57:48 INFO Executor: OS info Linux, 6.18.33.2-microsoft-standard-WSL2, amd64
[2026-06-29T15:57:48.224+0000] {subprocess.py:93} INFO - 26/06/29 15:57:48 INFO Executor: Java version 17.0.19
[2026-06-29T15:57:48.252+0000] {subprocess.py:93} INFO - 26/06/29 15:57:48 INFO Executor: Starting executor with user classpath (userClassPathFirst = false): ''
[2026-06-29T15:57:48.258+0000] {subprocess.py:93} INFO - 26/06/29 15:57:48 INFO Executor: Created or updated repl class loader org.apache.spark.util.MutableURLClassLoader@11ed7442 for default.
[2026-06-29T15:57:48.319+0000] {subprocess.py:93} INFO - 26/06/29 15:57:48 INFO Utils: Successfully started service 'org.apache.spark.network.netty.NettyBlockTransferService' on port 45649.
[2026-06-29T15:57:48.321+0000] {subprocess.py:93} INFO - 26/06/29 15:57:48 INFO NettyBlockTransferService: Server created on ef940326903e:45649
[2026-06-29T15:57:48.323+0000] {subprocess.py:93} INFO - 26/06/29 15:57:48 INFO BlockManager: Using org.apache.spark.storage.RandomBlockReplicationPolicy for block replication policy
[2026-06-29T15:57:48.334+0000] {subprocess.py:93} INFO - 26/06/29 15:57:48 INFO BlockManagerMaster: Registering BlockManager BlockManagerId(driver, ef940326903e, 45649, None)
[2026-06-29T15:57:48.341+0000] {subprocess.py:93} INFO - 26/06/29 15:57:48 INFO BlockManagerMasterEndpoint: Registering block manager ef940326903e:45649 with 434.4 MiB RAM, BlockManagerId(driver, ef940326903e, 45649, None)
[2026-06-29T15:57:48.346+0000] {subprocess.py:93} INFO - 26/06/29 15:57:48 INFO BlockManagerMaster: Registered BlockManager BlockManagerId(driver, ef940326903e, 45649, None)
[2026-06-29T15:57:48.349+0000] {subprocess.py:93} INFO - 26/06/29 15:57:48 INFO BlockManager: Initialized BlockManager: BlockManagerId(driver, ef940326903e, 45649, None)
[2026-06-29T15:57:49.164+0000] {subprocess.py:93} INFO - 26/06/29 15:57:49 WARN SparkSession: Cannot use io.delta.sql.DeltaSparkSessionExtension to configure session extensions.
[2026-06-29T15:57:49.168+0000] {subprocess.py:93} INFO - java.lang.ClassNotFoundException: io.delta.sql.DeltaSparkSessionExtension
[2026-06-29T15:57:49.172+0000] {subprocess.py:93} INFO - 	at java.base/java.net.URLClassLoader.findClass(URLClassLoader.java:445)
[2026-06-29T15:57:49.176+0000] {subprocess.py:93} INFO - 	at java.base/java.lang.ClassLoader.loadClass(ClassLoader.java:592)
[2026-06-29T15:57:49.178+0000] {subprocess.py:93} INFO - 	at java.base/java.lang.ClassLoader.loadClass(ClassLoader.java:525)
[2026-06-29T15:57:49.180+0000] {subprocess.py:93} INFO - 	at java.base/java.lang.Class.forName0(Native Method)
[2026-06-29T15:57:49.183+0000] {subprocess.py:93} INFO - 	at java.base/java.lang.Class.forName(Class.java:469)
[2026-06-29T15:57:49.185+0000] {subprocess.py:93} INFO - 	at org.apache.spark.util.SparkClassUtils.classForName(SparkClassUtils.scala:41)
[2026-06-29T15:57:49.188+0000] {subprocess.py:93} INFO - 	at org.apache.spark.util.SparkClassUtils.classForName$(SparkClassUtils.scala:36)
[2026-06-29T15:57:49.190+0000] {subprocess.py:93} INFO - 	at org.apache.spark.util.Utils$.classForName(Utils.scala:94)
[2026-06-29T15:57:49.193+0000] {subprocess.py:93} INFO - 	at org.apache.spark.sql.SparkSession$.$anonfun$applyExtensions$2(SparkSession.scala:1367)
[2026-06-29T15:57:49.196+0000] {subprocess.py:93} INFO - 	at org.apache.spark.sql.SparkSession$.$anonfun$applyExtensions$2$adapted(SparkSession.scala:1365)
[2026-06-29T15:57:49.202+0000] {subprocess.py:93} INFO - 	at scala.collection.mutable.ResizableArray.foreach(ResizableArray.scala:62)
[2026-06-29T15:57:49.204+0000] {subprocess.py:93} INFO - 	at scala.collection.mutable.ResizableArray.foreach$(ResizableArray.scala:55)
[2026-06-29T15:57:49.207+0000] {subprocess.py:93} INFO - 	at scala.collection.mutable.ArrayBuffer.foreach(ArrayBuffer.scala:49)
[2026-06-29T15:57:49.209+0000] {subprocess.py:93} INFO - 	at org.apache.spark.sql.SparkSession$.org$apache$spark$sql$SparkSession$$applyExtensions(SparkSession.scala:1365)
[2026-06-29T15:57:49.212+0000] {subprocess.py:93} INFO - 	at org.apache.spark.sql.SparkSession.<init>(SparkSession.scala:105)
[2026-06-29T15:57:49.214+0000] {subprocess.py:93} INFO - 	at java.base/jdk.internal.reflect.NativeConstructorAccessorImpl.newInstance0(Native Method)
[2026-06-29T15:57:49.217+0000] {subprocess.py:93} INFO - 	at java.base/jdk.internal.reflect.NativeConstructorAccessorImpl.newInstance(NativeConstructorAccessorImpl.java:77)
[2026-06-29T15:57:49.220+0000] {subprocess.py:93} INFO - 	at java.base/jdk.internal.reflect.DelegatingConstructorAccessorImpl.newInstance(DelegatingConstructorAccessorImpl.java:45)
[2026-06-29T15:57:49.224+0000] {subprocess.py:93} INFO - 	at java.base/java.lang.reflect.Constructor.newInstanceWithCaller(Constructor.java:500)
[2026-06-29T15:57:49.235+0000] {subprocess.py:93} INFO - 	at java.base/java.lang.reflect.Constructor.newInstance(Constructor.java:481)
[2026-06-29T15:57:49.238+0000] {subprocess.py:93} INFO - 	at py4j.reflection.MethodInvoker.invoke(MethodInvoker.java:247)
[2026-06-29T15:57:49.241+0000] {subprocess.py:93} INFO - 	at py4j.reflection.ReflectionEngine.invoke(ReflectionEngine.java:374)
[2026-06-29T15:57:49.244+0000] {subprocess.py:93} INFO - 	at py4j.Gateway.invoke(Gateway.java:238)
[2026-06-29T15:57:49.247+0000] {subprocess.py:93} INFO - 	at py4j.commands.ConstructorCommand.invokeConstructor(ConstructorCommand.java:80)
[2026-06-29T15:57:49.250+0000] {subprocess.py:93} INFO - 	at py4j.commands.ConstructorCommand.execute(ConstructorCommand.java:69)
[2026-06-29T15:57:49.253+0000] {subprocess.py:93} INFO - 	at py4j.ClientServerConnection.waitForCommands(ClientServerConnection.java:182)
[2026-06-29T15:57:49.255+0000] {subprocess.py:93} INFO - 	at py4j.ClientServerConnection.run(ClientServerConnection.java:106)
[2026-06-29T15:57:49.257+0000] {subprocess.py:93} INFO - 	at java.base/java.lang.Thread.run(Thread.java:840)
[2026-06-29T15:57:49.379+0000] {subprocess.py:93} INFO - 26/06/29 15:57:49 INFO SharedState: Setting hive.metastore.warehouse.dir ('null') to the value of spark.sql.warehouse.dir.
[2026-06-29T15:57:49.393+0000] {subprocess.py:93} INFO - 26/06/29 15:57:49 INFO SharedState: Warehouse path is 'file:/tmp/***tmpvu56jp4l/spark-warehouse'.
[2026-06-29T15:57:51.061+0000] {subprocess.py:93} INFO - 26/06/29 15:57:51 WARN FileStreamSink: Assume no metadata directory. Error while looking for metadata directory in the path: abfss://raw@golddatalakee011.dfs.core.windows.net/stream_data/.
[2026-06-29T15:57:51.064+0000] {subprocess.py:93} INFO - java.lang.RuntimeException: java.lang.ClassNotFoundException: Class org.apache.hadoop.fs.azurebfs.SecureAzureBlobFileSystem not found
[2026-06-29T15:57:51.066+0000] {subprocess.py:93} INFO - 	at org.apache.hadoop.conf.Configuration.getClass(Configuration.java:2688)
[2026-06-29T15:57:51.068+0000] {subprocess.py:93} INFO - 	at org.apache.hadoop.fs.FileSystem.getFileSystemClass(FileSystem.java:3431)
[2026-06-29T15:57:51.070+0000] {subprocess.py:93} INFO - 	at org.apache.hadoop.fs.FileSystem.createFileSystem(FileSystem.java:3466)
[2026-06-29T15:57:51.072+0000] {subprocess.py:93} INFO - 	at org.apache.hadoop.fs.FileSystem.access$300(FileSystem.java:174)
[2026-06-29T15:57:51.074+0000] {subprocess.py:93} INFO - 	at org.apache.hadoop.fs.FileSystem$Cache.getInternal(FileSystem.java:3574)
[2026-06-29T15:57:51.076+0000] {subprocess.py:93} INFO - 	at org.apache.hadoop.fs.FileSystem$Cache.get(FileSystem.java:3521)
[2026-06-29T15:57:51.080+0000] {subprocess.py:93} INFO - 	at org.apache.hadoop.fs.FileSystem.get(FileSystem.java:540)
[2026-06-29T15:57:51.084+0000] {subprocess.py:93} INFO - 	at org.apache.hadoop.fs.Path.getFileSystem(Path.java:365)
[2026-06-29T15:57:51.090+0000] {subprocess.py:93} INFO - 	at org.apache.spark.sql.execution.streaming.FileStreamSink$.hasMetadata(FileStreamSink.scala:53)
[2026-06-29T15:57:51.092+0000] {subprocess.py:93} INFO - 	at org.apache.spark.sql.execution.datasources.DataSource.resolveRelation(DataSource.scala:366)
[2026-06-29T15:57:51.095+0000] {subprocess.py:93} INFO - 	at org.apache.spark.sql.DataFrameReader.loadV1Source(DataFrameReader.scala:229)
[2026-06-29T15:57:51.096+0000] {subprocess.py:93} INFO - 	at org.apache.spark.sql.DataFrameReader.$anonfun$load$2(DataFrameReader.scala:211)
[2026-06-29T15:57:51.098+0000] {subprocess.py:93} INFO - 	at scala.Option.getOrElse(Option.scala:189)
[2026-06-29T15:57:51.100+0000] {subprocess.py:93} INFO - 	at org.apache.spark.sql.DataFrameReader.load(DataFrameReader.scala:211)
[2026-06-29T15:57:51.103+0000] {subprocess.py:93} INFO - 	at org.apache.spark.sql.DataFrameReader.json(DataFrameReader.scala:362)
[2026-06-29T15:57:51.105+0000] {subprocess.py:93} INFO - 	at java.base/jdk.internal.reflect.NativeMethodAccessorImpl.invoke0(Native Method)
[2026-06-29T15:57:51.107+0000] {subprocess.py:93} INFO - 	at java.base/jdk.internal.reflect.NativeMethodAccessorImpl.invoke(NativeMethodAccessorImpl.java:77)
[2026-06-29T15:57:51.109+0000] {subprocess.py:93} INFO - 	at java.base/jdk.internal.reflect.DelegatingMethodAccessorImpl.invoke(DelegatingMethodAccessorImpl.java:43)
[2026-06-29T15:57:51.111+0000] {subprocess.py:93} INFO - 	at java.base/java.lang.reflect.Method.invoke(Method.java:569)
[2026-06-29T15:57:51.113+0000] {subprocess.py:93} INFO - 	at py4j.reflection.MethodInvoker.invoke(MethodInvoker.java:244)
[2026-06-29T15:57:51.120+0000] {subprocess.py:93} INFO - 	at py4j.reflection.ReflectionEngine.invoke(ReflectionEngine.java:374)
[2026-06-29T15:57:51.123+0000] {subprocess.py:93} INFO - 	at py4j.Gateway.invoke(Gateway.java:282)
[2026-06-29T15:57:51.126+0000] {subprocess.py:93} INFO - 	at py4j.commands.AbstractCommand.invokeMethod(AbstractCommand.java:132)
[2026-06-29T15:57:51.203+0000] {subprocess.py:93} INFO - 	at py4j.commands.CallCommand.execute(CallCommand.java:79)
[2026-06-29T15:57:51.206+0000] {subprocess.py:93} INFO - 	at py4j.ClientServerConnection.waitForCommands(ClientServerConnection.java:182)
[2026-06-29T15:57:51.208+0000] {subprocess.py:93} INFO - 	at py4j.ClientServerConnection.run(ClientServerConnection.java:106)
[2026-06-29T15:57:51.210+0000] {subprocess.py:93} INFO - 	at java.base/java.lang.Thread.run(Thread.java:840)
[2026-06-29T15:57:51.212+0000] {subprocess.py:93} INFO - Caused by: java.lang.ClassNotFoundException: Class org.apache.hadoop.fs.azurebfs.SecureAzureBlobFileSystem not found
[2026-06-29T15:57:51.215+0000] {subprocess.py:93} INFO - 	at org.apache.hadoop.conf.Configuration.getClassByName(Configuration.java:2592)
[2026-06-29T15:57:51.218+0000] {subprocess.py:93} INFO - 	at org.apache.hadoop.conf.Configuration.getClass(Configuration.java:2686)
[2026-06-29T15:57:51.220+0000] {subprocess.py:93} INFO - 	... 26 more
[2026-06-29T15:57:51.223+0000] {subprocess.py:93} INFO - Traceback (most recent call last):
[2026-06-29T15:57:51.225+0000] {subprocess.py:93} INFO -   File "/opt/***/pyspark_processing/sss.py", line 86, in <module>
[2026-06-29T15:57:51.227+0000] {subprocess.py:93} INFO -     .json(STREAM_PATH)
[2026-06-29T15:57:51.230+0000] {subprocess.py:93} INFO -      ^^^^^^^^^^^^^^^^^
[2026-06-29T15:57:51.232+0000] {subprocess.py:93} INFO -   File "/home/***/.local/lib/python3.12/site-packages/pyspark/python/lib/pyspark.zip/pyspark/sql/readwriter.py", line 425, in json
[2026-06-29T15:57:51.235+0000] {subprocess.py:93} INFO -   File "/home/***/.local/lib/python3.12/site-packages/pyspark/python/lib/py4j-0.10.9.7-src.zip/py4j/java_gateway.py", line 1322, in __call__
[2026-06-29T15:57:51.237+0000] {subprocess.py:93} INFO -   File "/home/***/.local/lib/python3.12/site-packages/pyspark/python/lib/pyspark.zip/pyspark/errors/exceptions/captured.py", line 179, in deco
[2026-06-29T15:57:51.239+0000] {subprocess.py:93} INFO -   File "/home/***/.local/lib/python3.12/site-packages/pyspark/python/lib/py4j-0.10.9.7-src.zip/py4j/protocol.py", line 326, in get_return_value
[2026-06-29T15:57:51.242+0000] {subprocess.py:93} INFO - py4j.protocol.Py4JJavaError: An error occurred while calling o30.json.
[2026-06-29T15:57:51.245+0000] {subprocess.py:93} INFO - : java.lang.RuntimeException: java.lang.ClassNotFoundException: Class org.apache.hadoop.fs.azurebfs.SecureAzureBlobFileSystem not found
[2026-06-29T15:57:51.248+0000] {subprocess.py:93} INFO - 	at org.apache.hadoop.conf.Configuration.getClass(Configuration.java:2688)
[2026-06-29T15:57:51.250+0000] {subprocess.py:93} INFO - 	at org.apache.hadoop.fs.FileSystem.getFileSystemClass(FileSystem.java:3431)
[2026-06-29T15:57:51.252+0000] {subprocess.py:93} INFO - 	at org.apache.hadoop.fs.FileSystem.createFileSystem(FileSystem.java:3466)
[2026-06-29T15:57:51.254+0000] {subprocess.py:93} INFO - 	at org.apache.hadoop.fs.FileSystem.access$300(FileSystem.java:174)
[2026-06-29T15:57:51.256+0000] {subprocess.py:93} INFO - 	at org.apache.hadoop.fs.FileSystem$Cache.getInternal(FileSystem.java:3574)
[2026-06-29T15:57:51.259+0000] {subprocess.py:93} INFO - 	at org.apache.hadoop.fs.FileSystem$Cache.get(FileSystem.java:3521)
[2026-06-29T15:57:51.261+0000] {subprocess.py:93} INFO - 	at org.apache.hadoop.fs.FileSystem.get(FileSystem.java:540)
[2026-06-29T15:57:51.264+0000] {subprocess.py:93} INFO - 	at org.apache.hadoop.fs.Path.getFileSystem(Path.java:365)
[2026-06-29T15:57:51.267+0000] {subprocess.py:93} INFO - 	at org.apache.spark.sql.execution.datasources.DataSource$.$anonfun$checkAndGlobPathIfNecessary$1(DataSource.scala:724)
[2026-06-29T15:57:51.269+0000] {subprocess.py:93} INFO - 	at scala.collection.immutable.List.map(List.scala:293)
[2026-06-29T15:57:51.273+0000] {subprocess.py:93} INFO - 	at org.apache.spark.sql.execution.datasources.DataSource$.checkAndGlobPathIfNecessary(DataSource.scala:722)
[2026-06-29T15:57:51.276+0000] {subprocess.py:93} INFO - 	at org.apache.spark.sql.execution.datasources.DataSource.checkAndGlobPathIfNecessary(DataSource.scala:551)
[2026-06-29T15:57:51.279+0000] {subprocess.py:93} INFO - 	at org.apache.spark.sql.execution.datasources.DataSource.resolveRelation(DataSource.scala:404)
[2026-06-29T15:57:51.281+0000] {subprocess.py:93} INFO - 	at org.apache.spark.sql.DataFrameReader.loadV1Source(DataFrameReader.scala:229)
[2026-06-29T15:57:51.283+0000] {subprocess.py:93} INFO - 	at org.apache.spark.sql.DataFrameReader.$anonfun$load$2(DataFrameReader.scala:211)
[2026-06-29T15:57:51.284+0000] {subprocess.py:93} INFO - 	at scala.Option.getOrElse(Option.scala:189)
[2026-06-29T15:57:51.286+0000] {subprocess.py:93} INFO - 	at org.apache.spark.sql.DataFrameReader.load(DataFrameReader.scala:211)
[2026-06-29T15:57:51.288+0000] {subprocess.py:93} INFO - 	at org.apache.spark.sql.DataFrameReader.json(DataFrameReader.scala:362)
[2026-06-29T15:57:51.289+0000] {subprocess.py:93} INFO - 	at java.base/jdk.internal.reflect.NativeMethodAccessorImpl.invoke0(Native Method)
[2026-06-29T15:57:51.291+0000] {subprocess.py:93} INFO - 	at java.base/jdk.internal.reflect.NativeMethodAccessorImpl.invoke(NativeMethodAccessorImpl.java:77)
[2026-06-29T15:57:51.293+0000] {subprocess.py:93} INFO - 	at java.base/jdk.internal.reflect.DelegatingMethodAccessorImpl.invoke(DelegatingMethodAccessorImpl.java:43)
[2026-06-29T15:57:51.295+0000] {subprocess.py:93} INFO - 	at java.base/java.lang.reflect.Method.invoke(Method.java:569)
[2026-06-29T15:57:51.298+0000] {subprocess.py:93} INFO - 	at py4j.reflection.MethodInvoker.invoke(MethodInvoker.java:244)
[2026-06-29T15:57:51.299+0000] {subprocess.py:93} INFO - 	at py4j.reflection.ReflectionEngine.invoke(ReflectionEngine.java:374)
[2026-06-29T15:57:51.301+0000] {subprocess.py:93} INFO - 	at py4j.Gateway.invoke(Gateway.java:282)
[2026-06-29T15:57:51.303+0000] {subprocess.py:93} INFO - 	at py4j.commands.AbstractCommand.invokeMethod(AbstractCommand.java:132)
[2026-06-29T15:57:51.305+0000] {subprocess.py:93} INFO - 	at py4j.commands.CallCommand.execute(CallCommand.java:79)
[2026-06-29T15:57:51.307+0000] {subprocess.py:93} INFO - 	at py4j.ClientServerConnection.waitForCommands(ClientServerConnection.java:182)
[2026-06-29T15:57:51.309+0000] {subprocess.py:93} INFO - 	at py4j.ClientServerConnection.run(ClientServerConnection.java:106)
[2026-06-29T15:57:51.311+0000] {subprocess.py:93} INFO - 	at java.base/java.lang.Thread.run(Thread.java:840)
[2026-06-29T15:57:51.313+0000] {subprocess.py:93} INFO - Caused by: java.lang.ClassNotFoundException: Class org.apache.hadoop.fs.azurebfs.SecureAzureBlobFileSystem not found
[2026-06-29T15:57:51.315+0000] {subprocess.py:93} INFO - 	at org.apache.hadoop.conf.Configuration.getClassByName(Configuration.java:2592)
[2026-06-29T15:57:51.316+0000] {subprocess.py:93} INFO - 	at org.apache.hadoop.conf.Configuration.getClass(Configuration.java:2686)
[2026-06-29T15:57:51.319+0000] {subprocess.py:93} INFO - 	... 29 more
[2026-06-29T15:57:51.321+0000] {subprocess.py:93} INFO - 
[2026-06-29T15:57:51.363+0000] {subprocess.py:93} INFO - 26/06/29 15:57:51 INFO SparkContext: Invoking stop() from shutdown hook
[2026-06-29T15:57:51.368+0000] {subprocess.py:93} INFO - 26/06/29 15:57:51 INFO SparkContext: SparkContext is stopping with exitCode 0.
[2026-06-29T15:57:51.389+0000] {subprocess.py:93} INFO - 26/06/29 15:57:51 INFO SparkUI: Stopped Spark web UI at http://ef940326903e:4040
[2026-06-29T15:57:51.410+0000] {subprocess.py:93} INFO - 26/06/29 15:57:51 INFO MapOutputTrackerMasterEndpoint: MapOutputTrackerMasterEndpoint stopped!
[2026-06-29T15:57:51.455+0000] {subprocess.py:93} INFO - 26/06/29 15:57:51 INFO MemoryStore: MemoryStore cleared
[2026-06-29T15:57:51.457+0000] {subprocess.py:93} INFO - 26/06/29 15:57:51 INFO BlockManager: BlockManager stopped
[2026-06-29T15:57:51.466+0000] {subprocess.py:93} INFO - 26/06/29 15:57:51 INFO BlockManagerMaster: BlockManagerMaster stopped
[2026-06-29T15:57:51.475+0000] {subprocess.py:93} INFO - 26/06/29 15:57:51 INFO OutputCommitCoordinator$OutputCommitCoordinatorEndpoint: OutputCommitCoordinator stopped!
[2026-06-29T15:57:51.505+0000] {subprocess.py:93} INFO - 26/06/29 15:57:51 INFO SparkContext: Successfully stopped SparkContext
[2026-06-29T15:57:51.508+0000] {subprocess.py:93} INFO - 26/06/29 15:57:51 INFO ShutdownHookManager: Shutdown hook called
[2026-06-29T15:57:51.511+0000] {subprocess.py:93} INFO - 26/06/29 15:57:51 INFO ShutdownHookManager: Deleting directory /tmp/spark-d273bcde-6dc4-41b8-8da9-3c18128d8724
[2026-06-29T15:57:51.551+0000] {subprocess.py:93} INFO - 26/06/29 15:57:51 INFO ShutdownHookManager: Deleting directory /tmp/spark-d273bcde-6dc4-41b8-8da9-3c18128d8724/pyspark-7e8590b2-094d-45ee-8af8-320974efcc93
[2026-06-29T15:57:51.562+0000] {subprocess.py:93} INFO - 26/06/29 15:57:51 INFO ShutdownHookManager: Deleting directory /tmp/spark-05129f0d-c517-4208-ad5a-96838fe018b6
[2026-06-29T15:57:51.683+0000] {subprocess.py:97} INFO - Command exited with return code 1
[2026-06-29T15:57:51.727+0000] {taskinstance.py:3301} ERROR - Task failed with exception
Traceback (most recent call last):
  File "/home/airflow/.local/lib/python3.12/site-packages/airflow/models/taskinstance.py", line 762, in _execute_task
    result = _execute_callable(context=context, **execute_callable_kwargs)
             ^^^^^^^^^^^^^^^^^^^^^^^^^^^^^^^^^^^^^^^^^^^^^^^^^^^^^^^^^^^^^
  File "/home/airflow/.local/lib/python3.12/site-packages/airflow/models/taskinstance.py", line 733, in _execute_callable
    return ExecutionCallableRunner(
           ^^^^^^^^^^^^^^^^^^^^^^^^
  File "/home/airflow/.local/lib/python3.12/site-packages/airflow/utils/operator_helpers.py", line 252, in run
    return self.func(*args, **kwargs)
           ^^^^^^^^^^^^^^^^^^^^^^^^^^
  File "/home/airflow/.local/lib/python3.12/site-packages/airflow/models/baseoperator.py", line 406, in wrapper
    return func(self, *args, **kwargs)
           ^^^^^^^^^^^^^^^^^^^^^^^^^^^
  File "/home/airflow/.local/lib/python3.12/site-packages/airflow/operators/bash.py", line 249, in execute
    raise AirflowException(
airflow.exceptions.AirflowException: Bash command failed. The command returned a non-zero exit code 1.
[2026-06-29T15:57:51.759+0000] {taskinstance.py:1225} INFO - Marking task as UP_FOR_RETRY. dag_id=gold_price_pipeline, task_id=run_spark_etl, run_id=manual__2026-06-29T15:54:57.533642+00:00, execution_date=20260629T155457, start_date=20260629T155736, end_date=20260629T155751
[2026-06-29T15:57:51.844+0000] {taskinstance.py:340} INFO - ::group::Post task execution logs
[2026-06-29T15:57:51.848+0000] {standard_task_runner.py:124} ERROR - Failed to execute job 10 for task run_spark_etl (Bash command failed. The command returned a non-zero exit code 1.; 998)
Traceback (most recent call last):
  File "/home/airflow/.local/lib/python3.12/site-packages/airflow/task/task_runner/standard_task_runner.py", line 117, in _start_by_fork
    ret = args.func(args, dag=self.dag)
          ^^^^^^^^^^^^^^^^^^^^^^^^^^^^^
  File "/home/airflow/.local/lib/python3.12/site-packages/airflow/cli/cli_config.py", line 49, in command
    return func(*args, **kwargs)
           ^^^^^^^^^^^^^^^^^^^^^
  File "/home/airflow/.local/lib/python3.12/site-packages/airflow/utils/cli.py", line 115, in wrapper
    return f(*args, **kwargs)
           ^^^^^^^^^^^^^^^^^^
  File "/home/airflow/.local/lib/python3.12/site-packages/airflow/cli/commands/task_command.py", line 483, in task_run
    task_return_code = _run_task_by_selected_method(args, _dag, ti)
                       ^^^^^^^^^^^^^^^^^^^^^^^^^^^^^^^^^^^^^^^^^^^^
  File "/home/airflow/.local/lib/python3.12/site-packages/airflow/cli/commands/task_command.py", line 256, in _run_task_by_selected_method
    return _run_raw_task(args, ti)
           ^^^^^^^^^^^^^^^^^^^^^^^
  File "/home/airflow/.local/lib/python3.12/site-packages/airflow/cli/commands/task_command.py", line 341, in _run_raw_task
    return ti._run_raw_task(
           ^^^^^^^^^^^^^^^^^
  File "/home/airflow/.local/lib/python3.12/site-packages/airflow/utils/session.py", line 97, in wrapper
    return func(*args, session=session, **kwargs)
           ^^^^^^^^^^^^^^^^^^^^^^^^^^^^^^^^^^^^^^
  File "/home/airflow/.local/lib/python3.12/site-packages/airflow/models/taskinstance.py", line 2995, in _run_raw_task
    return _run_raw_task(
           ^^^^^^^^^^^^^^
  File "/home/airflow/.local/lib/python3.12/site-packages/airflow/models/taskinstance.py", line 273, in _run_raw_task
    TaskInstance._execute_task_with_callbacks(
  File "/home/airflow/.local/lib/python3.12/site-packages/airflow/models/taskinstance.py", line 3149, in _execute_task_with_callbacks
    result = self._execute_task(context, task_orig)
             ^^^^^^^^^^^^^^^^^^^^^^^^^^^^^^^^^^^^^^
  File "/home/airflow/.local/lib/python3.12/site-packages/airflow/models/taskinstance.py", line 3173, in _execute_task
    return _execute_task(self, context, task_orig)
           ^^^^^^^^^^^^^^^^^^^^^^^^^^^^^^^^^^^^^^^
  File "/home/airflow/.local/lib/python3.12/site-packages/airflow/models/taskinstance.py", line 762, in _execute_task
    result = _execute_callable(context=context, **execute_callable_kwargs)
             ^^^^^^^^^^^^^^^^^^^^^^^^^^^^^^^^^^^^^^^^^^^^^^^^^^^^^^^^^^^^^
  File "/home/airflow/.local/lib/python3.12/site-packages/airflow/models/taskinstance.py", line 733, in _execute_callable
    return ExecutionCallableRunner(
           ^^^^^^^^^^^^^^^^^^^^^^^^
  File "/home/airflow/.local/lib/python3.12/site-packages/airflow/utils/operator_helpers.py", line 252, in run
    return self.func(*args, **kwargs)
           ^^^^^^^^^^^^^^^^^^^^^^^^^^
  File "/home/airflow/.local/lib/python3.12/site-packages/airflow/models/baseoperator.py", line 406, in wrapper
    return func(self, *args, **kwargs)
           ^^^^^^^^^^^^^^^^^^^^^^^^^^^
  File "/home/airflow/.local/lib/python3.12/site-packages/airflow/operators/bash.py", line 249, in execute
    raise AirflowException(
airflow.exceptions.AirflowException: Bash command failed. The command returned a non-zero exit code 1.
[2026-06-29T15:57:51.879+0000] {local_task_job_runner.py:261} INFO - Task exited with return code 1
[2026-06-29T15:57:51.926+0000] {taskinstance.py:3891} INFO - 0 downstream tasks scheduled from follow-on schedule check
[2026-06-29T15:57:51.933+0000] {local_task_job_runner.py:240} INFO - ::endgroup::
