[2026-06-29T15:55:21.081+0000] {local_task_job_runner.py:123} INFO - ::group::Pre task execution logs
[2026-06-29T15:55:21.128+0000] {taskinstance.py:2603} INFO - Dependencies all met for dep_context=non-requeueable deps ti=<TaskInstance: gold_price_pipeline.run_spark_etl manual__2026-06-29T15:54:57.533642+00:00 [queued]>
[2026-06-29T15:55:21.151+0000] {taskinstance.py:2603} INFO - Dependencies all met for dep_context=requeueable deps ti=<TaskInstance: gold_price_pipeline.run_spark_etl manual__2026-06-29T15:54:57.533642+00:00 [queued]>
[2026-06-29T15:55:21.154+0000] {taskinstance.py:2856} INFO - Starting attempt 1 of 3
[2026-06-29T15:55:21.191+0000] {taskinstance.py:2879} INFO - Executing <Task(BashOperator): run_spark_etl> on 2026-06-29 15:54:57.533642+00:00
[2026-06-29T15:55:21.222+0000] {logging_mixin.py:190} WARNING - /home/***/.local/lib/python3.12/site-packages/***/task/task_runner/standard_task_runner.py:70 DeprecationWarning: This process (pid=814) is multi-threaded, use of fork() may lead to deadlocks in the child.
[2026-06-29T15:55:21.226+0000] {standard_task_runner.py:72} INFO - Started process 815 to run task
[2026-06-29T15:55:21.225+0000] {standard_task_runner.py:104} INFO - Running: ['***', 'tasks', 'run', 'gold_price_pipeline', 'run_spark_etl', 'manual__2026-06-29T15:54:57.533642+00:00', '--job-id', '9', '--raw', '--subdir', 'DAGS_FOLDER/gold_pipeline.py', '--cfg-path', '/tmp/tmpojfj1mqt']
[2026-06-29T15:55:21.234+0000] {standard_task_runner.py:105} INFO - Job 9: Subtask run_spark_etl
[2026-06-29T15:55:21.413+0000] {task_command.py:467} INFO - Running <TaskInstance: gold_price_pipeline.run_spark_etl manual__2026-06-29T15:54:57.533642+00:00 [running]> on host ef940326903e
[2026-06-29T15:55:21.611+0000] {taskinstance.py:3122} INFO - Exporting env vars: AIRFLOW_CTX_DAG_OWNER='Sayed' AIRFLOW_CTX_DAG_ID='gold_price_pipeline' AIRFLOW_CTX_TASK_ID='run_spark_etl' AIRFLOW_CTX_EXECUTION_DATE='2026-06-29T15:54:57.533642+00:00' AIRFLOW_CTX_TRY_NUMBER='1' AIRFLOW_CTX_DAG_RUN_ID='manual__2026-06-29T15:54:57.533642+00:00'
[2026-06-29T15:55:21.614+0000] {taskinstance.py:731} INFO - ::endgroup::
[2026-06-29T15:55:21.659+0000] {subprocess.py:63} INFO - Tmp dir root location: /tmp
[2026-06-29T15:55:21.665+0000] {subprocess.py:75} INFO - Running command: ['/usr/bin/bash', '-c', '\n        spark-submit /opt/***/pyspark_processing/sss.py\n        ']
[2026-06-29T15:55:21.692+0000] {subprocess.py:86} INFO - Output:
[2026-06-29T15:55:28.725+0000] {subprocess.py:93} INFO - 26/06/29 15:55:28 INFO SparkContext: Running Spark version 3.5.1
[2026-06-29T15:55:28.729+0000] {subprocess.py:93} INFO - 26/06/29 15:55:28 INFO SparkContext: OS info Linux, 6.18.33.2-microsoft-standard-WSL2, amd64
[2026-06-29T15:55:28.731+0000] {subprocess.py:93} INFO - 26/06/29 15:55:28 INFO SparkContext: Java version 17.0.19
[2026-06-29T15:55:28.822+0000] {subprocess.py:93} INFO - 26/06/29 15:55:28 WARN NativeCodeLoader: Unable to load native-hadoop library for your platform... using builtin-java classes where applicable
[2026-06-29T15:55:29.120+0000] {subprocess.py:93} INFO - 26/06/29 15:55:29 INFO ResourceUtils: ==============================================================
[2026-06-29T15:55:29.123+0000] {subprocess.py:93} INFO - 26/06/29 15:55:29 INFO ResourceUtils: No custom resources configured for spark.driver.
[2026-06-29T15:55:29.125+0000] {subprocess.py:93} INFO - 26/06/29 15:55:29 INFO ResourceUtils: ==============================================================
[2026-06-29T15:55:29.128+0000] {subprocess.py:93} INFO - 26/06/29 15:55:29 INFO SparkContext: Submitted application: GoldPriceETL
[2026-06-29T15:55:29.164+0000] {subprocess.py:93} INFO - 26/06/29 15:55:29 INFO ResourceProfile: Default ResourceProfile created, executor resources: Map(cores -> name: cores, amount: 1, script: , vendor: , memory -> name: memory, amount: 1024, script: , vendor: , offHeap -> name: offHeap, amount: 0, script: , vendor: ), task resources: Map(cpus -> name: cpus, amount: 1.0)
[2026-06-29T15:55:29.180+0000] {subprocess.py:93} INFO - 26/06/29 15:55:29 INFO ResourceProfile: Limiting resource is cpu
[2026-06-29T15:55:29.185+0000] {subprocess.py:93} INFO - 26/06/29 15:55:29 INFO ResourceProfileManager: Added ResourceProfile id: 0
[2026-06-29T15:55:29.306+0000] {subprocess.py:93} INFO - 26/06/29 15:55:29 INFO SecurityManager: Changing view acls to: ***
[2026-06-29T15:55:29.309+0000] {subprocess.py:93} INFO - 26/06/29 15:55:29 INFO SecurityManager: Changing modify acls to: ***
[2026-06-29T15:55:29.312+0000] {subprocess.py:93} INFO - 26/06/29 15:55:29 INFO SecurityManager: Changing view acls groups to:
[2026-06-29T15:55:29.313+0000] {subprocess.py:93} INFO - 26/06/29 15:55:29 INFO SecurityManager: Changing modify acls groups to:
[2026-06-29T15:55:29.319+0000] {subprocess.py:93} INFO - 26/06/29 15:55:29 INFO SecurityManager: SecurityManager: authentication disabled; ui acls disabled; users with view permissions: ***; groups with view permissions: EMPTY; users with modify permissions: ***; groups with modify permissions: EMPTY
[2026-06-29T15:55:29.852+0000] {subprocess.py:93} INFO - 26/06/29 15:55:29 INFO Utils: Successfully started service 'sparkDriver' on port 45817.
[2026-06-29T15:55:29.942+0000] {subprocess.py:93} INFO - 26/06/29 15:55:29 INFO SparkEnv: Registering MapOutputTracker
[2026-06-29T15:55:30.015+0000] {subprocess.py:93} INFO - 26/06/29 15:55:30 INFO SparkEnv: Registering BlockManagerMaster
[2026-06-29T15:55:30.051+0000] {subprocess.py:93} INFO - 26/06/29 15:55:30 INFO BlockManagerMasterEndpoint: Using org.apache.spark.storage.DefaultTopologyMapper for getting topology information
[2026-06-29T15:55:30.057+0000] {subprocess.py:93} INFO - 26/06/29 15:55:30 INFO BlockManagerMasterEndpoint: BlockManagerMasterEndpoint up
[2026-06-29T15:55:30.063+0000] {subprocess.py:93} INFO - 26/06/29 15:55:30 INFO SparkEnv: Registering BlockManagerMasterHeartbeat
[2026-06-29T15:55:30.111+0000] {subprocess.py:93} INFO - 26/06/29 15:55:30 INFO DiskBlockManager: Created local directory at /tmp/blockmgr-8fa85e7d-358a-429f-93b3-0e6f55519d45
[2026-06-29T15:55:30.190+0000] {subprocess.py:93} INFO - 26/06/29 15:55:30 INFO MemoryStore: MemoryStore started with capacity 434.4 MiB
[2026-06-29T15:55:30.234+0000] {subprocess.py:93} INFO - 26/06/29 15:55:30 INFO SparkEnv: Registering OutputCommitCoordinator
[2026-06-29T15:55:30.549+0000] {subprocess.py:93} INFO - 26/06/29 15:55:30 INFO JettyUtils: Start Jetty 0.0.0.0:4040 for SparkUI
[2026-06-29T15:55:30.716+0000] {subprocess.py:93} INFO - 26/06/29 15:55:30 INFO Utils: Successfully started service 'SparkUI' on port 4040.
[2026-06-29T15:55:30.940+0000] {subprocess.py:93} INFO - 26/06/29 15:55:30 INFO Executor: Starting executor ID driver on host ef940326903e
[2026-06-29T15:55:30.941+0000] {subprocess.py:93} INFO - 26/06/29 15:55:30 INFO Executor: OS info Linux, 6.18.33.2-microsoft-standard-WSL2, amd64
[2026-06-29T15:55:30.944+0000] {subprocess.py:93} INFO - 26/06/29 15:55:30 INFO Executor: Java version 17.0.19
[2026-06-29T15:55:30.965+0000] {subprocess.py:93} INFO - 26/06/29 15:55:30 INFO Executor: Starting executor with user classpath (userClassPathFirst = false): ''
[2026-06-29T15:55:30.969+0000] {subprocess.py:93} INFO - 26/06/29 15:55:30 INFO Executor: Created or updated repl class loader org.apache.spark.util.MutableURLClassLoader@28556cce for default.
[2026-06-29T15:55:31.047+0000] {subprocess.py:93} INFO - 26/06/29 15:55:31 INFO Utils: Successfully started service 'org.apache.spark.network.netty.NettyBlockTransferService' on port 37303.
[2026-06-29T15:55:31.052+0000] {subprocess.py:93} INFO - 26/06/29 15:55:31 INFO NettyBlockTransferService: Server created on ef940326903e:37303
[2026-06-29T15:55:31.054+0000] {subprocess.py:93} INFO - 26/06/29 15:55:31 INFO BlockManager: Using org.apache.spark.storage.RandomBlockReplicationPolicy for block replication policy
[2026-06-29T15:55:31.070+0000] {subprocess.py:93} INFO - 26/06/29 15:55:31 INFO BlockManagerMaster: Registering BlockManager BlockManagerId(driver, ef940326903e, 37303, None)
[2026-06-29T15:55:31.080+0000] {subprocess.py:93} INFO - 26/06/29 15:55:31 INFO BlockManagerMasterEndpoint: Registering block manager ef940326903e:37303 with 434.4 MiB RAM, BlockManagerId(driver, ef940326903e, 37303, None)
[2026-06-29T15:55:31.093+0000] {subprocess.py:93} INFO - 26/06/29 15:55:31 INFO BlockManagerMaster: Registered BlockManager BlockManagerId(driver, ef940326903e, 37303, None)
[2026-06-29T15:55:31.097+0000] {subprocess.py:93} INFO - 26/06/29 15:55:31 INFO BlockManager: Initialized BlockManager: BlockManagerId(driver, ef940326903e, 37303, None)
[2026-06-29T15:55:32.043+0000] {subprocess.py:93} INFO - 26/06/29 15:55:32 WARN SparkSession: Cannot use io.delta.sql.DeltaSparkSessionExtension to configure session extensions.
[2026-06-29T15:55:32.045+0000] {subprocess.py:93} INFO - java.lang.ClassNotFoundException: io.delta.sql.DeltaSparkSessionExtension
[2026-06-29T15:55:32.049+0000] {subprocess.py:93} INFO - 	at java.base/java.net.URLClassLoader.findClass(URLClassLoader.java:445)
[2026-06-29T15:55:32.052+0000] {subprocess.py:93} INFO - 	at java.base/java.lang.ClassLoader.loadClass(ClassLoader.java:592)
[2026-06-29T15:55:32.058+0000] {subprocess.py:93} INFO - 	at java.base/java.lang.ClassLoader.loadClass(ClassLoader.java:525)
[2026-06-29T15:55:32.060+0000] {subprocess.py:93} INFO - 	at java.base/java.lang.Class.forName0(Native Method)
[2026-06-29T15:55:32.064+0000] {subprocess.py:93} INFO - 	at java.base/java.lang.Class.forName(Class.java:469)
[2026-06-29T15:55:32.067+0000] {subprocess.py:93} INFO - 	at org.apache.spark.util.SparkClassUtils.classForName(SparkClassUtils.scala:41)
[2026-06-29T15:55:32.070+0000] {subprocess.py:93} INFO - 	at org.apache.spark.util.SparkClassUtils.classForName$(SparkClassUtils.scala:36)
[2026-06-29T15:55:32.075+0000] {subprocess.py:93} INFO - 	at org.apache.spark.util.Utils$.classForName(Utils.scala:94)
[2026-06-29T15:55:32.077+0000] {subprocess.py:93} INFO - 	at org.apache.spark.sql.SparkSession$.$anonfun$applyExtensions$2(SparkSession.scala:1367)
[2026-06-29T15:55:32.080+0000] {subprocess.py:93} INFO - 	at org.apache.spark.sql.SparkSession$.$anonfun$applyExtensions$2$adapted(SparkSession.scala:1365)
[2026-06-29T15:55:32.086+0000] {subprocess.py:93} INFO - 	at scala.collection.mutable.ResizableArray.foreach(ResizableArray.scala:62)
[2026-06-29T15:55:32.089+0000] {subprocess.py:93} INFO - 	at scala.collection.mutable.ResizableArray.foreach$(ResizableArray.scala:55)
[2026-06-29T15:55:32.091+0000] {subprocess.py:93} INFO - 	at scala.collection.mutable.ArrayBuffer.foreach(ArrayBuffer.scala:49)
[2026-06-29T15:55:32.093+0000] {subprocess.py:93} INFO - 	at org.apache.spark.sql.SparkSession$.org$apache$spark$sql$SparkSession$$applyExtensions(SparkSession.scala:1365)
[2026-06-29T15:55:32.098+0000] {subprocess.py:93} INFO - 	at org.apache.spark.sql.SparkSession.<init>(SparkSession.scala:105)
[2026-06-29T15:55:32.101+0000] {subprocess.py:93} INFO - 	at java.base/jdk.internal.reflect.NativeConstructorAccessorImpl.newInstance0(Native Method)
[2026-06-29T15:55:32.104+0000] {subprocess.py:93} INFO - 	at java.base/jdk.internal.reflect.NativeConstructorAccessorImpl.newInstance(NativeConstructorAccessorImpl.java:77)
[2026-06-29T15:55:32.106+0000] {subprocess.py:93} INFO - 	at java.base/jdk.internal.reflect.DelegatingConstructorAccessorImpl.newInstance(DelegatingConstructorAccessorImpl.java:45)
[2026-06-29T15:55:32.108+0000] {subprocess.py:93} INFO - 	at java.base/java.lang.reflect.Constructor.newInstanceWithCaller(Constructor.java:500)
[2026-06-29T15:55:32.111+0000] {subprocess.py:93} INFO - 	at java.base/java.lang.reflect.Constructor.newInstance(Constructor.java:481)
[2026-06-29T15:55:32.114+0000] {subprocess.py:93} INFO - 	at py4j.reflection.MethodInvoker.invoke(MethodInvoker.java:247)
[2026-06-29T15:55:32.117+0000] {subprocess.py:93} INFO - 	at py4j.reflection.ReflectionEngine.invoke(ReflectionEngine.java:374)
[2026-06-29T15:55:32.119+0000] {subprocess.py:93} INFO - 	at py4j.Gateway.invoke(Gateway.java:238)
[2026-06-29T15:55:32.121+0000] {subprocess.py:93} INFO - 	at py4j.commands.ConstructorCommand.invokeConstructor(ConstructorCommand.java:80)
[2026-06-29T15:55:32.123+0000] {subprocess.py:93} INFO - 	at py4j.commands.ConstructorCommand.execute(ConstructorCommand.java:69)
[2026-06-29T15:55:32.129+0000] {subprocess.py:93} INFO - 	at py4j.ClientServerConnection.waitForCommands(ClientServerConnection.java:182)
[2026-06-29T15:55:32.132+0000] {subprocess.py:93} INFO - 	at py4j.ClientServerConnection.run(ClientServerConnection.java:106)
[2026-06-29T15:55:32.135+0000] {subprocess.py:93} INFO - 	at java.base/java.lang.Thread.run(Thread.java:840)
[2026-06-29T15:55:32.224+0000] {subprocess.py:93} INFO - 26/06/29 15:55:32 INFO SharedState: Setting hive.metastore.warehouse.dir ('null') to the value of spark.sql.warehouse.dir.
[2026-06-29T15:55:32.241+0000] {subprocess.py:93} INFO - 26/06/29 15:55:32 INFO SharedState: Warehouse path is 'file:/tmp/***tmpobr3qgw4/spark-warehouse'.
[2026-06-29T15:55:34.250+0000] {subprocess.py:93} INFO - 26/06/29 15:55:34 WARN FileStreamSink: Assume no metadata directory. Error while looking for metadata directory in the path: abfss://raw@golddatalakee011.dfs.core.windows.net/stream_data/.
[2026-06-29T15:55:34.253+0000] {subprocess.py:93} INFO - java.lang.RuntimeException: java.lang.ClassNotFoundException: Class org.apache.hadoop.fs.azurebfs.SecureAzureBlobFileSystem not found
[2026-06-29T15:55:34.255+0000] {subprocess.py:93} INFO - 	at org.apache.hadoop.conf.Configuration.getClass(Configuration.java:2688)
[2026-06-29T15:55:34.258+0000] {subprocess.py:93} INFO - 	at org.apache.hadoop.fs.FileSystem.getFileSystemClass(FileSystem.java:3431)
[2026-06-29T15:55:34.260+0000] {subprocess.py:93} INFO - 	at org.apache.hadoop.fs.FileSystem.createFileSystem(FileSystem.java:3466)
[2026-06-29T15:55:34.262+0000] {subprocess.py:93} INFO - 	at org.apache.hadoop.fs.FileSystem.access$300(FileSystem.java:174)
[2026-06-29T15:55:34.264+0000] {subprocess.py:93} INFO - 	at org.apache.hadoop.fs.FileSystem$Cache.getInternal(FileSystem.java:3574)
[2026-06-29T15:55:34.268+0000] {subprocess.py:93} INFO - 	at org.apache.hadoop.fs.FileSystem$Cache.get(FileSystem.java:3521)
[2026-06-29T15:55:34.270+0000] {subprocess.py:93} INFO - 	at org.apache.hadoop.fs.FileSystem.get(FileSystem.java:540)
[2026-06-29T15:55:34.274+0000] {subprocess.py:93} INFO - 	at org.apache.hadoop.fs.Path.getFileSystem(Path.java:365)
[2026-06-29T15:55:34.276+0000] {subprocess.py:93} INFO - 	at org.apache.spark.sql.execution.streaming.FileStreamSink$.hasMetadata(FileStreamSink.scala:53)
[2026-06-29T15:55:34.279+0000] {subprocess.py:93} INFO - 	at org.apache.spark.sql.execution.datasources.DataSource.resolveRelation(DataSource.scala:366)
[2026-06-29T15:55:34.282+0000] {subprocess.py:93} INFO - 	at org.apache.spark.sql.DataFrameReader.loadV1Source(DataFrameReader.scala:229)
[2026-06-29T15:55:34.284+0000] {subprocess.py:93} INFO - 	at org.apache.spark.sql.DataFrameReader.$anonfun$load$2(DataFrameReader.scala:211)
[2026-06-29T15:55:34.286+0000] {subprocess.py:93} INFO - 	at scala.Option.getOrElse(Option.scala:189)
[2026-06-29T15:55:34.289+0000] {subprocess.py:93} INFO - 	at org.apache.spark.sql.DataFrameReader.load(DataFrameReader.scala:211)
[2026-06-29T15:55:34.291+0000] {subprocess.py:93} INFO - 	at org.apache.spark.sql.DataFrameReader.json(DataFrameReader.scala:362)
[2026-06-29T15:55:34.293+0000] {subprocess.py:93} INFO - 	at java.base/jdk.internal.reflect.NativeMethodAccessorImpl.invoke0(Native Method)
[2026-06-29T15:55:34.296+0000] {subprocess.py:93} INFO - 	at java.base/jdk.internal.reflect.NativeMethodAccessorImpl.invoke(NativeMethodAccessorImpl.java:77)
[2026-06-29T15:55:34.299+0000] {subprocess.py:93} INFO - 	at java.base/jdk.internal.reflect.DelegatingMethodAccessorImpl.invoke(DelegatingMethodAccessorImpl.java:43)
[2026-06-29T15:55:34.301+0000] {subprocess.py:93} INFO - 	at java.base/java.lang.reflect.Method.invoke(Method.java:569)
[2026-06-29T15:55:34.304+0000] {subprocess.py:93} INFO - 	at py4j.reflection.MethodInvoker.invoke(MethodInvoker.java:244)
[2026-06-29T15:55:34.306+0000] {subprocess.py:93} INFO - 	at py4j.reflection.ReflectionEngine.invoke(ReflectionEngine.java:374)
[2026-06-29T15:55:34.308+0000] {subprocess.py:93} INFO - 	at py4j.Gateway.invoke(Gateway.java:282)
[2026-06-29T15:55:34.310+0000] {subprocess.py:93} INFO - 	at py4j.commands.AbstractCommand.invokeMethod(AbstractCommand.java:132)
[2026-06-29T15:55:34.314+0000] {subprocess.py:93} INFO - 	at py4j.commands.CallCommand.execute(CallCommand.java:79)
[2026-06-29T15:55:34.317+0000] {subprocess.py:93} INFO - 	at py4j.ClientServerConnection.waitForCommands(ClientServerConnection.java:182)
[2026-06-29T15:55:34.319+0000] {subprocess.py:93} INFO - 	at py4j.ClientServerConnection.run(ClientServerConnection.java:106)
[2026-06-29T15:55:34.322+0000] {subprocess.py:93} INFO - 	at java.base/java.lang.Thread.run(Thread.java:840)
[2026-06-29T15:55:34.324+0000] {subprocess.py:93} INFO - Caused by: java.lang.ClassNotFoundException: Class org.apache.hadoop.fs.azurebfs.SecureAzureBlobFileSystem not found
[2026-06-29T15:55:34.327+0000] {subprocess.py:93} INFO - 	at org.apache.hadoop.conf.Configuration.getClassByName(Configuration.java:2592)
[2026-06-29T15:55:34.328+0000] {subprocess.py:93} INFO - 	at org.apache.hadoop.conf.Configuration.getClass(Configuration.java:2686)
[2026-06-29T15:55:34.332+0000] {subprocess.py:93} INFO - 	... 26 more
[2026-06-29T15:55:34.420+0000] {subprocess.py:93} INFO - Traceback (most recent call last):
[2026-06-29T15:55:34.422+0000] {subprocess.py:93} INFO -   File "/opt/***/pyspark_processing/sss.py", line 86, in <module>
[2026-06-29T15:55:34.427+0000] {subprocess.py:93} INFO -     .json(STREAM_PATH)
[2026-06-29T15:55:34.430+0000] {subprocess.py:93} INFO -      ^^^^^^^^^^^^^^^^^
[2026-06-29T15:55:34.433+0000] {subprocess.py:93} INFO -   File "/home/***/.local/lib/python3.12/site-packages/pyspark/python/lib/pyspark.zip/pyspark/sql/readwriter.py", line 425, in json
[2026-06-29T15:55:34.435+0000] {subprocess.py:93} INFO -   File "/home/***/.local/lib/python3.12/site-packages/pyspark/python/lib/py4j-0.10.9.7-src.zip/py4j/java_gateway.py", line 1322, in __call__
[2026-06-29T15:55:34.438+0000] {subprocess.py:93} INFO -   File "/home/***/.local/lib/python3.12/site-packages/pyspark/python/lib/pyspark.zip/pyspark/errors/exceptions/captured.py", line 179, in deco
[2026-06-29T15:55:34.441+0000] {subprocess.py:93} INFO -   File "/home/***/.local/lib/python3.12/site-packages/pyspark/python/lib/py4j-0.10.9.7-src.zip/py4j/protocol.py", line 326, in get_return_value
[2026-06-29T15:55:34.444+0000] {subprocess.py:93} INFO - py4j.protocol.Py4JJavaError: An error occurred while calling o30.json.
[2026-06-29T15:55:34.450+0000] {subprocess.py:93} INFO - : java.lang.RuntimeException: java.lang.ClassNotFoundException: Class org.apache.hadoop.fs.azurebfs.SecureAzureBlobFileSystem not found
[2026-06-29T15:55:34.454+0000] {subprocess.py:93} INFO - 	at org.apache.hadoop.conf.Configuration.getClass(Configuration.java:2688)
[2026-06-29T15:55:34.456+0000] {subprocess.py:93} INFO - 	at org.apache.hadoop.fs.FileSystem.getFileSystemClass(FileSystem.java:3431)
[2026-06-29T15:55:34.458+0000] {subprocess.py:93} INFO - 	at org.apache.hadoop.fs.FileSystem.createFileSystem(FileSystem.java:3466)
[2026-06-29T15:55:34.461+0000] {subprocess.py:93} INFO - 	at org.apache.hadoop.fs.FileSystem.access$300(FileSystem.java:174)
[2026-06-29T15:55:34.465+0000] {subprocess.py:93} INFO - 	at org.apache.hadoop.fs.FileSystem$Cache.getInternal(FileSystem.java:3574)
[2026-06-29T15:55:34.468+0000] {subprocess.py:93} INFO - 	at org.apache.hadoop.fs.FileSystem$Cache.get(FileSystem.java:3521)
[2026-06-29T15:55:34.472+0000] {subprocess.py:93} INFO - 	at org.apache.hadoop.fs.FileSystem.get(FileSystem.java:540)
[2026-06-29T15:55:34.475+0000] {subprocess.py:93} INFO - 	at org.apache.hadoop.fs.Path.getFileSystem(Path.java:365)
[2026-06-29T15:55:34.479+0000] {subprocess.py:93} INFO - 	at org.apache.spark.sql.execution.datasources.DataSource$.$anonfun$checkAndGlobPathIfNecessary$1(DataSource.scala:724)
[2026-06-29T15:55:34.482+0000] {subprocess.py:93} INFO - 	at scala.collection.immutable.List.map(List.scala:293)
[2026-06-29T15:55:34.485+0000] {subprocess.py:93} INFO - 	at org.apache.spark.sql.execution.datasources.DataSource$.checkAndGlobPathIfNecessary(DataSource.scala:722)
[2026-06-29T15:55:34.488+0000] {subprocess.py:93} INFO - 	at org.apache.spark.sql.execution.datasources.DataSource.checkAndGlobPathIfNecessary(DataSource.scala:551)
[2026-06-29T15:55:34.490+0000] {subprocess.py:93} INFO - 	at org.apache.spark.sql.execution.datasources.DataSource.resolveRelation(DataSource.scala:404)
[2026-06-29T15:55:34.492+0000] {subprocess.py:93} INFO - 	at org.apache.spark.sql.DataFrameReader.loadV1Source(DataFrameReader.scala:229)
[2026-06-29T15:55:34.495+0000] {subprocess.py:93} INFO - 	at org.apache.spark.sql.DataFrameReader.$anonfun$load$2(DataFrameReader.scala:211)
[2026-06-29T15:55:34.498+0000] {subprocess.py:93} INFO - 	at scala.Option.getOrElse(Option.scala:189)
[2026-06-29T15:55:34.502+0000] {subprocess.py:93} INFO - 	at org.apache.spark.sql.DataFrameReader.load(DataFrameReader.scala:211)
[2026-06-29T15:55:34.504+0000] {subprocess.py:93} INFO - 	at org.apache.spark.sql.DataFrameReader.json(DataFrameReader.scala:362)
[2026-06-29T15:55:34.506+0000] {subprocess.py:93} INFO - 	at java.base/jdk.internal.reflect.NativeMethodAccessorImpl.invoke0(Native Method)
[2026-06-29T15:55:34.509+0000] {subprocess.py:93} INFO - 	at java.base/jdk.internal.reflect.NativeMethodAccessorImpl.invoke(NativeMethodAccessorImpl.java:77)
[2026-06-29T15:55:34.511+0000] {subprocess.py:93} INFO - 	at java.base/jdk.internal.reflect.DelegatingMethodAccessorImpl.invoke(DelegatingMethodAccessorImpl.java:43)
[2026-06-29T15:55:34.515+0000] {subprocess.py:93} INFO - 	at java.base/java.lang.reflect.Method.invoke(Method.java:569)
[2026-06-29T15:55:34.518+0000] {subprocess.py:93} INFO - 	at py4j.reflection.MethodInvoker.invoke(MethodInvoker.java:244)
[2026-06-29T15:55:34.520+0000] {subprocess.py:93} INFO - 	at py4j.reflection.ReflectionEngine.invoke(ReflectionEngine.java:374)
[2026-06-29T15:55:34.522+0000] {subprocess.py:93} INFO - 	at py4j.Gateway.invoke(Gateway.java:282)
[2026-06-29T15:55:34.525+0000] {subprocess.py:93} INFO - 	at py4j.commands.AbstractCommand.invokeMethod(AbstractCommand.java:132)
[2026-06-29T15:55:34.528+0000] {subprocess.py:93} INFO - 	at py4j.commands.CallCommand.execute(CallCommand.java:79)
[2026-06-29T15:55:34.532+0000] {subprocess.py:93} INFO - 	at py4j.ClientServerConnection.waitForCommands(ClientServerConnection.java:182)
[2026-06-29T15:55:34.534+0000] {subprocess.py:93} INFO - 	at py4j.ClientServerConnection.run(ClientServerConnection.java:106)
[2026-06-29T15:55:34.537+0000] {subprocess.py:93} INFO - 	at java.base/java.lang.Thread.run(Thread.java:840)
[2026-06-29T15:55:34.539+0000] {subprocess.py:93} INFO - Caused by: java.lang.ClassNotFoundException: Class org.apache.hadoop.fs.azurebfs.SecureAzureBlobFileSystem not found
[2026-06-29T15:55:34.542+0000] {subprocess.py:93} INFO - 	at org.apache.hadoop.conf.Configuration.getClassByName(Configuration.java:2592)
[2026-06-29T15:55:34.544+0000] {subprocess.py:93} INFO - 	at org.apache.hadoop.conf.Configuration.getClass(Configuration.java:2686)
[2026-06-29T15:55:34.549+0000] {subprocess.py:93} INFO - 	... 29 more
[2026-06-29T15:55:34.552+0000] {subprocess.py:93} INFO - 
[2026-06-29T15:55:34.610+0000] {subprocess.py:93} INFO - 26/06/29 15:55:34 INFO SparkContext: Invoking stop() from shutdown hook
[2026-06-29T15:55:34.612+0000] {subprocess.py:93} INFO - 26/06/29 15:55:34 INFO SparkContext: SparkContext is stopping with exitCode 0.
[2026-06-29T15:55:34.642+0000] {subprocess.py:93} INFO - 26/06/29 15:55:34 INFO SparkUI: Stopped Spark web UI at http://ef940326903e:4040
[2026-06-29T15:55:34.674+0000] {subprocess.py:93} INFO - 26/06/29 15:55:34 INFO MapOutputTrackerMasterEndpoint: MapOutputTrackerMasterEndpoint stopped!
[2026-06-29T15:55:34.730+0000] {subprocess.py:93} INFO - 26/06/29 15:55:34 INFO MemoryStore: MemoryStore cleared
[2026-06-29T15:55:34.733+0000] {subprocess.py:93} INFO - 26/06/29 15:55:34 INFO BlockManager: BlockManager stopped
[2026-06-29T15:55:34.747+0000] {subprocess.py:93} INFO - 26/06/29 15:55:34 INFO BlockManagerMaster: BlockManagerMaster stopped
[2026-06-29T15:55:34.756+0000] {subprocess.py:93} INFO - 26/06/29 15:55:34 INFO OutputCommitCoordinator$OutputCommitCoordinatorEndpoint: OutputCommitCoordinator stopped!
[2026-06-29T15:55:34.777+0000] {subprocess.py:93} INFO - 26/06/29 15:55:34 INFO SparkContext: Successfully stopped SparkContext
[2026-06-29T15:55:34.779+0000] {subprocess.py:93} INFO - 26/06/29 15:55:34 INFO ShutdownHookManager: Shutdown hook called
[2026-06-29T15:55:34.782+0000] {subprocess.py:93} INFO - 26/06/29 15:55:34 INFO ShutdownHookManager: Deleting directory /tmp/spark-b1e6cec8-5d51-479c-b7c8-20b9dd4b2549
[2026-06-29T15:55:34.789+0000] {subprocess.py:93} INFO - 26/06/29 15:55:34 INFO ShutdownHookManager: Deleting directory /tmp/spark-7a0e55c1-e024-413c-93d2-b8a83f732c85
[2026-06-29T15:55:34.799+0000] {subprocess.py:93} INFO - 26/06/29 15:55:34 INFO ShutdownHookManager: Deleting directory /tmp/spark-7a0e55c1-e024-413c-93d2-b8a83f732c85/pyspark-c574d688-d92c-4041-bda6-e05447349dd6
[2026-06-29T15:55:34.890+0000] {subprocess.py:97} INFO - Command exited with return code 1
[2026-06-29T15:55:34.935+0000] {taskinstance.py:3301} ERROR - Task failed with exception
Traceback (most recent call last):
  File "/home/airflow/.local/lib/python3.12/site-packages/airflow/models/taskinstance.py", line 762, in _execute_task
    result = _execute_callable(context=context, **execute_callable_kwargs)
             ^^^^^^^^^^^^^^^^^^^^^^^^^^^^^^^^^^^^^^^^^^^^^^^^^^^^^^^^^^^^^
  File "/home/airflow/.local/lib/python3.12/site-packages/airflow/models/taskinstance.py", line 733, in _execute_callable
    return ExecutionCallableRunner(
           ^^^^^^^^^^^^^^^^^^^^^^^^
  File "/home/airflow/.local/lib/python3.12/site-packages/airflow/utils/operator_helpers.py", line 252, in run
    return self.func(*args, **kwargs)
           ^^^^^^^^^^^^^^^^^^^^^^^^^^
  File "/home/airflow/.local/lib/python3.12/site-packages/airflow/models/baseoperator.py", line 406, in wrapper
    return func(self, *args, **kwargs)
           ^^^^^^^^^^^^^^^^^^^^^^^^^^^
  File "/home/airflow/.local/lib/python3.12/site-packages/airflow/operators/bash.py", line 249, in execute
    raise AirflowException(
airflow.exceptions.AirflowException: Bash command failed. The command returned a non-zero exit code 1.
[2026-06-29T15:55:34.957+0000] {taskinstance.py:1225} INFO - Marking task as UP_FOR_RETRY. dag_id=gold_price_pipeline, task_id=run_spark_etl, run_id=manual__2026-06-29T15:54:57.533642+00:00, execution_date=20260629T155457, start_date=20260629T155521, end_date=20260629T155534
[2026-06-29T15:55:35.010+0000] {taskinstance.py:340} INFO - ::group::Post task execution logs
[2026-06-29T15:55:35.015+0000] {standard_task_runner.py:124} ERROR - Failed to execute job 9 for task run_spark_etl (Bash command failed. The command returned a non-zero exit code 1.; 815)
Traceback (most recent call last):
  File "/home/airflow/.local/lib/python3.12/site-packages/airflow/task/task_runner/standard_task_runner.py", line 117, in _start_by_fork
    ret = args.func(args, dag=self.dag)
          ^^^^^^^^^^^^^^^^^^^^^^^^^^^^^
  File "/home/airflow/.local/lib/python3.12/site-packages/airflow/cli/cli_config.py", line 49, in command
    return func(*args, **kwargs)
           ^^^^^^^^^^^^^^^^^^^^^
  File "/home/airflow/.local/lib/python3.12/site-packages/airflow/utils/cli.py", line 115, in wrapper
    return f(*args, **kwargs)
           ^^^^^^^^^^^^^^^^^^
  File "/home/airflow/.local/lib/python3.12/site-packages/airflow/cli/commands/task_command.py", line 483, in task_run
    task_return_code = _run_task_by_selected_method(args, _dag, ti)
                       ^^^^^^^^^^^^^^^^^^^^^^^^^^^^^^^^^^^^^^^^^^^^
  File "/home/airflow/.local/lib/python3.12/site-packages/airflow/cli/commands/task_command.py", line 256, in _run_task_by_selected_method
    return _run_raw_task(args, ti)
           ^^^^^^^^^^^^^^^^^^^^^^^
  File "/home/airflow/.local/lib/python3.12/site-packages/airflow/cli/commands/task_command.py", line 341, in _run_raw_task
    return ti._run_raw_task(
           ^^^^^^^^^^^^^^^^^
  File "/home/airflow/.local/lib/python3.12/site-packages/airflow/utils/session.py", line 97, in wrapper
    return func(*args, session=session, **kwargs)
           ^^^^^^^^^^^^^^^^^^^^^^^^^^^^^^^^^^^^^^
  File "/home/airflow/.local/lib/python3.12/site-packages/airflow/models/taskinstance.py", line 2995, in _run_raw_task
    return _run_raw_task(
           ^^^^^^^^^^^^^^
  File "/home/airflow/.local/lib/python3.12/site-packages/airflow/models/taskinstance.py", line 273, in _run_raw_task
    TaskInstance._execute_task_with_callbacks(
  File "/home/airflow/.local/lib/python3.12/site-packages/airflow/models/taskinstance.py", line 3149, in _execute_task_with_callbacks
    result = self._execute_task(context, task_orig)
             ^^^^^^^^^^^^^^^^^^^^^^^^^^^^^^^^^^^^^^
  File "/home/airflow/.local/lib/python3.12/site-packages/airflow/models/taskinstance.py", line 3173, in _execute_task
    return _execute_task(self, context, task_orig)
           ^^^^^^^^^^^^^^^^^^^^^^^^^^^^^^^^^^^^^^^
  File "/home/airflow/.local/lib/python3.12/site-packages/airflow/models/taskinstance.py", line 762, in _execute_task
    result = _execute_callable(context=context, **execute_callable_kwargs)
             ^^^^^^^^^^^^^^^^^^^^^^^^^^^^^^^^^^^^^^^^^^^^^^^^^^^^^^^^^^^^^
  File "/home/airflow/.local/lib/python3.12/site-packages/airflow/models/taskinstance.py", line 733, in _execute_callable
    return ExecutionCallableRunner(
           ^^^^^^^^^^^^^^^^^^^^^^^^
  File "/home/airflow/.local/lib/python3.12/site-packages/airflow/utils/operator_helpers.py", line 252, in run
    return self.func(*args, **kwargs)
           ^^^^^^^^^^^^^^^^^^^^^^^^^^
  File "/home/airflow/.local/lib/python3.12/site-packages/airflow/models/baseoperator.py", line 406, in wrapper
    return func(self, *args, **kwargs)
           ^^^^^^^^^^^^^^^^^^^^^^^^^^^
  File "/home/airflow/.local/lib/python3.12/site-packages/airflow/operators/bash.py", line 249, in execute
    raise AirflowException(
airflow.exceptions.AirflowException: Bash command failed. The command returned a non-zero exit code 1.
[2026-06-29T15:55:35.049+0000] {local_task_job_runner.py:261} INFO - Task exited with return code 1
[2026-06-29T15:55:35.094+0000] {taskinstance.py:3891} INFO - 0 downstream tasks scheduled from follow-on schedule check
[2026-06-29T15:55:35.110+0000] {local_task_job_runner.py:240} INFO - ::endgroup::
