[2026-06-29T15:59:52.633+0000] {local_task_job_runner.py:123} INFO - ::group::Pre task execution logs
[2026-06-29T15:59:52.682+0000] {taskinstance.py:2603} INFO - Dependencies all met for dep_context=non-requeueable deps ti=<TaskInstance: gold_price_pipeline.run_spark_etl manual__2026-06-29T15:54:57.533642+00:00 [queued]>
[2026-06-29T15:59:52.707+0000] {taskinstance.py:2603} INFO - Dependencies all met for dep_context=requeueable deps ti=<TaskInstance: gold_price_pipeline.run_spark_etl manual__2026-06-29T15:54:57.533642+00:00 [queued]>
[2026-06-29T15:59:52.710+0000] {taskinstance.py:2856} INFO - Starting attempt 3 of 3
[2026-06-29T15:59:52.747+0000] {taskinstance.py:2879} INFO - Executing <Task(BashOperator): run_spark_etl> on 2026-06-29 15:54:57.533642+00:00
[2026-06-29T15:59:52.768+0000] {logging_mixin.py:190} WARNING - /home/***/.local/lib/python3.12/site-packages/***/task/task_runner/standard_task_runner.py:70 DeprecationWarning: This process (pid=1175) is multi-threaded, use of fork() may lead to deadlocks in the child.
[2026-06-29T15:59:52.766+0000] {standard_task_runner.py:104} INFO - Running: ['***', 'tasks', 'run', 'gold_price_pipeline', 'run_spark_etl', 'manual__2026-06-29T15:54:57.533642+00:00', '--job-id', '11', '--raw', '--subdir', 'DAGS_FOLDER/gold_pipeline.py', '--cfg-path', '/tmp/tmp_8384i6n']
[2026-06-29T15:59:52.772+0000] {standard_task_runner.py:72} INFO - Started process 1176 to run task
[2026-06-29T15:59:52.773+0000] {standard_task_runner.py:105} INFO - Job 11: Subtask run_spark_etl
[2026-06-29T15:59:52.935+0000] {task_command.py:467} INFO - Running <TaskInstance: gold_price_pipeline.run_spark_etl manual__2026-06-29T15:54:57.533642+00:00 [running]> on host ef940326903e
[2026-06-29T15:59:53.102+0000] {taskinstance.py:3122} INFO - Exporting env vars: AIRFLOW_CTX_DAG_OWNER='Sayed' AIRFLOW_CTX_DAG_ID='gold_price_pipeline' AIRFLOW_CTX_TASK_ID='run_spark_etl' AIRFLOW_CTX_EXECUTION_DATE='2026-06-29T15:54:57.533642+00:00' AIRFLOW_CTX_TRY_NUMBER='3' AIRFLOW_CTX_DAG_RUN_ID='manual__2026-06-29T15:54:57.533642+00:00'
[2026-06-29T15:59:53.106+0000] {taskinstance.py:731} INFO - ::endgroup::
[2026-06-29T15:59:53.147+0000] {subprocess.py:63} INFO - Tmp dir root location: /tmp
[2026-06-29T15:59:53.151+0000] {subprocess.py:75} INFO - Running command: ['/usr/bin/bash', '-c', '\n        spark-submit /opt/***/pyspark_processing/sss.py\n        ']
[2026-06-29T15:59:53.175+0000] {subprocess.py:86} INFO - Output:
[2026-06-29T15:59:58.792+0000] {subprocess.py:93} INFO - 26/06/29 15:59:58 INFO SparkContext: Running Spark version 3.5.1
[2026-06-29T15:59:58.810+0000] {subprocess.py:93} INFO - 26/06/29 15:59:58 INFO SparkContext: OS info Linux, 6.18.33.2-microsoft-standard-WSL2, amd64
[2026-06-29T15:59:58.812+0000] {subprocess.py:93} INFO - 26/06/29 15:59:58 INFO SparkContext: Java version 17.0.19
[2026-06-29T15:59:58.972+0000] {subprocess.py:93} INFO - 26/06/29 15:59:58 WARN NativeCodeLoader: Unable to load native-hadoop library for your platform... using builtin-java classes where applicable
[2026-06-29T15:59:59.300+0000] {subprocess.py:93} INFO - 26/06/29 15:59:59 INFO ResourceUtils: ==============================================================
[2026-06-29T15:59:59.304+0000] {subprocess.py:93} INFO - 26/06/29 15:59:59 INFO ResourceUtils: No custom resources configured for spark.driver.
[2026-06-29T15:59:59.306+0000] {subprocess.py:93} INFO - 26/06/29 15:59:59 INFO ResourceUtils: ==============================================================
[2026-06-29T15:59:59.309+0000] {subprocess.py:93} INFO - 26/06/29 15:59:59 INFO SparkContext: Submitted application: GoldPriceETL
[2026-06-29T15:59:59.351+0000] {subprocess.py:93} INFO - 26/06/29 15:59:59 INFO ResourceProfile: Default ResourceProfile created, executor resources: Map(cores -> name: cores, amount: 1, script: , vendor: , memory -> name: memory, amount: 1024, script: , vendor: , offHeap -> name: offHeap, amount: 0, script: , vendor: ), task resources: Map(cpus -> name: cpus, amount: 1.0)
[2026-06-29T15:59:59.371+0000] {subprocess.py:93} INFO - 26/06/29 15:59:59 INFO ResourceProfile: Limiting resource is cpu
[2026-06-29T15:59:59.377+0000] {subprocess.py:93} INFO - 26/06/29 15:59:59 INFO ResourceProfileManager: Added ResourceProfile id: 0
[2026-06-29T15:59:59.489+0000] {subprocess.py:93} INFO - 26/06/29 15:59:59 INFO SecurityManager: Changing view acls to: ***
[2026-06-29T15:59:59.492+0000] {subprocess.py:93} INFO - 26/06/29 15:59:59 INFO SecurityManager: Changing modify acls to: ***
[2026-06-29T15:59:59.495+0000] {subprocess.py:93} INFO - 26/06/29 15:59:59 INFO SecurityManager: Changing view acls groups to:
[2026-06-29T15:59:59.497+0000] {subprocess.py:93} INFO - 26/06/29 15:59:59 INFO SecurityManager: Changing modify acls groups to:
[2026-06-29T15:59:59.500+0000] {subprocess.py:93} INFO - 26/06/29 15:59:59 INFO SecurityManager: SecurityManager: authentication disabled; ui acls disabled; users with view permissions: ***; groups with view permissions: EMPTY; users with modify permissions: ***; groups with modify permissions: EMPTY
[2026-06-29T15:59:59.976+0000] {subprocess.py:93} INFO - 26/06/29 15:59:59 INFO Utils: Successfully started service 'sparkDriver' on port 36663.
[2026-06-29T16:00:00.077+0000] {subprocess.py:93} INFO - 26/06/29 16:00:00 INFO SparkEnv: Registering MapOutputTracker
[2026-06-29T16:00:00.223+0000] {subprocess.py:93} INFO - 26/06/29 16:00:00 INFO SparkEnv: Registering BlockManagerMaster
[2026-06-29T16:00:00.275+0000] {subprocess.py:93} INFO - 26/06/29 16:00:00 INFO BlockManagerMasterEndpoint: Using org.apache.spark.storage.DefaultTopologyMapper for getting topology information
[2026-06-29T16:00:00.278+0000] {subprocess.py:93} INFO - 26/06/29 16:00:00 INFO BlockManagerMasterEndpoint: BlockManagerMasterEndpoint up
[2026-06-29T16:00:00.290+0000] {subprocess.py:93} INFO - 26/06/29 16:00:00 INFO SparkEnv: Registering BlockManagerMasterHeartbeat
[2026-06-29T16:00:00.341+0000] {subprocess.py:93} INFO - 26/06/29 16:00:00 INFO DiskBlockManager: Created local directory at /tmp/blockmgr-26aa61d7-fcb6-41b5-92da-dec76abe690f
[2026-06-29T16:00:00.375+0000] {subprocess.py:93} INFO - 26/06/29 16:00:00 INFO MemoryStore: MemoryStore started with capacity 434.4 MiB
[2026-06-29T16:00:00.415+0000] {subprocess.py:93} INFO - 26/06/29 16:00:00 INFO SparkEnv: Registering OutputCommitCoordinator
[2026-06-29T16:00:00.739+0000] {subprocess.py:93} INFO - 26/06/29 16:00:00 INFO JettyUtils: Start Jetty 0.0.0.0:4040 for SparkUI
[2026-06-29T16:00:00.890+0000] {subprocess.py:93} INFO - 26/06/29 16:00:00 INFO Utils: Successfully started service 'SparkUI' on port 4040.
[2026-06-29T16:00:01.140+0000] {subprocess.py:93} INFO - 26/06/29 16:00:01 INFO Executor: Starting executor ID driver on host ef940326903e
[2026-06-29T16:00:01.142+0000] {subprocess.py:93} INFO - 26/06/29 16:00:01 INFO Executor: OS info Linux, 6.18.33.2-microsoft-standard-WSL2, amd64
[2026-06-29T16:00:01.145+0000] {subprocess.py:93} INFO - 26/06/29 16:00:01 INFO Executor: Java version 17.0.19
[2026-06-29T16:00:01.166+0000] {subprocess.py:93} INFO - 26/06/29 16:00:01 INFO Executor: Starting executor with user classpath (userClassPathFirst = false): ''
[2026-06-29T16:00:01.168+0000] {subprocess.py:93} INFO - 26/06/29 16:00:01 INFO Executor: Created or updated repl class loader org.apache.spark.util.MutableURLClassLoader@11ed7442 for default.
[2026-06-29T16:00:01.250+0000] {subprocess.py:93} INFO - 26/06/29 16:00:01 INFO Utils: Successfully started service 'org.apache.spark.network.netty.NettyBlockTransferService' on port 43275.
[2026-06-29T16:00:01.252+0000] {subprocess.py:93} INFO - 26/06/29 16:00:01 INFO NettyBlockTransferService: Server created on ef940326903e:43275
[2026-06-29T16:00:01.256+0000] {subprocess.py:93} INFO - 26/06/29 16:00:01 INFO BlockManager: Using org.apache.spark.storage.RandomBlockReplicationPolicy for block replication policy
[2026-06-29T16:00:01.278+0000] {subprocess.py:93} INFO - 26/06/29 16:00:01 INFO BlockManagerMaster: Registering BlockManager BlockManagerId(driver, ef940326903e, 43275, None)
[2026-06-29T16:00:01.287+0000] {subprocess.py:93} INFO - 26/06/29 16:00:01 INFO BlockManagerMasterEndpoint: Registering block manager ef940326903e:43275 with 434.4 MiB RAM, BlockManagerId(driver, ef940326903e, 43275, None)
[2026-06-29T16:00:01.292+0000] {subprocess.py:93} INFO - 26/06/29 16:00:01 INFO BlockManagerMaster: Registered BlockManager BlockManagerId(driver, ef940326903e, 43275, None)
[2026-06-29T16:00:01.295+0000] {subprocess.py:93} INFO - 26/06/29 16:00:01 INFO BlockManager: Initialized BlockManager: BlockManagerId(driver, ef940326903e, 43275, None)
[2026-06-29T16:00:02.351+0000] {subprocess.py:93} INFO - 26/06/29 16:00:02 WARN SparkSession: Cannot use io.delta.sql.DeltaSparkSessionExtension to configure session extensions.
[2026-06-29T16:00:02.353+0000] {subprocess.py:93} INFO - java.lang.ClassNotFoundException: io.delta.sql.DeltaSparkSessionExtension
[2026-06-29T16:00:02.355+0000] {subprocess.py:93} INFO - 	at java.base/java.net.URLClassLoader.findClass(URLClassLoader.java:445)
[2026-06-29T16:00:02.357+0000] {subprocess.py:93} INFO - 	at java.base/java.lang.ClassLoader.loadClass(ClassLoader.java:592)
[2026-06-29T16:00:02.360+0000] {subprocess.py:93} INFO - 	at java.base/java.lang.ClassLoader.loadClass(ClassLoader.java:525)
[2026-06-29T16:00:02.364+0000] {subprocess.py:93} INFO - 	at java.base/java.lang.Class.forName0(Native Method)
[2026-06-29T16:00:02.366+0000] {subprocess.py:93} INFO - 	at java.base/java.lang.Class.forName(Class.java:469)
[2026-06-29T16:00:02.368+0000] {subprocess.py:93} INFO - 	at org.apache.spark.util.SparkClassUtils.classForName(SparkClassUtils.scala:41)
[2026-06-29T16:00:02.371+0000] {subprocess.py:93} INFO - 	at org.apache.spark.util.SparkClassUtils.classForName$(SparkClassUtils.scala:36)
[2026-06-29T16:00:02.373+0000] {subprocess.py:93} INFO - 	at org.apache.spark.util.Utils$.classForName(Utils.scala:94)
[2026-06-29T16:00:02.375+0000] {subprocess.py:93} INFO - 	at org.apache.spark.sql.SparkSession$.$anonfun$applyExtensions$2(SparkSession.scala:1367)
[2026-06-29T16:00:02.377+0000] {subprocess.py:93} INFO - 	at org.apache.spark.sql.SparkSession$.$anonfun$applyExtensions$2$adapted(SparkSession.scala:1365)
[2026-06-29T16:00:02.380+0000] {subprocess.py:93} INFO - 	at scala.collection.mutable.ResizableArray.foreach(ResizableArray.scala:62)
[2026-06-29T16:00:02.382+0000] {subprocess.py:93} INFO - 	at scala.collection.mutable.ResizableArray.foreach$(ResizableArray.scala:55)
[2026-06-29T16:00:02.384+0000] {subprocess.py:93} INFO - 	at scala.collection.mutable.ArrayBuffer.foreach(ArrayBuffer.scala:49)
[2026-06-29T16:00:02.385+0000] {subprocess.py:93} INFO - 	at org.apache.spark.sql.SparkSession$.org$apache$spark$sql$SparkSession$$applyExtensions(SparkSession.scala:1365)
[2026-06-29T16:00:02.388+0000] {subprocess.py:93} INFO - 	at org.apache.spark.sql.SparkSession.<init>(SparkSession.scala:105)
[2026-06-29T16:00:02.391+0000] {subprocess.py:93} INFO - 	at java.base/jdk.internal.reflect.NativeConstructorAccessorImpl.newInstance0(Native Method)
[2026-06-29T16:00:02.393+0000] {subprocess.py:93} INFO - 	at java.base/jdk.internal.reflect.NativeConstructorAccessorImpl.newInstance(NativeConstructorAccessorImpl.java:77)
[2026-06-29T16:00:02.396+0000] {subprocess.py:93} INFO - 	at java.base/jdk.internal.reflect.DelegatingConstructorAccessorImpl.newInstance(DelegatingConstructorAccessorImpl.java:45)
[2026-06-29T16:00:02.398+0000] {subprocess.py:93} INFO - 	at java.base/java.lang.reflect.Constructor.newInstanceWithCaller(Constructor.java:500)
[2026-06-29T16:00:02.400+0000] {subprocess.py:93} INFO - 	at java.base/java.lang.reflect.Constructor.newInstance(Constructor.java:481)
[2026-06-29T16:00:02.402+0000] {subprocess.py:93} INFO - 	at py4j.reflection.MethodInvoker.invoke(MethodInvoker.java:247)
[2026-06-29T16:00:02.404+0000] {subprocess.py:93} INFO - 	at py4j.reflection.ReflectionEngine.invoke(ReflectionEngine.java:374)
[2026-06-29T16:00:02.407+0000] {subprocess.py:93} INFO - 	at py4j.Gateway.invoke(Gateway.java:238)
[2026-06-29T16:00:02.411+0000] {subprocess.py:93} INFO - 	at py4j.commands.ConstructorCommand.invokeConstructor(ConstructorCommand.java:80)
[2026-06-29T16:00:02.414+0000] {subprocess.py:93} INFO - 	at py4j.commands.ConstructorCommand.execute(ConstructorCommand.java:69)
[2026-06-29T16:00:02.416+0000] {subprocess.py:93} INFO - 	at py4j.ClientServerConnection.waitForCommands(ClientServerConnection.java:182)
[2026-06-29T16:00:02.417+0000] {subprocess.py:93} INFO - 	at py4j.ClientServerConnection.run(ClientServerConnection.java:106)
[2026-06-29T16:00:02.419+0000] {subprocess.py:93} INFO - 	at java.base/java.lang.Thread.run(Thread.java:840)
[2026-06-29T16:00:02.533+0000] {subprocess.py:93} INFO - 26/06/29 16:00:02 INFO SharedState: Setting hive.metastore.warehouse.dir ('null') to the value of spark.sql.warehouse.dir.
[2026-06-29T16:00:02.551+0000] {subprocess.py:93} INFO - 26/06/29 16:00:02 INFO SharedState: Warehouse path is 'file:/tmp/***tmpv2lu6x35/spark-warehouse'.
[2026-06-29T16:00:04.821+0000] {subprocess.py:93} INFO - 26/06/29 16:00:04 WARN FileStreamSink: Assume no metadata directory. Error while looking for metadata directory in the path: abfss://raw@golddatalakee011.dfs.core.windows.net/stream_data/.
[2026-06-29T16:00:04.823+0000] {subprocess.py:93} INFO - java.lang.RuntimeException: java.lang.ClassNotFoundException: Class org.apache.hadoop.fs.azurebfs.SecureAzureBlobFileSystem not found
[2026-06-29T16:00:04.826+0000] {subprocess.py:93} INFO - 	at org.apache.hadoop.conf.Configuration.getClass(Configuration.java:2688)
[2026-06-29T16:00:04.829+0000] {subprocess.py:93} INFO - 	at org.apache.hadoop.fs.FileSystem.getFileSystemClass(FileSystem.java:3431)
[2026-06-29T16:00:04.831+0000] {subprocess.py:93} INFO - 	at org.apache.hadoop.fs.FileSystem.createFileSystem(FileSystem.java:3466)
[2026-06-29T16:00:04.833+0000] {subprocess.py:93} INFO - 	at org.apache.hadoop.fs.FileSystem.access$300(FileSystem.java:174)
[2026-06-29T16:00:04.838+0000] {subprocess.py:93} INFO - 	at org.apache.hadoop.fs.FileSystem$Cache.getInternal(FileSystem.java:3574)
[2026-06-29T16:00:04.840+0000] {subprocess.py:93} INFO - 	at org.apache.hadoop.fs.FileSystem$Cache.get(FileSystem.java:3521)
[2026-06-29T16:00:04.842+0000] {subprocess.py:93} INFO - 	at org.apache.hadoop.fs.FileSystem.get(FileSystem.java:540)
[2026-06-29T16:00:04.845+0000] {subprocess.py:93} INFO - 	at org.apache.hadoop.fs.Path.getFileSystem(Path.java:365)
[2026-06-29T16:00:04.847+0000] {subprocess.py:93} INFO - 	at org.apache.spark.sql.execution.streaming.FileStreamSink$.hasMetadata(FileStreamSink.scala:53)
[2026-06-29T16:00:04.851+0000] {subprocess.py:93} INFO - 	at org.apache.spark.sql.execution.datasources.DataSource.resolveRelation(DataSource.scala:366)
[2026-06-29T16:00:04.853+0000] {subprocess.py:93} INFO - 	at org.apache.spark.sql.DataFrameReader.loadV1Source(DataFrameReader.scala:229)
[2026-06-29T16:00:04.856+0000] {subprocess.py:93} INFO - 	at org.apache.spark.sql.DataFrameReader.$anonfun$load$2(DataFrameReader.scala:211)
[2026-06-29T16:00:04.858+0000] {subprocess.py:93} INFO - 	at scala.Option.getOrElse(Option.scala:189)
[2026-06-29T16:00:04.860+0000] {subprocess.py:93} INFO - 	at org.apache.spark.sql.DataFrameReader.load(DataFrameReader.scala:211)
[2026-06-29T16:00:04.863+0000] {subprocess.py:93} INFO - 	at org.apache.spark.sql.DataFrameReader.json(DataFrameReader.scala:362)
[2026-06-29T16:00:04.866+0000] {subprocess.py:93} INFO - 	at java.base/jdk.internal.reflect.NativeMethodAccessorImpl.invoke0(Native Method)
[2026-06-29T16:00:04.868+0000] {subprocess.py:93} INFO - 	at java.base/jdk.internal.reflect.NativeMethodAccessorImpl.invoke(NativeMethodAccessorImpl.java:77)
[2026-06-29T16:00:04.870+0000] {subprocess.py:93} INFO - 	at java.base/jdk.internal.reflect.DelegatingMethodAccessorImpl.invoke(DelegatingMethodAccessorImpl.java:43)
[2026-06-29T16:00:04.873+0000] {subprocess.py:93} INFO - 	at java.base/java.lang.reflect.Method.invoke(Method.java:569)
[2026-06-29T16:00:04.875+0000] {subprocess.py:93} INFO - 	at py4j.reflection.MethodInvoker.invoke(MethodInvoker.java:244)
[2026-06-29T16:00:04.877+0000] {subprocess.py:93} INFO - 	at py4j.reflection.ReflectionEngine.invoke(ReflectionEngine.java:374)
[2026-06-29T16:00:04.882+0000] {subprocess.py:93} INFO - 	at py4j.Gateway.invoke(Gateway.java:282)
[2026-06-29T16:00:04.884+0000] {subprocess.py:93} INFO - 	at py4j.commands.AbstractCommand.invokeMethod(AbstractCommand.java:132)
[2026-06-29T16:00:04.887+0000] {subprocess.py:93} INFO - 	at py4j.commands.CallCommand.execute(CallCommand.java:79)
[2026-06-29T16:00:04.889+0000] {subprocess.py:93} INFO - 	at py4j.ClientServerConnection.waitForCommands(ClientServerConnection.java:182)
[2026-06-29T16:00:04.891+0000] {subprocess.py:93} INFO - 	at py4j.ClientServerConnection.run(ClientServerConnection.java:106)
[2026-06-29T16:00:04.893+0000] {subprocess.py:93} INFO - 	at java.base/java.lang.Thread.run(Thread.java:840)
[2026-06-29T16:00:04.896+0000] {subprocess.py:93} INFO - Caused by: java.lang.ClassNotFoundException: Class org.apache.hadoop.fs.azurebfs.SecureAzureBlobFileSystem not found
[2026-06-29T16:00:04.899+0000] {subprocess.py:93} INFO - 	at org.apache.hadoop.conf.Configuration.getClassByName(Configuration.java:2592)
[2026-06-29T16:00:04.901+0000] {subprocess.py:93} INFO - 	at org.apache.hadoop.conf.Configuration.getClass(Configuration.java:2686)
[2026-06-29T16:00:04.904+0000] {subprocess.py:93} INFO - 	... 26 more
[2026-06-29T16:00:05.075+0000] {subprocess.py:93} INFO - Traceback (most recent call last):
[2026-06-29T16:00:05.077+0000] {subprocess.py:93} INFO -   File "/opt/***/pyspark_processing/sss.py", line 86, in <module>
[2026-06-29T16:00:05.085+0000] {subprocess.py:93} INFO -     .json(STREAM_PATH)
[2026-06-29T16:00:05.089+0000] {subprocess.py:93} INFO -      ^^^^^^^^^^^^^^^^^
[2026-06-29T16:00:05.094+0000] {subprocess.py:93} INFO -   File "/home/***/.local/lib/python3.12/site-packages/pyspark/python/lib/pyspark.zip/pyspark/sql/readwriter.py", line 425, in json
[2026-06-29T16:00:05.099+0000] {subprocess.py:93} INFO -   File "/home/***/.local/lib/python3.12/site-packages/pyspark/python/lib/py4j-0.10.9.7-src.zip/py4j/java_gateway.py", line 1322, in __call__
[2026-06-29T16:00:05.103+0000] {subprocess.py:93} INFO -   File "/home/***/.local/lib/python3.12/site-packages/pyspark/python/lib/pyspark.zip/pyspark/errors/exceptions/captured.py", line 179, in deco
[2026-06-29T16:00:05.120+0000] {subprocess.py:93} INFO -   File "/home/***/.local/lib/python3.12/site-packages/pyspark/python/lib/py4j-0.10.9.7-src.zip/py4j/protocol.py", line 326, in get_return_value
[2026-06-29T16:00:05.123+0000] {subprocess.py:93} INFO - py4j.protocol.Py4JJavaError: An error occurred while calling o30.json.
[2026-06-29T16:00:05.126+0000] {subprocess.py:93} INFO - : java.lang.RuntimeException: java.lang.ClassNotFoundException: Class org.apache.hadoop.fs.azurebfs.SecureAzureBlobFileSystem not found
[2026-06-29T16:00:05.131+0000] {subprocess.py:93} INFO - 	at org.apache.hadoop.conf.Configuration.getClass(Configuration.java:2688)
[2026-06-29T16:00:05.133+0000] {subprocess.py:93} INFO - 	at org.apache.hadoop.fs.FileSystem.getFileSystemClass(FileSystem.java:3431)
[2026-06-29T16:00:05.135+0000] {subprocess.py:93} INFO - 	at org.apache.hadoop.fs.FileSystem.createFileSystem(FileSystem.java:3466)
[2026-06-29T16:00:05.137+0000] {subprocess.py:93} INFO - 	at org.apache.hadoop.fs.FileSystem.access$300(FileSystem.java:174)
[2026-06-29T16:00:05.140+0000] {subprocess.py:93} INFO - 	at org.apache.hadoop.fs.FileSystem$Cache.getInternal(FileSystem.java:3574)
[2026-06-29T16:00:05.142+0000] {subprocess.py:93} INFO - 	at org.apache.hadoop.fs.FileSystem$Cache.get(FileSystem.java:3521)
[2026-06-29T16:00:05.147+0000] {subprocess.py:93} INFO - 	at org.apache.hadoop.fs.FileSystem.get(FileSystem.java:540)
[2026-06-29T16:00:05.149+0000] {subprocess.py:93} INFO - 	at org.apache.hadoop.fs.Path.getFileSystem(Path.java:365)
[2026-06-29T16:00:05.152+0000] {subprocess.py:93} INFO - 	at org.apache.spark.sql.execution.datasources.DataSource$.$anonfun$checkAndGlobPathIfNecessary$1(DataSource.scala:724)
[2026-06-29T16:00:05.154+0000] {subprocess.py:93} INFO - 	at scala.collection.immutable.List.map(List.scala:293)
[2026-06-29T16:00:05.156+0000] {subprocess.py:93} INFO - 	at org.apache.spark.sql.execution.datasources.DataSource$.checkAndGlobPathIfNecessary(DataSource.scala:722)
[2026-06-29T16:00:05.159+0000] {subprocess.py:93} INFO - 	at org.apache.spark.sql.execution.datasources.DataSource.checkAndGlobPathIfNecessary(DataSource.scala:551)
[2026-06-29T16:00:05.161+0000] {subprocess.py:93} INFO - 	at org.apache.spark.sql.execution.datasources.DataSource.resolveRelation(DataSource.scala:404)
[2026-06-29T16:00:05.165+0000] {subprocess.py:93} INFO - 	at org.apache.spark.sql.DataFrameReader.loadV1Source(DataFrameReader.scala:229)
[2026-06-29T16:00:05.168+0000] {subprocess.py:93} INFO - 	at org.apache.spark.sql.DataFrameReader.$anonfun$load$2(DataFrameReader.scala:211)
[2026-06-29T16:00:05.170+0000] {subprocess.py:93} INFO - 	at scala.Option.getOrElse(Option.scala:189)
[2026-06-29T16:00:05.172+0000] {subprocess.py:93} INFO - 	at org.apache.spark.sql.DataFrameReader.load(DataFrameReader.scala:211)
[2026-06-29T16:00:05.175+0000] {subprocess.py:93} INFO - 	at org.apache.spark.sql.DataFrameReader.json(DataFrameReader.scala:362)
[2026-06-29T16:00:05.179+0000] {subprocess.py:93} INFO - 	at java.base/jdk.internal.reflect.NativeMethodAccessorImpl.invoke0(Native Method)
[2026-06-29T16:00:05.182+0000] {subprocess.py:93} INFO - 	at java.base/jdk.internal.reflect.NativeMethodAccessorImpl.invoke(NativeMethodAccessorImpl.java:77)
[2026-06-29T16:00:05.184+0000] {subprocess.py:93} INFO - 	at java.base/jdk.internal.reflect.DelegatingMethodAccessorImpl.invoke(DelegatingMethodAccessorImpl.java:43)
[2026-06-29T16:00:05.187+0000] {subprocess.py:93} INFO - 	at java.base/java.lang.reflect.Method.invoke(Method.java:569)
[2026-06-29T16:00:05.190+0000] {subprocess.py:93} INFO - 	at py4j.reflection.MethodInvoker.invoke(MethodInvoker.java:244)
[2026-06-29T16:00:05.193+0000] {subprocess.py:93} INFO - 	at py4j.reflection.ReflectionEngine.invoke(ReflectionEngine.java:374)
[2026-06-29T16:00:05.196+0000] {subprocess.py:93} INFO - 	at py4j.Gateway.invoke(Gateway.java:282)
[2026-06-29T16:00:05.198+0000] {subprocess.py:93} INFO - 	at py4j.commands.AbstractCommand.invokeMethod(AbstractCommand.java:132)
[2026-06-29T16:00:05.200+0000] {subprocess.py:93} INFO - 	at py4j.commands.CallCommand.execute(CallCommand.java:79)
[2026-06-29T16:00:05.203+0000] {subprocess.py:93} INFO - 	at py4j.ClientServerConnection.waitForCommands(ClientServerConnection.java:182)
[2026-06-29T16:00:05.205+0000] {subprocess.py:93} INFO - 	at py4j.ClientServerConnection.run(ClientServerConnection.java:106)
[2026-06-29T16:00:05.207+0000] {subprocess.py:93} INFO - 	at java.base/java.lang.Thread.run(Thread.java:840)
[2026-06-29T16:00:05.210+0000] {subprocess.py:93} INFO - Caused by: java.lang.ClassNotFoundException: Class org.apache.hadoop.fs.azurebfs.SecureAzureBlobFileSystem not found
[2026-06-29T16:00:05.213+0000] {subprocess.py:93} INFO - 	at org.apache.hadoop.conf.Configuration.getClassByName(Configuration.java:2592)
[2026-06-29T16:00:05.215+0000] {subprocess.py:93} INFO - 	at org.apache.hadoop.conf.Configuration.getClass(Configuration.java:2686)
[2026-06-29T16:00:05.218+0000] {subprocess.py:93} INFO - 	... 29 more
[2026-06-29T16:00:05.221+0000] {subprocess.py:93} INFO - 
[2026-06-29T16:00:05.297+0000] {subprocess.py:93} INFO - 26/06/29 16:00:05 INFO SparkContext: Invoking stop() from shutdown hook
[2026-06-29T16:00:05.301+0000] {subprocess.py:93} INFO - 26/06/29 16:00:05 INFO SparkContext: SparkContext is stopping with exitCode 0.
[2026-06-29T16:00:05.336+0000] {subprocess.py:93} INFO - 26/06/29 16:00:05 INFO SparkUI: Stopped Spark web UI at http://ef940326903e:4040
[2026-06-29T16:00:05.396+0000] {subprocess.py:93} INFO - 26/06/29 16:00:05 INFO MapOutputTrackerMasterEndpoint: MapOutputTrackerMasterEndpoint stopped!
[2026-06-29T16:00:05.441+0000] {subprocess.py:93} INFO - 26/06/29 16:00:05 INFO MemoryStore: MemoryStore cleared
[2026-06-29T16:00:05.445+0000] {subprocess.py:93} INFO - 26/06/29 16:00:05 INFO BlockManager: BlockManager stopped
[2026-06-29T16:00:05.470+0000] {subprocess.py:93} INFO - 26/06/29 16:00:05 INFO BlockManagerMaster: BlockManagerMaster stopped
[2026-06-29T16:00:05.477+0000] {subprocess.py:93} INFO - 26/06/29 16:00:05 INFO OutputCommitCoordinator$OutputCommitCoordinatorEndpoint: OutputCommitCoordinator stopped!
[2026-06-29T16:00:05.515+0000] {subprocess.py:93} INFO - 26/06/29 16:00:05 INFO SparkContext: Successfully stopped SparkContext
[2026-06-29T16:00:05.519+0000] {subprocess.py:93} INFO - 26/06/29 16:00:05 INFO ShutdownHookManager: Shutdown hook called
[2026-06-29T16:00:05.522+0000] {subprocess.py:93} INFO - 26/06/29 16:00:05 INFO ShutdownHookManager: Deleting directory /tmp/spark-2862033d-5803-4fc7-925b-5e805a400563/pyspark-a7cad4cb-144c-418f-9294-7197c8f4e9ec
[2026-06-29T16:00:05.532+0000] {subprocess.py:93} INFO - 26/06/29 16:00:05 INFO ShutdownHookManager: Deleting directory /tmp/spark-157101d8-f921-4d28-8f34-1ad0da8a3a32
[2026-06-29T16:00:05.546+0000] {subprocess.py:93} INFO - 26/06/29 16:00:05 INFO ShutdownHookManager: Deleting directory /tmp/spark-2862033d-5803-4fc7-925b-5e805a400563
[2026-06-29T16:00:05.636+0000] {subprocess.py:97} INFO - Command exited with return code 1
[2026-06-29T16:00:05.686+0000] {taskinstance.py:3301} ERROR - Task failed with exception
Traceback (most recent call last):
  File "/home/airflow/.local/lib/python3.12/site-packages/airflow/models/taskinstance.py", line 762, in _execute_task
    result = _execute_callable(context=context, **execute_callable_kwargs)
             ^^^^^^^^^^^^^^^^^^^^^^^^^^^^^^^^^^^^^^^^^^^^^^^^^^^^^^^^^^^^^
  File "/home/airflow/.local/lib/python3.12/site-packages/airflow/models/taskinstance.py", line 733, in _execute_callable
    return ExecutionCallableRunner(
           ^^^^^^^^^^^^^^^^^^^^^^^^
  File "/home/airflow/.local/lib/python3.12/site-packages/airflow/utils/operator_helpers.py", line 252, in run
    return self.func(*args, **kwargs)
           ^^^^^^^^^^^^^^^^^^^^^^^^^^
  File "/home/airflow/.local/lib/python3.12/site-packages/airflow/models/baseoperator.py", line 406, in wrapper
    return func(self, *args, **kwargs)
           ^^^^^^^^^^^^^^^^^^^^^^^^^^^
  File "/home/airflow/.local/lib/python3.12/site-packages/airflow/operators/bash.py", line 249, in execute
    raise AirflowException(
airflow.exceptions.AirflowException: Bash command failed. The command returned a non-zero exit code 1.
[2026-06-29T16:00:05.703+0000] {taskinstance.py:1225} INFO - Marking task as FAILED. dag_id=gold_price_pipeline, task_id=run_spark_etl, run_id=manual__2026-06-29T15:54:57.533642+00:00, execution_date=20260629T155457, start_date=20260629T155952, end_date=20260629T160005
[2026-06-29T16:00:05.759+0000] {taskinstance.py:340} INFO - ::group::Post task execution logs
[2026-06-29T16:00:05.764+0000] {standard_task_runner.py:124} ERROR - Failed to execute job 11 for task run_spark_etl (Bash command failed. The command returned a non-zero exit code 1.; 1176)
Traceback (most recent call last):
  File "/home/airflow/.local/lib/python3.12/site-packages/airflow/task/task_runner/standard_task_runner.py", line 117, in _start_by_fork
    ret = args.func(args, dag=self.dag)
          ^^^^^^^^^^^^^^^^^^^^^^^^^^^^^
  File "/home/airflow/.local/lib/python3.12/site-packages/airflow/cli/cli_config.py", line 49, in command
    return func(*args, **kwargs)
           ^^^^^^^^^^^^^^^^^^^^^
  File "/home/airflow/.local/lib/python3.12/site-packages/airflow/utils/cli.py", line 115, in wrapper
    return f(*args, **kwargs)
           ^^^^^^^^^^^^^^^^^^
  File "/home/airflow/.local/lib/python3.12/site-packages/airflow/cli/commands/task_command.py", line 483, in task_run
    task_return_code = _run_task_by_selected_method(args, _dag, ti)
                       ^^^^^^^^^^^^^^^^^^^^^^^^^^^^^^^^^^^^^^^^^^^^
  File "/home/airflow/.local/lib/python3.12/site-packages/airflow/cli/commands/task_command.py", line 256, in _run_task_by_selected_method
    return _run_raw_task(args, ti)
           ^^^^^^^^^^^^^^^^^^^^^^^
  File "/home/airflow/.local/lib/python3.12/site-packages/airflow/cli/commands/task_command.py", line 341, in _run_raw_task
    return ti._run_raw_task(
           ^^^^^^^^^^^^^^^^^
  File "/home/airflow/.local/lib/python3.12/site-packages/airflow/utils/session.py", line 97, in wrapper
    return func(*args, session=session, **kwargs)
           ^^^^^^^^^^^^^^^^^^^^^^^^^^^^^^^^^^^^^^
  File "/home/airflow/.local/lib/python3.12/site-packages/airflow/models/taskinstance.py", line 2995, in _run_raw_task
    return _run_raw_task(
           ^^^^^^^^^^^^^^
  File "/home/airflow/.local/lib/python3.12/site-packages/airflow/models/taskinstance.py", line 273, in _run_raw_task
    TaskInstance._execute_task_with_callbacks(
  File "/home/airflow/.local/lib/python3.12/site-packages/airflow/models/taskinstance.py", line 3149, in _execute_task_with_callbacks
    result = self._execute_task(context, task_orig)
             ^^^^^^^^^^^^^^^^^^^^^^^^^^^^^^^^^^^^^^
  File "/home/airflow/.local/lib/python3.12/site-packages/airflow/models/taskinstance.py", line 3173, in _execute_task
    return _execute_task(self, context, task_orig)
           ^^^^^^^^^^^^^^^^^^^^^^^^^^^^^^^^^^^^^^^
  File "/home/airflow/.local/lib/python3.12/site-packages/airflow/models/taskinstance.py", line 762, in _execute_task
    result = _execute_callable(context=context, **execute_callable_kwargs)
             ^^^^^^^^^^^^^^^^^^^^^^^^^^^^^^^^^^^^^^^^^^^^^^^^^^^^^^^^^^^^^
  File "/home/airflow/.local/lib/python3.12/site-packages/airflow/models/taskinstance.py", line 733, in _execute_callable
    return ExecutionCallableRunner(
           ^^^^^^^^^^^^^^^^^^^^^^^^
  File "/home/airflow/.local/lib/python3.12/site-packages/airflow/utils/operator_helpers.py", line 252, in run
    return self.func(*args, **kwargs)
           ^^^^^^^^^^^^^^^^^^^^^^^^^^
  File "/home/airflow/.local/lib/python3.12/site-packages/airflow/models/baseoperator.py", line 406, in wrapper
    return func(self, *args, **kwargs)
           ^^^^^^^^^^^^^^^^^^^^^^^^^^^
  File "/home/airflow/.local/lib/python3.12/site-packages/airflow/operators/bash.py", line 249, in execute
    raise AirflowException(
airflow.exceptions.AirflowException: Bash command failed. The command returned a non-zero exit code 1.
[2026-06-29T16:00:05.836+0000] {local_task_job_runner.py:261} INFO - Task exited with return code 1
[2026-06-29T16:00:05.924+0000] {taskinstance.py:3891} INFO - 0 downstream tasks scheduled from follow-on schedule check
[2026-06-29T16:00:05.952+0000] {local_task_job_runner.py:240} INFO - ::endgroup::
