[2026-06-29T18:31:41.663+0000] {local_task_job_runner.py:123} INFO - ::group::Pre task execution logs
[2026-06-29T18:31:41.691+0000] {taskinstance.py:2603} INFO - Dependencies all met for dep_context=non-requeueable deps ti=<TaskInstance: gold_price_pipeline.run_kafka_consumer scheduled__2026-06-29T17:00:00+00:00 [queued]>
[2026-06-29T18:31:41.702+0000] {taskinstance.py:2603} INFO - Dependencies all met for dep_context=requeueable deps ti=<TaskInstance: gold_price_pipeline.run_kafka_consumer scheduled__2026-06-29T17:00:00+00:00 [queued]>
[2026-06-29T18:31:41.703+0000] {taskinstance.py:2856} INFO - Starting attempt 1 of 3
[2026-06-29T18:31:41.720+0000] {taskinstance.py:2879} INFO - Executing <Task(BashOperator): run_kafka_consumer> on 2026-06-29 17:00:00+00:00
[2026-06-29T18:31:41.731+0000] {logging_mixin.py:190} WARNING - /home/***/.local/lib/python3.12/site-packages/***/task/task_runner/standard_task_runner.py:70 DeprecationWarning: This process (pid=186) is multi-threaded, use of fork() may lead to deadlocks in the child.
[2026-06-29T18:31:41.730+0000] {standard_task_runner.py:104} INFO - Running: ['***', 'tasks', 'run', 'gold_price_pipeline', 'run_kafka_consumer', 'scheduled__2026-06-29T17:00:00+00:00', '--job-id', '3', '--raw', '--subdir', 'DAGS_FOLDER/gold_pipeline.py', '--cfg-path', '/tmp/tmpptzutmyh']
[2026-06-29T18:31:41.733+0000] {standard_task_runner.py:72} INFO - Started process 187 to run task
[2026-06-29T18:31:41.733+0000] {standard_task_runner.py:105} INFO - Job 3: Subtask run_kafka_consumer
[2026-06-29T18:31:41.837+0000] {task_command.py:467} INFO - Running <TaskInstance: gold_price_pipeline.run_kafka_consumer scheduled__2026-06-29T17:00:00+00:00 [running]> on host 95d1b0323ecd
[2026-06-29T18:31:41.937+0000] {taskinstance.py:3122} INFO - Exporting env vars: AIRFLOW_CTX_DAG_OWNER='Sayed' AIRFLOW_CTX_DAG_ID='gold_price_pipeline' AIRFLOW_CTX_TASK_ID='run_kafka_consumer' AIRFLOW_CTX_EXECUTION_DATE='2026-06-29T17:00:00+00:00' AIRFLOW_CTX_TRY_NUMBER='1' AIRFLOW_CTX_DAG_RUN_ID='scheduled__2026-06-29T17:00:00+00:00'
[2026-06-29T18:31:41.939+0000] {taskinstance.py:731} INFO - ::endgroup::
[2026-06-29T18:31:41.960+0000] {subprocess.py:63} INFO - Tmp dir root location: /tmp
[2026-06-29T18:31:41.962+0000] {subprocess.py:75} INFO - Running command: ['/usr/bin/bash', '-c', '\n        python /opt/***/kafka/Consumer.py\n        ']
[2026-06-29T18:31:41.975+0000] {subprocess.py:86} INFO - Output:
[2026-06-29T18:31:43.814+0000] {subprocess.py:93} INFO - /opt/***/kafka/Consumer.py:38: DeprecationWarning: value_deserializer does not implement kafka.serializer.Deserializer
[2026-06-29T18:31:43.815+0000] {subprocess.py:93} INFO -   consumer = KafkaConsumer(
[2026-06-29T18:32:43.836+0000] {subprocess.py:93} INFO - Connected To Azure Data Lake
[2026-06-29T18:32:43.838+0000] {subprocess.py:93} INFO - Waiting For Kafka Message...
[2026-06-29T18:32:43.839+0000] {subprocess.py:93} INFO - Consumer Finished Successfully
[2026-06-29T18:32:43.965+0000] {subprocess.py:97} INFO - Command exited with return code 0
[2026-06-29T18:32:44.013+0000] {taskinstance.py:340} INFO - ::group::Post task execution logs
[2026-06-29T18:32:44.015+0000] {taskinstance.py:352} INFO - Marking task as SUCCESS. dag_id=gold_price_pipeline, task_id=run_kafka_consumer, run_id=scheduled__2026-06-29T17:00:00+00:00, execution_date=20260629T170000, start_date=20260629T183141, end_date=20260629T183244
[2026-06-29T18:32:44.057+0000] {local_task_job_runner.py:261} INFO - Task exited with return code 0
[2026-06-29T18:32:44.089+0000] {taskinstance.py:3891} INFO - 1 downstream tasks scheduled from follow-on schedule check
[2026-06-29T18:32:44.093+0000] {local_task_job_runner.py:240} INFO - ::endgroup::
[2026-06-29T18:55:23.962+0000] {local_task_job_runner.py:123} INFO - ::group::Pre task execution logs
[2026-06-29T18:55:23.981+0000] {taskinstance.py:2603} INFO - Dependencies all met for dep_context=non-requeueable deps ti=<TaskInstance: gold_price_pipeline.run_kafka_consumer scheduled__2026-06-29T17:00:00+00:00 [queued]>
[2026-06-29T18:55:23.990+0000] {taskinstance.py:2603} INFO - Dependencies all met for dep_context=requeueable deps ti=<TaskInstance: gold_price_pipeline.run_kafka_consumer scheduled__2026-06-29T17:00:00+00:00 [queued]>
[2026-06-29T18:55:23.991+0000] {taskinstance.py:2856} INFO - Starting attempt 1 of 3
[2026-06-29T18:55:24.007+0000] {taskinstance.py:2879} INFO - Executing <Task(BashOperator): run_kafka_consumer> on 2026-06-29 17:00:00+00:00
[2026-06-29T18:55:24.017+0000] {logging_mixin.py:190} WARNING - /home/***/.local/lib/python3.12/site-packages/***/task/task_runner/standard_task_runner.py:70 DeprecationWarning: This process (pid=179) is multi-threaded, use of fork() may lead to deadlocks in the child.
[2026-06-29T18:55:24.016+0000] {standard_task_runner.py:104} INFO - Running: ['***', 'tasks', 'run', 'gold_price_pipeline', 'run_kafka_consumer', 'scheduled__2026-06-29T17:00:00+00:00', '--job-id', '3', '--raw', '--subdir', 'DAGS_FOLDER/gold_pipeline.py', '--cfg-path', '/tmp/tmpw04_r_ej']
[2026-06-29T18:55:24.020+0000] {standard_task_runner.py:72} INFO - Started process 180 to run task
[2026-06-29T18:55:24.021+0000] {standard_task_runner.py:105} INFO - Job 3: Subtask run_kafka_consumer
[2026-06-29T18:55:24.106+0000] {task_command.py:467} INFO - Running <TaskInstance: gold_price_pipeline.run_kafka_consumer scheduled__2026-06-29T17:00:00+00:00 [running]> on host 64c35aa3f581
[2026-06-29T18:55:24.187+0000] {taskinstance.py:3122} INFO - Exporting env vars: AIRFLOW_CTX_DAG_OWNER='Sayed' AIRFLOW_CTX_DAG_ID='gold_price_pipeline' AIRFLOW_CTX_TASK_ID='run_kafka_consumer' AIRFLOW_CTX_EXECUTION_DATE='2026-06-29T17:00:00+00:00' AIRFLOW_CTX_TRY_NUMBER='1' AIRFLOW_CTX_DAG_RUN_ID='scheduled__2026-06-29T17:00:00+00:00'
[2026-06-29T18:55:24.189+0000] {taskinstance.py:731} INFO - ::endgroup::
[2026-06-29T18:55:24.205+0000] {subprocess.py:63} INFO - Tmp dir root location: /tmp
[2026-06-29T18:55:24.207+0000] {subprocess.py:75} INFO - Running command: ['/usr/bin/bash', '-c', '\n        python /opt/***/kafka/Consumer.py\n        ']
[2026-06-29T18:55:24.219+0000] {subprocess.py:86} INFO - Output:
[2026-06-29T18:55:25.946+0000] {subprocess.py:93} INFO - /opt/***/kafka/Consumer.py:38: DeprecationWarning: value_deserializer does not implement kafka.serializer.Deserializer
[2026-06-29T18:55:25.947+0000] {subprocess.py:93} INFO -   consumer = KafkaConsumer(
[2026-06-29T18:56:25.975+0000] {subprocess.py:93} INFO - Connected To Azure Data Lake
[2026-06-29T18:56:25.977+0000] {subprocess.py:93} INFO - Waiting For Kafka Message...
[2026-06-29T18:56:25.978+0000] {subprocess.py:93} INFO - Consumer Finished Successfully
[2026-06-29T18:56:26.142+0000] {subprocess.py:97} INFO - Command exited with return code 0
[2026-06-29T18:56:26.173+0000] {taskinstance.py:340} INFO - ::group::Post task execution logs
[2026-06-29T18:56:26.174+0000] {taskinstance.py:352} INFO - Marking task as SUCCESS. dag_id=gold_price_pipeline, task_id=run_kafka_consumer, run_id=scheduled__2026-06-29T17:00:00+00:00, execution_date=20260629T170000, start_date=20260629T185523, end_date=20260629T185626
[2026-06-29T18:56:26.216+0000] {local_task_job_runner.py:261} INFO - Task exited with return code 0
[2026-06-29T18:56:26.244+0000] {taskinstance.py:3891} INFO - 1 downstream tasks scheduled from follow-on schedule check
[2026-06-29T18:56:26.248+0000] {local_task_job_runner.py:240} INFO - ::endgroup::
