[2026-06-29T00:00:23.082+0000] {local_task_job_runner.py:123} INFO - ::group::Pre task execution logs
[2026-06-29T00:00:23.099+0000] {taskinstance.py:2603} INFO - Dependencies all met for dep_context=non-requeueable deps ti=<TaskInstance: gold_price_pipeline.run_spark_etl scheduled__2026-06-28T23:00:00+00:00 [queued]>
[2026-06-29T00:00:23.109+0000] {taskinstance.py:2603} INFO - Dependencies all met for dep_context=requeueable deps ti=<TaskInstance: gold_price_pipeline.run_spark_etl scheduled__2026-06-28T23:00:00+00:00 [queued]>
[2026-06-29T00:00:23.110+0000] {taskinstance.py:2856} INFO - Starting attempt 1 of 3
[2026-06-29T00:00:23.125+0000] {taskinstance.py:2879} INFO - Executing <Task(BashOperator): run_spark_etl> on 2026-06-28 23:00:00+00:00
[2026-06-29T00:00:23.134+0000] {logging_mixin.py:190} WARNING - /home/***/.local/lib/python3.12/site-packages/***/task/task_runner/standard_task_runner.py:70 DeprecationWarning: This process (pid=2704) is multi-threaded, use of fork() may lead to deadlocks in the child.
[2026-06-29T00:00:23.133+0000] {standard_task_runner.py:104} INFO - Running: ['***', 'tasks', 'run', 'gold_price_pipeline', 'run_spark_etl', 'scheduled__2026-06-28T23:00:00+00:00', '--job-id', '20', '--raw', '--subdir', 'DAGS_FOLDER/gold_pipeline.py', '--cfg-path', '/tmp/tmpxcf47vqj']
[2026-06-29T00:00:23.136+0000] {standard_task_runner.py:72} INFO - Started process 2705 to run task
[2026-06-29T00:00:23.136+0000] {standard_task_runner.py:105} INFO - Job 20: Subtask run_spark_etl
[2026-06-29T00:00:23.210+0000] {task_command.py:467} INFO - Running <TaskInstance: gold_price_pipeline.run_spark_etl scheduled__2026-06-28T23:00:00+00:00 [running]> on host 3828c1b309b8
[2026-06-29T00:00:23.296+0000] {taskinstance.py:3122} INFO - Exporting env vars: AIRFLOW_CTX_DAG_OWNER='Sayed' AIRFLOW_CTX_DAG_ID='gold_price_pipeline' AIRFLOW_CTX_TASK_ID='run_spark_etl' AIRFLOW_CTX_EXECUTION_DATE='2026-06-28T23:00:00+00:00' AIRFLOW_CTX_TRY_NUMBER='1' AIRFLOW_CTX_DAG_RUN_ID='scheduled__2026-06-28T23:00:00+00:00'
[2026-06-29T00:00:23.297+0000] {taskinstance.py:731} INFO - ::endgroup::
[2026-06-29T00:00:23.313+0000] {subprocess.py:63} INFO - Tmp dir root location: /tmp
[2026-06-29T00:00:23.315+0000] {subprocess.py:75} INFO - Running command: ['/usr/bin/bash', '-c', '\n        spark-submit /opt/***/pyspark_processing/sss.py\n        ']
[2026-06-29T00:00:23.325+0000] {subprocess.py:86} INFO - Output:
[2026-06-29T00:00:25.801+0000] {subprocess.py:93} INFO - 26/06/29 00:00:25 INFO SparkContext: Running Spark version 3.5.1
[2026-06-29T00:00:25.803+0000] {subprocess.py:93} INFO - 26/06/29 00:00:25 INFO SparkContext: OS info Linux, 6.18.33.2-microsoft-standard-WSL2, amd64
[2026-06-29T00:00:25.805+0000] {subprocess.py:93} INFO - 26/06/29 00:00:25 INFO SparkContext: Java version 17.0.19
[2026-06-29T00:00:25.858+0000] {subprocess.py:93} INFO - 26/06/29 00:00:25 WARN NativeCodeLoader: Unable to load native-hadoop library for your platform... using builtin-java classes where applicable
[2026-06-29T00:00:25.948+0000] {subprocess.py:93} INFO - 26/06/29 00:00:25 INFO ResourceUtils: ==============================================================
[2026-06-29T00:00:25.950+0000] {subprocess.py:93} INFO - 26/06/29 00:00:25 INFO ResourceUtils: No custom resources configured for spark.driver.
[2026-06-29T00:00:25.951+0000] {subprocess.py:93} INFO - 26/06/29 00:00:25 INFO ResourceUtils: ==============================================================
[2026-06-29T00:00:25.952+0000] {subprocess.py:93} INFO - 26/06/29 00:00:25 INFO SparkContext: Submitted application: GoldPriceETL
[2026-06-29T00:00:25.971+0000] {subprocess.py:93} INFO - 26/06/29 00:00:25 INFO ResourceProfile: Default ResourceProfile created, executor resources: Map(cores -> name: cores, amount: 1, script: , vendor: , memory -> name: memory, amount: 1024, script: , vendor: , offHeap -> name: offHeap, amount: 0, script: , vendor: ), task resources: Map(cpus -> name: cpus, amount: 1.0)
[2026-06-29T00:00:25.978+0000] {subprocess.py:93} INFO - 26/06/29 00:00:25 INFO ResourceProfile: Limiting resource is cpu
[2026-06-29T00:00:25.980+0000] {subprocess.py:93} INFO - 26/06/29 00:00:25 INFO ResourceProfileManager: Added ResourceProfile id: 0
[2026-06-29T00:00:26.024+0000] {subprocess.py:93} INFO - 26/06/29 00:00:26 INFO SecurityManager: Changing view acls to: ***
[2026-06-29T00:00:26.025+0000] {subprocess.py:93} INFO - 26/06/29 00:00:26 INFO SecurityManager: Changing modify acls to: ***
[2026-06-29T00:00:26.026+0000] {subprocess.py:93} INFO - 26/06/29 00:00:26 INFO SecurityManager: Changing view acls groups to:
[2026-06-29T00:00:26.027+0000] {subprocess.py:93} INFO - 26/06/29 00:00:26 INFO SecurityManager: Changing modify acls groups to:
[2026-06-29T00:00:26.028+0000] {subprocess.py:93} INFO - 26/06/29 00:00:26 INFO SecurityManager: SecurityManager: authentication disabled; ui acls disabled; users with view permissions: ***; groups with view permissions: EMPTY; users with modify permissions: ***; groups with modify permissions: EMPTY
[2026-06-29T00:00:26.237+0000] {subprocess.py:93} INFO - 26/06/29 00:00:26 INFO Utils: Successfully started service 'sparkDriver' on port 44367.
[2026-06-29T00:00:26.268+0000] {subprocess.py:93} INFO - 26/06/29 00:00:26 INFO SparkEnv: Registering MapOutputTracker
[2026-06-29T00:00:26.301+0000] {subprocess.py:93} INFO - 26/06/29 00:00:26 INFO SparkEnv: Registering BlockManagerMaster
[2026-06-29T00:00:26.316+0000] {subprocess.py:93} INFO - 26/06/29 00:00:26 INFO BlockManagerMasterEndpoint: Using org.apache.spark.storage.DefaultTopologyMapper for getting topology information
[2026-06-29T00:00:26.318+0000] {subprocess.py:93} INFO - 26/06/29 00:00:26 INFO BlockManagerMasterEndpoint: BlockManagerMasterEndpoint up
[2026-06-29T00:00:26.322+0000] {subprocess.py:93} INFO - 26/06/29 00:00:26 INFO SparkEnv: Registering BlockManagerMasterHeartbeat
[2026-06-29T00:00:26.344+0000] {subprocess.py:93} INFO - 26/06/29 00:00:26 INFO DiskBlockManager: Created local directory at /tmp/blockmgr-1ca9e01e-e479-4ae8-8ae4-56ea161cefbf
[2026-06-29T00:00:26.361+0000] {subprocess.py:93} INFO - 26/06/29 00:00:26 INFO MemoryStore: MemoryStore started with capacity 434.4 MiB
[2026-06-29T00:00:26.377+0000] {subprocess.py:93} INFO - 26/06/29 00:00:26 INFO SparkEnv: Registering OutputCommitCoordinator
[2026-06-29T00:00:26.467+0000] {subprocess.py:93} INFO - 26/06/29 00:00:26 INFO JettyUtils: Start Jetty 0.0.0.0:4040 for SparkUI
[2026-06-29T00:00:26.511+0000] {subprocess.py:93} INFO - 26/06/29 00:00:26 INFO Utils: Successfully started service 'SparkUI' on port 4040.
[2026-06-29T00:00:26.610+0000] {subprocess.py:93} INFO - 26/06/29 00:00:26 INFO Executor: Starting executor ID driver on host 3828c1b309b8
[2026-06-29T00:00:26.612+0000] {subprocess.py:93} INFO - 26/06/29 00:00:26 INFO Executor: OS info Linux, 6.18.33.2-microsoft-standard-WSL2, amd64
[2026-06-29T00:00:26.613+0000] {subprocess.py:93} INFO - 26/06/29 00:00:26 INFO Executor: Java version 17.0.19
[2026-06-29T00:00:26.618+0000] {subprocess.py:93} INFO - 26/06/29 00:00:26 INFO Executor: Starting executor with user classpath (userClassPathFirst = false): ''
[2026-06-29T00:00:26.620+0000] {subprocess.py:93} INFO - 26/06/29 00:00:26 INFO Executor: Created or updated repl class loader org.apache.spark.util.MutableURLClassLoader@4ed880f7 for default.
[2026-06-29T00:00:26.640+0000] {subprocess.py:93} INFO - 26/06/29 00:00:26 INFO Utils: Successfully started service 'org.apache.spark.network.netty.NettyBlockTransferService' on port 41575.
[2026-06-29T00:00:26.642+0000] {subprocess.py:93} INFO - 26/06/29 00:00:26 INFO NettyBlockTransferService: Server created on 3828c1b309b8:41575
[2026-06-29T00:00:26.643+0000] {subprocess.py:93} INFO - 26/06/29 00:00:26 INFO BlockManager: Using org.apache.spark.storage.RandomBlockReplicationPolicy for block replication policy
[2026-06-29T00:00:26.648+0000] {subprocess.py:93} INFO - 26/06/29 00:00:26 INFO BlockManagerMaster: Registering BlockManager BlockManagerId(driver, 3828c1b309b8, 41575, None)
[2026-06-29T00:00:26.652+0000] {subprocess.py:93} INFO - 26/06/29 00:00:26 INFO BlockManagerMasterEndpoint: Registering block manager 3828c1b309b8:41575 with 434.4 MiB RAM, BlockManagerId(driver, 3828c1b309b8, 41575, None)
[2026-06-29T00:00:26.654+0000] {subprocess.py:93} INFO - 26/06/29 00:00:26 INFO BlockManagerMaster: Registered BlockManager BlockManagerId(driver, 3828c1b309b8, 41575, None)
[2026-06-29T00:00:26.656+0000] {subprocess.py:93} INFO - 26/06/29 00:00:26 INFO BlockManager: Initialized BlockManager: BlockManagerId(driver, 3828c1b309b8, 41575, None)
[2026-06-29T00:00:27.068+0000] {subprocess.py:93} INFO - 26/06/29 00:00:27 INFO SharedState: Setting hive.metastore.warehouse.dir ('null') to the value of spark.sql.warehouse.dir.
[2026-06-29T00:00:27.076+0000] {subprocess.py:93} INFO - 26/06/29 00:00:27 INFO SharedState: Warehouse path is 'file:/tmp/***tmpouw3gbm1/spark-warehouse'.
[2026-06-29T00:00:29.370+0000] {subprocess.py:93} INFO - 26/06/29 00:00:29 INFO InMemoryFileIndex: It took 224 ms to list leaf files for 1 paths.
[2026-06-29T00:00:29.475+0000] {subprocess.py:93} INFO - 26/06/29 00:00:29 INFO MemoryStore: Block broadcast_0 stored as values in memory (estimated size 204.4 KiB, free 434.2 MiB)
[2026-06-29T00:00:29.524+0000] {subprocess.py:93} INFO - 26/06/29 00:00:29 INFO MemoryStore: Block broadcast_0_piece0 stored as bytes in memory (estimated size 35.7 KiB, free 434.2 MiB)
[2026-06-29T00:00:29.528+0000] {subprocess.py:93} INFO - 26/06/29 00:00:29 INFO BlockManagerInfo: Added broadcast_0_piece0 in memory on 3828c1b309b8:41575 (size: 35.7 KiB, free: 434.4 MiB)
[2026-06-29T00:00:29.533+0000] {subprocess.py:93} INFO - 26/06/29 00:00:29 INFO SparkContext: Created broadcast 0 from json at NativeMethodAccessorImpl.java:0
[2026-06-29T00:00:32.675+0000] {subprocess.py:93} INFO - 26/06/29 00:00:32 INFO FileInputFormat: Total input files to process : 30
[2026-06-29T00:00:35.498+0000] {subprocess.py:93} INFO - 26/06/29 00:00:35 INFO FileInputFormat: Total input files to process : 30
[2026-06-29T00:00:35.516+0000] {subprocess.py:93} INFO - 26/06/29 00:00:35 INFO SparkContext: Starting job: json at NativeMethodAccessorImpl.java:0
[2026-06-29T00:00:35.537+0000] {subprocess.py:93} INFO - 26/06/29 00:00:35 INFO DAGScheduler: Got job 0 (json at NativeMethodAccessorImpl.java:0) with 1 output partitions
[2026-06-29T00:00:35.538+0000] {subprocess.py:93} INFO - 26/06/29 00:00:35 INFO DAGScheduler: Final stage: ResultStage 0 (json at NativeMethodAccessorImpl.java:0)
[2026-06-29T00:00:35.540+0000] {subprocess.py:93} INFO - 26/06/29 00:00:35 INFO DAGScheduler: Parents of final stage: List()
[2026-06-29T00:00:35.541+0000] {subprocess.py:93} INFO - 26/06/29 00:00:35 INFO DAGScheduler: Missing parents: List()
[2026-06-29T00:00:35.544+0000] {subprocess.py:93} INFO - 26/06/29 00:00:35 INFO DAGScheduler: Submitting ResultStage 0 (MapPartitionsRDD[2] at json at NativeMethodAccessorImpl.java:0), which has no missing parents
[2026-06-29T00:00:35.593+0000] {subprocess.py:93} INFO - 26/06/29 00:00:35 INFO MemoryStore: Block broadcast_1 stored as values in memory (estimated size 9.3 KiB, free 434.2 MiB)
[2026-06-29T00:00:35.596+0000] {subprocess.py:93} INFO - 26/06/29 00:00:35 INFO MemoryStore: Block broadcast_1_piece0 stored as bytes in memory (estimated size 5.0 KiB, free 434.2 MiB)
[2026-06-29T00:00:35.598+0000] {subprocess.py:93} INFO - 26/06/29 00:00:35 INFO BlockManagerInfo: Added broadcast_1_piece0 in memory on 3828c1b309b8:41575 (size: 5.0 KiB, free: 434.4 MiB)
[2026-06-29T00:00:35.599+0000] {subprocess.py:93} INFO - 26/06/29 00:00:35 INFO SparkContext: Created broadcast 1 from broadcast at DAGScheduler.scala:1585
[2026-06-29T00:00:35.612+0000] {subprocess.py:93} INFO - 26/06/29 00:00:35 INFO DAGScheduler: Submitting 1 missing tasks from ResultStage 0 (MapPartitionsRDD[2] at json at NativeMethodAccessorImpl.java:0) (first 15 tasks are for partitions Vector(0))
[2026-06-29T00:00:35.613+0000] {subprocess.py:93} INFO - 26/06/29 00:00:35 INFO TaskSchedulerImpl: Adding task set 0.0 with 1 tasks resource profile 0
[2026-06-29T00:00:35.658+0000] {subprocess.py:93} INFO - 26/06/29 00:00:35 INFO TaskSetManager: Starting task 0.0 in stage 0.0 (TID 0) (3828c1b309b8, executor driver, partition 0, PROCESS_LOCAL, 11190 bytes)
[2026-06-29T00:00:35.674+0000] {subprocess.py:93} INFO - 26/06/29 00:00:35 INFO Executor: Running task 0.0 in stage 0.0 (TID 0)
[2026-06-29T00:00:35.738+0000] {subprocess.py:93} INFO - 26/06/29 00:00:35 INFO BinaryFileRDD: Input split: Paths:/stream_data/gold_price_20260622_155814_495857.json:0+231,/stream_data/gold_price_20260622_155824_970279.json:0+231,/stream_data/gold_price_20260622_155835_563165.json:0+231,/stream_data/gold_price_20260622_155846_007990.json:0+231,/stream_data/gold_price_20260622_155856_432293.json:0+231,/stream_data/gold_price_20260622_155906_854679.json:0+231,/stream_data/gold_price_20260622_155917_500914.json:0+231,/stream_data/gold_price_20260626_204140_269766.json:0+226,/stream_data/gold_price_20260626_204150_703930.json:0+226,/stream_data/gold_price_20260626_204202_078645.json:0+226,/stream_data/gold_price_20260626_204212_804024.json:0+226,/stream_data/gold_price_20260626_204223_313609.json:0+231,/stream_data/gold_price_20260626_204233_918095.json:0+231,/stream_data/gold_price_20260626_204244_356702.json:0+231,/stream_data/gold_price_20260626_204254_996457.json:0+231,/stream_data/gold_price_20260626_204305_832658.json:0+231,/stream_data/gold_price_20260626_204316_522743.json:0+231,/stream_data/gold_price_20260626_204327_149682.json:0+231,/stream_data/gold_price_20260626_204337_775410.json:0+231,/stream_data/gold_price_20260626_204348_445781.json:0+231,/stream_data/gold_price_20260628_234704_308653.json:0+231,/stream_data/gold_price_20260628_234711_467717.json:0+231,/stream_data/gold_price_20260628_234721_726987.json:0+231,/stream_data/gold_price_20260628_234731_951866.json:0+231,/stream_data/gold_price_20260628_234742_176804.json:0+231,/stream_data/gold_price_20260628_234752_475450.json:0+231,/stream_data/gold_price_20260628_234849.json:0+231,/stream_data/gold_price_20260628_235348.json:0+231,/stream_data/gold_price_20260628_235758.json:0+231,/stream_data/gold_price_20260629_000021.json:0+231
[2026-06-29T00:00:42.105+0000] {subprocess.py:93} INFO - 26/06/29 00:00:42 INFO Executor: Finished task 0.0 in stage 0.0 (TID 0). 1991 bytes result sent to driver
[2026-06-29T00:00:42.118+0000] {subprocess.py:93} INFO - 26/06/29 00:00:42 INFO TaskSetManager: Finished task 0.0 in stage 0.0 (TID 0) in 6474 ms on 3828c1b309b8 (executor driver) (1/1)
[2026-06-29T00:00:42.120+0000] {subprocess.py:93} INFO - 26/06/29 00:00:42 INFO TaskSchedulerImpl: Removed TaskSet 0.0, whose tasks have all completed, from pool
[2026-06-29T00:00:42.124+0000] {subprocess.py:93} INFO - 26/06/29 00:00:42 INFO DAGScheduler: ResultStage 0 (json at NativeMethodAccessorImpl.java:0) finished in 6.564 s
[2026-06-29T00:00:42.126+0000] {subprocess.py:93} INFO - 26/06/29 00:00:42 INFO DAGScheduler: Job 0 is finished. Cancelling potential speculative or zombie tasks for this job
[2026-06-29T00:00:42.128+0000] {subprocess.py:93} INFO - 26/06/29 00:00:42 INFO TaskSchedulerImpl: Killing all running tasks in stage 0: Stage finished
[2026-06-29T00:00:42.129+0000] {subprocess.py:93} INFO - 26/06/29 00:00:42 INFO DAGScheduler: Job 0 finished: json at NativeMethodAccessorImpl.java:0, took 6.612759 s
[2026-06-29T00:00:43.275+0000] {subprocess.py:93} INFO - 26/06/29 00:00:43 INFO InMemoryFileIndex: It took 105 ms to list leaf files for 1 paths.
[2026-06-29T00:00:43.488+0000] {subprocess.py:93} INFO - 26/06/29 00:00:43 INFO InMemoryFileIndex: It took 101 ms to list leaf files for 1 paths.
[2026-06-29T00:00:44.756+0000] {subprocess.py:93} INFO - 26/06/29 00:00:44 INFO FileSourceStrategy: Pushed Filters:
[2026-06-29T00:00:44.759+0000] {subprocess.py:93} INFO - 26/06/29 00:00:44 INFO FileSourceStrategy: Post-Scan Filters: (length(trim(value#78, None)) > 0)
[2026-06-29T00:00:45.082+0000] {subprocess.py:93} INFO - 26/06/29 00:00:45 INFO CodeGenerator: Code generated in 183.70542 ms
[2026-06-29T00:00:45.090+0000] {subprocess.py:93} INFO - 26/06/29 00:00:45 INFO MemoryStore: Block broadcast_2 stored as values in memory (estimated size 201.4 KiB, free 434.0 MiB)
[2026-06-29T00:00:45.110+0000] {subprocess.py:93} INFO - 26/06/29 00:00:45 INFO MemoryStore: Block broadcast_2_piece0 stored as bytes in memory (estimated size 35.0 KiB, free 433.9 MiB)
[2026-06-29T00:00:45.112+0000] {subprocess.py:93} INFO - 26/06/29 00:00:45 INFO BlockManagerInfo: Added broadcast_2_piece0 in memory on 3828c1b309b8:41575 (size: 35.0 KiB, free: 434.3 MiB)
[2026-06-29T00:00:45.113+0000] {subprocess.py:93} INFO - 26/06/29 00:00:45 INFO SparkContext: Created broadcast 2 from csv at NativeMethodAccessorImpl.java:0
[2026-06-29T00:00:45.130+0000] {subprocess.py:93} INFO - 26/06/29 00:00:45 INFO FileSourceScanExec: Planning scan with bin packing, max size: 4194304 bytes, open cost is considered as scanning 4194304 bytes.
[2026-06-29T00:00:45.145+0000] {subprocess.py:93} INFO - 26/06/29 00:00:45 INFO BlockManagerInfo: Removed broadcast_1_piece0 on 3828c1b309b8:41575 in memory (size: 5.0 KiB, free: 434.3 MiB)
[2026-06-29T00:00:45.150+0000] {subprocess.py:93} INFO - 26/06/29 00:00:45 INFO BlockManagerInfo: Removed broadcast_0_piece0 on 3828c1b309b8:41575 in memory (size: 35.7 KiB, free: 434.4 MiB)
[2026-06-29T00:00:45.176+0000] {subprocess.py:93} INFO - 26/06/29 00:00:45 INFO SparkContext: Starting job: csv at NativeMethodAccessorImpl.java:0
[2026-06-29T00:00:45.178+0000] {subprocess.py:93} INFO - 26/06/29 00:00:45 INFO DAGScheduler: Got job 1 (csv at NativeMethodAccessorImpl.java:0) with 1 output partitions
[2026-06-29T00:00:45.180+0000] {subprocess.py:93} INFO - 26/06/29 00:00:45 INFO DAGScheduler: Final stage: ResultStage 1 (csv at NativeMethodAccessorImpl.java:0)
[2026-06-29T00:00:45.181+0000] {subprocess.py:93} INFO - 26/06/29 00:00:45 INFO DAGScheduler: Parents of final stage: List()
[2026-06-29T00:00:45.183+0000] {subprocess.py:93} INFO - 26/06/29 00:00:45 INFO DAGScheduler: Missing parents: List()
[2026-06-29T00:00:45.185+0000] {subprocess.py:93} INFO - 26/06/29 00:00:45 INFO DAGScheduler: Submitting ResultStage 1 (MapPartitionsRDD[6] at csv at NativeMethodAccessorImpl.java:0), which has no missing parents
[2026-06-29T00:00:45.203+0000] {subprocess.py:93} INFO - 26/06/29 00:00:45 INFO MemoryStore: Block broadcast_3 stored as values in memory (estimated size 13.5 KiB, free 434.2 MiB)
[2026-06-29T00:00:45.210+0000] {subprocess.py:93} INFO - 26/06/29 00:00:45 INFO MemoryStore: Block broadcast_3_piece0 stored as bytes in memory (estimated size 6.4 KiB, free 434.1 MiB)
[2026-06-29T00:00:45.211+0000] {subprocess.py:93} INFO - 26/06/29 00:00:45 INFO BlockManagerInfo: Added broadcast_3_piece0 in memory on 3828c1b309b8:41575 (size: 6.4 KiB, free: 434.4 MiB)
[2026-06-29T00:00:45.213+0000] {subprocess.py:93} INFO - 26/06/29 00:00:45 INFO SparkContext: Created broadcast 3 from broadcast at DAGScheduler.scala:1585
[2026-06-29T00:00:45.214+0000] {subprocess.py:93} INFO - 26/06/29 00:00:45 INFO DAGScheduler: Submitting 1 missing tasks from ResultStage 1 (MapPartitionsRDD[6] at csv at NativeMethodAccessorImpl.java:0) (first 15 tasks are for partitions Vector(0))
[2026-06-29T00:00:45.215+0000] {subprocess.py:93} INFO - 26/06/29 00:00:45 INFO TaskSchedulerImpl: Adding task set 1.0 with 1 tasks resource profile 0
[2026-06-29T00:00:45.220+0000] {subprocess.py:93} INFO - 26/06/29 00:00:45 INFO TaskSetManager: Starting task 0.0 in stage 1.0 (TID 1) (3828c1b309b8, executor driver, partition 0, PROCESS_LOCAL, 8264 bytes)
[2026-06-29T00:00:45.221+0000] {subprocess.py:93} INFO - 26/06/29 00:00:45 INFO Executor: Running task 0.0 in stage 1.0 (TID 1)
[2026-06-29T00:00:45.269+0000] {subprocess.py:93} INFO - 26/06/29 00:00:45 INFO CodeGenerator: Code generated in 10.774713 ms
[2026-06-29T00:00:45.273+0000] {subprocess.py:93} INFO - 26/06/29 00:00:45 INFO FileScanRDD: Reading File path: abfss://raw@golddatalakee011.dfs.core.windows.net/historical_batch/historical_gold.csv, range: 0-474776, partition values: [empty row]
[2026-06-29T00:00:45.287+0000] {subprocess.py:93} INFO - 26/06/29 00:00:45 INFO CodeGenerator: Code generated in 8.653446 ms
[2026-06-29T00:00:45.819+0000] {subprocess.py:93} INFO - 26/06/29 00:00:45 INFO Executor: Finished task 0.0 in stage 1.0 (TID 1). 1660 bytes result sent to driver
[2026-06-29T00:00:45.821+0000] {subprocess.py:93} INFO - 26/06/29 00:00:45 INFO TaskSetManager: Finished task 0.0 in stage 1.0 (TID 1) in 606 ms on 3828c1b309b8 (executor driver) (1/1)
[2026-06-29T00:00:45.823+0000] {subprocess.py:93} INFO - 26/06/29 00:00:45 INFO TaskSchedulerImpl: Removed TaskSet 1.0, whose tasks have all completed, from pool
[2026-06-29T00:00:45.824+0000] {subprocess.py:93} INFO - 26/06/29 00:00:45 INFO DAGScheduler: ResultStage 1 (csv at NativeMethodAccessorImpl.java:0) finished in 0.640 s
[2026-06-29T00:00:45.825+0000] {subprocess.py:93} INFO - 26/06/29 00:00:45 INFO DAGScheduler: Job 1 is finished. Cancelling potential speculative or zombie tasks for this job
[2026-06-29T00:00:45.826+0000] {subprocess.py:93} INFO - 26/06/29 00:00:45 INFO TaskSchedulerImpl: Killing all running tasks in stage 1: Stage finished
[2026-06-29T00:00:45.827+0000] {subprocess.py:93} INFO - 26/06/29 00:00:45 INFO DAGScheduler: Job 1 finished: csv at NativeMethodAccessorImpl.java:0, took 0.647410 s
[2026-06-29T00:00:45.841+0000] {subprocess.py:93} INFO - 26/06/29 00:00:45 INFO CodeGenerator: Code generated in 7.279802 ms
[2026-06-29T00:00:45.878+0000] {subprocess.py:93} INFO - 26/06/29 00:00:45 INFO FileSourceStrategy: Pushed Filters:
[2026-06-29T00:00:45.879+0000] {subprocess.py:93} INFO - 26/06/29 00:00:45 INFO FileSourceStrategy: Post-Scan Filters:
[2026-06-29T00:00:45.884+0000] {subprocess.py:93} INFO - 26/06/29 00:00:45 INFO MemoryStore: Block broadcast_4 stored as values in memory (estimated size 201.4 KiB, free 434.0 MiB)
[2026-06-29T00:00:45.890+0000] {subprocess.py:93} INFO - 26/06/29 00:00:45 INFO MemoryStore: Block broadcast_4_piece0 stored as bytes in memory (estimated size 35.0 KiB, free 433.9 MiB)
[2026-06-29T00:00:45.891+0000] {subprocess.py:93} INFO - 26/06/29 00:00:45 INFO BlockManagerInfo: Added broadcast_4_piece0 in memory on 3828c1b309b8:41575 (size: 35.0 KiB, free: 434.3 MiB)
[2026-06-29T00:00:45.892+0000] {subprocess.py:93} INFO - 26/06/29 00:00:45 INFO SparkContext: Created broadcast 4 from csv at NativeMethodAccessorImpl.java:0
[2026-06-29T00:00:45.893+0000] {subprocess.py:93} INFO - 26/06/29 00:00:45 INFO FileSourceScanExec: Planning scan with bin packing, max size: 4194304 bytes, open cost is considered as scanning 4194304 bytes.
[2026-06-29T00:00:45.936+0000] {subprocess.py:93} INFO - 26/06/29 00:00:45 INFO SparkContext: Starting job: csv at NativeMethodAccessorImpl.java:0
[2026-06-29T00:00:45.938+0000] {subprocess.py:93} INFO - 26/06/29 00:00:45 INFO DAGScheduler: Got job 2 (csv at NativeMethodAccessorImpl.java:0) with 1 output partitions
[2026-06-29T00:00:45.939+0000] {subprocess.py:93} INFO - 26/06/29 00:00:45 INFO DAGScheduler: Final stage: ResultStage 2 (csv at NativeMethodAccessorImpl.java:0)
[2026-06-29T00:00:45.941+0000] {subprocess.py:93} INFO - 26/06/29 00:00:45 INFO DAGScheduler: Parents of final stage: List()
[2026-06-29T00:00:45.942+0000] {subprocess.py:93} INFO - 26/06/29 00:00:45 INFO DAGScheduler: Missing parents: List()
[2026-06-29T00:00:45.944+0000] {subprocess.py:93} INFO - 26/06/29 00:00:45 INFO DAGScheduler: Submitting ResultStage 2 (MapPartitionsRDD[12] at csv at NativeMethodAccessorImpl.java:0), which has no missing parents
[2026-06-29T00:00:45.965+0000] {subprocess.py:93} INFO - 26/06/29 00:00:45 INFO MemoryStore: Block broadcast_5 stored as values in memory (estimated size 28.4 KiB, free 433.9 MiB)
[2026-06-29T00:00:45.967+0000] {subprocess.py:93} INFO - 26/06/29 00:00:45 INFO MemoryStore: Block broadcast_5_piece0 stored as bytes in memory (estimated size 13.2 KiB, free 433.9 MiB)
[2026-06-29T00:00:45.969+0000] {subprocess.py:93} INFO - 26/06/29 00:00:45 INFO BlockManagerInfo: Added broadcast_5_piece0 in memory on 3828c1b309b8:41575 (size: 13.2 KiB, free: 434.3 MiB)
[2026-06-29T00:00:45.970+0000] {subprocess.py:93} INFO - 26/06/29 00:00:45 INFO SparkContext: Created broadcast 5 from broadcast at DAGScheduler.scala:1585
[2026-06-29T00:00:45.971+0000] {subprocess.py:93} INFO - 26/06/29 00:00:45 INFO DAGScheduler: Submitting 1 missing tasks from ResultStage 2 (MapPartitionsRDD[12] at csv at NativeMethodAccessorImpl.java:0) (first 15 tasks are for partitions Vector(0))
[2026-06-29T00:00:45.972+0000] {subprocess.py:93} INFO - 26/06/29 00:00:45 INFO TaskSchedulerImpl: Adding task set 2.0 with 1 tasks resource profile 0
[2026-06-29T00:00:45.974+0000] {subprocess.py:93} INFO - 26/06/29 00:00:45 INFO TaskSetManager: Starting task 0.0 in stage 2.0 (TID 2) (3828c1b309b8, executor driver, partition 0, PROCESS_LOCAL, 8264 bytes)
[2026-06-29T00:00:45.975+0000] {subprocess.py:93} INFO - 26/06/29 00:00:45 INFO Executor: Running task 0.0 in stage 2.0 (TID 2)
[2026-06-29T00:00:46.010+0000] {subprocess.py:93} INFO - 26/06/29 00:00:46 INFO CodeGenerator: Code generated in 8.986833 ms
[2026-06-29T00:00:46.014+0000] {subprocess.py:93} INFO - 26/06/29 00:00:46 INFO FileScanRDD: Reading File path: abfss://raw@golddatalakee011.dfs.core.windows.net/historical_batch/historical_gold.csv, range: 0-474776, partition values: [empty row]
[2026-06-29T00:00:46.495+0000] {subprocess.py:93} INFO - 26/06/29 00:00:46 INFO Executor: Finished task 0.0 in stage 2.0 (TID 2). 1668 bytes result sent to driver
[2026-06-29T00:00:46.498+0000] {subprocess.py:93} INFO - 26/06/29 00:00:46 INFO TaskSetManager: Finished task 0.0 in stage 2.0 (TID 2) in 526 ms on 3828c1b309b8 (executor driver) (1/1)
[2026-06-29T00:00:46.499+0000] {subprocess.py:93} INFO - 26/06/29 00:00:46 INFO TaskSchedulerImpl: Removed TaskSet 2.0, whose tasks have all completed, from pool
[2026-06-29T00:00:46.504+0000] {subprocess.py:93} INFO - 26/06/29 00:00:46 INFO DAGScheduler: ResultStage 2 (csv at NativeMethodAccessorImpl.java:0) finished in 0.558 s
[2026-06-29T00:00:46.505+0000] {subprocess.py:93} INFO - 26/06/29 00:00:46 INFO DAGScheduler: Job 2 is finished. Cancelling potential speculative or zombie tasks for this job
[2026-06-29T00:00:46.507+0000] {subprocess.py:93} INFO - 26/06/29 00:00:46 INFO TaskSchedulerImpl: Killing all running tasks in stage 2: Stage finished
[2026-06-29T00:00:46.509+0000] {subprocess.py:93} INFO - 26/06/29 00:00:46 INFO DAGScheduler: Job 2 finished: csv at NativeMethodAccessorImpl.java:0, took 0.564664 s
[2026-06-29T00:00:46.926+0000] {subprocess.py:93} INFO - 26/06/29 00:00:46 INFO DelegatingLogStore: LogStore `LogStoreAdapter(io.delta.storage.AzureLogStore)` is used for scheme `abfss`
[2026-06-29T00:00:47.551+0000] {subprocess.py:93} INFO - 26/06/29 00:00:47 INFO BlockManagerInfo: Removed broadcast_5_piece0 on 3828c1b309b8:41575 in memory (size: 13.2 KiB, free: 434.3 MiB)
[2026-06-29T00:00:47.558+0000] {subprocess.py:93} INFO - 26/06/29 00:00:47 INFO BlockManagerInfo: Removed broadcast_2_piece0 on 3828c1b309b8:41575 in memory (size: 35.0 KiB, free: 434.4 MiB)
[2026-06-29T00:00:47.564+0000] {subprocess.py:93} INFO - 26/06/29 00:00:47 INFO BlockManagerInfo: Removed broadcast_3_piece0 on 3828c1b309b8:41575 in memory (size: 6.4 KiB, free: 434.4 MiB)
[2026-06-29T00:00:47.569+0000] {subprocess.py:93} INFO - 26/06/29 00:00:47 INFO BlockManagerInfo: Removed broadcast_4_piece0 on 3828c1b309b8:41575 in memory (size: 35.0 KiB, free: 434.4 MiB)
[2026-06-29T00:00:48.183+0000] {subprocess.py:93} INFO - 26/06/29 00:00:48 INFO DeltaLog: Loading version 23 starting from checkpoint version 20.
[2026-06-29T00:00:48.829+0000] {subprocess.py:93} INFO - 26/06/29 00:00:48 INFO DeltaLogFileIndex: Created DeltaLogFileIndex(Parquet, numFilesInSegment: 1, totalFileSize: 73168)
[2026-06-29T00:00:48.831+0000] {subprocess.py:93} INFO - 26/06/29 00:00:48 INFO DeltaLogFileIndex: Created DeltaLogFileIndex(Parquet, numFilesInSegment: 1, totalFileSize: 73168)
[2026-06-29T00:00:48.873+0000] {subprocess.py:93} INFO - 26/06/29 00:00:48 INFO DeltaLogFileIndex: Created DeltaLogFileIndex(JSON, numFilesInSegment: 3, totalFileSize: 150126)
[2026-06-29T00:00:49.011+0000] {subprocess.py:93} INFO - 26/06/29 00:00:49 INFO DataSourceStrategy: Pruning directories with:
[2026-06-29T00:00:49.021+0000] {subprocess.py:93} INFO - 26/06/29 00:00:49 INFO FileSourceStrategy: Pushed Filters: Or(IsNotNull(checkpointMetadata.version),IsNotNull(sidecar.path))
[2026-06-29T00:00:49.023+0000] {subprocess.py:93} INFO - 26/06/29 00:00:49 INFO FileSourceStrategy: Post-Scan Filters: (isnotnull(checkpointMetadata#204.version) OR isnotnull(sidecar#205.path))
[2026-06-29T00:00:49.138+0000] {subprocess.py:93} INFO - 26/06/29 00:00:49 INFO DataSourceStrategy: Pruning directories with:
[2026-06-29T00:00:49.141+0000] {subprocess.py:93} INFO - 26/06/29 00:00:49 INFO FileSourceStrategy: Pushed Filters: Or(IsNotNull(protocol.minReaderVersion),IsNotNull(metaData.id))
[2026-06-29T00:00:49.143+0000] {subprocess.py:93} INFO - 26/06/29 00:00:49 INFO FileSourceStrategy: Post-Scan Filters: (isnotnull(protocol#196.minReaderVersion) OR isnotnull(metaData#194.id))
[2026-06-29T00:00:49.144+0000] {subprocess.py:93} INFO - 26/06/29 00:00:49 INFO DataSourceStrategy: Pruning directories with:
[2026-06-29T00:00:49.146+0000] {subprocess.py:93} INFO - 26/06/29 00:00:49 INFO FileSourceStrategy: Pushed Filters:
[2026-06-29T00:00:49.147+0000] {subprocess.py:93} INFO - 26/06/29 00:00:49 INFO FileSourceStrategy: Post-Scan Filters: ((isnotnull(protocol#234.minReaderVersion) OR isnotnull(metaData#233.id)) OR (isnotnull(commitInfo#235.inCommitTimestamp) AND (version#236L = 23)))
[2026-06-29T00:00:49.158+0000] {subprocess.py:93} INFO - 26/06/29 00:00:49 INFO CodeGenerator: Code generated in 60.081834 ms
[2026-06-29T00:00:49.191+0000] {subprocess.py:93} INFO - 26/06/29 00:00:49 INFO MemoryStore: Block broadcast_6 stored as values in memory (estimated size 204.0 KiB, free 434.2 MiB)
[2026-06-29T00:00:49.217+0000] {subprocess.py:93} INFO - 26/06/29 00:00:49 INFO MemoryStore: Block broadcast_6_piece0 stored as bytes in memory (estimated size 36.0 KiB, free 434.2 MiB)
[2026-06-29T00:00:49.219+0000] {subprocess.py:93} INFO - 26/06/29 00:00:49 INFO BlockManagerInfo: Added broadcast_6_piece0 in memory on 3828c1b309b8:41575 (size: 36.0 KiB, free: 434.4 MiB)
[2026-06-29T00:00:49.228+0000] {subprocess.py:93} INFO - 26/06/29 00:00:49 INFO SparkContext: Created broadcast 6 from $anonfun$submit$1 at FutureTask.java:264
[2026-06-29T00:00:49.238+0000] {subprocess.py:93} INFO - 26/06/29 00:00:49 INFO FileSourceScanExec: Planning scan with bin packing, max size: 4194304 bytes, open cost is considered as scanning 4194304 bytes.
[2026-06-29T00:00:49.324+0000] {subprocess.py:93} INFO - 26/06/29 00:00:49 INFO SparkContext: Starting job: $anonfun$submit$1 at FutureTask.java:264
[2026-06-29T00:00:49.326+0000] {subprocess.py:93} INFO - 26/06/29 00:00:49 INFO DAGScheduler: Got job 3 ($anonfun$submit$1 at FutureTask.java:264) with 1 output partitions
[2026-06-29T00:00:49.328+0000] {subprocess.py:93} INFO - 26/06/29 00:00:49 INFO DAGScheduler: Final stage: ResultStage 3 ($anonfun$submit$1 at FutureTask.java:264)
[2026-06-29T00:00:49.331+0000] {subprocess.py:93} INFO - 26/06/29 00:00:49 INFO DAGScheduler: Parents of final stage: List()
[2026-06-29T00:00:49.336+0000] {subprocess.py:93} INFO - 26/06/29 00:00:49 INFO DAGScheduler: Missing parents: List()
[2026-06-29T00:00:49.338+0000] {subprocess.py:93} INFO - 26/06/29 00:00:49 INFO DAGScheduler: Submitting ResultStage 3 (MapPartitionsRDD[16] at $anonfun$submit$1 at FutureTask.java:264), which has no missing parents
[2026-06-29T00:00:49.340+0000] {subprocess.py:93} INFO - 26/06/29 00:00:49 INFO MemoryStore: Block broadcast_7 stored as values in memory (estimated size 25.8 KiB, free 434.1 MiB)
[2026-06-29T00:00:49.344+0000] {subprocess.py:93} INFO - 26/06/29 00:00:49 INFO MemoryStore: Block broadcast_7_piece0 stored as bytes in memory (estimated size 8.8 KiB, free 434.1 MiB)
[2026-06-29T00:00:49.346+0000] {subprocess.py:93} INFO - 26/06/29 00:00:49 INFO BlockManagerInfo: Added broadcast_7_piece0 in memory on 3828c1b309b8:41575 (size: 8.8 KiB, free: 434.4 MiB)
[2026-06-29T00:00:49.348+0000] {subprocess.py:93} INFO - 26/06/29 00:00:49 INFO SparkContext: Created broadcast 7 from broadcast at DAGScheduler.scala:1585
[2026-06-29T00:00:49.351+0000] {subprocess.py:93} INFO - 26/06/29 00:00:49 INFO DAGScheduler: Submitting 1 missing tasks from ResultStage 3 (MapPartitionsRDD[16] at $anonfun$submit$1 at FutureTask.java:264) (first 15 tasks are for partitions Vector(0))
[2026-06-29T00:00:49.353+0000] {subprocess.py:93} INFO - 26/06/29 00:00:49 INFO TaskSchedulerImpl: Adding task set 3.0 with 1 tasks resource profile 0
[2026-06-29T00:00:49.356+0000] {subprocess.py:93} INFO - 26/06/29 00:00:49 INFO TaskSetManager: Starting task 0.0 in stage 3.0 (TID 3) (3828c1b309b8, executor driver, partition 0, PROCESS_LOCAL, 8342 bytes)
[2026-06-29T00:00:49.361+0000] {subprocess.py:93} INFO - 26/06/29 00:00:49 INFO Executor: Running task 0.0 in stage 3.0 (TID 3)
[2026-06-29T00:00:49.388+0000] {subprocess.py:93} INFO - 26/06/29 00:00:49 INFO CodeGenerator: Code generated in 163.794611 ms
[2026-06-29T00:00:49.399+0000] {subprocess.py:93} INFO - 26/06/29 00:00:49 INFO MemoryStore: Block broadcast_8 stored as values in memory (estimated size 205.8 KiB, free 433.9 MiB)
[2026-06-29T00:00:49.414+0000] {subprocess.py:93} INFO - 26/06/29 00:00:49 INFO MemoryStore: Block broadcast_8_piece0 stored as bytes in memory (estimated size 36.5 KiB, free 433.9 MiB)
[2026-06-29T00:00:49.416+0000] {subprocess.py:93} INFO - 26/06/29 00:00:49 INFO BlockManagerInfo: Added broadcast_8_piece0 in memory on 3828c1b309b8:41575 (size: 36.5 KiB, free: 434.3 MiB)
[2026-06-29T00:00:49.418+0000] {subprocess.py:93} INFO - 26/06/29 00:00:49 INFO SparkContext: Created broadcast 8 from $anonfun$recordDeltaOperationInternal$1 at DatabricksLogging.scala:128
[2026-06-29T00:00:49.423+0000] {subprocess.py:93} INFO - 26/06/29 00:00:49 INFO FileSourceScanExec: Planning scan with bin packing, max size: 4194304 bytes, open cost is considered as scanning 4194304 bytes.
[2026-06-29T00:00:49.444+0000] {subprocess.py:93} INFO - 26/06/29 00:00:49 INFO CodeGenerator: Code generated in 54.9633 ms
[2026-06-29T00:00:49.447+0000] {subprocess.py:93} INFO - 26/06/29 00:00:49 INFO FileScanRDD: Reading File path: abfss://silver@golddatalakee011.dfs.core.windows.net/processed/_delta_log/00000000000000000020.checkpoint.parquet, range: 0-73168, partition values: [20]
[2026-06-29T00:00:49.524+0000] {subprocess.py:93} INFO - 26/06/29 00:00:49 INFO CodeGenerator: Code generated in 67.589508 ms
[2026-06-29T00:00:49.529+0000] {subprocess.py:93} INFO - 26/06/29 00:00:49 INFO MemoryStore: Block broadcast_9 stored as values in memory (estimated size 201.4 KiB, free 433.7 MiB)
[2026-06-29T00:00:49.535+0000] {subprocess.py:93} INFO - 26/06/29 00:00:49 INFO MemoryStore: Block broadcast_9_piece0 stored as bytes in memory (estimated size 35.1 KiB, free 433.7 MiB)
[2026-06-29T00:00:49.537+0000] {subprocess.py:93} INFO - 26/06/29 00:00:49 INFO BlockManagerInfo: Added broadcast_9_piece0 in memory on 3828c1b309b8:41575 (size: 35.1 KiB, free: 434.3 MiB)
[2026-06-29T00:00:49.540+0000] {subprocess.py:93} INFO - 26/06/29 00:00:49 INFO SparkContext: Created broadcast 9 from $anonfun$recordDeltaOperationInternal$1 at DatabricksLogging.scala:128
[2026-06-29T00:00:49.544+0000] {subprocess.py:93} INFO - 26/06/29 00:00:49 INFO FileSourceScanExec: Planning scan with bin packing, max size: 4194304 bytes, open cost is considered as scanning 4194304 bytes.
[2026-06-29T00:00:49.575+0000] {subprocess.py:93} INFO - 26/06/29 00:00:49 INFO SparkContext: Starting job: $anonfun$recordDeltaOperationInternal$1 at DatabricksLogging.scala:128
[2026-06-29T00:00:49.578+0000] {subprocess.py:93} INFO - 26/06/29 00:00:49 INFO DAGScheduler: Got job 4 ($anonfun$recordDeltaOperationInternal$1 at DatabricksLogging.scala:128) with 4 output partitions
[2026-06-29T00:00:49.583+0000] {subprocess.py:93} INFO - 26/06/29 00:00:49 INFO DAGScheduler: Final stage: ResultStage 4 ($anonfun$recordDeltaOperationInternal$1 at DatabricksLogging.scala:128)
[2026-06-29T00:00:49.585+0000] {subprocess.py:93} INFO - 26/06/29 00:00:49 INFO DAGScheduler: Parents of final stage: List()
[2026-06-29T00:00:49.586+0000] {subprocess.py:93} INFO - 26/06/29 00:00:49 INFO DAGScheduler: Missing parents: List()
[2026-06-29T00:00:49.587+0000] {subprocess.py:93} INFO - 26/06/29 00:00:49 INFO DAGScheduler: Submitting ResultStage 4 (MapPartitionsRDD[24] at $anonfun$recordDeltaOperationInternal$1 at DatabricksLogging.scala:128), which has no missing parents
[2026-06-29T00:00:49.590+0000] {subprocess.py:93} INFO - 26/06/29 00:00:49 INFO MemoryStore: Block broadcast_10 stored as values in memory (estimated size 103.0 KiB, free 433.6 MiB)
[2026-06-29T00:00:49.592+0000] {subprocess.py:93} INFO - 26/06/29 00:00:49 INFO MemoryStore: Block broadcast_10_piece0 stored as bytes in memory (estimated size 29.3 KiB, free 433.5 MiB)
[2026-06-29T00:00:49.594+0000] {subprocess.py:93} INFO - 26/06/29 00:00:49 INFO BlockManagerInfo: Added broadcast_10_piece0 in memory on 3828c1b309b8:41575 (size: 29.3 KiB, free: 434.3 MiB)
[2026-06-29T00:00:49.596+0000] {subprocess.py:93} INFO - 26/06/29 00:00:49 INFO SparkContext: Created broadcast 10 from broadcast at DAGScheduler.scala:1585
[2026-06-29T00:00:49.597+0000] {subprocess.py:93} INFO - 26/06/29 00:00:49 INFO DAGScheduler: Submitting 4 missing tasks from ResultStage 4 (MapPartitionsRDD[24] at $anonfun$recordDeltaOperationInternal$1 at DatabricksLogging.scala:128) (first 15 tasks are for partitions Vector(0, 1, 2, 3))
[2026-06-29T00:00:49.599+0000] {subprocess.py:93} INFO - 26/06/29 00:00:49 INFO TaskSchedulerImpl: Adding task set 4.0 with 4 tasks resource profile 0
[2026-06-29T00:00:49.600+0000] {subprocess.py:93} INFO - 26/06/29 00:00:49 INFO TaskSetManager: Starting task 0.0 in stage 4.0 (TID 4) (3828c1b309b8, executor driver, partition 0, PROCESS_LOCAL, 8451 bytes)
[2026-06-29T00:00:49.602+0000] {subprocess.py:93} INFO - 26/06/29 00:00:49 INFO TaskSetManager: Starting task 1.0 in stage 4.0 (TID 5) (3828c1b309b8, executor driver, partition 1, PROCESS_LOCAL, 8437 bytes)
[2026-06-29T00:00:49.610+0000] {subprocess.py:93} INFO - 26/06/29 00:00:49 INFO TaskSetManager: Starting task 2.0 in stage 4.0 (TID 6) (3828c1b309b8, executor driver, partition 2, PROCESS_LOCAL, 8437 bytes)
[2026-06-29T00:00:49.612+0000] {subprocess.py:93} INFO - 26/06/29 00:00:49 INFO TaskSetManager: Starting task 3.0 in stage 4.0 (TID 7) (3828c1b309b8, executor driver, partition 3, PROCESS_LOCAL, 8437 bytes)
[2026-06-29T00:00:49.613+0000] {subprocess.py:93} INFO - 26/06/29 00:00:49 INFO Executor: Running task 0.0 in stage 4.0 (TID 4)
[2026-06-29T00:00:49.615+0000] {subprocess.py:93} INFO - 26/06/29 00:00:49 INFO Executor: Running task 1.0 in stage 4.0 (TID 5)
[2026-06-29T00:00:49.616+0000] {subprocess.py:93} INFO - 26/06/29 00:00:49 INFO Executor: Running task 2.0 in stage 4.0 (TID 6)
[2026-06-29T00:00:49.617+0000] {subprocess.py:93} INFO - 26/06/29 00:00:49 INFO Executor: Running task 3.0 in stage 4.0 (TID 7)
[2026-06-29T00:00:49.678+0000] {subprocess.py:93} INFO - 26/06/29 00:00:49 INFO CodeGenerator: Code generated in 63.896572 ms
[2026-06-29T00:00:49.681+0000] {subprocess.py:93} INFO - 26/06/29 00:00:49 INFO CodeGenerator: Code generated in 65.926118 ms
[2026-06-29T00:00:49.683+0000] {subprocess.py:93} INFO - 26/06/29 00:00:49 INFO FileScanRDD: Reading File path: abfss://silver@golddatalakee011.dfs.core.windows.net/processed/_delta_log/00000000000000000023.json, range: 0-50042, partition values: [23]
[2026-06-29T00:00:49.684+0000] {subprocess.py:93} INFO - 26/06/29 00:00:49 INFO FileScanRDD: Reading File path: abfss://silver@golddatalakee011.dfs.core.windows.net/processed/_delta_log/00000000000000000021.json, range: 0-50042, partition values: [21]
[2026-06-29T00:00:49.686+0000] {subprocess.py:93} INFO - 26/06/29 00:00:49 INFO FileScanRDD: Reading File path: abfss://silver@golddatalakee011.dfs.core.windows.net/processed/_delta_log/00000000000000000022.json, range: 0-50042, partition values: [22]
[2026-06-29T00:00:49.692+0000] {subprocess.py:93} INFO - 26/06/29 00:00:49 INFO FileScanRDD: Reading File path: abfss://silver@golddatalakee011.dfs.core.windows.net/processed/_delta_log/00000000000000000020.checkpoint.parquet, range: 0-73168, partition values: [20]
[2026-06-29T00:00:49.746+0000] {subprocess.py:93} INFO - 26/06/29 00:00:49 INFO CodeGenerator: Code generated in 46.338031 ms
[2026-06-29T00:00:50.311+0000] {subprocess.py:93} INFO - 26/06/29 00:00:50 INFO Executor: Finished task 3.0 in stage 4.0 (TID 7). 2006 bytes result sent to driver
[2026-06-29T00:00:50.313+0000] {subprocess.py:93} INFO - 26/06/29 00:00:50 INFO Executor: Finished task 1.0 in stage 4.0 (TID 5). 2006 bytes result sent to driver
[2026-06-29T00:00:50.314+0000] {subprocess.py:93} INFO - 26/06/29 00:00:50 INFO Executor: Finished task 2.0 in stage 4.0 (TID 6). 2006 bytes result sent to driver
[2026-06-29T00:00:50.316+0000] {subprocess.py:93} INFO - 26/06/29 00:00:50 INFO TaskSetManager: Finished task 1.0 in stage 4.0 (TID 5) in 718 ms on 3828c1b309b8 (executor driver) (1/4)
[2026-06-29T00:00:50.317+0000] {subprocess.py:93} INFO - 26/06/29 00:00:50 INFO TaskSetManager: Finished task 2.0 in stage 4.0 (TID 6) in 718 ms on 3828c1b309b8 (executor driver) (2/4)
[2026-06-29T00:00:50.318+0000] {subprocess.py:93} INFO - 26/06/29 00:00:50 INFO TaskSetManager: Finished task 3.0 in stage 4.0 (TID 7) in 717 ms on 3828c1b309b8 (executor driver) (3/4)
[2026-06-29T00:00:50.382+0000] {subprocess.py:93} INFO - 26/06/29 00:00:50 INFO Executor: Finished task 0.0 in stage 3.0 (TID 3). 1838 bytes result sent to driver
[2026-06-29T00:00:50.383+0000] {subprocess.py:93} INFO - 26/06/29 00:00:50 INFO TaskSetManager: Finished task 0.0 in stage 3.0 (TID 3) in 1030 ms on 3828c1b309b8 (executor driver) (1/1)
[2026-06-29T00:00:50.386+0000] {subprocess.py:93} INFO - 26/06/29 00:00:50 INFO TaskSchedulerImpl: Removed TaskSet 3.0, whose tasks have all completed, from pool
[2026-06-29T00:00:50.387+0000] {subprocess.py:93} INFO - 26/06/29 00:00:50 INFO DAGScheduler: ResultStage 3 ($anonfun$submit$1 at FutureTask.java:264) finished in 1.052 s
[2026-06-29T00:00:50.389+0000] {subprocess.py:93} INFO - 26/06/29 00:00:50 INFO DAGScheduler: Job 3 is finished. Cancelling potential speculative or zombie tasks for this job
[2026-06-29T00:00:50.390+0000] {subprocess.py:93} INFO - 26/06/29 00:00:50 INFO TaskSchedulerImpl: Killing all running tasks in stage 3: Stage finished
[2026-06-29T00:00:50.391+0000] {subprocess.py:93} INFO - 26/06/29 00:00:50 INFO DAGScheduler: Job 3 finished: $anonfun$submit$1 at FutureTask.java:264, took 1.060602 s
[2026-06-29T00:00:50.493+0000] {subprocess.py:93} INFO - 26/06/29 00:00:50 INFO FilterCompat: Filtering using predicate: or(noteq(protocol.minReaderVersion, null), noteq(metaData.id, null))
[2026-06-29T00:00:50.893+0000] {subprocess.py:93} INFO - 26/06/29 00:00:50 INFO CodecPool: Got brand-new decompressor [.snappy]
[2026-06-29T00:00:51.009+0000] {subprocess.py:93} INFO - 26/06/29 00:00:51 INFO Executor: Finished task 0.0 in stage 4.0 (TID 4). 2427 bytes result sent to driver
[2026-06-29T00:00:51.012+0000] {subprocess.py:93} INFO - 26/06/29 00:00:51 INFO TaskSetManager: Finished task 0.0 in stage 4.0 (TID 4) in 1417 ms on 3828c1b309b8 (executor driver) (4/4)
[2026-06-29T00:00:51.014+0000] {subprocess.py:93} INFO - 26/06/29 00:00:51 INFO TaskSchedulerImpl: Removed TaskSet 4.0, whose tasks have all completed, from pool
[2026-06-29T00:00:51.015+0000] {subprocess.py:93} INFO - 26/06/29 00:00:51 INFO DAGScheduler: ResultStage 4 ($anonfun$recordDeltaOperationInternal$1 at DatabricksLogging.scala:128) finished in 1.432 s
[2026-06-29T00:00:51.016+0000] {subprocess.py:93} INFO - 26/06/29 00:00:51 INFO DAGScheduler: Job 4 is finished. Cancelling potential speculative or zombie tasks for this job
[2026-06-29T00:00:51.017+0000] {subprocess.py:93} INFO - 26/06/29 00:00:51 INFO TaskSchedulerImpl: Killing all running tasks in stage 4: Stage finished
[2026-06-29T00:00:51.018+0000] {subprocess.py:93} INFO - 26/06/29 00:00:51 INFO DAGScheduler: Job 4 finished: $anonfun$recordDeltaOperationInternal$1 at DatabricksLogging.scala:128, took 1.438587 s
[2026-06-29T00:00:51.064+0000] {subprocess.py:93} INFO - 26/06/29 00:00:51 INFO CodeGenerator: Code generated in 32.441853 ms
[2026-06-29T00:00:51.156+0000] {subprocess.py:93} INFO - 26/06/29 00:00:51 INFO Snapshot: [tableId=7e88aa3f-598d-4461-9c6e-4fb2db3531ad] Created snapshot Snapshot(path=abfss://silver@golddatalakee011.dfs.core.windows.net/processed/_delta_log, version=23, metadata=Metadata(bdea7ac4-3961-4b53-b7d2-baa9309d72a4,null,null,Format(parquet,Map()),{"type":"struct","fields":[{"name":"event_date","type":"date","nullable":true,"metadata":{}},{"name":"gold_price","type":"double","nullable":true,"metadata":{}},{"name":"currency","type":"string","nullable":true,"metadata":{}},{"name":"source","type":"string","nullable":true,"metadata":{}},{"name":"ingestion_type","type":"string","nullable":true,"metadata":{}},{"name":"ingestion_timestamp","type":"timestamp","nullable":true,"metadata":{}},{"name":"year","type":"integer","nullable":true,"metadata":{}},{"name":"month","type":"integer","nullable":true,"metadata":{}},{"name":"quarter","type":"integer","nullable":true,"metadata":{}}]},List(year),Map(),Some(1782160854749)), logSegment=LogSegment(abfss://silver@golddatalakee011.dfs.core.windows.net/processed/_delta_log,23,WrappedArray(VersionedFileStatus{VersionedFileStatus{path=abfss://silver@golddatalakee011.dfs.core.windows.net/processed/_delta_log/00000000000000000021.json; isDirectory=false; length=50042; replication=1; blocksize=268435456; modification_time=1782690930000; access_time=0; owner=fc03ce7a-9717-46b4-b47f-efb98ea97725; group=root; permission=rw-r--r--; isSymlink=false; hasAcl=false; isEncrypted=false; isErasureCoded=false}; version='0x8DED570BC278250'}, VersionedFileStatus{VersionedFileStatus{path=abfss://silver@golddatalakee011.dfs.core.windows.net/processed/_delta_log/00000000000000000022.json; isDirectory=false; length=50042; replication=1; blocksize=268435456; modification_time=1782691144000; access_time=0; owner=fc03ce7a-9717-46b4-b47f-efb98ea97725; group=root; permission=rw-r--r--; isSymlink=false; hasAcl=false; isEncrypted=false; isErasureCoded=false}; version='0x8DED5713BF3793C'}, VersionedFileStatus{VersionedFileStatus{path=abfss://silver@golddatalakee011.dfs.core.windows.net/processed/_delta_log/00000000000000000023.json; isDirectory=false; length=50042; replication=1; blocksize=268435456; modification_time=1782691176000; access_time=0; owner=fc03ce7a-9717-46b4-b47f-efb98ea97725; group=root; permission=rw-r--r--; isSymlink=false; hasAcl=false; isEncrypted=false; isErasureCoded=false}; version='0x8DED5714EEF26BC'}),UninitializedV1OrV2ParquetCheckpointProvider(20,VersionedFileStatus{VersionedFileStatus{path=abfss://silver@golddatalakee011.dfs.core.windows.net/processed/_delta_log/00000000000000000020.checkpoint.parquet; isDirectory=false; length=73168; replication=1; blocksize=268435456; modification_time=1782690898000; access_time=0; owner=fc03ce7a-9717-46b4-b47f-efb98ea97725; group=root; permission=rw-r--r--; isSymlink=false; hasAcl=false; isEncrypted=false; isErasureCoded=false}; version='0x8DED570A92A19B4'},abfss://silver@golddatalakee011.dfs.core.windows.net/processed/_delta_log,Some(LastCheckpointInfo(20,989,None,Some(73168),Some(47),Some(StructType(StructField(txn,StructType(StructField(appId,StringType,true),StructField(version,LongType,true),StructField(lastUpdated,LongType,true)),true),StructField(add,StructType(StructField(path,StringType,true),StructField(partitionValues,MapType(StringType,StringType,true),true),StructField(size,LongType,true),StructField(modificationTime,LongType,true),StructField(dataChange,BooleanType,true),StructField(tags,MapType(StringType,StringType,true),true),StructField(deletionVector,StructType(StructField(storageType,StringType,true),StructField(pathOrInlineDv,StringType,true),StructField(offset,IntegerType,true),StructField(sizeInBytes,IntegerType,true),StructField(cardinality,LongType,true),StructField(maxRowIndex,LongType,true)),true),StructField(baseRowId,LongType,true),StructField(defaultRowCommitVersion,LongType,true),StructField(clusteringProvider,StringType,true),StructField(stats,StringType,true),StructField(partitionValues_parsed,StructType(StructField(year,IntegerType,true)),true)),true),StructField(remove,StructType(StructField(path,StringType,true),StructField(deletionTimestamp,LongType,true),StructField(dataChange,BooleanType,true),StructField(extendedFileMetadata,BooleanType,true),StructField(partitionValues,MapType(StringType,StringType,true),true),StructField(size,LongType,true),StructField(deletionVector,StructType(StructField(storageType,StringType,true),StructField(pathOrInlineDv,StringType,true),StructField(offset,IntegerType,true),StructField(sizeInBytes,IntegerType,true),StructField(cardinality,LongType,true),StructField(maxRowIndex,LongType,true)),true),StructField(baseRowId,LongType,true),StructField(defaultRowCommitVersion,LongType,true)),true),StructField(metaData,StructType(StructField(id,StringType,true),StructField(name,StringType,true),StructField(description,StringType,true),StructField(format,StructType(StructField(provider,StringType,true),StructField(options,MapType(StringType,StringType,true),true)),true),StructField(schemaString,StringType,true),StructField(partitionColumns,ArrayType(StringType,true),true),StructField(configuration,MapType(StringType,StringType,true),true),StructField(createdTime,LongType,true)),true),StructField(protocol,StructType(StructField(minReaderVersion,IntegerType,true),StructField(minWriterVersion,IntegerType,true),StructField(readerFeatures,ArrayType(StringType,true),true),StructField(writerFeatures,ArrayType(StringType,true),true)),true),StructField(domainMetadata,StructType(StructField(domain,StringType,true),StructField(configuration,StringType,true),StructField(removed,BooleanType,true)),true))),None,Some(4ccd0dcf48ce6c67c669854674c54b5e)))),1782691176000), checksumOpt=None)
[2026-06-29T00:00:51.166+0000] {subprocess.py:93} INFO - 26/06/29 00:00:51 INFO DeltaLog: Updated snapshot to Snapshot(path=abfss://silver@golddatalakee011.dfs.core.windows.net/processed/_delta_log, version=23, metadata=Metadata(bdea7ac4-3961-4b53-b7d2-baa9309d72a4,null,null,Format(parquet,Map()),{"type":"struct","fields":[{"name":"event_date","type":"date","nullable":true,"metadata":{}},{"name":"gold_price","type":"double","nullable":true,"metadata":{}},{"name":"currency","type":"string","nullable":true,"metadata":{}},{"name":"source","type":"string","nullable":true,"metadata":{}},{"name":"ingestion_type","type":"string","nullable":true,"metadata":{}},{"name":"ingestion_timestamp","type":"timestamp","nullable":true,"metadata":{}},{"name":"year","type":"integer","nullable":true,"metadata":{}},{"name":"month","type":"integer","nullable":true,"metadata":{}},{"name":"quarter","type":"integer","nullable":true,"metadata":{}}]},List(year),Map(),Some(1782160854749)), logSegment=LogSegment(abfss://silver@golddatalakee011.dfs.core.windows.net/processed/_delta_log,23,WrappedArray(VersionedFileStatus{VersionedFileStatus{path=abfss://silver@golddatalakee011.dfs.core.windows.net/processed/_delta_log/00000000000000000021.json; isDirectory=false; length=50042; replication=1; blocksize=268435456; modification_time=1782690930000; access_time=0; owner=fc03ce7a-9717-46b4-b47f-efb98ea97725; group=root; permission=rw-r--r--; isSymlink=false; hasAcl=false; isEncrypted=false; isErasureCoded=false}; version='0x8DED570BC278250'}, VersionedFileStatus{VersionedFileStatus{path=abfss://silver@golddatalakee011.dfs.core.windows.net/processed/_delta_log/00000000000000000022.json; isDirectory=false; length=50042; replication=1; blocksize=268435456; modification_time=1782691144000; access_time=0; owner=fc03ce7a-9717-46b4-b47f-efb98ea97725; group=root; permission=rw-r--r--; isSymlink=false; hasAcl=false; isEncrypted=false; isErasureCoded=false}; version='0x8DED5713BF3793C'}, VersionedFileStatus{VersionedFileStatus{path=abfss://silver@golddatalakee011.dfs.core.windows.net/processed/_delta_log/00000000000000000023.json; isDirectory=false; length=50042; replication=1; blocksize=268435456; modification_time=1782691176000; access_time=0; owner=fc03ce7a-9717-46b4-b47f-efb98ea97725; group=root; permission=rw-r--r--; isSymlink=false; hasAcl=false; isEncrypted=false; isErasureCoded=false}; version='0x8DED5714EEF26BC'}),UninitializedV1OrV2ParquetCheckpointProvider(20,VersionedFileStatus{VersionedFileStatus{path=abfss://silver@golddatalakee011.dfs.core.windows.net/processed/_delta_log/00000000000000000020.checkpoint.parquet; isDirectory=false; length=73168; replication=1; blocksize=268435456; modification_time=1782690898000; access_time=0; owner=fc03ce7a-9717-46b4-b47f-efb98ea97725; group=root; permission=rw-r--r--; isSymlink=false; hasAcl=false; isEncrypted=false; isErasureCoded=false}; version='0x8DED570A92A19B4'},abfss://silver@golddatalakee011.dfs.core.windows.net/processed/_delta_log,Some(LastCheckpointInfo(20,989,None,Some(73168),Some(47),Some(StructType(StructField(txn,StructType(StructField(appId,StringType,true),StructField(version,LongType,true),StructField(lastUpdated,LongType,true)),true),StructField(add,StructType(StructField(path,StringType,true),StructField(partitionValues,MapType(StringType,StringType,true),true),StructField(size,LongType,true),StructField(modificationTime,LongType,true),StructField(dataChange,BooleanType,true),StructField(tags,MapType(StringType,StringType,true),true),StructField(deletionVector,StructType(StructField(storageType,StringType,true),StructField(pathOrInlineDv,StringType,true),StructField(offset,IntegerType,true),StructField(sizeInBytes,IntegerType,true),StructField(cardinality,LongType,true),StructField(maxRowIndex,LongType,true)),true),StructField(baseRowId,LongType,true),StructField(defaultRowCommitVersion,LongType,true),StructField(clusteringProvider,StringType,true),StructField(stats,StringType,true),StructField(partitionValues_parsed,StructType(StructField(year,IntegerType,true)),true)),true),StructField(remove,StructType(StructField(path,StringType,true),StructField(deletionTimestamp,LongType,true),StructField(dataChange,BooleanType,true),StructField(extendedFileMetadata,BooleanType,true),StructField(partitionValues,MapType(StringType,StringType,true),true),StructField(size,LongType,true),StructField(deletionVector,StructType(StructField(storageType,StringType,true),StructField(pathOrInlineDv,StringType,true),StructField(offset,IntegerType,true),StructField(sizeInBytes,IntegerType,true),StructField(cardinality,LongType,true),StructField(maxRowIndex,LongType,true)),true),StructField(baseRowId,LongType,true),StructField(defaultRowCommitVersion,LongType,true)),true),StructField(metaData,StructType(StructField(id,StringType,true),StructField(name,StringType,true),StructField(description,StringType,true),StructField(format,StructType(StructField(provider,StringType,true),StructField(options,MapType(StringType,StringType,true),true)),true),StructField(schemaString,StringType,true),StructField(partitionColumns,ArrayType(StringType,true),true),StructField(configuration,MapType(StringType,StringType,true),true),StructField(createdTime,LongType,true)),true),StructField(protocol,StructType(StructField(minReaderVersion,IntegerType,true),StructField(minWriterVersion,IntegerType,true),StructField(readerFeatures,ArrayType(StringType,true),true),StructField(writerFeatures,ArrayType(StringType,true),true)),true),StructField(domainMetadata,StructType(StructField(domain,StringType,true),StructField(configuration,StringType,true),StructField(removed,BooleanType,true)),true))),None,Some(4ccd0dcf48ce6c67c669854674c54b5e)))),1782691176000), checksumOpt=None)
[2026-06-29T00:00:51.503+0000] {subprocess.py:93} INFO - 26/06/29 00:00:51 INFO Snapshot: [tableId=bdea7ac4-3961-4b53-b7d2-baa9309d72a4] DELTA: Compute snapshot for version: 23
[2026-06-29T00:00:51.532+0000] {subprocess.py:93} INFO - 26/06/29 00:00:51 INFO MemoryStore: Block broadcast_11 stored as values in memory (estimated size 201.1 KiB, free 433.3 MiB)
[2026-06-29T00:00:51.542+0000] {subprocess.py:93} INFO - 26/06/29 00:00:51 INFO MemoryStore: Block broadcast_11_piece0 stored as bytes in memory (estimated size 35.0 KiB, free 433.3 MiB)
[2026-06-29T00:00:51.544+0000] {subprocess.py:93} INFO - 26/06/29 00:00:51 INFO BlockManagerInfo: Added broadcast_11_piece0 in memory on 3828c1b309b8:41575 (size: 35.0 KiB, free: 434.2 MiB)
[2026-06-29T00:00:51.545+0000] {subprocess.py:93} INFO - 26/06/29 00:00:51 INFO SparkContext: Created broadcast 11 from save at NativeMethodAccessorImpl.java:0
[2026-06-29T00:00:51.575+0000] {subprocess.py:93} INFO - 26/06/29 00:00:51 INFO DeltaLogFileIndex: Created DeltaLogFileIndex(Parquet, numFilesInSegment: 1, totalFileSize: 73168)
[2026-06-29T00:00:52.167+0000] {subprocess.py:93} INFO - 26/06/29 00:00:52 INFO DataSourceStrategy: Pruning directories with:
[2026-06-29T00:00:52.170+0000] {subprocess.py:93} INFO - 26/06/29 00:00:52 INFO FileSourceStrategy: Pushed Filters:
[2026-06-29T00:00:52.183+0000] {subprocess.py:93} INFO - 26/06/29 00:00:52 INFO FileSourceStrategy: Post-Scan Filters:
[2026-06-29T00:00:52.185+0000] {subprocess.py:93} INFO - 26/06/29 00:00:52 INFO DataSourceStrategy: Pruning directories with:
[2026-06-29T00:00:52.202+0000] {subprocess.py:93} INFO - 26/06/29 00:00:52 INFO FileSourceStrategy: Pushed Filters:
[2026-06-29T00:00:52.194+0000] {local_task_job_runner.py:127} ERROR - Received SIGTERM. Terminating subprocesses
[2026-06-29T00:00:52.205+0000] {subprocess.py:93} INFO - 26/06/29 00:00:52 INFO FileSourceStrategy: Post-Scan Filters:
[2026-06-29T00:00:52.238+0000] {process_utils.py:132} INFO - Sending 15 to group 2705. PIDs of all processes in the group: [2707, 2708, 2761, 2705]
[2026-06-29T00:00:52.264+0000] {process_utils.py:87} INFO - Sending the signal 15 to group 2705
[2026-06-29T00:00:52.270+0000] {taskinstance.py:3083} ERROR - Received SIGTERM. Terminating subprocesses.
[2026-06-29T00:00:52.272+0000] {subprocess.py:104} INFO - Sending SIGTERM signal to process group
[2026-06-29T00:00:52.340+0000] {taskinstance.py:3301} ERROR - Task failed with exception
Traceback (most recent call last):
  File "/home/airflow/.local/lib/python3.12/site-packages/airflow/models/taskinstance.py", line 762, in _execute_task
    result = _execute_callable(context=context, **execute_callable_kwargs)
             ^^^^^^^^^^^^^^^^^^^^^^^^^^^^^^^^^^^^^^^^^^^^^^^^^^^^^^^^^^^^^
  File "/home/airflow/.local/lib/python3.12/site-packages/airflow/models/taskinstance.py", line 733, in _execute_callable
    return ExecutionCallableRunner(
           ^^^^^^^^^^^^^^^^^^^^^^^^
  File "/home/airflow/.local/lib/python3.12/site-packages/airflow/utils/operator_helpers.py", line 252, in run
    return self.func(*args, **kwargs)
           ^^^^^^^^^^^^^^^^^^^^^^^^^^
  File "/home/airflow/.local/lib/python3.12/site-packages/airflow/models/baseoperator.py", line 406, in wrapper
    return func(self, *args, **kwargs)
           ^^^^^^^^^^^^^^^^^^^^^^^^^^^
  File "/home/airflow/.local/lib/python3.12/site-packages/airflow/operators/bash.py", line 240, in execute
    result = self.subprocess_hook.run_command(
             ^^^^^^^^^^^^^^^^^^^^^^^^^^^^^^^^^
  File "/home/airflow/.local/lib/python3.12/site-packages/airflow/hooks/subprocess.py", line 91, in run_command
    for raw_line in iter(self.sub_process.stdout.readline, b""):
                    ^^^^^^^^^^^^^^^^^^^^^^^^^^^^^^^^^^^^^^^^^^^
  File "/home/airflow/.local/lib/python3.12/site-packages/airflow/models/taskinstance.py", line 3085, in signal_handler
    raise AirflowTaskTerminated("Task received SIGTERM signal")
airflow.exceptions.AirflowTaskTerminated: Task received SIGTERM signal
[2026-06-29T00:00:52.470+0000] {taskinstance.py:1225} INFO - Marking task as UP_FOR_RETRY. dag_id=gold_price_pipeline, task_id=run_spark_etl, run_id=scheduled__2026-06-28T23:00:00+00:00, execution_date=20260628T230000, start_date=20260629T000023, end_date=20260629T000052
[2026-06-29T00:00:52.534+0000] {taskinstance.py:340} INFO - ::group::Post task execution logs
[2026-06-29T00:00:52.551+0000] {process_utils.py:80} INFO - Process psutil.Process(pid=2705, status='terminated', exitcode=2, started='00:00:22') (2705) terminated with exit code 2
[2026-06-29T00:00:52.775+0000] {process_utils.py:80} INFO - Process psutil.Process(pid=2708, status='terminated', started='00:00:22') (2708) terminated with exit code None
[2026-06-29T00:00:52.777+0000] {process_utils.py:80} INFO - Process psutil.Process(pid=2761, status='terminated', started='00:00:24') (2761) terminated with exit code None
[2026-06-29T00:00:52.778+0000] {process_utils.py:80} INFO - Process psutil.Process(pid=2707, status='terminated', started='00:00:22') (2707) terminated with exit code None
[2026-06-29T00:00:52.779+0000] {local_task_job_runner.py:261} INFO - Task exited with return code 143
[2026-06-29T00:00:52.831+0000] {taskinstance.py:3891} INFO - 0 downstream tasks scheduled from follow-on schedule check
[2026-06-29T00:00:53.141+0000] {standard_task_runner.py:217} INFO - Process not found (most likely exited), stop collecting metrics
