[2026-06-29T20:00:06.605+0000] {local_task_job_runner.py:123} INFO - ::group::Pre task execution logs
[2026-06-29T20:00:06.627+0000] {taskinstance.py:2603} INFO - Dependencies all met for dep_context=non-requeueable deps ti=<TaskInstance: gold_price_pipeline.run_kafka_consumer scheduled__2026-06-29T19:00:00+00:00 [queued]>
[2026-06-29T20:00:06.641+0000] {taskinstance.py:2603} INFO - Dependencies all met for dep_context=requeueable deps ti=<TaskInstance: gold_price_pipeline.run_kafka_consumer scheduled__2026-06-29T19:00:00+00:00 [queued]>
[2026-06-29T20:00:06.643+0000] {taskinstance.py:2856} INFO - Starting attempt 1 of 3
[2026-06-29T20:00:06.660+0000] {taskinstance.py:2879} INFO - Executing <Task(BashOperator): run_kafka_consumer> on 2026-06-29 19:00:00+00:00
[2026-06-29T20:00:06.674+0000] {logging_mixin.py:190} WARNING - /home/***/.local/lib/python3.12/site-packages/***/task/task_runner/standard_task_runner.py:70 DeprecationWarning: This process (pid=355) is multi-threaded, use of fork() may lead to deadlocks in the child.
[2026-06-29T20:00:06.673+0000] {standard_task_runner.py:104} INFO - Running: ['***', 'tasks', 'run', 'gold_price_pipeline', 'run_kafka_consumer', 'scheduled__2026-06-29T19:00:00+00:00', '--job-id', '23', '--raw', '--subdir', 'DAGS_FOLDER/gold_pipeline.py', '--cfg-path', '/tmp/tmpai7o7ijk']
[2026-06-29T20:00:06.677+0000] {standard_task_runner.py:72} INFO - Started process 356 to run task
[2026-06-29T20:00:06.678+0000] {standard_task_runner.py:105} INFO - Job 23: Subtask run_kafka_consumer
[2026-06-29T20:00:06.816+0000] {task_command.py:467} INFO - Running <TaskInstance: gold_price_pipeline.run_kafka_consumer scheduled__2026-06-29T19:00:00+00:00 [running]> on host c3f35d0d91d3
[2026-06-29T20:00:06.936+0000] {taskinstance.py:3122} INFO - Exporting env vars: AIRFLOW_CTX_DAG_OWNER='Sayed' AIRFLOW_CTX_DAG_ID='gold_price_pipeline' AIRFLOW_CTX_TASK_ID='run_kafka_consumer' AIRFLOW_CTX_EXECUTION_DATE='2026-06-29T19:00:00+00:00' AIRFLOW_CTX_TRY_NUMBER='1' AIRFLOW_CTX_DAG_RUN_ID='scheduled__2026-06-29T19:00:00+00:00'
[2026-06-29T20:00:06.939+0000] {taskinstance.py:731} INFO - ::endgroup::
[2026-06-29T20:00:06.961+0000] {subprocess.py:63} INFO - Tmp dir root location: /tmp
[2026-06-29T20:00:06.964+0000] {subprocess.py:75} INFO - Running command: ['/usr/bin/bash', '-c', '\n        python /opt/***/kafka/Consumer.py\n        ']
[2026-06-29T20:00:07.005+0000] {subprocess.py:86} INFO - Output:
[2026-06-29T20:00:09.073+0000] {subprocess.py:93} INFO - /opt/***/kafka/Consumer.py:38: DeprecationWarning: value_deserializer does not implement kafka.serializer.Deserializer
[2026-06-29T20:00:09.075+0000] {subprocess.py:93} INFO -   consumer = KafkaConsumer(
[2026-06-29T20:01:09.095+0000] {subprocess.py:93} INFO - Connected To Azure Data Lake
[2026-06-29T20:01:09.097+0000] {subprocess.py:93} INFO - Waiting For Kafka Message...
[2026-06-29T20:01:09.098+0000] {subprocess.py:93} INFO - Consumer Finished Successfully
[2026-06-29T20:01:09.252+0000] {subprocess.py:97} INFO - Command exited with return code 0
[2026-06-29T20:01:09.284+0000] {taskinstance.py:340} INFO - ::group::Post task execution logs
[2026-06-29T20:01:09.286+0000] {taskinstance.py:352} INFO - Marking task as SUCCESS. dag_id=gold_price_pipeline, task_id=run_kafka_consumer, run_id=scheduled__2026-06-29T19:00:00+00:00, execution_date=20260629T190000, start_date=20260629T200006, end_date=20260629T200109
[2026-06-29T20:01:09.347+0000] {local_task_job_runner.py:261} INFO - Task exited with return code 0
[2026-06-29T20:01:09.376+0000] {taskinstance.py:3891} INFO - 1 downstream tasks scheduled from follow-on schedule check
[2026-06-29T20:01:09.379+0000] {local_task_job_runner.py:240} INFO - ::endgroup::
