[2026-06-29T00:00:14.634+0000] {local_task_job_runner.py:123} INFO - ::group::Pre task execution logs
[2026-06-29T00:00:14.653+0000] {taskinstance.py:2603} INFO - Dependencies all met for dep_context=non-requeueable deps ti=<TaskInstance: gold_price_pipeline.run_kafka_producer scheduled__2026-06-28T23:00:00+00:00 [queued]>
[2026-06-29T00:00:14.663+0000] {taskinstance.py:2603} INFO - Dependencies all met for dep_context=requeueable deps ti=<TaskInstance: gold_price_pipeline.run_kafka_producer scheduled__2026-06-28T23:00:00+00:00 [queued]>
[2026-06-29T00:00:14.664+0000] {taskinstance.py:2856} INFO - Starting attempt 1 of 3
[2026-06-29T00:00:14.680+0000] {taskinstance.py:2879} INFO - Executing <Task(BashOperator): run_kafka_producer> on 2026-06-28 23:00:00+00:00
[2026-06-29T00:00:14.690+0000] {logging_mixin.py:190} WARNING - /home/***/.local/lib/python3.12/site-packages/***/task/task_runner/standard_task_runner.py:70 DeprecationWarning: This process (pid=2691) is multi-threaded, use of fork() may lead to deadlocks in the child.
[2026-06-29T00:00:14.690+0000] {standard_task_runner.py:104} INFO - Running: ['***', 'tasks', 'run', 'gold_price_pipeline', 'run_kafka_producer', 'scheduled__2026-06-28T23:00:00+00:00', '--job-id', '18', '--raw', '--subdir', 'DAGS_FOLDER/gold_pipeline.py', '--cfg-path', '/tmp/tmp0bpcegvj']
[2026-06-29T00:00:14.693+0000] {standard_task_runner.py:72} INFO - Started process 2692 to run task
[2026-06-29T00:00:14.694+0000] {standard_task_runner.py:105} INFO - Job 18: Subtask run_kafka_producer
[2026-06-29T00:00:14.767+0000] {task_command.py:467} INFO - Running <TaskInstance: gold_price_pipeline.run_kafka_producer scheduled__2026-06-28T23:00:00+00:00 [running]> on host 3828c1b309b8
[2026-06-29T00:00:14.889+0000] {taskinstance.py:3122} INFO - Exporting env vars: AIRFLOW_CTX_DAG_OWNER='Sayed' AIRFLOW_CTX_DAG_ID='gold_price_pipeline' AIRFLOW_CTX_TASK_ID='run_kafka_producer' AIRFLOW_CTX_EXECUTION_DATE='2026-06-28T23:00:00+00:00' AIRFLOW_CTX_TRY_NUMBER='1' AIRFLOW_CTX_DAG_RUN_ID='scheduled__2026-06-28T23:00:00+00:00'
[2026-06-29T00:00:14.892+0000] {taskinstance.py:731} INFO - ::endgroup::
[2026-06-29T00:00:14.916+0000] {subprocess.py:63} INFO - Tmp dir root location: /tmp
[2026-06-29T00:00:14.919+0000] {subprocess.py:75} INFO - Running command: ['/usr/bin/bash', '-c', '\n        python /opt/***/kafka/Producer.py\n        ']
[2026-06-29T00:00:14.931+0000] {subprocess.py:86} INFO - Output:
[2026-06-29T00:00:16.135+0000] {subprocess.py:93} INFO - ========== GOLD PRODUCER ==========
[2026-06-29T00:00:16.136+0000] {subprocess.py:93} INFO - Connected to Kafka
[2026-06-29T00:00:16.138+0000] {subprocess.py:93} INFO - Message sent Successfully
[2026-06-29T00:00:16.201+0000] {subprocess.py:97} INFO - Command exited with return code 0
[2026-06-29T00:00:16.238+0000] {taskinstance.py:340} INFO - ::group::Post task execution logs
[2026-06-29T00:00:16.239+0000] {taskinstance.py:352} INFO - Marking task as SUCCESS. dag_id=gold_price_pipeline, task_id=run_kafka_producer, run_id=scheduled__2026-06-28T23:00:00+00:00, execution_date=20260628T230000, start_date=20260629T000014, end_date=20260629T000016
[2026-06-29T00:00:16.277+0000] {local_task_job_runner.py:261} INFO - Task exited with return code 0
[2026-06-29T00:00:16.308+0000] {taskinstance.py:3891} INFO - 1 downstream tasks scheduled from follow-on schedule check
[2026-06-29T00:00:16.312+0000] {local_task_job_runner.py:240} INFO - ::endgroup::
