[2026-06-29T16:01:06.246+0000] {local_task_job_runner.py:123} INFO - ::group::Pre task execution logs
[2026-06-29T16:01:06.303+0000] {taskinstance.py:2603} INFO - Dependencies all met for dep_context=non-requeueable deps ti=<TaskInstance: gold_price_pipeline.run_spark_etl scheduled__2026-06-29T15:00:00+00:00 [queued]>
[2026-06-29T16:01:06.328+0000] {taskinstance.py:2603} INFO - Dependencies all met for dep_context=requeueable deps ti=<TaskInstance: gold_price_pipeline.run_spark_etl scheduled__2026-06-29T15:00:00+00:00 [queued]>
[2026-06-29T16:01:06.331+0000] {taskinstance.py:2856} INFO - Starting attempt 1 of 3
[2026-06-29T16:01:06.386+0000] {taskinstance.py:2879} INFO - Executing <Task(BashOperator): run_spark_etl> on 2026-06-29 15:00:00+00:00
[2026-06-29T16:01:06.408+0000] {logging_mixin.py:190} WARNING - /home/***/.local/lib/python3.12/site-packages/***/task/task_runner/standard_task_runner.py:70 DeprecationWarning: This process (pid=1356) is multi-threaded, use of fork() may lead to deadlocks in the child.
[2026-06-29T16:01:06.405+0000] {standard_task_runner.py:104} INFO - Running: ['***', 'tasks', 'run', 'gold_price_pipeline', 'run_spark_etl', 'scheduled__2026-06-29T15:00:00+00:00', '--job-id', '14', '--raw', '--subdir', 'DAGS_FOLDER/gold_pipeline.py', '--cfg-path', '/tmp/tmp4vpb8prn']
[2026-06-29T16:01:06.412+0000] {standard_task_runner.py:72} INFO - Started process 1360 to run task
[2026-06-29T16:01:06.414+0000] {standard_task_runner.py:105} INFO - Job 14: Subtask run_spark_etl
[2026-06-29T16:01:06.630+0000] {task_command.py:467} INFO - Running <TaskInstance: gold_price_pipeline.run_spark_etl scheduled__2026-06-29T15:00:00+00:00 [running]> on host ef940326903e
[2026-06-29T16:01:06.888+0000] {taskinstance.py:3122} INFO - Exporting env vars: AIRFLOW_CTX_DAG_OWNER='Sayed' AIRFLOW_CTX_DAG_ID='gold_price_pipeline' AIRFLOW_CTX_TASK_ID='run_spark_etl' AIRFLOW_CTX_EXECUTION_DATE='2026-06-29T15:00:00+00:00' AIRFLOW_CTX_TRY_NUMBER='1' AIRFLOW_CTX_DAG_RUN_ID='scheduled__2026-06-29T15:00:00+00:00'
[2026-06-29T16:01:06.892+0000] {taskinstance.py:731} INFO - ::endgroup::
[2026-06-29T16:01:06.942+0000] {subprocess.py:63} INFO - Tmp dir root location: /tmp
[2026-06-29T16:01:06.946+0000] {subprocess.py:75} INFO - Running command: ['/usr/bin/bash', '-c', '\n        spark-submit /opt/***/pyspark_processing/sss.py\n        ']
[2026-06-29T16:01:06.976+0000] {subprocess.py:86} INFO - Output:
[2026-06-29T16:01:12.667+0000] {subprocess.py:93} INFO - 26/06/29 16:01:12 INFO SparkContext: Running Spark version 3.5.1
[2026-06-29T16:01:12.674+0000] {subprocess.py:93} INFO - 26/06/29 16:01:12 INFO SparkContext: OS info Linux, 6.18.33.2-microsoft-standard-WSL2, amd64
[2026-06-29T16:01:12.676+0000] {subprocess.py:93} INFO - 26/06/29 16:01:12 INFO SparkContext: Java version 17.0.19
[2026-06-29T16:01:12.790+0000] {subprocess.py:93} INFO - 26/06/29 16:01:12 WARN NativeCodeLoader: Unable to load native-hadoop library for your platform... using builtin-java classes where applicable
[2026-06-29T16:01:12.949+0000] {subprocess.py:93} INFO - 26/06/29 16:01:12 INFO ResourceUtils: ==============================================================
[2026-06-29T16:01:12.953+0000] {subprocess.py:93} INFO - 26/06/29 16:01:12 INFO ResourceUtils: No custom resources configured for spark.driver.
[2026-06-29T16:01:12.956+0000] {subprocess.py:93} INFO - 26/06/29 16:01:12 INFO ResourceUtils: ==============================================================
[2026-06-29T16:01:12.962+0000] {subprocess.py:93} INFO - 26/06/29 16:01:12 INFO SparkContext: Submitted application: GoldPriceETL
[2026-06-29T16:01:13.001+0000] {subprocess.py:93} INFO - 26/06/29 16:01:13 INFO ResourceProfile: Default ResourceProfile created, executor resources: Map(cores -> name: cores, amount: 1, script: , vendor: , memory -> name: memory, amount: 1024, script: , vendor: , offHeap -> name: offHeap, amount: 0, script: , vendor: ), task resources: Map(cpus -> name: cpus, amount: 1.0)
[2026-06-29T16:01:13.018+0000] {subprocess.py:93} INFO - 26/06/29 16:01:13 INFO ResourceProfile: Limiting resource is cpu
[2026-06-29T16:01:13.021+0000] {subprocess.py:93} INFO - 26/06/29 16:01:13 INFO ResourceProfileManager: Added ResourceProfile id: 0
[2026-06-29T16:01:13.114+0000] {subprocess.py:93} INFO - 26/06/29 16:01:13 INFO SecurityManager: Changing view acls to: ***
[2026-06-29T16:01:13.117+0000] {subprocess.py:93} INFO - 26/06/29 16:01:13 INFO SecurityManager: Changing modify acls to: ***
[2026-06-29T16:01:13.135+0000] {subprocess.py:93} INFO - 26/06/29 16:01:13 INFO SecurityManager: Changing view acls groups to:
[2026-06-29T16:01:13.137+0000] {subprocess.py:93} INFO - 26/06/29 16:01:13 INFO SecurityManager: Changing modify acls groups to:
[2026-06-29T16:01:13.139+0000] {subprocess.py:93} INFO - 26/06/29 16:01:13 INFO SecurityManager: SecurityManager: authentication disabled; ui acls disabled; users with view permissions: ***; groups with view permissions: EMPTY; users with modify permissions: ***; groups with modify permissions: EMPTY
[2026-06-29T16:01:13.474+0000] {subprocess.py:93} INFO - 26/06/29 16:01:13 INFO Utils: Successfully started service 'sparkDriver' on port 39553.
[2026-06-29T16:01:13.543+0000] {subprocess.py:93} INFO - 26/06/29 16:01:13 INFO SparkEnv: Registering MapOutputTracker
[2026-06-29T16:01:13.637+0000] {subprocess.py:93} INFO - 26/06/29 16:01:13 INFO SparkEnv: Registering BlockManagerMaster
[2026-06-29T16:01:13.678+0000] {subprocess.py:93} INFO - 26/06/29 16:01:13 INFO BlockManagerMasterEndpoint: Using org.apache.spark.storage.DefaultTopologyMapper for getting topology information
[2026-06-29T16:01:13.680+0000] {subprocess.py:93} INFO - 26/06/29 16:01:13 INFO BlockManagerMasterEndpoint: BlockManagerMasterEndpoint up
[2026-06-29T16:01:13.688+0000] {subprocess.py:93} INFO - 26/06/29 16:01:13 INFO SparkEnv: Registering BlockManagerMasterHeartbeat
[2026-06-29T16:01:13.737+0000] {subprocess.py:93} INFO - 26/06/29 16:01:13 INFO DiskBlockManager: Created local directory at /tmp/blockmgr-e11d326b-f85f-4fea-99f0-739d1252e1dc
[2026-06-29T16:01:13.768+0000] {subprocess.py:93} INFO - 26/06/29 16:01:13 INFO MemoryStore: MemoryStore started with capacity 434.4 MiB
[2026-06-29T16:01:13.802+0000] {subprocess.py:93} INFO - 26/06/29 16:01:13 INFO SparkEnv: Registering OutputCommitCoordinator
[2026-06-29T16:01:14.056+0000] {subprocess.py:93} INFO - 26/06/29 16:01:14 INFO JettyUtils: Start Jetty 0.0.0.0:4040 for SparkUI
[2026-06-29T16:01:14.173+0000] {subprocess.py:93} INFO - 26/06/29 16:01:14 INFO Utils: Successfully started service 'SparkUI' on port 4040.
[2026-06-29T16:01:14.362+0000] {subprocess.py:93} INFO - 26/06/29 16:01:14 INFO Executor: Starting executor ID driver on host ef940326903e
[2026-06-29T16:01:14.365+0000] {subprocess.py:93} INFO - 26/06/29 16:01:14 INFO Executor: OS info Linux, 6.18.33.2-microsoft-standard-WSL2, amd64
[2026-06-29T16:01:14.367+0000] {subprocess.py:93} INFO - 26/06/29 16:01:14 INFO Executor: Java version 17.0.19
[2026-06-29T16:01:14.377+0000] {subprocess.py:93} INFO - 26/06/29 16:01:14 INFO Executor: Starting executor with user classpath (userClassPathFirst = false): ''
[2026-06-29T16:01:14.380+0000] {subprocess.py:93} INFO - 26/06/29 16:01:14 INFO Executor: Created or updated repl class loader org.apache.spark.util.MutableURLClassLoader@28556cce for default.
[2026-06-29T16:01:14.422+0000] {subprocess.py:93} INFO - 26/06/29 16:01:14 INFO Utils: Successfully started service 'org.apache.spark.network.netty.NettyBlockTransferService' on port 41995.
[2026-06-29T16:01:14.425+0000] {subprocess.py:93} INFO - 26/06/29 16:01:14 INFO NettyBlockTransferService: Server created on ef940326903e:41995
[2026-06-29T16:01:14.428+0000] {subprocess.py:93} INFO - 26/06/29 16:01:14 INFO BlockManager: Using org.apache.spark.storage.RandomBlockReplicationPolicy for block replication policy
[2026-06-29T16:01:14.442+0000] {subprocess.py:93} INFO - 26/06/29 16:01:14 INFO BlockManagerMaster: Registering BlockManager BlockManagerId(driver, ef940326903e, 41995, None)
[2026-06-29T16:01:14.449+0000] {subprocess.py:93} INFO - 26/06/29 16:01:14 INFO BlockManagerMasterEndpoint: Registering block manager ef940326903e:41995 with 434.4 MiB RAM, BlockManagerId(driver, ef940326903e, 41995, None)
[2026-06-29T16:01:14.453+0000] {subprocess.py:93} INFO - 26/06/29 16:01:14 INFO BlockManagerMaster: Registered BlockManager BlockManagerId(driver, ef940326903e, 41995, None)
[2026-06-29T16:01:14.455+0000] {subprocess.py:93} INFO - 26/06/29 16:01:14 INFO BlockManager: Initialized BlockManager: BlockManagerId(driver, ef940326903e, 41995, None)
[2026-06-29T16:01:15.108+0000] {subprocess.py:93} INFO - 26/06/29 16:01:15 WARN SparkSession: Cannot use io.delta.sql.DeltaSparkSessionExtension to configure session extensions.
[2026-06-29T16:01:15.114+0000] {subprocess.py:93} INFO - java.lang.ClassNotFoundException: io.delta.sql.DeltaSparkSessionExtension
[2026-06-29T16:01:15.116+0000] {subprocess.py:93} INFO - 	at java.base/java.net.URLClassLoader.findClass(URLClassLoader.java:445)
[2026-06-29T16:01:15.119+0000] {subprocess.py:93} INFO - 	at java.base/java.lang.ClassLoader.loadClass(ClassLoader.java:592)
[2026-06-29T16:01:15.121+0000] {subprocess.py:93} INFO - 	at java.base/java.lang.ClassLoader.loadClass(ClassLoader.java:525)
[2026-06-29T16:01:15.123+0000] {subprocess.py:93} INFO - 	at java.base/java.lang.Class.forName0(Native Method)
[2026-06-29T16:01:15.125+0000] {subprocess.py:93} INFO - 	at java.base/java.lang.Class.forName(Class.java:469)
[2026-06-29T16:01:15.127+0000] {subprocess.py:93} INFO - 	at org.apache.spark.util.SparkClassUtils.classForName(SparkClassUtils.scala:41)
[2026-06-29T16:01:15.129+0000] {subprocess.py:93} INFO - 	at org.apache.spark.util.SparkClassUtils.classForName$(SparkClassUtils.scala:36)
[2026-06-29T16:01:15.131+0000] {subprocess.py:93} INFO - 	at org.apache.spark.util.Utils$.classForName(Utils.scala:94)
[2026-06-29T16:01:15.134+0000] {subprocess.py:93} INFO - 	at org.apache.spark.sql.SparkSession$.$anonfun$applyExtensions$2(SparkSession.scala:1367)
[2026-06-29T16:01:15.135+0000] {subprocess.py:93} INFO - 	at org.apache.spark.sql.SparkSession$.$anonfun$applyExtensions$2$adapted(SparkSession.scala:1365)
[2026-06-29T16:01:15.137+0000] {subprocess.py:93} INFO - 	at scala.collection.mutable.ResizableArray.foreach(ResizableArray.scala:62)
[2026-06-29T16:01:15.140+0000] {subprocess.py:93} INFO - 	at scala.collection.mutable.ResizableArray.foreach$(ResizableArray.scala:55)
[2026-06-29T16:01:15.142+0000] {subprocess.py:93} INFO - 	at scala.collection.mutable.ArrayBuffer.foreach(ArrayBuffer.scala:49)
[2026-06-29T16:01:15.145+0000] {subprocess.py:93} INFO - 	at org.apache.spark.sql.SparkSession$.org$apache$spark$sql$SparkSession$$applyExtensions(SparkSession.scala:1365)
[2026-06-29T16:01:15.149+0000] {subprocess.py:93} INFO - 	at org.apache.spark.sql.SparkSession.<init>(SparkSession.scala:105)
[2026-06-29T16:01:15.151+0000] {subprocess.py:93} INFO - 	at java.base/jdk.internal.reflect.NativeConstructorAccessorImpl.newInstance0(Native Method)
[2026-06-29T16:01:15.153+0000] {subprocess.py:93} INFO - 	at java.base/jdk.internal.reflect.NativeConstructorAccessorImpl.newInstance(NativeConstructorAccessorImpl.java:77)
[2026-06-29T16:01:15.154+0000] {subprocess.py:93} INFO - 	at java.base/jdk.internal.reflect.DelegatingConstructorAccessorImpl.newInstance(DelegatingConstructorAccessorImpl.java:45)
[2026-06-29T16:01:15.156+0000] {subprocess.py:93} INFO - 	at java.base/java.lang.reflect.Constructor.newInstanceWithCaller(Constructor.java:500)
[2026-06-29T16:01:15.158+0000] {subprocess.py:93} INFO - 	at java.base/java.lang.reflect.Constructor.newInstance(Constructor.java:481)
[2026-06-29T16:01:15.160+0000] {subprocess.py:93} INFO - 	at py4j.reflection.MethodInvoker.invoke(MethodInvoker.java:247)
[2026-06-29T16:01:15.163+0000] {subprocess.py:93} INFO - 	at py4j.reflection.ReflectionEngine.invoke(ReflectionEngine.java:374)
[2026-06-29T16:01:15.165+0000] {subprocess.py:93} INFO - 	at py4j.Gateway.invoke(Gateway.java:238)
[2026-06-29T16:01:15.167+0000] {subprocess.py:93} INFO - 	at py4j.commands.ConstructorCommand.invokeConstructor(ConstructorCommand.java:80)
[2026-06-29T16:01:15.169+0000] {subprocess.py:93} INFO - 	at py4j.commands.ConstructorCommand.execute(ConstructorCommand.java:69)
[2026-06-29T16:01:15.172+0000] {subprocess.py:93} INFO - 	at py4j.ClientServerConnection.waitForCommands(ClientServerConnection.java:182)
[2026-06-29T16:01:15.174+0000] {subprocess.py:93} INFO - 	at py4j.ClientServerConnection.run(ClientServerConnection.java:106)
[2026-06-29T16:01:15.175+0000] {subprocess.py:93} INFO - 	at java.base/java.lang.Thread.run(Thread.java:840)
[2026-06-29T16:01:15.281+0000] {subprocess.py:93} INFO - 26/06/29 16:01:15 INFO SharedState: Setting hive.metastore.warehouse.dir ('null') to the value of spark.sql.warehouse.dir.
[2026-06-29T16:01:15.300+0000] {subprocess.py:93} INFO - 26/06/29 16:01:15 INFO SharedState: Warehouse path is 'file:/tmp/***tmpsn92lkas/spark-warehouse'.
[2026-06-29T16:01:20.930+0000] {subprocess.py:93} INFO - 26/06/29 16:01:20 WARN FileStreamSink: Assume no metadata directory. Error while looking for metadata directory in the path: abfss://raw@golddatalakee011.dfs.core.windows.net/stream_data/.
[2026-06-29T16:01:20.933+0000] {subprocess.py:93} INFO - java.lang.RuntimeException: java.lang.ClassNotFoundException: Class org.apache.hadoop.fs.azurebfs.SecureAzureBlobFileSystem not found
[2026-06-29T16:01:20.935+0000] {subprocess.py:93} INFO - 	at org.apache.hadoop.conf.Configuration.getClass(Configuration.java:2688)
[2026-06-29T16:01:20.937+0000] {subprocess.py:93} INFO - 	at org.apache.hadoop.fs.FileSystem.getFileSystemClass(FileSystem.java:3431)
[2026-06-29T16:01:20.939+0000] {subprocess.py:93} INFO - 	at org.apache.hadoop.fs.FileSystem.createFileSystem(FileSystem.java:3466)
[2026-06-29T16:01:20.941+0000] {subprocess.py:93} INFO - 	at org.apache.hadoop.fs.FileSystem.access$300(FileSystem.java:174)
[2026-06-29T16:01:20.942+0000] {subprocess.py:93} INFO - 	at org.apache.hadoop.fs.FileSystem$Cache.getInternal(FileSystem.java:3574)
[2026-06-29T16:01:20.944+0000] {subprocess.py:93} INFO - 	at org.apache.hadoop.fs.FileSystem$Cache.get(FileSystem.java:3521)
[2026-06-29T16:01:20.946+0000] {subprocess.py:93} INFO - 	at org.apache.hadoop.fs.FileSystem.get(FileSystem.java:540)
[2026-06-29T16:01:20.949+0000] {subprocess.py:93} INFO - 	at org.apache.hadoop.fs.Path.getFileSystem(Path.java:365)
[2026-06-29T16:01:20.951+0000] {subprocess.py:93} INFO - 	at org.apache.spark.sql.execution.streaming.FileStreamSink$.hasMetadata(FileStreamSink.scala:53)
[2026-06-29T16:01:20.952+0000] {subprocess.py:93} INFO - 	at org.apache.spark.sql.execution.datasources.DataSource.resolveRelation(DataSource.scala:366)
[2026-06-29T16:01:20.954+0000] {subprocess.py:93} INFO - 	at org.apache.spark.sql.DataFrameReader.loadV1Source(DataFrameReader.scala:229)
[2026-06-29T16:01:20.956+0000] {subprocess.py:93} INFO - 	at org.apache.spark.sql.DataFrameReader.$anonfun$load$2(DataFrameReader.scala:211)
[2026-06-29T16:01:20.957+0000] {subprocess.py:93} INFO - 	at scala.Option.getOrElse(Option.scala:189)
[2026-06-29T16:01:20.959+0000] {subprocess.py:93} INFO - 	at org.apache.spark.sql.DataFrameReader.load(DataFrameReader.scala:211)
[2026-06-29T16:01:20.961+0000] {subprocess.py:93} INFO - 	at org.apache.spark.sql.DataFrameReader.json(DataFrameReader.scala:362)
[2026-06-29T16:01:20.964+0000] {subprocess.py:93} INFO - 	at java.base/jdk.internal.reflect.NativeMethodAccessorImpl.invoke0(Native Method)
[2026-06-29T16:01:20.966+0000] {subprocess.py:93} INFO - 	at java.base/jdk.internal.reflect.NativeMethodAccessorImpl.invoke(NativeMethodAccessorImpl.java:77)
[2026-06-29T16:01:20.968+0000] {subprocess.py:93} INFO - 	at java.base/jdk.internal.reflect.DelegatingMethodAccessorImpl.invoke(DelegatingMethodAccessorImpl.java:43)
[2026-06-29T16:01:20.970+0000] {subprocess.py:93} INFO - 	at java.base/java.lang.reflect.Method.invoke(Method.java:569)
[2026-06-29T16:01:20.971+0000] {subprocess.py:93} INFO - 	at py4j.reflection.MethodInvoker.invoke(MethodInvoker.java:244)
[2026-06-29T16:01:20.972+0000] {subprocess.py:93} INFO - 	at py4j.reflection.ReflectionEngine.invoke(ReflectionEngine.java:374)
[2026-06-29T16:01:20.974+0000] {subprocess.py:93} INFO - 	at py4j.Gateway.invoke(Gateway.java:282)
[2026-06-29T16:01:20.975+0000] {subprocess.py:93} INFO - 	at py4j.commands.AbstractCommand.invokeMethod(AbstractCommand.java:132)
[2026-06-29T16:01:20.978+0000] {subprocess.py:93} INFO - 	at py4j.commands.CallCommand.execute(CallCommand.java:79)
[2026-06-29T16:01:20.980+0000] {subprocess.py:93} INFO - 	at py4j.ClientServerConnection.waitForCommands(ClientServerConnection.java:182)
[2026-06-29T16:01:20.982+0000] {subprocess.py:93} INFO - 	at py4j.ClientServerConnection.run(ClientServerConnection.java:106)
[2026-06-29T16:01:20.984+0000] {subprocess.py:93} INFO - 	at java.base/java.lang.Thread.run(Thread.java:840)
[2026-06-29T16:01:20.986+0000] {subprocess.py:93} INFO - Caused by: java.lang.ClassNotFoundException: Class org.apache.hadoop.fs.azurebfs.SecureAzureBlobFileSystem not found
[2026-06-29T16:01:20.988+0000] {subprocess.py:93} INFO - 	at org.apache.hadoop.conf.Configuration.getClassByName(Configuration.java:2592)
[2026-06-29T16:01:20.992+0000] {subprocess.py:93} INFO - 	at org.apache.hadoop.conf.Configuration.getClass(Configuration.java:2686)
[2026-06-29T16:01:20.996+0000] {subprocess.py:93} INFO - 	... 26 more
[2026-06-29T16:01:21.055+0000] {subprocess.py:93} INFO - Traceback (most recent call last):
[2026-06-29T16:01:21.057+0000] {subprocess.py:93} INFO -   File "/opt/***/pyspark_processing/sss.py", line 86, in <module>
[2026-06-29T16:01:21.063+0000] {subprocess.py:93} INFO -     .json(STREAM_PATH)
[2026-06-29T16:01:21.065+0000] {subprocess.py:93} INFO -      ^^^^^^^^^^^^^^^^^
[2026-06-29T16:01:21.070+0000] {subprocess.py:93} INFO -   File "/home/***/.local/lib/python3.12/site-packages/pyspark/python/lib/pyspark.zip/pyspark/sql/readwriter.py", line 425, in json
[2026-06-29T16:01:21.072+0000] {subprocess.py:93} INFO -   File "/home/***/.local/lib/python3.12/site-packages/pyspark/python/lib/py4j-0.10.9.7-src.zip/py4j/java_gateway.py", line 1322, in __call__
[2026-06-29T16:01:21.074+0000] {subprocess.py:93} INFO -   File "/home/***/.local/lib/python3.12/site-packages/pyspark/python/lib/pyspark.zip/pyspark/errors/exceptions/captured.py", line 179, in deco
[2026-06-29T16:01:21.076+0000] {subprocess.py:93} INFO -   File "/home/***/.local/lib/python3.12/site-packages/pyspark/python/lib/py4j-0.10.9.7-src.zip/py4j/protocol.py", line 326, in get_return_value
[2026-06-29T16:01:21.077+0000] {subprocess.py:93} INFO - py4j.protocol.Py4JJavaError: An error occurred while calling o30.json.
[2026-06-29T16:01:21.078+0000] {subprocess.py:93} INFO - : java.lang.RuntimeException: java.lang.ClassNotFoundException: Class org.apache.hadoop.fs.azurebfs.SecureAzureBlobFileSystem not found
[2026-06-29T16:01:21.080+0000] {subprocess.py:93} INFO - 	at org.apache.hadoop.conf.Configuration.getClass(Configuration.java:2688)
[2026-06-29T16:01:21.081+0000] {subprocess.py:93} INFO - 	at org.apache.hadoop.fs.FileSystem.getFileSystemClass(FileSystem.java:3431)
[2026-06-29T16:01:21.082+0000] {subprocess.py:93} INFO - 	at org.apache.hadoop.fs.FileSystem.createFileSystem(FileSystem.java:3466)
[2026-06-29T16:01:21.084+0000] {subprocess.py:93} INFO - 	at org.apache.hadoop.fs.FileSystem.access$300(FileSystem.java:174)
[2026-06-29T16:01:21.085+0000] {subprocess.py:93} INFO - 	at org.apache.hadoop.fs.FileSystem$Cache.getInternal(FileSystem.java:3574)
[2026-06-29T16:01:21.087+0000] {subprocess.py:93} INFO - 	at org.apache.hadoop.fs.FileSystem$Cache.get(FileSystem.java:3521)
[2026-06-29T16:01:21.088+0000] {subprocess.py:93} INFO - 	at org.apache.hadoop.fs.FileSystem.get(FileSystem.java:540)
[2026-06-29T16:01:21.090+0000] {subprocess.py:93} INFO - 	at org.apache.hadoop.fs.Path.getFileSystem(Path.java:365)
[2026-06-29T16:01:21.091+0000] {subprocess.py:93} INFO - 	at org.apache.spark.sql.execution.datasources.DataSource$.$anonfun$checkAndGlobPathIfNecessary$1(DataSource.scala:724)
[2026-06-29T16:01:21.093+0000] {subprocess.py:93} INFO - 	at scala.collection.immutable.List.map(List.scala:293)
[2026-06-29T16:01:21.094+0000] {subprocess.py:93} INFO - 	at org.apache.spark.sql.execution.datasources.DataSource$.checkAndGlobPathIfNecessary(DataSource.scala:722)
[2026-06-29T16:01:21.095+0000] {subprocess.py:93} INFO - 	at org.apache.spark.sql.execution.datasources.DataSource.checkAndGlobPathIfNecessary(DataSource.scala:551)
[2026-06-29T16:01:21.098+0000] {subprocess.py:93} INFO - 	at org.apache.spark.sql.execution.datasources.DataSource.resolveRelation(DataSource.scala:404)
[2026-06-29T16:01:21.100+0000] {subprocess.py:93} INFO - 	at org.apache.spark.sql.DataFrameReader.loadV1Source(DataFrameReader.scala:229)
[2026-06-29T16:01:21.101+0000] {subprocess.py:93} INFO - 	at org.apache.spark.sql.DataFrameReader.$anonfun$load$2(DataFrameReader.scala:211)
[2026-06-29T16:01:21.103+0000] {subprocess.py:93} INFO - 	at scala.Option.getOrElse(Option.scala:189)
[2026-06-29T16:01:21.105+0000] {subprocess.py:93} INFO - 	at org.apache.spark.sql.DataFrameReader.load(DataFrameReader.scala:211)
[2026-06-29T16:01:21.106+0000] {subprocess.py:93} INFO - 	at org.apache.spark.sql.DataFrameReader.json(DataFrameReader.scala:362)
[2026-06-29T16:01:21.108+0000] {subprocess.py:93} INFO - 	at java.base/jdk.internal.reflect.NativeMethodAccessorImpl.invoke0(Native Method)
[2026-06-29T16:01:21.109+0000] {subprocess.py:93} INFO - 	at java.base/jdk.internal.reflect.NativeMethodAccessorImpl.invoke(NativeMethodAccessorImpl.java:77)
[2026-06-29T16:01:21.111+0000] {subprocess.py:93} INFO - 	at java.base/jdk.internal.reflect.DelegatingMethodAccessorImpl.invoke(DelegatingMethodAccessorImpl.java:43)
[2026-06-29T16:01:21.113+0000] {subprocess.py:93} INFO - 	at java.base/java.lang.reflect.Method.invoke(Method.java:569)
[2026-06-29T16:01:21.115+0000] {subprocess.py:93} INFO - 	at py4j.reflection.MethodInvoker.invoke(MethodInvoker.java:244)
[2026-06-29T16:01:21.117+0000] {subprocess.py:93} INFO - 	at py4j.reflection.ReflectionEngine.invoke(ReflectionEngine.java:374)
[2026-06-29T16:01:21.118+0000] {subprocess.py:93} INFO - 	at py4j.Gateway.invoke(Gateway.java:282)
[2026-06-29T16:01:21.120+0000] {subprocess.py:93} INFO - 	at py4j.commands.AbstractCommand.invokeMethod(AbstractCommand.java:132)
[2026-06-29T16:01:21.122+0000] {subprocess.py:93} INFO - 	at py4j.commands.CallCommand.execute(CallCommand.java:79)
[2026-06-29T16:01:21.123+0000] {subprocess.py:93} INFO - 	at py4j.ClientServerConnection.waitForCommands(ClientServerConnection.java:182)
[2026-06-29T16:01:21.124+0000] {subprocess.py:93} INFO - 	at py4j.ClientServerConnection.run(ClientServerConnection.java:106)
[2026-06-29T16:01:21.125+0000] {subprocess.py:93} INFO - 	at java.base/java.lang.Thread.run(Thread.java:840)
[2026-06-29T16:01:21.127+0000] {subprocess.py:93} INFO - Caused by: java.lang.ClassNotFoundException: Class org.apache.hadoop.fs.azurebfs.SecureAzureBlobFileSystem not found
[2026-06-29T16:01:21.129+0000] {subprocess.py:93} INFO - 	at org.apache.hadoop.conf.Configuration.getClassByName(Configuration.java:2592)
[2026-06-29T16:01:21.130+0000] {subprocess.py:93} INFO - 	at org.apache.hadoop.conf.Configuration.getClass(Configuration.java:2686)
[2026-06-29T16:01:21.132+0000] {subprocess.py:93} INFO - 	... 29 more
[2026-06-29T16:01:21.134+0000] {subprocess.py:93} INFO - 
[2026-06-29T16:01:21.173+0000] {subprocess.py:93} INFO - 26/06/29 16:01:21 INFO SparkContext: Invoking stop() from shutdown hook
[2026-06-29T16:01:21.175+0000] {subprocess.py:93} INFO - 26/06/29 16:01:21 INFO SparkContext: SparkContext is stopping with exitCode 0.
[2026-06-29T16:01:21.196+0000] {subprocess.py:93} INFO - 26/06/29 16:01:21 INFO SparkUI: Stopped Spark web UI at http://ef940326903e:4040
[2026-06-29T16:01:21.256+0000] {subprocess.py:93} INFO - 26/06/29 16:01:21 INFO MapOutputTrackerMasterEndpoint: MapOutputTrackerMasterEndpoint stopped!
[2026-06-29T16:01:21.258+0000] {subprocess.py:93} INFO - 26/06/29 16:01:21 INFO MemoryStore: MemoryStore cleared
[2026-06-29T16:01:21.260+0000] {subprocess.py:93} INFO - 26/06/29 16:01:21 INFO BlockManager: BlockManager stopped
[2026-06-29T16:01:21.265+0000] {subprocess.py:93} INFO - 26/06/29 16:01:21 INFO BlockManagerMaster: BlockManagerMaster stopped
[2026-06-29T16:01:21.275+0000] {subprocess.py:93} INFO - 26/06/29 16:01:21 INFO OutputCommitCoordinator$OutputCommitCoordinatorEndpoint: OutputCommitCoordinator stopped!
[2026-06-29T16:01:21.301+0000] {subprocess.py:93} INFO - 26/06/29 16:01:21 INFO SparkContext: Successfully stopped SparkContext
[2026-06-29T16:01:21.303+0000] {subprocess.py:93} INFO - 26/06/29 16:01:21 INFO ShutdownHookManager: Shutdown hook called
[2026-06-29T16:01:21.305+0000] {subprocess.py:93} INFO - 26/06/29 16:01:21 INFO ShutdownHookManager: Deleting directory /tmp/spark-c8c40729-32e1-4f56-a002-981021b1c7e2/pyspark-79dd783e-6ae5-4672-bcb5-b5553177eaed
[2026-06-29T16:01:21.314+0000] {subprocess.py:93} INFO - 26/06/29 16:01:21 INFO ShutdownHookManager: Deleting directory /tmp/spark-c8c40729-32e1-4f56-a002-981021b1c7e2
[2026-06-29T16:01:21.433+0000] {subprocess.py:93} INFO - 26/06/29 16:01:21 INFO ShutdownHookManager: Deleting directory /tmp/spark-00bd1b35-b1b5-4776-b829-425f61d1d972
[2026-06-29T16:01:22.421+0000] {subprocess.py:97} INFO - Command exited with return code 1
[2026-06-29T16:01:22.454+0000] {taskinstance.py:3301} ERROR - Task failed with exception
Traceback (most recent call last):
  File "/home/airflow/.local/lib/python3.12/site-packages/airflow/models/taskinstance.py", line 762, in _execute_task
    result = _execute_callable(context=context, **execute_callable_kwargs)
             ^^^^^^^^^^^^^^^^^^^^^^^^^^^^^^^^^^^^^^^^^^^^^^^^^^^^^^^^^^^^^
  File "/home/airflow/.local/lib/python3.12/site-packages/airflow/models/taskinstance.py", line 733, in _execute_callable
    return ExecutionCallableRunner(
           ^^^^^^^^^^^^^^^^^^^^^^^^
  File "/home/airflow/.local/lib/python3.12/site-packages/airflow/utils/operator_helpers.py", line 252, in run
    return self.func(*args, **kwargs)
           ^^^^^^^^^^^^^^^^^^^^^^^^^^
  File "/home/airflow/.local/lib/python3.12/site-packages/airflow/models/baseoperator.py", line 406, in wrapper
    return func(self, *args, **kwargs)
           ^^^^^^^^^^^^^^^^^^^^^^^^^^^
  File "/home/airflow/.local/lib/python3.12/site-packages/airflow/operators/bash.py", line 249, in execute
    raise AirflowException(
airflow.exceptions.AirflowException: Bash command failed. The command returned a non-zero exit code 1.
[2026-06-29T16:01:22.468+0000] {taskinstance.py:1225} INFO - Marking task as UP_FOR_RETRY. dag_id=gold_price_pipeline, task_id=run_spark_etl, run_id=scheduled__2026-06-29T15:00:00+00:00, execution_date=20260629T150000, start_date=20260629T160106, end_date=20260629T160122
[2026-06-29T16:01:22.494+0000] {taskinstance.py:340} INFO - ::group::Post task execution logs
[2026-06-29T16:01:22.497+0000] {standard_task_runner.py:124} ERROR - Failed to execute job 14 for task run_spark_etl (Bash command failed. The command returned a non-zero exit code 1.; 1360)
Traceback (most recent call last):
  File "/home/airflow/.local/lib/python3.12/site-packages/airflow/task/task_runner/standard_task_runner.py", line 117, in _start_by_fork
    ret = args.func(args, dag=self.dag)
          ^^^^^^^^^^^^^^^^^^^^^^^^^^^^^
  File "/home/airflow/.local/lib/python3.12/site-packages/airflow/cli/cli_config.py", line 49, in command
    return func(*args, **kwargs)
           ^^^^^^^^^^^^^^^^^^^^^
  File "/home/airflow/.local/lib/python3.12/site-packages/airflow/utils/cli.py", line 115, in wrapper
    return f(*args, **kwargs)
           ^^^^^^^^^^^^^^^^^^
  File "/home/airflow/.local/lib/python3.12/site-packages/airflow/cli/commands/task_command.py", line 483, in task_run
    task_return_code = _run_task_by_selected_method(args, _dag, ti)
                       ^^^^^^^^^^^^^^^^^^^^^^^^^^^^^^^^^^^^^^^^^^^^
  File "/home/airflow/.local/lib/python3.12/site-packages/airflow/cli/commands/task_command.py", line 256, in _run_task_by_selected_method
    return _run_raw_task(args, ti)
           ^^^^^^^^^^^^^^^^^^^^^^^
  File "/home/airflow/.local/lib/python3.12/site-packages/airflow/cli/commands/task_command.py", line 341, in _run_raw_task
    return ti._run_raw_task(
           ^^^^^^^^^^^^^^^^^
  File "/home/airflow/.local/lib/python3.12/site-packages/airflow/utils/session.py", line 97, in wrapper
    return func(*args, session=session, **kwargs)
           ^^^^^^^^^^^^^^^^^^^^^^^^^^^^^^^^^^^^^^
  File "/home/airflow/.local/lib/python3.12/site-packages/airflow/models/taskinstance.py", line 2995, in _run_raw_task
    return _run_raw_task(
           ^^^^^^^^^^^^^^
  File "/home/airflow/.local/lib/python3.12/site-packages/airflow/models/taskinstance.py", line 273, in _run_raw_task
    TaskInstance._execute_task_with_callbacks(
  File "/home/airflow/.local/lib/python3.12/site-packages/airflow/models/taskinstance.py", line 3149, in _execute_task_with_callbacks
    result = self._execute_task(context, task_orig)
             ^^^^^^^^^^^^^^^^^^^^^^^^^^^^^^^^^^^^^^
  File "/home/airflow/.local/lib/python3.12/site-packages/airflow/models/taskinstance.py", line 3173, in _execute_task
    return _execute_task(self, context, task_orig)
           ^^^^^^^^^^^^^^^^^^^^^^^^^^^^^^^^^^^^^^^
  File "/home/airflow/.local/lib/python3.12/site-packages/airflow/models/taskinstance.py", line 762, in _execute_task
    result = _execute_callable(context=context, **execute_callable_kwargs)
             ^^^^^^^^^^^^^^^^^^^^^^^^^^^^^^^^^^^^^^^^^^^^^^^^^^^^^^^^^^^^^
  File "/home/airflow/.local/lib/python3.12/site-packages/airflow/models/taskinstance.py", line 733, in _execute_callable
    return ExecutionCallableRunner(
           ^^^^^^^^^^^^^^^^^^^^^^^^
  File "/home/airflow/.local/lib/python3.12/site-packages/airflow/utils/operator_helpers.py", line 252, in run
    return self.func(*args, **kwargs)
           ^^^^^^^^^^^^^^^^^^^^^^^^^^
  File "/home/airflow/.local/lib/python3.12/site-packages/airflow/models/baseoperator.py", line 406, in wrapper
    return func(self, *args, **kwargs)
           ^^^^^^^^^^^^^^^^^^^^^^^^^^^
  File "/home/airflow/.local/lib/python3.12/site-packages/airflow/operators/bash.py", line 249, in execute
    raise AirflowException(
airflow.exceptions.AirflowException: Bash command failed. The command returned a non-zero exit code 1.
[2026-06-29T16:01:22.521+0000] {local_task_job_runner.py:261} INFO - Task exited with return code 1
[2026-06-29T16:01:22.552+0000] {taskinstance.py:3891} INFO - 0 downstream tasks scheduled from follow-on schedule check
[2026-06-29T16:01:22.556+0000] {local_task_job_runner.py:240} INFO - ::endgroup::
