[2026-06-28T23:57:53.791+0000] {local_task_job_runner.py:123} INFO - ::group::Pre task execution logs
[2026-06-28T23:57:53.810+0000] {taskinstance.py:2603} INFO - Dependencies all met for dep_context=non-requeueable deps ti=<TaskInstance: gold_price_pipeline.run_kafka_consumer manual__2026-06-28T23:57:50.110760+00:00 [queued]>
[2026-06-28T23:57:53.819+0000] {taskinstance.py:2603} INFO - Dependencies all met for dep_context=requeueable deps ti=<TaskInstance: gold_price_pipeline.run_kafka_consumer manual__2026-06-28T23:57:50.110760+00:00 [queued]>
[2026-06-28T23:57:53.821+0000] {taskinstance.py:2856} INFO - Starting attempt 1 of 3
[2026-06-28T23:57:53.837+0000] {taskinstance.py:2879} INFO - Executing <Task(BashOperator): run_kafka_consumer> on 2026-06-28 23:57:50.110760+00:00
[2026-06-28T23:57:53.844+0000] {standard_task_runner.py:104} INFO - Running: ['***', 'tasks', 'run', 'gold_price_pipeline', 'run_kafka_consumer', 'manual__2026-06-28T23:57:50.110760+00:00', '--job-id', '15', '--raw', '--subdir', 'DAGS_FOLDER/gold_pipeline.py', '--cfg-path', '/tmp/tmp7xedp40a']
[2026-06-28T23:57:53.846+0000] {logging_mixin.py:190} WARNING - /home/***/.local/lib/python3.12/site-packages/***/task/task_runner/standard_task_runner.py:70 DeprecationWarning: This process (pid=2098) is multi-threaded, use of fork() may lead to deadlocks in the child.
[2026-06-28T23:57:53.848+0000] {standard_task_runner.py:105} INFO - Job 15: Subtask run_kafka_consumer
[2026-06-28T23:57:53.848+0000] {standard_task_runner.py:72} INFO - Started process 2099 to run task
[2026-06-28T23:57:53.914+0000] {task_command.py:467} INFO - Running <TaskInstance: gold_price_pipeline.run_kafka_consumer manual__2026-06-28T23:57:50.110760+00:00 [running]> on host 3828c1b309b8
[2026-06-28T23:57:53.999+0000] {taskinstance.py:3122} INFO - Exporting env vars: AIRFLOW_CTX_DAG_OWNER='Sayed' AIRFLOW_CTX_DAG_ID='gold_price_pipeline' AIRFLOW_CTX_TASK_ID='run_kafka_consumer' AIRFLOW_CTX_EXECUTION_DATE='2026-06-28T23:57:50.110760+00:00' AIRFLOW_CTX_TRY_NUMBER='1' AIRFLOW_CTX_DAG_RUN_ID='manual__2026-06-28T23:57:50.110760+00:00'
[2026-06-28T23:57:54.001+0000] {taskinstance.py:731} INFO - ::endgroup::
[2026-06-28T23:57:54.017+0000] {subprocess.py:63} INFO - Tmp dir root location: /tmp
[2026-06-28T23:57:54.019+0000] {subprocess.py:75} INFO - Running command: ['/usr/bin/bash', '-c', '\n        python /opt/***/kafka/Consumer.py\n        ']
[2026-06-28T23:57:54.029+0000] {subprocess.py:86} INFO - Output:
[2026-06-28T23:57:55.132+0000] {subprocess.py:93} INFO - /opt/***/kafka/Consumer.py:38: DeprecationWarning: value_deserializer does not implement kafka.serializer.Deserializer
[2026-06-28T23:57:55.133+0000] {subprocess.py:93} INFO -   consumer = KafkaConsumer(
[2026-06-28T23:57:58.205+0000] {subprocess.py:93} INFO - /opt/***/kafka/Consumer.py:56: DeprecationWarning: datetime.datetime.utcnow() is deprecated and scheduled for removal in a future version. Use timezone-aware objects to represent datetimes in UTC: datetime.datetime.now(datetime.UTC).
[2026-06-28T23:57:58.207+0000] {subprocess.py:93} INFO -   timestamp = datetime.datetime.utcnow().strftime("%Y%m%d_%H%M%S")
[2026-06-28T23:57:59.560+0000] {subprocess.py:93} INFO - Connected To Azure Data Lake
[2026-06-28T23:57:59.562+0000] {subprocess.py:93} INFO - Waiting For Kafka Message...
[2026-06-28T23:57:59.563+0000] {subprocess.py:93} INFO - Uploaded -> stream_data/gold_price_20260628_235758.json
[2026-06-28T23:57:59.565+0000] {subprocess.py:93} INFO - Consumer Finished Successfully
[2026-06-28T23:57:59.700+0000] {subprocess.py:97} INFO - Command exited with return code 0
[2026-06-28T23:57:59.733+0000] {taskinstance.py:340} INFO - ::group::Post task execution logs
[2026-06-28T23:57:59.735+0000] {taskinstance.py:352} INFO - Marking task as SUCCESS. dag_id=gold_price_pipeline, task_id=run_kafka_consumer, run_id=manual__2026-06-28T23:57:50.110760+00:00, execution_date=20260628T235750, start_date=20260628T235753, end_date=20260628T235759
[2026-06-28T23:57:59.791+0000] {local_task_job_runner.py:261} INFO - Task exited with return code 0
[2026-06-28T23:57:59.826+0000] {taskinstance.py:3891} INFO - 1 downstream tasks scheduled from follow-on schedule check
[2026-06-28T23:57:59.829+0000] {local_task_job_runner.py:240} INFO - ::endgroup::
