[2026-06-29T19:02:17.198+0000] {local_task_job_runner.py:123} INFO - ::group::Pre task execution logs
[2026-06-29T19:02:17.217+0000] {taskinstance.py:2603} INFO - Dependencies all met for dep_context=non-requeueable deps ti=<TaskInstance: gold_price_pipeline.run_kafka_consumer scheduled__2026-06-29T18:00:00+00:00 [queued]>
[2026-06-29T19:02:17.227+0000] {taskinstance.py:2603} INFO - Dependencies all met for dep_context=requeueable deps ti=<TaskInstance: gold_price_pipeline.run_kafka_consumer scheduled__2026-06-29T18:00:00+00:00 [queued]>
[2026-06-29T19:02:17.228+0000] {taskinstance.py:2856} INFO - Starting attempt 1 of 3
[2026-06-29T19:02:17.243+0000] {taskinstance.py:2879} INFO - Executing <Task(BashOperator): run_kafka_consumer> on 2026-06-29 18:00:00+00:00
[2026-06-29T19:02:17.252+0000] {standard_task_runner.py:104} INFO - Running: ['***', 'tasks', 'run', 'gold_price_pipeline', 'run_kafka_consumer', 'scheduled__2026-06-29T18:00:00+00:00', '--job-id', '8', '--raw', '--subdir', 'DAGS_FOLDER/gold_pipeline.py', '--cfg-path', '/tmp/tmp57bzkjg1']
[2026-06-29T19:02:17.253+0000] {logging_mixin.py:190} WARNING - /home/***/.local/lib/python3.12/site-packages/***/task/task_runner/standard_task_runner.py:70 DeprecationWarning: This process (pid=816) is multi-threaded, use of fork() may lead to deadlocks in the child.
[2026-06-29T19:02:17.255+0000] {standard_task_runner.py:105} INFO - Job 8: Subtask run_kafka_consumer
[2026-06-29T19:02:17.256+0000] {standard_task_runner.py:72} INFO - Started process 817 to run task
[2026-06-29T19:02:17.326+0000] {task_command.py:467} INFO - Running <TaskInstance: gold_price_pipeline.run_kafka_consumer scheduled__2026-06-29T18:00:00+00:00 [running]> on host 64c35aa3f581
[2026-06-29T19:02:17.412+0000] {taskinstance.py:3122} INFO - Exporting env vars: AIRFLOW_CTX_DAG_OWNER='Sayed' AIRFLOW_CTX_DAG_ID='gold_price_pipeline' AIRFLOW_CTX_TASK_ID='run_kafka_consumer' AIRFLOW_CTX_EXECUTION_DATE='2026-06-29T18:00:00+00:00' AIRFLOW_CTX_TRY_NUMBER='1' AIRFLOW_CTX_DAG_RUN_ID='scheduled__2026-06-29T18:00:00+00:00'
[2026-06-29T19:02:17.414+0000] {taskinstance.py:731} INFO - ::endgroup::
[2026-06-29T19:02:17.431+0000] {subprocess.py:63} INFO - Tmp dir root location: /tmp
[2026-06-29T19:02:17.433+0000] {subprocess.py:75} INFO - Running command: ['/usr/bin/bash', '-c', '\n        python /opt/***/kafka/Consumer.py\n        ']
[2026-06-29T19:02:17.447+0000] {subprocess.py:86} INFO - Output:
[2026-06-29T19:02:18.750+0000] {subprocess.py:93} INFO - /opt/***/kafka/Consumer.py:38: DeprecationWarning: value_deserializer does not implement kafka.serializer.Deserializer
[2026-06-29T19:02:18.752+0000] {subprocess.py:93} INFO -   consumer = KafkaConsumer(
[2026-06-29T19:02:21.815+0000] {subprocess.py:93} INFO - /opt/***/kafka/Consumer.py:56: DeprecationWarning: datetime.datetime.utcnow() is deprecated and scheduled for removal in a future version. Use timezone-aware objects to represent datetimes in UTC: datetime.datetime.now(datetime.UTC).
[2026-06-29T19:02:21.816+0000] {subprocess.py:93} INFO -   timestamp = datetime.datetime.utcnow().strftime("%Y%m%d_%H%M%S")
[2026-06-29T19:02:23.194+0000] {subprocess.py:93} INFO - Connected To Azure Data Lake
[2026-06-29T19:02:23.195+0000] {subprocess.py:93} INFO - Waiting For Kafka Message...
[2026-06-29T19:02:23.197+0000] {subprocess.py:93} INFO - Uploaded -> stream_data/gold_price_20260629_190221.json
[2026-06-29T19:02:23.198+0000] {subprocess.py:93} INFO - Consumer Finished Successfully
[2026-06-29T19:02:23.313+0000] {subprocess.py:97} INFO - Command exited with return code 0
[2026-06-29T19:02:23.341+0000] {taskinstance.py:340} INFO - ::group::Post task execution logs
[2026-06-29T19:02:23.342+0000] {taskinstance.py:352} INFO - Marking task as SUCCESS. dag_id=gold_price_pipeline, task_id=run_kafka_consumer, run_id=scheduled__2026-06-29T18:00:00+00:00, execution_date=20260629T180000, start_date=20260629T190217, end_date=20260629T190223
[2026-06-29T19:02:23.369+0000] {local_task_job_runner.py:261} INFO - Task exited with return code 0
[2026-06-29T19:02:23.394+0000] {taskinstance.py:3891} INFO - 1 downstream tasks scheduled from follow-on schedule check
[2026-06-29T19:02:23.398+0000] {local_task_job_runner.py:240} INFO - ::endgroup::
