[2026-06-28T23:06:35.696+0000] {local_task_job_runner.py:123} INFO - ::group::Pre task execution logs
[2026-06-28T23:06:35.784+0000] {taskinstance.py:2603} INFO - Dependencies all met for dep_context=non-requeueable deps ti=<TaskInstance: gold_price_pipeline.run_kafka_producer scheduled__2026-06-28T22:00:00+00:00 [queued]>
[2026-06-28T23:06:35.830+0000] {taskinstance.py:2603} INFO - Dependencies all met for dep_context=requeueable deps ti=<TaskInstance: gold_price_pipeline.run_kafka_producer scheduled__2026-06-28T22:00:00+00:00 [queued]>
[2026-06-28T23:06:35.845+0000] {taskinstance.py:2856} INFO - Starting attempt 1 of 3
[2026-06-28T23:06:35.918+0000] {taskinstance.py:2879} INFO - Executing <Task(BashOperator): run_kafka_producer> on 2026-06-28 22:00:00+00:00
[2026-06-28T23:06:35.958+0000] {logging_mixin.py:190} WARNING - /home/***/.local/lib/python3.12/site-packages/***/task/task_runner/standard_task_runner.py:70 DeprecationWarning: This process (pid=174) is multi-threaded, use of fork() may lead to deadlocks in the child.
[2026-06-28T23:06:35.948+0000] {standard_task_runner.py:104} INFO - Running: ['***', 'tasks', 'run', 'gold_price_pipeline', 'run_kafka_producer', 'scheduled__2026-06-28T22:00:00+00:00', '--job-id', '2', '--raw', '--subdir', 'DAGS_FOLDER/gold_pipeline.py', '--cfg-path', '/tmp/tmp6_n9amyj']
[2026-06-28T23:06:35.964+0000] {standard_task_runner.py:72} INFO - Started process 175 to run task
[2026-06-28T23:06:35.966+0000] {standard_task_runner.py:105} INFO - Job 2: Subtask run_kafka_producer
[2026-06-28T23:06:38.240+0000] {task_command.py:467} INFO - Running <TaskInstance: gold_price_pipeline.run_kafka_producer scheduled__2026-06-28T22:00:00+00:00 [running]> on host 7a1520ab1d8c
[2026-06-28T23:06:38.510+0000] {taskinstance.py:3122} INFO - Exporting env vars: AIRFLOW_CTX_DAG_OWNER='Sayed' AIRFLOW_CTX_DAG_ID='gold_price_pipeline' AIRFLOW_CTX_TASK_ID='run_kafka_producer' AIRFLOW_CTX_EXECUTION_DATE='2026-06-28T22:00:00+00:00' AIRFLOW_CTX_TRY_NUMBER='1' AIRFLOW_CTX_DAG_RUN_ID='scheduled__2026-06-28T22:00:00+00:00'
[2026-06-28T23:06:38.514+0000] {taskinstance.py:731} INFO - ::endgroup::
[2026-06-28T23:06:38.679+0000] {subprocess.py:63} INFO - Tmp dir root location: /tmp
[2026-06-28T23:06:38.684+0000] {subprocess.py:75} INFO - Running command: ['/usr/bin/bash', '-c', '\n        python /opt/***/kafka/Producer.py\n        ']
[2026-06-28T23:06:38.712+0000] {subprocess.py:86} INFO - Output:
[2026-06-28T23:06:38.980+0000] {subprocess.py:93} INFO - Traceback (most recent call last):
[2026-06-28T23:06:38.982+0000] {subprocess.py:93} INFO -   File "/opt/***/kafka/Producer.py", line 1, in <module>
[2026-06-28T23:06:38.993+0000] {subprocess.py:93} INFO -     from kafka import KafkaProducer
[2026-06-28T23:06:38.995+0000] {subprocess.py:93} INFO - ModuleNotFoundError: No module named 'kafka'
[2026-06-28T23:06:39.002+0000] {subprocess.py:97} INFO - Command exited with return code 1
[2026-06-28T23:06:39.056+0000] {taskinstance.py:3301} ERROR - Task failed with exception
Traceback (most recent call last):
  File "/home/airflow/.local/lib/python3.12/site-packages/airflow/models/taskinstance.py", line 762, in _execute_task
    result = _execute_callable(context=context, **execute_callable_kwargs)
             ^^^^^^^^^^^^^^^^^^^^^^^^^^^^^^^^^^^^^^^^^^^^^^^^^^^^^^^^^^^^^
  File "/home/airflow/.local/lib/python3.12/site-packages/airflow/models/taskinstance.py", line 733, in _execute_callable
    return ExecutionCallableRunner(
           ^^^^^^^^^^^^^^^^^^^^^^^^
  File "/home/airflow/.local/lib/python3.12/site-packages/airflow/utils/operator_helpers.py", line 252, in run
    return self.func(*args, **kwargs)
           ^^^^^^^^^^^^^^^^^^^^^^^^^^
  File "/home/airflow/.local/lib/python3.12/site-packages/airflow/models/baseoperator.py", line 406, in wrapper
    return func(self, *args, **kwargs)
           ^^^^^^^^^^^^^^^^^^^^^^^^^^^
  File "/home/airflow/.local/lib/python3.12/site-packages/airflow/operators/bash.py", line 249, in execute
    raise AirflowException(
airflow.exceptions.AirflowException: Bash command failed. The command returned a non-zero exit code 1.
[2026-06-28T23:06:39.105+0000] {taskinstance.py:1225} INFO - Marking task as UP_FOR_RETRY. dag_id=gold_price_pipeline, task_id=run_kafka_producer, run_id=scheduled__2026-06-28T22:00:00+00:00, execution_date=20260628T220000, start_date=20260628T230635, end_date=20260628T230639
[2026-06-28T23:06:39.174+0000] {taskinstance.py:340} INFO - ::group::Post task execution logs
[2026-06-28T23:06:39.179+0000] {standard_task_runner.py:124} ERROR - Failed to execute job 2 for task run_kafka_producer (Bash command failed. The command returned a non-zero exit code 1.; 175)
Traceback (most recent call last):
  File "/home/airflow/.local/lib/python3.12/site-packages/airflow/task/task_runner/standard_task_runner.py", line 117, in _start_by_fork
    ret = args.func(args, dag=self.dag)
          ^^^^^^^^^^^^^^^^^^^^^^^^^^^^^
  File "/home/airflow/.local/lib/python3.12/site-packages/airflow/cli/cli_config.py", line 49, in command
    return func(*args, **kwargs)
           ^^^^^^^^^^^^^^^^^^^^^
  File "/home/airflow/.local/lib/python3.12/site-packages/airflow/utils/cli.py", line 115, in wrapper
    return f(*args, **kwargs)
           ^^^^^^^^^^^^^^^^^^
  File "/home/airflow/.local/lib/python3.12/site-packages/airflow/cli/commands/task_command.py", line 483, in task_run
    task_return_code = _run_task_by_selected_method(args, _dag, ti)
                       ^^^^^^^^^^^^^^^^^^^^^^^^^^^^^^^^^^^^^^^^^^^^
  File "/home/airflow/.local/lib/python3.12/site-packages/airflow/cli/commands/task_command.py", line 256, in _run_task_by_selected_method
    return _run_raw_task(args, ti)
           ^^^^^^^^^^^^^^^^^^^^^^^
  File "/home/airflow/.local/lib/python3.12/site-packages/airflow/cli/commands/task_command.py", line 341, in _run_raw_task
    return ti._run_raw_task(
           ^^^^^^^^^^^^^^^^^
  File "/home/airflow/.local/lib/python3.12/site-packages/airflow/utils/session.py", line 97, in wrapper
    return func(*args, session=session, **kwargs)
           ^^^^^^^^^^^^^^^^^^^^^^^^^^^^^^^^^^^^^^
  File "/home/airflow/.local/lib/python3.12/site-packages/airflow/models/taskinstance.py", line 2995, in _run_raw_task
    return _run_raw_task(
           ^^^^^^^^^^^^^^
  File "/home/airflow/.local/lib/python3.12/site-packages/airflow/models/taskinstance.py", line 273, in _run_raw_task
    TaskInstance._execute_task_with_callbacks(
  File "/home/airflow/.local/lib/python3.12/site-packages/airflow/models/taskinstance.py", line 3149, in _execute_task_with_callbacks
    result = self._execute_task(context, task_orig)
             ^^^^^^^^^^^^^^^^^^^^^^^^^^^^^^^^^^^^^^
  File "/home/airflow/.local/lib/python3.12/site-packages/airflow/models/taskinstance.py", line 3173, in _execute_task
    return _execute_task(self, context, task_orig)
           ^^^^^^^^^^^^^^^^^^^^^^^^^^^^^^^^^^^^^^^
  File "/home/airflow/.local/lib/python3.12/site-packages/airflow/models/taskinstance.py", line 762, in _execute_task
    result = _execute_callable(context=context, **execute_callable_kwargs)
             ^^^^^^^^^^^^^^^^^^^^^^^^^^^^^^^^^^^^^^^^^^^^^^^^^^^^^^^^^^^^^
  File "/home/airflow/.local/lib/python3.12/site-packages/airflow/models/taskinstance.py", line 733, in _execute_callable
    return ExecutionCallableRunner(
           ^^^^^^^^^^^^^^^^^^^^^^^^
  File "/home/airflow/.local/lib/python3.12/site-packages/airflow/utils/operator_helpers.py", line 252, in run
    return self.func(*args, **kwargs)
           ^^^^^^^^^^^^^^^^^^^^^^^^^^
  File "/home/airflow/.local/lib/python3.12/site-packages/airflow/models/baseoperator.py", line 406, in wrapper
    return func(self, *args, **kwargs)
           ^^^^^^^^^^^^^^^^^^^^^^^^^^^
  File "/home/airflow/.local/lib/python3.12/site-packages/airflow/operators/bash.py", line 249, in execute
    raise AirflowException(
airflow.exceptions.AirflowException: Bash command failed. The command returned a non-zero exit code 1.
[2026-06-28T23:06:39.228+0000] {local_task_job_runner.py:261} INFO - Task exited with return code 1
[2026-06-28T23:06:39.300+0000] {taskinstance.py:3891} INFO - 0 downstream tasks scheduled from follow-on schedule check
[2026-06-28T23:06:39.306+0000] {local_task_job_runner.py:240} INFO - ::endgroup::
[2026-06-28T23:44:36.863+0000] {local_task_job_runner.py:123} INFO - ::group::Pre task execution logs
[2026-06-28T23:44:36.883+0000] {taskinstance.py:2603} INFO - Dependencies all met for dep_context=non-requeueable deps ti=<TaskInstance: gold_price_pipeline.run_kafka_producer scheduled__2026-06-28T22:00:00+00:00 [queued]>
[2026-06-28T23:44:36.893+0000] {taskinstance.py:2603} INFO - Dependencies all met for dep_context=requeueable deps ti=<TaskInstance: gold_price_pipeline.run_kafka_producer scheduled__2026-06-28T22:00:00+00:00 [queued]>
[2026-06-28T23:44:36.894+0000] {taskinstance.py:2856} INFO - Starting attempt 1 of 3
[2026-06-28T23:44:36.910+0000] {taskinstance.py:2879} INFO - Executing <Task(BashOperator): run_kafka_producer> on 2026-06-28 22:00:00+00:00
[2026-06-28T23:44:36.922+0000] {logging_mixin.py:190} WARNING - /home/***/.local/lib/python3.12/site-packages/***/task/task_runner/standard_task_runner.py:70 DeprecationWarning: This process (pid=174) is multi-threaded, use of fork() may lead to deadlocks in the child.
[2026-06-28T23:44:36.921+0000] {standard_task_runner.py:104} INFO - Running: ['***', 'tasks', 'run', 'gold_price_pipeline', 'run_kafka_producer', 'scheduled__2026-06-28T22:00:00+00:00', '--job-id', '2', '--raw', '--subdir', 'DAGS_FOLDER/gold_pipeline.py', '--cfg-path', '/tmp/tmpfw9taeat']
[2026-06-28T23:44:36.924+0000] {standard_task_runner.py:72} INFO - Started process 175 to run task
[2026-06-28T23:44:36.925+0000] {standard_task_runner.py:105} INFO - Job 2: Subtask run_kafka_producer
[2026-06-28T23:44:37.107+0000] {task_command.py:467} INFO - Running <TaskInstance: gold_price_pipeline.run_kafka_producer scheduled__2026-06-28T22:00:00+00:00 [running]> on host 3828c1b309b8
[2026-06-28T23:44:37.192+0000] {taskinstance.py:3122} INFO - Exporting env vars: AIRFLOW_CTX_DAG_OWNER='Sayed' AIRFLOW_CTX_DAG_ID='gold_price_pipeline' AIRFLOW_CTX_TASK_ID='run_kafka_producer' AIRFLOW_CTX_EXECUTION_DATE='2026-06-28T22:00:00+00:00' AIRFLOW_CTX_TRY_NUMBER='1' AIRFLOW_CTX_DAG_RUN_ID='scheduled__2026-06-28T22:00:00+00:00'
[2026-06-28T23:44:37.194+0000] {taskinstance.py:731} INFO - ::endgroup::
[2026-06-28T23:44:37.246+0000] {subprocess.py:63} INFO - Tmp dir root location: /tmp
[2026-06-28T23:44:37.248+0000] {subprocess.py:75} INFO - Running command: ['/usr/bin/bash', '-c', '\n        python /opt/***/kafka/Producer.py\n        ']
[2026-06-28T23:44:37.260+0000] {subprocess.py:86} INFO - Output:
[2026-06-28T23:44:39.262+0000] {subprocess.py:93} INFO - ========== GOLD PRODUCER ==========
[2026-06-28T23:44:39.263+0000] {subprocess.py:93} INFO - Connected to Kafka
[2026-06-28T23:44:39.264+0000] {subprocess.py:93} INFO - Message sent Successfully
[2026-06-28T23:44:39.344+0000] {subprocess.py:97} INFO - Command exited with return code 0
[2026-06-28T23:44:39.373+0000] {taskinstance.py:340} INFO - ::group::Post task execution logs
[2026-06-28T23:44:39.375+0000] {taskinstance.py:352} INFO - Marking task as SUCCESS. dag_id=gold_price_pipeline, task_id=run_kafka_producer, run_id=scheduled__2026-06-28T22:00:00+00:00, execution_date=20260628T220000, start_date=20260628T234436, end_date=20260628T234439
[2026-06-28T23:44:39.434+0000] {local_task_job_runner.py:261} INFO - Task exited with return code 0
[2026-06-28T23:44:39.463+0000] {taskinstance.py:3891} INFO - 1 downstream tasks scheduled from follow-on schedule check
[2026-06-28T23:44:39.466+0000] {local_task_job_runner.py:240} INFO - ::endgroup::
