[2026-06-29T19:17:37.607+0000] {local_task_job_runner.py:123} INFO - ::group::Pre task execution logs
[2026-06-29T19:17:37.627+0000] {taskinstance.py:2603} INFO - Dependencies all met for dep_context=non-requeueable deps ti=<TaskInstance: gold_price_pipeline.run_spark_etl manual__2026-06-29T19:09:43.806261+00:00 [queued]>
[2026-06-29T19:17:37.636+0000] {taskinstance.py:2603} INFO - Dependencies all met for dep_context=requeueable deps ti=<TaskInstance: gold_price_pipeline.run_spark_etl manual__2026-06-29T19:09:43.806261+00:00 [queued]>
[2026-06-29T19:17:37.638+0000] {taskinstance.py:2856} INFO - Starting attempt 2 of 3
[2026-06-29T19:17:37.651+0000] {taskinstance.py:2879} INFO - Executing <Task(BashOperator): run_spark_etl> on 2026-06-29 19:09:43.806261+00:00
[2026-06-29T19:17:37.658+0000] {standard_task_runner.py:104} INFO - Running: ['***', 'tasks', 'run', 'gold_price_pipeline', 'run_spark_etl', 'manual__2026-06-29T19:09:43.806261+00:00', '--job-id', '19', '--raw', '--subdir', 'DAGS_FOLDER/gold_pipeline.py', '--cfg-path', '/tmp/tmpshdms8sq']
[2026-06-29T19:17:37.659+0000] {logging_mixin.py:190} WARNING - /home/***/.local/lib/python3.12/site-packages/***/task/task_runner/standard_task_runner.py:70 DeprecationWarning: This process (pid=401) is multi-threaded, use of fork() may lead to deadlocks in the child.
[2026-06-29T19:17:37.662+0000] {standard_task_runner.py:105} INFO - Job 19: Subtask run_spark_etl
[2026-06-29T19:17:37.662+0000] {standard_task_runner.py:72} INFO - Started process 402 to run task
[2026-06-29T19:17:37.735+0000] {task_command.py:467} INFO - Running <TaskInstance: gold_price_pipeline.run_spark_etl manual__2026-06-29T19:09:43.806261+00:00 [running]> on host 64c35aa3f581
[2026-06-29T19:17:37.815+0000] {taskinstance.py:3122} INFO - Exporting env vars: AIRFLOW_CTX_DAG_OWNER='Sayed' AIRFLOW_CTX_DAG_ID='gold_price_pipeline' AIRFLOW_CTX_TASK_ID='run_spark_etl' AIRFLOW_CTX_EXECUTION_DATE='2026-06-29T19:09:43.806261+00:00' AIRFLOW_CTX_TRY_NUMBER='2' AIRFLOW_CTX_DAG_RUN_ID='manual__2026-06-29T19:09:43.806261+00:00'
[2026-06-29T19:17:37.817+0000] {taskinstance.py:731} INFO - ::endgroup::
[2026-06-29T19:17:37.832+0000] {subprocess.py:63} INFO - Tmp dir root location: /tmp
[2026-06-29T19:17:37.835+0000] {subprocess.py:75} INFO - Running command: ['/usr/bin/bash', '-c', '\n    /opt/spark/bin/spark-submit     --master spark://spark-master:7077     /opt/***/pyspark_processing/sss.py\n    ']
[2026-06-29T19:17:37.844+0000] {subprocess.py:86} INFO - Output:
[2026-06-29T19:17:40.587+0000] {subprocess.py:93} INFO - 26/06/29 19:17:40 INFO SparkContext: Running Spark version 3.5.1
[2026-06-29T19:17:40.589+0000] {subprocess.py:93} INFO - 26/06/29 19:17:40 INFO SparkContext: OS info Linux, 6.18.33.2-microsoft-standard-WSL2, amd64
[2026-06-29T19:17:40.592+0000] {subprocess.py:93} INFO - 26/06/29 19:17:40 INFO SparkContext: Java version 17.0.19
[2026-06-29T19:17:40.642+0000] {subprocess.py:93} INFO - 26/06/29 19:17:40 WARN NativeCodeLoader: Unable to load native-hadoop library for your platform... using builtin-java classes where applicable
[2026-06-29T19:17:40.723+0000] {subprocess.py:93} INFO - 26/06/29 19:17:40 INFO ResourceUtils: ==============================================================
[2026-06-29T19:17:40.725+0000] {subprocess.py:93} INFO - 26/06/29 19:17:40 INFO ResourceUtils: No custom resources configured for spark.driver.
[2026-06-29T19:17:40.726+0000] {subprocess.py:93} INFO - 26/06/29 19:17:40 INFO ResourceUtils: ==============================================================
[2026-06-29T19:17:40.728+0000] {subprocess.py:93} INFO - 26/06/29 19:17:40 INFO SparkContext: Submitted application: GoldPriceETL
[2026-06-29T19:17:40.744+0000] {subprocess.py:93} INFO - 26/06/29 19:17:40 INFO ResourceProfile: Default ResourceProfile created, executor resources: Map(memory -> name: memory, amount: 1024, script: , vendor: , offHeap -> name: offHeap, amount: 0, script: , vendor: ), task resources: Map(cpus -> name: cpus, amount: 1.0)
[2026-06-29T19:17:40.751+0000] {subprocess.py:93} INFO - 26/06/29 19:17:40 INFO ResourceProfile: Limiting resource is cpu
[2026-06-29T19:17:40.753+0000] {subprocess.py:93} INFO - 26/06/29 19:17:40 INFO ResourceProfileManager: Added ResourceProfile id: 0
[2026-06-29T19:17:40.793+0000] {subprocess.py:93} INFO - 26/06/29 19:17:40 INFO SecurityManager: Changing view acls to: ***
[2026-06-29T19:17:40.794+0000] {subprocess.py:93} INFO - 26/06/29 19:17:40 INFO SecurityManager: Changing modify acls to: ***
[2026-06-29T19:17:40.795+0000] {subprocess.py:93} INFO - 26/06/29 19:17:40 INFO SecurityManager: Changing view acls groups to:
[2026-06-29T19:17:40.796+0000] {subprocess.py:93} INFO - 26/06/29 19:17:40 INFO SecurityManager: Changing modify acls groups to:
[2026-06-29T19:17:40.797+0000] {subprocess.py:93} INFO - 26/06/29 19:17:40 INFO SecurityManager: SecurityManager: authentication disabled; ui acls disabled; users with view permissions: ***; groups with view permissions: EMPTY; users with modify permissions: ***; groups with modify permissions: EMPTY
[2026-06-29T19:17:40.979+0000] {subprocess.py:93} INFO - 26/06/29 19:17:40 INFO Utils: Successfully started service 'sparkDriver' on port 33369.
[2026-06-29T19:17:41.008+0000] {subprocess.py:93} INFO - 26/06/29 19:17:41 INFO SparkEnv: Registering MapOutputTracker
[2026-06-29T19:17:41.037+0000] {subprocess.py:93} INFO - 26/06/29 19:17:41 INFO SparkEnv: Registering BlockManagerMaster
[2026-06-29T19:17:41.054+0000] {subprocess.py:93} INFO - 26/06/29 19:17:41 INFO BlockManagerMasterEndpoint: Using org.apache.spark.storage.DefaultTopologyMapper for getting topology information
[2026-06-29T19:17:41.055+0000] {subprocess.py:93} INFO - 26/06/29 19:17:41 INFO BlockManagerMasterEndpoint: BlockManagerMasterEndpoint up
[2026-06-29T19:17:41.060+0000] {subprocess.py:93} INFO - 26/06/29 19:17:41 INFO SparkEnv: Registering BlockManagerMasterHeartbeat
[2026-06-29T19:17:41.079+0000] {subprocess.py:93} INFO - 26/06/29 19:17:41 INFO DiskBlockManager: Created local directory at /tmp/blockmgr-2f457a37-4905-4a9e-bfd3-1d09cab3078f
[2026-06-29T19:17:41.092+0000] {subprocess.py:93} INFO - 26/06/29 19:17:41 INFO MemoryStore: MemoryStore started with capacity 434.4 MiB
[2026-06-29T19:17:41.109+0000] {subprocess.py:93} INFO - 26/06/29 19:17:41 INFO SparkEnv: Registering OutputCommitCoordinator
[2026-06-29T19:17:41.207+0000] {subprocess.py:93} INFO - 26/06/29 19:17:41 INFO JettyUtils: Start Jetty 0.0.0.0:4040 for SparkUI
[2026-06-29T19:17:41.258+0000] {subprocess.py:93} INFO - 26/06/29 19:17:41 INFO Utils: Successfully started service 'SparkUI' on port 4040.
[2026-06-29T19:17:41.377+0000] {subprocess.py:93} INFO - 26/06/29 19:17:41 INFO StandaloneAppClient$ClientEndpoint: Connecting to master spark://spark-master:7077...
[2026-06-29T19:17:41.427+0000] {subprocess.py:93} INFO - 26/06/29 19:17:41 INFO TransportClientFactory: Successfully created connection to spark-master/172.18.0.10:7077 after 27 ms (0 ms spent in bootstraps)
[2026-06-29T19:17:41.531+0000] {subprocess.py:93} INFO - 26/06/29 19:17:41 INFO StandaloneSchedulerBackend: Connected to Spark cluster with app ID app-20260629191741-0001
[2026-06-29T19:17:41.535+0000] {subprocess.py:93} INFO - 26/06/29 19:17:41 INFO StandaloneAppClient$ClientEndpoint: Executor added: app-20260629191741-0001/0 on worker-20260629191447-172.18.0.7-34289 (172.18.0.7:34289) with 8 core(s)
[2026-06-29T19:17:41.538+0000] {subprocess.py:93} INFO - 26/06/29 19:17:41 INFO StandaloneSchedulerBackend: Granted executor ID app-20260629191741-0001/0 on hostPort 172.18.0.7:34289 with 8 core(s), 1024.0 MiB RAM
[2026-06-29T19:17:41.543+0000] {subprocess.py:93} INFO - 26/06/29 19:17:41 INFO Utils: Successfully started service 'org.apache.spark.network.netty.NettyBlockTransferService' on port 45449.
[2026-06-29T19:17:41.545+0000] {subprocess.py:93} INFO - 26/06/29 19:17:41 INFO NettyBlockTransferService: Server created on 64c35aa3f581:45449
[2026-06-29T19:17:41.547+0000] {subprocess.py:93} INFO - 26/06/29 19:17:41 INFO BlockManager: Using org.apache.spark.storage.RandomBlockReplicationPolicy for block replication policy
[2026-06-29T19:17:41.556+0000] {subprocess.py:93} INFO - 26/06/29 19:17:41 INFO BlockManagerMaster: Registering BlockManager BlockManagerId(driver, 64c35aa3f581, 45449, None)
[2026-06-29T19:17:41.560+0000] {subprocess.py:93} INFO - 26/06/29 19:17:41 INFO BlockManagerMasterEndpoint: Registering block manager 64c35aa3f581:45449 with 434.4 MiB RAM, BlockManagerId(driver, 64c35aa3f581, 45449, None)
[2026-06-29T19:17:41.563+0000] {subprocess.py:93} INFO - 26/06/29 19:17:41 INFO BlockManagerMaster: Registered BlockManager BlockManagerId(driver, 64c35aa3f581, 45449, None)
[2026-06-29T19:17:41.567+0000] {subprocess.py:93} INFO - 26/06/29 19:17:41 INFO BlockManager: Initialized BlockManager: BlockManagerId(driver, 64c35aa3f581, 45449, None)
[2026-06-29T19:17:41.631+0000] {subprocess.py:93} INFO - 26/06/29 19:17:41 INFO StandaloneAppClient$ClientEndpoint: Executor updated: app-20260629191741-0001/0 is now RUNNING
[2026-06-29T19:17:41.837+0000] {subprocess.py:93} INFO - 26/06/29 19:17:41 INFO StandaloneSchedulerBackend: SchedulerBackend is ready for scheduling beginning after reached minRegisteredResourcesRatio: 0.0
[2026-06-29T19:17:42.166+0000] {subprocess.py:93} INFO - 26/06/29 19:17:42 INFO SharedState: Setting hive.metastore.warehouse.dir ('null') to the value of spark.sql.warehouse.dir.
[2026-06-29T19:17:42.175+0000] {subprocess.py:93} INFO - 26/06/29 19:17:42 INFO SharedState: Warehouse path is 'file:/tmp/***tmp2t9f_cua/spark-warehouse'.
[2026-06-29T19:17:44.645+0000] {subprocess.py:93} INFO - 26/06/29 19:17:44 INFO StandaloneSchedulerBackend$StandaloneDriverEndpoint: Registered executor NettyRpcEndpointRef(spark-client://Executor) (172.18.0.7:53918) with ID 0,  ResourceProfileId 0
[2026-06-29T19:17:44.769+0000] {subprocess.py:93} INFO - 26/06/29 19:17:44 INFO BlockManagerMasterEndpoint: Registering block manager 172.18.0.7:33401 with 434.4 MiB RAM, BlockManagerId(0, 172.18.0.7, 33401, None)
[2026-06-29T19:17:45.235+0000] {subprocess.py:93} INFO - 26/06/29 19:17:45 INFO InMemoryFileIndex: It took 312 ms to list leaf files for 1 paths.
[2026-06-29T19:17:45.365+0000] {subprocess.py:93} INFO - 26/06/29 19:17:45 INFO MemoryStore: Block broadcast_0 stored as values in memory (estimated size 209.1 KiB, free 434.2 MiB)
[2026-06-29T19:17:45.431+0000] {subprocess.py:93} INFO - 26/06/29 19:17:45 INFO MemoryStore: Block broadcast_0_piece0 stored as bytes in memory (estimated size 36.0 KiB, free 434.2 MiB)
[2026-06-29T19:17:45.436+0000] {subprocess.py:93} INFO - 26/06/29 19:17:45 INFO BlockManagerInfo: Added broadcast_0_piece0 in memory on 64c35aa3f581:45449 (size: 36.0 KiB, free: 434.4 MiB)
[2026-06-29T19:17:45.442+0000] {subprocess.py:93} INFO - 26/06/29 19:17:45 INFO SparkContext: Created broadcast 0 from json at NativeMethodAccessorImpl.java:0
[2026-06-29T19:17:49.333+0000] {subprocess.py:93} INFO - 26/06/29 19:17:49 INFO FileInputFormat: Total input files to process : 39
[2026-06-29T19:17:52.964+0000] {subprocess.py:93} INFO - 26/06/29 19:17:52 INFO FileInputFormat: Total input files to process : 39
[2026-06-29T19:17:52.986+0000] {subprocess.py:93} INFO - 26/06/29 19:17:52 INFO SparkContext: Starting job: json at NativeMethodAccessorImpl.java:0
[2026-06-29T19:17:53.014+0000] {subprocess.py:93} INFO - 26/06/29 19:17:53 INFO DAGScheduler: Got job 0 (json at NativeMethodAccessorImpl.java:0) with 1 output partitions
[2026-06-29T19:17:53.015+0000] {subprocess.py:93} INFO - 26/06/29 19:17:53 INFO DAGScheduler: Final stage: ResultStage 0 (json at NativeMethodAccessorImpl.java:0)
[2026-06-29T19:17:53.020+0000] {subprocess.py:93} INFO - 26/06/29 19:17:53 INFO DAGScheduler: Parents of final stage: List()
[2026-06-29T19:17:53.022+0000] {subprocess.py:93} INFO - 26/06/29 19:17:53 INFO DAGScheduler: Missing parents: List()
[2026-06-29T19:17:53.023+0000] {subprocess.py:93} INFO - 26/06/29 19:17:53 INFO DAGScheduler: Submitting ResultStage 0 (MapPartitionsRDD[2] at json at NativeMethodAccessorImpl.java:0), which has no missing parents
[2026-06-29T19:17:53.087+0000] {subprocess.py:93} INFO - 26/06/29 19:17:53 INFO MemoryStore: Block broadcast_1 stored as values in memory (estimated size 9.3 KiB, free 434.2 MiB)
[2026-06-29T19:17:53.105+0000] {subprocess.py:93} INFO - 26/06/29 19:17:53 INFO MemoryStore: Block broadcast_1_piece0 stored as bytes in memory (estimated size 5.0 KiB, free 434.1 MiB)
[2026-06-29T19:17:53.107+0000] {subprocess.py:93} INFO - 26/06/29 19:17:53 INFO BlockManagerInfo: Added broadcast_1_piece0 in memory on 64c35aa3f581:45449 (size: 5.0 KiB, free: 434.4 MiB)
[2026-06-29T19:17:53.108+0000] {subprocess.py:93} INFO - 26/06/29 19:17:53 INFO SparkContext: Created broadcast 1 from broadcast at DAGScheduler.scala:1585
[2026-06-29T19:17:53.124+0000] {subprocess.py:93} INFO - 26/06/29 19:17:53 INFO DAGScheduler: Submitting 1 missing tasks from ResultStage 0 (MapPartitionsRDD[2] at json at NativeMethodAccessorImpl.java:0) (first 15 tasks are for partitions Vector(0))
[2026-06-29T19:17:53.126+0000] {subprocess.py:93} INFO - 26/06/29 19:17:53 INFO TaskSchedulerImpl: Adding task set 0.0 with 1 tasks resource profile 0
[2026-06-29T19:17:53.161+0000] {subprocess.py:93} INFO - 26/06/29 19:17:53 INFO TaskSetManager: Starting task 0.0 in stage 0.0 (TID 0) (172.18.0.7, executor 0, partition 0, PROCESS_LOCAL, 12189 bytes)
[2026-06-29T19:17:53.371+0000] {subprocess.py:93} INFO - 26/06/29 19:17:53 INFO BlockManagerInfo: Added broadcast_1_piece0 in memory on 172.18.0.7:33401 (size: 5.0 KiB, free: 434.4 MiB)
[2026-06-29T19:17:53.620+0000] {subprocess.py:93} INFO - 26/06/29 19:17:53 INFO BlockManagerInfo: Added broadcast_0_piece0 in memory on 172.18.0.7:33401 (size: 36.0 KiB, free: 434.4 MiB)
[2026-06-29T19:17:54.204+0000] {subprocess.py:93} INFO - 26/06/29 19:17:54 INFO TaskSetManager: Finished task 0.0 in stage 0.0 (TID 0) in 1057 ms on 172.18.0.7 (executor 0) (1/1)
[2026-06-29T19:17:54.206+0000] {subprocess.py:93} INFO - 26/06/29 19:17:54 INFO TaskSchedulerImpl: Removed TaskSet 0.0, whose tasks have all completed, from pool
[2026-06-29T19:17:54.212+0000] {subprocess.py:93} INFO - 26/06/29 19:17:54 INFO DAGScheduler: ResultStage 0 (json at NativeMethodAccessorImpl.java:0) finished in 1.171 s
[2026-06-29T19:17:54.215+0000] {subprocess.py:93} INFO - 26/06/29 19:17:54 INFO DAGScheduler: Job 0 is finished. Cancelling potential speculative or zombie tasks for this job
[2026-06-29T19:17:54.216+0000] {subprocess.py:93} INFO - 26/06/29 19:17:54 INFO TaskSchedulerImpl: Killing all running tasks in stage 0: Stage finished
[2026-06-29T19:17:54.235+0000] {subprocess.py:93} INFO - 26/06/29 19:17:54 INFO DAGScheduler: Job 0 finished: json at NativeMethodAccessorImpl.java:0, took 1.248084 s
[2026-06-29T19:17:54.765+0000] {subprocess.py:93} INFO - 26/06/29 19:17:54 INFO BlockManagerInfo: Removed broadcast_1_piece0 on 64c35aa3f581:45449 in memory (size: 5.0 KiB, free: 434.4 MiB)
[2026-06-29T19:17:54.776+0000] {subprocess.py:93} INFO - 26/06/29 19:17:54 INFO BlockManagerInfo: Removed broadcast_1_piece0 on 172.18.0.7:33401 in memory (size: 5.0 KiB, free: 434.4 MiB)
[2026-06-29T19:17:54.784+0000] {subprocess.py:93} INFO - Columns:
[2026-06-29T19:17:54.811+0000] {subprocess.py:93} INFO - ['_corrupt_record']
[2026-06-29T19:17:54.815+0000] {subprocess.py:93} INFO - root
[2026-06-29T19:17:54.816+0000] {subprocess.py:93} INFO -  |-- _corrupt_record: string (nullable = true)
[2026-06-29T19:17:54.816+0000] {subprocess.py:93} INFO - 
[2026-06-29T19:17:55.232+0000] {subprocess.py:93} INFO - 26/06/29 19:17:55 INFO FileSourceStrategy: Pushed Filters:
[2026-06-29T19:17:55.233+0000] {subprocess.py:93} INFO - 26/06/29 19:17:55 INFO FileSourceStrategy: Post-Scan Filters:
[2026-06-29T19:17:55.299+0000] {subprocess.py:93} INFO - 26/06/29 19:17:55 INFO BlockManagerInfo: Removed broadcast_0_piece0 on 64c35aa3f581:45449 in memory (size: 36.0 KiB, free: 434.4 MiB)
[2026-06-29T19:17:55.309+0000] {subprocess.py:93} INFO - 26/06/29 19:17:55 INFO BlockManagerInfo: Removed broadcast_0_piece0 on 172.18.0.7:33401 in memory (size: 36.0 KiB, free: 434.4 MiB)
[2026-06-29T19:17:55.582+0000] {subprocess.py:93} INFO - 26/06/29 19:17:55 INFO CodeGenerator: Code generated in 135.524145 ms
[2026-06-29T19:17:55.586+0000] {subprocess.py:93} INFO - 26/06/29 19:17:55 INFO MemoryStore: Block broadcast_2 stored as values in memory (estimated size 205.1 KiB, free 434.2 MiB)
[2026-06-29T19:17:55.594+0000] {subprocess.py:93} INFO - 26/06/29 19:17:55 INFO MemoryStore: Block broadcast_2_piece0 stored as bytes in memory (estimated size 35.2 KiB, free 434.2 MiB)
[2026-06-29T19:17:55.595+0000] {subprocess.py:93} INFO - 26/06/29 19:17:55 INFO BlockManagerInfo: Added broadcast_2_piece0 in memory on 64c35aa3f581:45449 (size: 35.2 KiB, free: 434.4 MiB)
[2026-06-29T19:17:55.597+0000] {subprocess.py:93} INFO - 26/06/29 19:17:55 INFO SparkContext: Created broadcast 2 from showString at NativeMethodAccessorImpl.java:0
[2026-06-29T19:17:55.709+0000] {subprocess.py:93} INFO - Traceback (most recent call last):
[2026-06-29T19:17:55.710+0000] {subprocess.py:93} INFO -   File "/opt/***/pyspark_processing/sss.py", line 99, in <module>
[2026-06-29T19:17:55.712+0000] {subprocess.py:93} INFO -     stream_df.show(5, False)
[2026-06-29T19:17:55.713+0000] {subprocess.py:93} INFO -   File "/opt/spark/python/lib/pyspark.zip/pyspark/sql/dataframe.py", line 945, in show
[2026-06-29T19:17:55.714+0000] {subprocess.py:93} INFO -   File "/opt/spark/python/lib/pyspark.zip/pyspark/sql/dataframe.py", line 976, in _show_string
[2026-06-29T19:17:55.715+0000] {subprocess.py:93} INFO -   File "/opt/spark/python/lib/py4j-0.10.9.7-src.zip/py4j/java_gateway.py", line 1322, in __call__
[2026-06-29T19:17:55.715+0000] {subprocess.py:93} INFO -   File "/opt/spark/python/lib/pyspark.zip/pyspark/errors/exceptions/captured.py", line 185, in deco
[2026-06-29T19:17:55.721+0000] {subprocess.py:93} INFO - pyspark.errors.exceptions.captured.AnalysisException: Since Spark 2.3, the queries from raw JSON/CSV files are disallowed when the
[2026-06-29T19:17:55.722+0000] {subprocess.py:93} INFO - referenced columns only include the internal corrupt record column
[2026-06-29T19:17:55.723+0000] {subprocess.py:93} INFO - (named _corrupt_record by default). For example:
[2026-06-29T19:17:55.724+0000] {subprocess.py:93} INFO - spark.read.schema(schema).csv(file).filter($"_corrupt_record".isNotNull).count()
[2026-06-29T19:17:55.725+0000] {subprocess.py:93} INFO - and spark.read.schema(schema).csv(file).select("_corrupt_record").show().
[2026-06-29T19:17:55.726+0000] {subprocess.py:93} INFO - Instead, you can cache or save the parsed results and then send the same query.
[2026-06-29T19:17:55.726+0000] {subprocess.py:93} INFO - For example, val df = spark.read.schema(schema).csv(file).cache() and then
[2026-06-29T19:17:55.727+0000] {subprocess.py:93} INFO - df.filter($"_corrupt_record".isNotNull).count().
[2026-06-29T19:17:55.778+0000] {subprocess.py:93} INFO - 26/06/29 19:17:55 INFO SparkContext: Invoking stop() from shutdown hook
[2026-06-29T19:17:55.779+0000] {subprocess.py:93} INFO - 26/06/29 19:17:55 INFO SparkContext: SparkContext is stopping with exitCode 0.
[2026-06-29T19:17:55.788+0000] {subprocess.py:93} INFO - 26/06/29 19:17:55 INFO SparkUI: Stopped Spark web UI at http://64c35aa3f581:4040
[2026-06-29T19:17:55.791+0000] {subprocess.py:93} INFO - 26/06/29 19:17:55 INFO StandaloneSchedulerBackend: Shutting down all executors
[2026-06-29T19:17:55.793+0000] {subprocess.py:93} INFO - 26/06/29 19:17:55 INFO StandaloneSchedulerBackend$StandaloneDriverEndpoint: Asking each executor to shut down
[2026-06-29T19:17:55.811+0000] {subprocess.py:93} INFO - 26/06/29 19:17:55 INFO MapOutputTrackerMasterEndpoint: MapOutputTrackerMasterEndpoint stopped!
[2026-06-29T19:17:55.832+0000] {subprocess.py:93} INFO - 26/06/29 19:17:55 INFO MemoryStore: MemoryStore cleared
[2026-06-29T19:17:55.834+0000] {subprocess.py:93} INFO - 26/06/29 19:17:55 INFO BlockManager: BlockManager stopped
[2026-06-29T19:17:55.836+0000] {subprocess.py:93} INFO - 26/06/29 19:17:55 INFO BlockManagerMaster: BlockManagerMaster stopped
[2026-06-29T19:17:55.839+0000] {subprocess.py:93} INFO - 26/06/29 19:17:55 INFO OutputCommitCoordinator$OutputCommitCoordinatorEndpoint: OutputCommitCoordinator stopped!
[2026-06-29T19:17:55.850+0000] {subprocess.py:93} INFO - 26/06/29 19:17:55 INFO SparkContext: Successfully stopped SparkContext
[2026-06-29T19:17:55.851+0000] {subprocess.py:93} INFO - 26/06/29 19:17:55 INFO ShutdownHookManager: Shutdown hook called
[2026-06-29T19:17:55.852+0000] {subprocess.py:93} INFO - 26/06/29 19:17:55 INFO ShutdownHookManager: Deleting directory /tmp/spark-597580ab-f280-47f0-9caa-45cebabb2654
[2026-06-29T19:17:55.855+0000] {subprocess.py:93} INFO - 26/06/29 19:17:55 INFO ShutdownHookManager: Deleting directory /tmp/spark-623b1218-cebf-49a1-8852-67d99d8df559
[2026-06-29T19:17:55.860+0000] {subprocess.py:93} INFO - 26/06/29 19:17:55 INFO ShutdownHookManager: Deleting directory /tmp/spark-623b1218-cebf-49a1-8852-67d99d8df559/pyspark-98ff135a-8789-4c79-bae1-21fb5eb95ad5
[2026-06-29T19:17:55.903+0000] {subprocess.py:97} INFO - Command exited with return code 1
[2026-06-29T19:17:55.917+0000] {taskinstance.py:3301} ERROR - Task failed with exception
Traceback (most recent call last):
  File "/home/airflow/.local/lib/python3.12/site-packages/airflow/models/taskinstance.py", line 762, in _execute_task
    result = _execute_callable(context=context, **execute_callable_kwargs)
             ^^^^^^^^^^^^^^^^^^^^^^^^^^^^^^^^^^^^^^^^^^^^^^^^^^^^^^^^^^^^^
  File "/home/airflow/.local/lib/python3.12/site-packages/airflow/models/taskinstance.py", line 733, in _execute_callable
    return ExecutionCallableRunner(
           ^^^^^^^^^^^^^^^^^^^^^^^^
  File "/home/airflow/.local/lib/python3.12/site-packages/airflow/utils/operator_helpers.py", line 252, in run
    return self.func(*args, **kwargs)
           ^^^^^^^^^^^^^^^^^^^^^^^^^^
  File "/home/airflow/.local/lib/python3.12/site-packages/airflow/models/baseoperator.py", line 406, in wrapper
    return func(self, *args, **kwargs)
           ^^^^^^^^^^^^^^^^^^^^^^^^^^^
  File "/home/airflow/.local/lib/python3.12/site-packages/airflow/operators/bash.py", line 249, in execute
    raise AirflowException(
airflow.exceptions.AirflowException: Bash command failed. The command returned a non-zero exit code 1.
[2026-06-29T19:17:55.926+0000] {taskinstance.py:1225} INFO - Marking task as UP_FOR_RETRY. dag_id=gold_price_pipeline, task_id=run_spark_etl, run_id=manual__2026-06-29T19:09:43.806261+00:00, execution_date=20260629T190943, start_date=20260629T191737, end_date=20260629T191755
[2026-06-29T19:17:55.943+0000] {taskinstance.py:340} INFO - ::group::Post task execution logs
[2026-06-29T19:17:55.945+0000] {standard_task_runner.py:124} ERROR - Failed to execute job 19 for task run_spark_etl (Bash command failed. The command returned a non-zero exit code 1.; 402)
Traceback (most recent call last):
  File "/home/airflow/.local/lib/python3.12/site-packages/airflow/task/task_runner/standard_task_runner.py", line 117, in _start_by_fork
    ret = args.func(args, dag=self.dag)
          ^^^^^^^^^^^^^^^^^^^^^^^^^^^^^
  File "/home/airflow/.local/lib/python3.12/site-packages/airflow/cli/cli_config.py", line 49, in command
    return func(*args, **kwargs)
           ^^^^^^^^^^^^^^^^^^^^^
  File "/home/airflow/.local/lib/python3.12/site-packages/airflow/utils/cli.py", line 115, in wrapper
    return f(*args, **kwargs)
           ^^^^^^^^^^^^^^^^^^
  File "/home/airflow/.local/lib/python3.12/site-packages/airflow/cli/commands/task_command.py", line 483, in task_run
    task_return_code = _run_task_by_selected_method(args, _dag, ti)
                       ^^^^^^^^^^^^^^^^^^^^^^^^^^^^^^^^^^^^^^^^^^^^
  File "/home/airflow/.local/lib/python3.12/site-packages/airflow/cli/commands/task_command.py", line 256, in _run_task_by_selected_method
    return _run_raw_task(args, ti)
           ^^^^^^^^^^^^^^^^^^^^^^^
  File "/home/airflow/.local/lib/python3.12/site-packages/airflow/cli/commands/task_command.py", line 341, in _run_raw_task
    return ti._run_raw_task(
           ^^^^^^^^^^^^^^^^^
  File "/home/airflow/.local/lib/python3.12/site-packages/airflow/utils/session.py", line 97, in wrapper
    return func(*args, session=session, **kwargs)
           ^^^^^^^^^^^^^^^^^^^^^^^^^^^^^^^^^^^^^^
  File "/home/airflow/.local/lib/python3.12/site-packages/airflow/models/taskinstance.py", line 2995, in _run_raw_task
    return _run_raw_task(
           ^^^^^^^^^^^^^^
  File "/home/airflow/.local/lib/python3.12/site-packages/airflow/models/taskinstance.py", line 273, in _run_raw_task
    TaskInstance._execute_task_with_callbacks(
  File "/home/airflow/.local/lib/python3.12/site-packages/airflow/models/taskinstance.py", line 3149, in _execute_task_with_callbacks
    result = self._execute_task(context, task_orig)
             ^^^^^^^^^^^^^^^^^^^^^^^^^^^^^^^^^^^^^^
  File "/home/airflow/.local/lib/python3.12/site-packages/airflow/models/taskinstance.py", line 3173, in _execute_task
    return _execute_task(self, context, task_orig)
           ^^^^^^^^^^^^^^^^^^^^^^^^^^^^^^^^^^^^^^^
  File "/home/airflow/.local/lib/python3.12/site-packages/airflow/models/taskinstance.py", line 762, in _execute_task
    result = _execute_callable(context=context, **execute_callable_kwargs)
             ^^^^^^^^^^^^^^^^^^^^^^^^^^^^^^^^^^^^^^^^^^^^^^^^^^^^^^^^^^^^^
  File "/home/airflow/.local/lib/python3.12/site-packages/airflow/models/taskinstance.py", line 733, in _execute_callable
    return ExecutionCallableRunner(
           ^^^^^^^^^^^^^^^^^^^^^^^^
  File "/home/airflow/.local/lib/python3.12/site-packages/airflow/utils/operator_helpers.py", line 252, in run
    return self.func(*args, **kwargs)
           ^^^^^^^^^^^^^^^^^^^^^^^^^^
  File "/home/airflow/.local/lib/python3.12/site-packages/airflow/models/baseoperator.py", line 406, in wrapper
    return func(self, *args, **kwargs)
           ^^^^^^^^^^^^^^^^^^^^^^^^^^^
  File "/home/airflow/.local/lib/python3.12/site-packages/airflow/operators/bash.py", line 249, in execute
    raise AirflowException(
airflow.exceptions.AirflowException: Bash command failed. The command returned a non-zero exit code 1.
[2026-06-29T19:17:55.977+0000] {local_task_job_runner.py:261} INFO - Task exited with return code 1
[2026-06-29T19:17:55.999+0000] {taskinstance.py:3891} INFO - 0 downstream tasks scheduled from follow-on schedule check
[2026-06-29T19:17:56.003+0000] {local_task_job_runner.py:240} INFO - ::endgroup::
