[2026-06-29T19:19:56.606+0000] {local_task_job_runner.py:123} INFO - ::group::Pre task execution logs
[2026-06-29T19:19:56.624+0000] {taskinstance.py:2603} INFO - Dependencies all met for dep_context=non-requeueable deps ti=<TaskInstance: gold_price_pipeline.run_spark_etl manual__2026-06-29T19:09:43.806261+00:00 [queued]>
[2026-06-29T19:19:56.633+0000] {taskinstance.py:2603} INFO - Dependencies all met for dep_context=requeueable deps ti=<TaskInstance: gold_price_pipeline.run_spark_etl manual__2026-06-29T19:09:43.806261+00:00 [queued]>
[2026-06-29T19:19:56.634+0000] {taskinstance.py:2856} INFO - Starting attempt 3 of 3
[2026-06-29T19:19:56.647+0000] {taskinstance.py:2879} INFO - Executing <Task(BashOperator): run_spark_etl> on 2026-06-29 19:09:43.806261+00:00
[2026-06-29T19:19:56.657+0000] {logging_mixin.py:190} WARNING - /home/***/.local/lib/python3.12/site-packages/***/task/task_runner/standard_task_runner.py:70 DeprecationWarning: This process (pid=612) is multi-threaded, use of fork() may lead to deadlocks in the child.
[2026-06-29T19:19:56.656+0000] {standard_task_runner.py:104} INFO - Running: ['***', 'tasks', 'run', 'gold_price_pipeline', 'run_spark_etl', 'manual__2026-06-29T19:09:43.806261+00:00', '--job-id', '20', '--raw', '--subdir', 'DAGS_FOLDER/gold_pipeline.py', '--cfg-path', '/tmp/tmp4mdmidza']
[2026-06-29T19:19:56.659+0000] {standard_task_runner.py:72} INFO - Started process 613 to run task
[2026-06-29T19:19:56.660+0000] {standard_task_runner.py:105} INFO - Job 20: Subtask run_spark_etl
[2026-06-29T19:19:56.728+0000] {task_command.py:467} INFO - Running <TaskInstance: gold_price_pipeline.run_spark_etl manual__2026-06-29T19:09:43.806261+00:00 [running]> on host 64c35aa3f581
[2026-06-29T19:19:56.803+0000] {taskinstance.py:3122} INFO - Exporting env vars: AIRFLOW_CTX_DAG_OWNER='Sayed' AIRFLOW_CTX_DAG_ID='gold_price_pipeline' AIRFLOW_CTX_TASK_ID='run_spark_etl' AIRFLOW_CTX_EXECUTION_DATE='2026-06-29T19:09:43.806261+00:00' AIRFLOW_CTX_TRY_NUMBER='3' AIRFLOW_CTX_DAG_RUN_ID='manual__2026-06-29T19:09:43.806261+00:00'
[2026-06-29T19:19:56.805+0000] {taskinstance.py:731} INFO - ::endgroup::
[2026-06-29T19:19:56.820+0000] {subprocess.py:63} INFO - Tmp dir root location: /tmp
[2026-06-29T19:19:56.821+0000] {subprocess.py:75} INFO - Running command: ['/usr/bin/bash', '-c', '\n    /opt/spark/bin/spark-submit     --master spark://spark-master:7077     /opt/***/pyspark_processing/sss.py\n    ']
[2026-06-29T19:19:56.831+0000] {subprocess.py:86} INFO - Output:
[2026-06-29T19:19:59.091+0000] {subprocess.py:93} INFO - 26/06/29 19:19:59 INFO SparkContext: Running Spark version 3.5.1
[2026-06-29T19:19:59.093+0000] {subprocess.py:93} INFO - 26/06/29 19:19:59 INFO SparkContext: OS info Linux, 6.18.33.2-microsoft-standard-WSL2, amd64
[2026-06-29T19:19:59.094+0000] {subprocess.py:93} INFO - 26/06/29 19:19:59 INFO SparkContext: Java version 17.0.19
[2026-06-29T19:19:59.137+0000] {subprocess.py:93} INFO - 26/06/29 19:19:59 WARN NativeCodeLoader: Unable to load native-hadoop library for your platform... using builtin-java classes where applicable
[2026-06-29T19:19:59.209+0000] {subprocess.py:93} INFO - 26/06/29 19:19:59 INFO ResourceUtils: ==============================================================
[2026-06-29T19:19:59.210+0000] {subprocess.py:93} INFO - 26/06/29 19:19:59 INFO ResourceUtils: No custom resources configured for spark.driver.
[2026-06-29T19:19:59.211+0000] {subprocess.py:93} INFO - 26/06/29 19:19:59 INFO ResourceUtils: ==============================================================
[2026-06-29T19:19:59.212+0000] {subprocess.py:93} INFO - 26/06/29 19:19:59 INFO SparkContext: Submitted application: GoldPriceETL
[2026-06-29T19:19:59.228+0000] {subprocess.py:93} INFO - 26/06/29 19:19:59 INFO ResourceProfile: Default ResourceProfile created, executor resources: Map(memory -> name: memory, amount: 1024, script: , vendor: , offHeap -> name: offHeap, amount: 0, script: , vendor: ), task resources: Map(cpus -> name: cpus, amount: 1.0)
[2026-06-29T19:19:59.234+0000] {subprocess.py:93} INFO - 26/06/29 19:19:59 INFO ResourceProfile: Limiting resource is cpu
[2026-06-29T19:19:59.235+0000] {subprocess.py:93} INFO - 26/06/29 19:19:59 INFO ResourceProfileManager: Added ResourceProfile id: 0
[2026-06-29T19:19:59.274+0000] {subprocess.py:93} INFO - 26/06/29 19:19:59 INFO SecurityManager: Changing view acls to: ***
[2026-06-29T19:19:59.275+0000] {subprocess.py:93} INFO - 26/06/29 19:19:59 INFO SecurityManager: Changing modify acls to: ***
[2026-06-29T19:19:59.276+0000] {subprocess.py:93} INFO - 26/06/29 19:19:59 INFO SecurityManager: Changing view acls groups to:
[2026-06-29T19:19:59.277+0000] {subprocess.py:93} INFO - 26/06/29 19:19:59 INFO SecurityManager: Changing modify acls groups to:
[2026-06-29T19:19:59.278+0000] {subprocess.py:93} INFO - 26/06/29 19:19:59 INFO SecurityManager: SecurityManager: authentication disabled; ui acls disabled; users with view permissions: ***; groups with view permissions: EMPTY; users with modify permissions: ***; groups with modify permissions: EMPTY
[2026-06-29T19:19:59.458+0000] {subprocess.py:93} INFO - 26/06/29 19:19:59 INFO Utils: Successfully started service 'sparkDriver' on port 34841.
[2026-06-29T19:19:59.488+0000] {subprocess.py:93} INFO - 26/06/29 19:19:59 INFO SparkEnv: Registering MapOutputTracker
[2026-06-29T19:19:59.518+0000] {subprocess.py:93} INFO - 26/06/29 19:19:59 INFO SparkEnv: Registering BlockManagerMaster
[2026-06-29T19:19:59.534+0000] {subprocess.py:93} INFO - 26/06/29 19:19:59 INFO BlockManagerMasterEndpoint: Using org.apache.spark.storage.DefaultTopologyMapper for getting topology information
[2026-06-29T19:19:59.535+0000] {subprocess.py:93} INFO - 26/06/29 19:19:59 INFO BlockManagerMasterEndpoint: BlockManagerMasterEndpoint up
[2026-06-29T19:19:59.539+0000] {subprocess.py:93} INFO - 26/06/29 19:19:59 INFO SparkEnv: Registering BlockManagerMasterHeartbeat
[2026-06-29T19:19:59.557+0000] {subprocess.py:93} INFO - 26/06/29 19:19:59 INFO DiskBlockManager: Created local directory at /tmp/blockmgr-fbd25c90-d64a-417a-b947-d9cd309f4490
[2026-06-29T19:19:59.575+0000] {subprocess.py:93} INFO - 26/06/29 19:19:59 INFO MemoryStore: MemoryStore started with capacity 434.4 MiB
[2026-06-29T19:19:59.592+0000] {subprocess.py:93} INFO - 26/06/29 19:19:59 INFO SparkEnv: Registering OutputCommitCoordinator
[2026-06-29T19:19:59.686+0000] {subprocess.py:93} INFO - 26/06/29 19:19:59 INFO JettyUtils: Start Jetty 0.0.0.0:4040 for SparkUI
[2026-06-29T19:19:59.731+0000] {subprocess.py:93} INFO - 26/06/29 19:19:59 INFO Utils: Successfully started service 'SparkUI' on port 4040.
[2026-06-29T19:19:59.839+0000] {subprocess.py:93} INFO - 26/06/29 19:19:59 INFO StandaloneAppClient$ClientEndpoint: Connecting to master spark://spark-master:7077...
[2026-06-29T19:19:59.880+0000] {subprocess.py:93} INFO - 26/06/29 19:19:59 INFO TransportClientFactory: Successfully created connection to spark-master/172.18.0.10:7077 after 22 ms (0 ms spent in bootstraps)
[2026-06-29T19:19:59.955+0000] {subprocess.py:93} INFO - 26/06/29 19:19:59 INFO StandaloneSchedulerBackend: Connected to Spark cluster with app ID app-20260629191959-0002
[2026-06-29T19:19:59.958+0000] {subprocess.py:93} INFO - 26/06/29 19:19:59 INFO StandaloneAppClient$ClientEndpoint: Executor added: app-20260629191959-0002/0 on worker-20260629191447-172.18.0.7-34289 (172.18.0.7:34289) with 8 core(s)
[2026-06-29T19:19:59.960+0000] {subprocess.py:93} INFO - 26/06/29 19:19:59 INFO StandaloneSchedulerBackend: Granted executor ID app-20260629191959-0002/0 on hostPort 172.18.0.7:34289 with 8 core(s), 1024.0 MiB RAM
[2026-06-29T19:19:59.965+0000] {subprocess.py:93} INFO - 26/06/29 19:19:59 INFO Utils: Successfully started service 'org.apache.spark.network.netty.NettyBlockTransferService' on port 45833.
[2026-06-29T19:19:59.966+0000] {subprocess.py:93} INFO - 26/06/29 19:19:59 INFO NettyBlockTransferService: Server created on 64c35aa3f581:45833
[2026-06-29T19:19:59.968+0000] {subprocess.py:93} INFO - 26/06/29 19:19:59 INFO BlockManager: Using org.apache.spark.storage.RandomBlockReplicationPolicy for block replication policy
[2026-06-29T19:19:59.974+0000] {subprocess.py:93} INFO - 26/06/29 19:19:59 INFO BlockManagerMaster: Registering BlockManager BlockManagerId(driver, 64c35aa3f581, 45833, None)
[2026-06-29T19:19:59.978+0000] {subprocess.py:93} INFO - 26/06/29 19:19:59 INFO BlockManagerMasterEndpoint: Registering block manager 64c35aa3f581:45833 with 434.4 MiB RAM, BlockManagerId(driver, 64c35aa3f581, 45833, None)
[2026-06-29T19:19:59.981+0000] {subprocess.py:93} INFO - 26/06/29 19:19:59 INFO BlockManagerMaster: Registered BlockManager BlockManagerId(driver, 64c35aa3f581, 45833, None)
[2026-06-29T19:19:59.984+0000] {subprocess.py:93} INFO - 26/06/29 19:19:59 INFO BlockManager: Initialized BlockManager: BlockManagerId(driver, 64c35aa3f581, 45833, None)
[2026-06-29T19:20:00.006+0000] {subprocess.py:93} INFO - 26/06/29 19:20:00 INFO StandaloneAppClient$ClientEndpoint: Executor updated: app-20260629191959-0002/0 is now RUNNING
[2026-06-29T19:20:00.216+0000] {subprocess.py:93} INFO - 26/06/29 19:20:00 INFO StandaloneSchedulerBackend: SchedulerBackend is ready for scheduling beginning after reached minRegisteredResourcesRatio: 0.0
[2026-06-29T19:20:00.581+0000] {subprocess.py:93} INFO - 26/06/29 19:20:00 INFO SharedState: Setting hive.metastore.warehouse.dir ('null') to the value of spark.sql.warehouse.dir.
[2026-06-29T19:20:00.589+0000] {subprocess.py:93} INFO - 26/06/29 19:20:00 INFO SharedState: Warehouse path is 'file:/tmp/***tmpehj8cyf9/spark-warehouse'.
[2026-06-29T19:20:03.418+0000] {subprocess.py:93} INFO - 26/06/29 19:20:03 INFO StandaloneSchedulerBackend$StandaloneDriverEndpoint: Registered executor NettyRpcEndpointRef(spark-client://Executor) (172.18.0.7:34420) with ID 0,  ResourceProfileId 0
[2026-06-29T19:20:03.518+0000] {subprocess.py:93} INFO - 26/06/29 19:20:03 INFO BlockManagerMasterEndpoint: Registering block manager 172.18.0.7:46359 with 434.4 MiB RAM, BlockManagerId(0, 172.18.0.7, 46359, None)
[2026-06-29T19:20:04.032+0000] {subprocess.py:93} INFO - 26/06/29 19:20:04 INFO InMemoryFileIndex: It took 428 ms to list leaf files for 1 paths.
[2026-06-29T19:20:04.180+0000] {subprocess.py:93} INFO - 26/06/29 19:20:04 INFO MemoryStore: Block broadcast_0 stored as values in memory (estimated size 209.1 KiB, free 434.2 MiB)
[2026-06-29T19:20:04.238+0000] {subprocess.py:93} INFO - 26/06/29 19:20:04 INFO MemoryStore: Block broadcast_0_piece0 stored as bytes in memory (estimated size 36.0 KiB, free 434.2 MiB)
[2026-06-29T19:20:04.241+0000] {subprocess.py:93} INFO - 26/06/29 19:20:04 INFO BlockManagerInfo: Added broadcast_0_piece0 in memory on 64c35aa3f581:45833 (size: 36.0 KiB, free: 434.4 MiB)
[2026-06-29T19:20:04.245+0000] {subprocess.py:93} INFO - 26/06/29 19:20:04 INFO SparkContext: Created broadcast 0 from json at NativeMethodAccessorImpl.java:0
[2026-06-29T19:20:11.418+0000] {subprocess.py:93} INFO - 26/06/29 19:20:11 INFO FileInputFormat: Total input files to process : 39
[2026-06-29T19:20:24.781+0000] {subprocess.py:93} INFO - 26/06/29 19:20:24 INFO FileInputFormat: Total input files to process : 39
[2026-06-29T19:20:24.794+0000] {subprocess.py:93} INFO - 26/06/29 19:20:24 INFO SparkContext: Starting job: json at NativeMethodAccessorImpl.java:0
[2026-06-29T19:20:24.808+0000] {subprocess.py:93} INFO - 26/06/29 19:20:24 INFO DAGScheduler: Got job 0 (json at NativeMethodAccessorImpl.java:0) with 1 output partitions
[2026-06-29T19:20:24.809+0000] {subprocess.py:93} INFO - 26/06/29 19:20:24 INFO DAGScheduler: Final stage: ResultStage 0 (json at NativeMethodAccessorImpl.java:0)
[2026-06-29T19:20:24.810+0000] {subprocess.py:93} INFO - 26/06/29 19:20:24 INFO DAGScheduler: Parents of final stage: List()
[2026-06-29T19:20:24.811+0000] {subprocess.py:93} INFO - 26/06/29 19:20:24 INFO DAGScheduler: Missing parents: List()
[2026-06-29T19:20:24.813+0000] {subprocess.py:93} INFO - 26/06/29 19:20:24 INFO DAGScheduler: Submitting ResultStage 0 (MapPartitionsRDD[2] at json at NativeMethodAccessorImpl.java:0), which has no missing parents
[2026-06-29T19:20:24.855+0000] {subprocess.py:93} INFO - 26/06/29 19:20:24 INFO MemoryStore: Block broadcast_1 stored as values in memory (estimated size 9.3 KiB, free 434.2 MiB)
[2026-06-29T19:20:24.859+0000] {subprocess.py:93} INFO - 26/06/29 19:20:24 INFO MemoryStore: Block broadcast_1_piece0 stored as bytes in memory (estimated size 5.0 KiB, free 434.1 MiB)
[2026-06-29T19:20:24.861+0000] {subprocess.py:93} INFO - 26/06/29 19:20:24 INFO BlockManagerInfo: Added broadcast_1_piece0 in memory on 64c35aa3f581:45833 (size: 5.0 KiB, free: 434.4 MiB)
[2026-06-29T19:20:24.862+0000] {subprocess.py:93} INFO - 26/06/29 19:20:24 INFO SparkContext: Created broadcast 1 from broadcast at DAGScheduler.scala:1585
[2026-06-29T19:20:24.880+0000] {subprocess.py:93} INFO - 26/06/29 19:20:24 INFO DAGScheduler: Submitting 1 missing tasks from ResultStage 0 (MapPartitionsRDD[2] at json at NativeMethodAccessorImpl.java:0) (first 15 tasks are for partitions Vector(0))
[2026-06-29T19:20:24.883+0000] {subprocess.py:93} INFO - 26/06/29 19:20:24 INFO TaskSchedulerImpl: Adding task set 0.0 with 1 tasks resource profile 0
[2026-06-29T19:20:24.924+0000] {subprocess.py:93} INFO - 26/06/29 19:20:24 INFO TaskSetManager: Starting task 0.0 in stage 0.0 (TID 0) (172.18.0.7, executor 0, partition 0, PROCESS_LOCAL, 12189 bytes)
[2026-06-29T19:20:25.236+0000] {subprocess.py:93} INFO - 26/06/29 19:20:25 INFO BlockManagerInfo: Added broadcast_1_piece0 in memory on 172.18.0.7:46359 (size: 5.0 KiB, free: 434.4 MiB)
[2026-06-29T19:20:25.594+0000] {subprocess.py:93} INFO - 26/06/29 19:20:25 INFO BlockManagerInfo: Added broadcast_0_piece0 in memory on 172.18.0.7:46359 (size: 36.0 KiB, free: 434.4 MiB)
[2026-06-29T19:20:26.400+0000] {subprocess.py:93} INFO - 26/06/29 19:20:26 INFO TaskSetManager: Finished task 0.0 in stage 0.0 (TID 0) in 1494 ms on 172.18.0.7 (executor 0) (1/1)
[2026-06-29T19:20:26.402+0000] {subprocess.py:93} INFO - 26/06/29 19:20:26 INFO TaskSchedulerImpl: Removed TaskSet 0.0, whose tasks have all completed, from pool
[2026-06-29T19:20:26.408+0000] {subprocess.py:93} INFO - 26/06/29 19:20:26 INFO DAGScheduler: ResultStage 0 (json at NativeMethodAccessorImpl.java:0) finished in 1.582 s
[2026-06-29T19:20:26.412+0000] {subprocess.py:93} INFO - 26/06/29 19:20:26 INFO DAGScheduler: Job 0 is finished. Cancelling potential speculative or zombie tasks for this job
[2026-06-29T19:20:26.416+0000] {subprocess.py:93} INFO - 26/06/29 19:20:26 INFO TaskSchedulerImpl: Killing all running tasks in stage 0: Stage finished
[2026-06-29T19:20:26.424+0000] {subprocess.py:93} INFO - 26/06/29 19:20:26 INFO DAGScheduler: Job 0 finished: json at NativeMethodAccessorImpl.java:0, took 1.629584 s
[2026-06-29T19:20:26.526+0000] {subprocess.py:93} INFO - 26/06/29 19:20:26 INFO BlockManagerInfo: Removed broadcast_1_piece0 on 64c35aa3f581:45833 in memory (size: 5.0 KiB, free: 434.4 MiB)
[2026-06-29T19:20:26.545+0000] {subprocess.py:93} INFO - 26/06/29 19:20:26 INFO BlockManagerInfo: Removed broadcast_1_piece0 on 172.18.0.7:46359 in memory (size: 5.0 KiB, free: 434.4 MiB)
[2026-06-29T19:20:27.143+0000] {subprocess.py:93} INFO - Columns:
[2026-06-29T19:20:27.171+0000] {subprocess.py:93} INFO - ['_corrupt_record']
[2026-06-29T19:20:27.173+0000] {subprocess.py:93} INFO - root
[2026-06-29T19:20:27.175+0000] {subprocess.py:93} INFO -  |-- _corrupt_record: string (nullable = true)
[2026-06-29T19:20:27.176+0000] {subprocess.py:93} INFO - 
[2026-06-29T19:20:27.642+0000] {subprocess.py:93} INFO - 26/06/29 19:20:27 INFO FileSourceStrategy: Pushed Filters:
[2026-06-29T19:20:27.644+0000] {subprocess.py:93} INFO - 26/06/29 19:20:27 INFO FileSourceStrategy: Post-Scan Filters:
[2026-06-29T19:20:27.705+0000] {subprocess.py:93} INFO - 26/06/29 19:20:27 INFO BlockManagerInfo: Removed broadcast_0_piece0 on 64c35aa3f581:45833 in memory (size: 36.0 KiB, free: 434.4 MiB)
[2026-06-29T19:20:27.713+0000] {subprocess.py:93} INFO - 26/06/29 19:20:27 INFO BlockManagerInfo: Removed broadcast_0_piece0 on 172.18.0.7:46359 in memory (size: 36.0 KiB, free: 434.4 MiB)
[2026-06-29T19:20:27.986+0000] {subprocess.py:93} INFO - 26/06/29 19:20:27 INFO CodeGenerator: Code generated in 146.042437 ms
[2026-06-29T19:20:27.991+0000] {subprocess.py:93} INFO - 26/06/29 19:20:27 INFO MemoryStore: Block broadcast_2 stored as values in memory (estimated size 205.1 KiB, free 434.2 MiB)
[2026-06-29T19:20:28.002+0000] {subprocess.py:93} INFO - 26/06/29 19:20:28 INFO MemoryStore: Block broadcast_2_piece0 stored as bytes in memory (estimated size 35.2 KiB, free 434.2 MiB)
[2026-06-29T19:20:28.004+0000] {subprocess.py:93} INFO - 26/06/29 19:20:28 INFO BlockManagerInfo: Added broadcast_2_piece0 in memory on 64c35aa3f581:45833 (size: 35.2 KiB, free: 434.4 MiB)
[2026-06-29T19:20:28.005+0000] {subprocess.py:93} INFO - 26/06/29 19:20:28 INFO SparkContext: Created broadcast 2 from showString at NativeMethodAccessorImpl.java:0
[2026-06-29T19:20:28.165+0000] {subprocess.py:93} INFO - Traceback (most recent call last):
[2026-06-29T19:20:28.166+0000] {subprocess.py:93} INFO -   File "/opt/***/pyspark_processing/sss.py", line 99, in <module>
[2026-06-29T19:20:28.167+0000] {subprocess.py:93} INFO -     stream_df.show(5, False)
[2026-06-29T19:20:28.168+0000] {subprocess.py:93} INFO -   File "/opt/spark/python/lib/pyspark.zip/pyspark/sql/dataframe.py", line 945, in show
[2026-06-29T19:20:28.169+0000] {subprocess.py:93} INFO -   File "/opt/spark/python/lib/pyspark.zip/pyspark/sql/dataframe.py", line 976, in _show_string
[2026-06-29T19:20:28.170+0000] {subprocess.py:93} INFO -   File "/opt/spark/python/lib/py4j-0.10.9.7-src.zip/py4j/java_gateway.py", line 1322, in __call__
[2026-06-29T19:20:28.171+0000] {subprocess.py:93} INFO -   File "/opt/spark/python/lib/pyspark.zip/pyspark/errors/exceptions/captured.py", line 185, in deco
[2026-06-29T19:20:28.176+0000] {subprocess.py:93} INFO - pyspark.errors.exceptions.captured.AnalysisException: Since Spark 2.3, the queries from raw JSON/CSV files are disallowed when the
[2026-06-29T19:20:28.178+0000] {subprocess.py:93} INFO - referenced columns only include the internal corrupt record column
[2026-06-29T19:20:28.179+0000] {subprocess.py:93} INFO - (named _corrupt_record by default). For example:
[2026-06-29T19:20:28.180+0000] {subprocess.py:93} INFO - spark.read.schema(schema).csv(file).filter($"_corrupt_record".isNotNull).count()
[2026-06-29T19:20:28.181+0000] {subprocess.py:93} INFO - and spark.read.schema(schema).csv(file).select("_corrupt_record").show().
[2026-06-29T19:20:28.181+0000] {subprocess.py:93} INFO - Instead, you can cache or save the parsed results and then send the same query.
[2026-06-29T19:20:28.182+0000] {subprocess.py:93} INFO - For example, val df = spark.read.schema(schema).csv(file).cache() and then
[2026-06-29T19:20:28.183+0000] {subprocess.py:93} INFO - df.filter($"_corrupt_record".isNotNull).count().
[2026-06-29T19:20:28.240+0000] {subprocess.py:93} INFO - 26/06/29 19:20:28 INFO SparkContext: Invoking stop() from shutdown hook
[2026-06-29T19:20:28.242+0000] {subprocess.py:93} INFO - 26/06/29 19:20:28 INFO SparkContext: SparkContext is stopping with exitCode 0.
[2026-06-29T19:20:28.251+0000] {subprocess.py:93} INFO - 26/06/29 19:20:28 INFO SparkUI: Stopped Spark web UI at http://64c35aa3f581:4040
[2026-06-29T19:20:28.255+0000] {subprocess.py:93} INFO - 26/06/29 19:20:28 INFO StandaloneSchedulerBackend: Shutting down all executors
[2026-06-29T19:20:28.256+0000] {subprocess.py:93} INFO - 26/06/29 19:20:28 INFO StandaloneSchedulerBackend$StandaloneDriverEndpoint: Asking each executor to shut down
[2026-06-29T19:20:28.294+0000] {subprocess.py:93} INFO - 26/06/29 19:20:28 INFO MapOutputTrackerMasterEndpoint: MapOutputTrackerMasterEndpoint stopped!
[2026-06-29T19:20:28.325+0000] {subprocess.py:93} INFO - 26/06/29 19:20:28 INFO MemoryStore: MemoryStore cleared
[2026-06-29T19:20:28.327+0000] {subprocess.py:93} INFO - 26/06/29 19:20:28 INFO BlockManager: BlockManager stopped
[2026-06-29T19:20:28.332+0000] {subprocess.py:93} INFO - 26/06/29 19:20:28 INFO BlockManagerMaster: BlockManagerMaster stopped
[2026-06-29T19:20:28.338+0000] {subprocess.py:93} INFO - 26/06/29 19:20:28 INFO OutputCommitCoordinator$OutputCommitCoordinatorEndpoint: OutputCommitCoordinator stopped!
[2026-06-29T19:20:28.350+0000] {subprocess.py:93} INFO - 26/06/29 19:20:28 INFO SparkContext: Successfully stopped SparkContext
[2026-06-29T19:20:28.352+0000] {subprocess.py:93} INFO - 26/06/29 19:20:28 INFO ShutdownHookManager: Shutdown hook called
[2026-06-29T19:20:28.353+0000] {subprocess.py:93} INFO - 26/06/29 19:20:28 INFO ShutdownHookManager: Deleting directory /tmp/spark-a94d038a-df93-4dd3-8973-17ecb6a54de7/pyspark-ac1d413b-07c2-4d64-89f2-f858c2eb9b6a
[2026-06-29T19:20:28.358+0000] {subprocess.py:93} INFO - 26/06/29 19:20:28 INFO ShutdownHookManager: Deleting directory /tmp/spark-a94d038a-df93-4dd3-8973-17ecb6a54de7
[2026-06-29T19:20:28.364+0000] {subprocess.py:93} INFO - 26/06/29 19:20:28 INFO ShutdownHookManager: Deleting directory /tmp/spark-d3b79ae6-4832-46b6-bedd-8f04f6868448
[2026-06-29T19:20:28.408+0000] {subprocess.py:97} INFO - Command exited with return code 1
[2026-06-29T19:20:28.420+0000] {taskinstance.py:3301} ERROR - Task failed with exception
Traceback (most recent call last):
  File "/home/airflow/.local/lib/python3.12/site-packages/airflow/models/taskinstance.py", line 762, in _execute_task
    result = _execute_callable(context=context, **execute_callable_kwargs)
             ^^^^^^^^^^^^^^^^^^^^^^^^^^^^^^^^^^^^^^^^^^^^^^^^^^^^^^^^^^^^^
  File "/home/airflow/.local/lib/python3.12/site-packages/airflow/models/taskinstance.py", line 733, in _execute_callable
    return ExecutionCallableRunner(
           ^^^^^^^^^^^^^^^^^^^^^^^^
  File "/home/airflow/.local/lib/python3.12/site-packages/airflow/utils/operator_helpers.py", line 252, in run
    return self.func(*args, **kwargs)
           ^^^^^^^^^^^^^^^^^^^^^^^^^^
  File "/home/airflow/.local/lib/python3.12/site-packages/airflow/models/baseoperator.py", line 406, in wrapper
    return func(self, *args, **kwargs)
           ^^^^^^^^^^^^^^^^^^^^^^^^^^^
  File "/home/airflow/.local/lib/python3.12/site-packages/airflow/operators/bash.py", line 249, in execute
    raise AirflowException(
airflow.exceptions.AirflowException: Bash command failed. The command returned a non-zero exit code 1.
[2026-06-29T19:20:28.425+0000] {taskinstance.py:1225} INFO - Marking task as FAILED. dag_id=gold_price_pipeline, task_id=run_spark_etl, run_id=manual__2026-06-29T19:09:43.806261+00:00, execution_date=20260629T190943, start_date=20260629T191956, end_date=20260629T192028
[2026-06-29T19:20:28.438+0000] {taskinstance.py:340} INFO - ::group::Post task execution logs
[2026-06-29T19:20:28.441+0000] {standard_task_runner.py:124} ERROR - Failed to execute job 20 for task run_spark_etl (Bash command failed. The command returned a non-zero exit code 1.; 613)
Traceback (most recent call last):
  File "/home/airflow/.local/lib/python3.12/site-packages/airflow/task/task_runner/standard_task_runner.py", line 117, in _start_by_fork
    ret = args.func(args, dag=self.dag)
          ^^^^^^^^^^^^^^^^^^^^^^^^^^^^^
  File "/home/airflow/.local/lib/python3.12/site-packages/airflow/cli/cli_config.py", line 49, in command
    return func(*args, **kwargs)
           ^^^^^^^^^^^^^^^^^^^^^
  File "/home/airflow/.local/lib/python3.12/site-packages/airflow/utils/cli.py", line 115, in wrapper
    return f(*args, **kwargs)
           ^^^^^^^^^^^^^^^^^^
  File "/home/airflow/.local/lib/python3.12/site-packages/airflow/cli/commands/task_command.py", line 483, in task_run
    task_return_code = _run_task_by_selected_method(args, _dag, ti)
                       ^^^^^^^^^^^^^^^^^^^^^^^^^^^^^^^^^^^^^^^^^^^^
  File "/home/airflow/.local/lib/python3.12/site-packages/airflow/cli/commands/task_command.py", line 256, in _run_task_by_selected_method
    return _run_raw_task(args, ti)
           ^^^^^^^^^^^^^^^^^^^^^^^
  File "/home/airflow/.local/lib/python3.12/site-packages/airflow/cli/commands/task_command.py", line 341, in _run_raw_task
    return ti._run_raw_task(
           ^^^^^^^^^^^^^^^^^
  File "/home/airflow/.local/lib/python3.12/site-packages/airflow/utils/session.py", line 97, in wrapper
    return func(*args, session=session, **kwargs)
           ^^^^^^^^^^^^^^^^^^^^^^^^^^^^^^^^^^^^^^
  File "/home/airflow/.local/lib/python3.12/site-packages/airflow/models/taskinstance.py", line 2995, in _run_raw_task
    return _run_raw_task(
           ^^^^^^^^^^^^^^
  File "/home/airflow/.local/lib/python3.12/site-packages/airflow/models/taskinstance.py", line 273, in _run_raw_task
    TaskInstance._execute_task_with_callbacks(
  File "/home/airflow/.local/lib/python3.12/site-packages/airflow/models/taskinstance.py", line 3149, in _execute_task_with_callbacks
    result = self._execute_task(context, task_orig)
             ^^^^^^^^^^^^^^^^^^^^^^^^^^^^^^^^^^^^^^
  File "/home/airflow/.local/lib/python3.12/site-packages/airflow/models/taskinstance.py", line 3173, in _execute_task
    return _execute_task(self, context, task_orig)
           ^^^^^^^^^^^^^^^^^^^^^^^^^^^^^^^^^^^^^^^
  File "/home/airflow/.local/lib/python3.12/site-packages/airflow/models/taskinstance.py", line 762, in _execute_task
    result = _execute_callable(context=context, **execute_callable_kwargs)
             ^^^^^^^^^^^^^^^^^^^^^^^^^^^^^^^^^^^^^^^^^^^^^^^^^^^^^^^^^^^^^
  File "/home/airflow/.local/lib/python3.12/site-packages/airflow/models/taskinstance.py", line 733, in _execute_callable
    return ExecutionCallableRunner(
           ^^^^^^^^^^^^^^^^^^^^^^^^
  File "/home/airflow/.local/lib/python3.12/site-packages/airflow/utils/operator_helpers.py", line 252, in run
    return self.func(*args, **kwargs)
           ^^^^^^^^^^^^^^^^^^^^^^^^^^
  File "/home/airflow/.local/lib/python3.12/site-packages/airflow/models/baseoperator.py", line 406, in wrapper
    return func(self, *args, **kwargs)
           ^^^^^^^^^^^^^^^^^^^^^^^^^^^
  File "/home/airflow/.local/lib/python3.12/site-packages/airflow/operators/bash.py", line 249, in execute
    raise AirflowException(
airflow.exceptions.AirflowException: Bash command failed. The command returned a non-zero exit code 1.
[2026-06-29T19:20:28.487+0000] {local_task_job_runner.py:261} INFO - Task exited with return code 1
[2026-06-29T19:20:28.509+0000] {taskinstance.py:3891} INFO - 0 downstream tasks scheduled from follow-on schedule check
[2026-06-29T19:20:28.513+0000] {local_task_job_runner.py:240} INFO - ::endgroup::
