[2026-06-29T19:15:14.761+0000] {local_task_job_runner.py:123} INFO - ::group::Pre task execution logs
[2026-06-29T19:15:14.780+0000] {taskinstance.py:2603} INFO - Dependencies all met for dep_context=non-requeueable deps ti=<TaskInstance: gold_price_pipeline.run_spark_etl manual__2026-06-29T19:09:43.806261+00:00 [queued]>
[2026-06-29T19:15:14.795+0000] {taskinstance.py:2603} INFO - Dependencies all met for dep_context=requeueable deps ti=<TaskInstance: gold_price_pipeline.run_spark_etl manual__2026-06-29T19:09:43.806261+00:00 [queued]>
[2026-06-29T19:15:14.798+0000] {taskinstance.py:2856} INFO - Starting attempt 1 of 3
[2026-06-29T19:15:14.829+0000] {taskinstance.py:2879} INFO - Executing <Task(BashOperator): run_spark_etl> on 2026-06-29 19:09:43.806261+00:00
[2026-06-29T19:15:14.839+0000] {standard_task_runner.py:104} INFO - Running: ['***', 'tasks', 'run', 'gold_price_pipeline', 'run_spark_etl', 'manual__2026-06-29T19:09:43.806261+00:00', '--job-id', '18', '--raw', '--subdir', 'DAGS_FOLDER/gold_pipeline.py', '--cfg-path', '/tmp/tmpo4of1wgv']
[2026-06-29T19:15:14.840+0000] {logging_mixin.py:190} WARNING - /home/***/.local/lib/python3.12/site-packages/***/task/task_runner/standard_task_runner.py:70 DeprecationWarning: This process (pid=188) is multi-threaded, use of fork() may lead to deadlocks in the child.
[2026-06-29T19:15:14.843+0000] {standard_task_runner.py:105} INFO - Job 18: Subtask run_spark_etl
[2026-06-29T19:15:14.843+0000] {standard_task_runner.py:72} INFO - Started process 189 to run task
[2026-06-29T19:15:14.932+0000] {task_command.py:467} INFO - Running <TaskInstance: gold_price_pipeline.run_spark_etl manual__2026-06-29T19:09:43.806261+00:00 [running]> on host 64c35aa3f581
[2026-06-29T19:15:15.014+0000] {taskinstance.py:3122} INFO - Exporting env vars: AIRFLOW_CTX_DAG_OWNER='Sayed' AIRFLOW_CTX_DAG_ID='gold_price_pipeline' AIRFLOW_CTX_TASK_ID='run_spark_etl' AIRFLOW_CTX_EXECUTION_DATE='2026-06-29T19:09:43.806261+00:00' AIRFLOW_CTX_TRY_NUMBER='1' AIRFLOW_CTX_DAG_RUN_ID='manual__2026-06-29T19:09:43.806261+00:00'
[2026-06-29T19:15:15.015+0000] {taskinstance.py:731} INFO - ::endgroup::
[2026-06-29T19:15:15.031+0000] {subprocess.py:63} INFO - Tmp dir root location: /tmp
[2026-06-29T19:15:15.033+0000] {subprocess.py:75} INFO - Running command: ['/usr/bin/bash', '-c', '\n    /opt/spark/bin/spark-submit     --master spark://spark-master:7077     /opt/***/pyspark_processing/sss.py\n    ']
[2026-06-29T19:15:15.042+0000] {subprocess.py:86} INFO - Output:
[2026-06-29T19:15:18.216+0000] {subprocess.py:93} INFO - 26/06/29 19:15:18 INFO SparkContext: Running Spark version 3.5.1
[2026-06-29T19:15:18.218+0000] {subprocess.py:93} INFO - 26/06/29 19:15:18 INFO SparkContext: OS info Linux, 6.18.33.2-microsoft-standard-WSL2, amd64
[2026-06-29T19:15:18.220+0000] {subprocess.py:93} INFO - 26/06/29 19:15:18 INFO SparkContext: Java version 17.0.19
[2026-06-29T19:15:18.299+0000] {subprocess.py:93} INFO - 26/06/29 19:15:18 WARN NativeCodeLoader: Unable to load native-hadoop library for your platform... using builtin-java classes where applicable
[2026-06-29T19:15:18.391+0000] {subprocess.py:93} INFO - 26/06/29 19:15:18 INFO ResourceUtils: ==============================================================
[2026-06-29T19:15:18.392+0000] {subprocess.py:93} INFO - 26/06/29 19:15:18 INFO ResourceUtils: No custom resources configured for spark.driver.
[2026-06-29T19:15:18.394+0000] {subprocess.py:93} INFO - 26/06/29 19:15:18 INFO ResourceUtils: ==============================================================
[2026-06-29T19:15:18.395+0000] {subprocess.py:93} INFO - 26/06/29 19:15:18 INFO SparkContext: Submitted application: GoldPriceETL
[2026-06-29T19:15:18.419+0000] {subprocess.py:93} INFO - 26/06/29 19:15:18 INFO ResourceProfile: Default ResourceProfile created, executor resources: Map(memory -> name: memory, amount: 1024, script: , vendor: , offHeap -> name: offHeap, amount: 0, script: , vendor: ), task resources: Map(cpus -> name: cpus, amount: 1.0)
[2026-06-29T19:15:18.426+0000] {subprocess.py:93} INFO - 26/06/29 19:15:18 INFO ResourceProfile: Limiting resource is cpu
[2026-06-29T19:15:18.427+0000] {subprocess.py:93} INFO - 26/06/29 19:15:18 INFO ResourceProfileManager: Added ResourceProfile id: 0
[2026-06-29T19:15:18.490+0000] {subprocess.py:93} INFO - 26/06/29 19:15:18 INFO SecurityManager: Changing view acls to: ***
[2026-06-29T19:15:18.491+0000] {subprocess.py:93} INFO - 26/06/29 19:15:18 INFO SecurityManager: Changing modify acls to: ***
[2026-06-29T19:15:18.493+0000] {subprocess.py:93} INFO - 26/06/29 19:15:18 INFO SecurityManager: Changing view acls groups to:
[2026-06-29T19:15:18.494+0000] {subprocess.py:93} INFO - 26/06/29 19:15:18 INFO SecurityManager: Changing modify acls groups to:
[2026-06-29T19:15:18.495+0000] {subprocess.py:93} INFO - 26/06/29 19:15:18 INFO SecurityManager: SecurityManager: authentication disabled; ui acls disabled; users with view permissions: ***; groups with view permissions: EMPTY; users with modify permissions: ***; groups with modify permissions: EMPTY
[2026-06-29T19:15:18.713+0000] {subprocess.py:93} INFO - 26/06/29 19:15:18 INFO Utils: Successfully started service 'sparkDriver' on port 32845.
[2026-06-29T19:15:18.761+0000] {subprocess.py:93} INFO - 26/06/29 19:15:18 INFO SparkEnv: Registering MapOutputTracker
[2026-06-29T19:15:18.800+0000] {subprocess.py:93} INFO - 26/06/29 19:15:18 INFO SparkEnv: Registering BlockManagerMaster
[2026-06-29T19:15:18.823+0000] {subprocess.py:93} INFO - 26/06/29 19:15:18 INFO BlockManagerMasterEndpoint: Using org.apache.spark.storage.DefaultTopologyMapper for getting topology information
[2026-06-29T19:15:18.825+0000] {subprocess.py:93} INFO - 26/06/29 19:15:18 INFO BlockManagerMasterEndpoint: BlockManagerMasterEndpoint up
[2026-06-29T19:15:18.829+0000] {subprocess.py:93} INFO - 26/06/29 19:15:18 INFO SparkEnv: Registering BlockManagerMasterHeartbeat
[2026-06-29T19:15:18.858+0000] {subprocess.py:93} INFO - 26/06/29 19:15:18 INFO DiskBlockManager: Created local directory at /tmp/blockmgr-b76cce79-6792-4606-a4ef-027c222712f5
[2026-06-29T19:15:18.876+0000] {subprocess.py:93} INFO - 26/06/29 19:15:18 INFO MemoryStore: MemoryStore started with capacity 434.4 MiB
[2026-06-29T19:15:18.893+0000] {subprocess.py:93} INFO - 26/06/29 19:15:18 INFO SparkEnv: Registering OutputCommitCoordinator
[2026-06-29T19:15:18.994+0000] {subprocess.py:93} INFO - 26/06/29 19:15:18 INFO JettyUtils: Start Jetty 0.0.0.0:4040 for SparkUI
[2026-06-29T19:15:19.043+0000] {subprocess.py:93} INFO - 26/06/29 19:15:19 INFO Utils: Successfully started service 'SparkUI' on port 4040.
[2026-06-29T19:15:19.150+0000] {subprocess.py:93} INFO - 26/06/29 19:15:19 INFO StandaloneAppClient$ClientEndpoint: Connecting to master spark://spark-master:7077...
[2026-06-29T19:15:19.195+0000] {subprocess.py:93} INFO - 26/06/29 19:15:19 INFO TransportClientFactory: Successfully created connection to spark-master/172.18.0.10:7077 after 26 ms (0 ms spent in bootstraps)
[2026-06-29T19:15:19.335+0000] {subprocess.py:93} INFO - 26/06/29 19:15:19 INFO StandaloneSchedulerBackend: Connected to Spark cluster with app ID app-20260629191519-0000
[2026-06-29T19:15:19.345+0000] {subprocess.py:93} INFO - 26/06/29 19:15:19 INFO Utils: Successfully started service 'org.apache.spark.network.netty.NettyBlockTransferService' on port 42859.
[2026-06-29T19:15:19.346+0000] {subprocess.py:93} INFO - 26/06/29 19:15:19 INFO NettyBlockTransferService: Server created on 64c35aa3f581:42859
[2026-06-29T19:15:19.348+0000] {subprocess.py:93} INFO - 26/06/29 19:15:19 INFO BlockManager: Using org.apache.spark.storage.RandomBlockReplicationPolicy for block replication policy
[2026-06-29T19:15:19.355+0000] {subprocess.py:93} INFO - 26/06/29 19:15:19 INFO BlockManagerMaster: Registering BlockManager BlockManagerId(driver, 64c35aa3f581, 42859, None)
[2026-06-29T19:15:19.359+0000] {subprocess.py:93} INFO - 26/06/29 19:15:19 INFO BlockManagerMasterEndpoint: Registering block manager 64c35aa3f581:42859 with 434.4 MiB RAM, BlockManagerId(driver, 64c35aa3f581, 42859, None)
[2026-06-29T19:15:19.362+0000] {subprocess.py:93} INFO - 26/06/29 19:15:19 INFO BlockManagerMaster: Registered BlockManager BlockManagerId(driver, 64c35aa3f581, 42859, None)
[2026-06-29T19:15:19.364+0000] {subprocess.py:93} INFO - 26/06/29 19:15:19 INFO BlockManager: Initialized BlockManager: BlockManagerId(driver, 64c35aa3f581, 42859, None)
[2026-06-29T19:15:19.391+0000] {subprocess.py:93} INFO - 26/06/29 19:15:19 INFO StandaloneAppClient$ClientEndpoint: Executor added: app-20260629191519-0000/0 on worker-20260629191447-172.18.0.7-34289 (172.18.0.7:34289) with 8 core(s)
[2026-06-29T19:15:19.395+0000] {subprocess.py:93} INFO - 26/06/29 19:15:19 INFO StandaloneSchedulerBackend: Granted executor ID app-20260629191519-0000/0 on hostPort 172.18.0.7:34289 with 8 core(s), 1024.0 MiB RAM
[2026-06-29T19:15:19.574+0000] {subprocess.py:93} INFO - 26/06/29 19:15:19 INFO StandaloneAppClient$ClientEndpoint: Executor updated: app-20260629191519-0000/0 is now RUNNING
[2026-06-29T19:15:19.628+0000] {subprocess.py:93} INFO - 26/06/29 19:15:19 INFO StandaloneSchedulerBackend: SchedulerBackend is ready for scheduling beginning after reached minRegisteredResourcesRatio: 0.0
[2026-06-29T19:15:20.088+0000] {subprocess.py:93} INFO - 26/06/29 19:15:20 INFO SharedState: Setting hive.metastore.warehouse.dir ('null') to the value of spark.sql.warehouse.dir.
[2026-06-29T19:15:20.098+0000] {subprocess.py:93} INFO - 26/06/29 19:15:20 INFO SharedState: Warehouse path is 'file:/tmp/***tmpyvr007ox/spark-warehouse'.
[2026-06-29T19:15:23.936+0000] {subprocess.py:93} INFO - 26/06/29 19:15:23 INFO StandaloneSchedulerBackend$StandaloneDriverEndpoint: Registered executor NettyRpcEndpointRef(spark-client://Executor) (172.18.0.7:50350) with ID 0,  ResourceProfileId 0
[2026-06-29T19:15:24.058+0000] {subprocess.py:93} INFO - 26/06/29 19:15:24 INFO BlockManagerMasterEndpoint: Registering block manager 172.18.0.7:41099 with 434.4 MiB RAM, BlockManagerId(0, 172.18.0.7, 41099, None)
[2026-06-29T19:15:24.486+0000] {subprocess.py:93} INFO - 26/06/29 19:15:24 INFO InMemoryFileIndex: It took 638 ms to list leaf files for 1 paths.
[2026-06-29T19:15:24.634+0000] {subprocess.py:93} INFO - 26/06/29 19:15:24 INFO MemoryStore: Block broadcast_0 stored as values in memory (estimated size 209.1 KiB, free 434.2 MiB)
[2026-06-29T19:15:24.728+0000] {subprocess.py:93} INFO - 26/06/29 19:15:24 INFO MemoryStore: Block broadcast_0_piece0 stored as bytes in memory (estimated size 36.0 KiB, free 434.2 MiB)
[2026-06-29T19:15:24.733+0000] {subprocess.py:93} INFO - 26/06/29 19:15:24 INFO BlockManagerInfo: Added broadcast_0_piece0 in memory on 64c35aa3f581:42859 (size: 36.0 KiB, free: 434.4 MiB)
[2026-06-29T19:15:24.740+0000] {subprocess.py:93} INFO - 26/06/29 19:15:24 INFO SparkContext: Created broadcast 0 from json at NativeMethodAccessorImpl.java:0
[2026-06-29T19:15:29.057+0000] {subprocess.py:93} INFO - 26/06/29 19:15:29 INFO FileInputFormat: Total input files to process : 39
[2026-06-29T19:15:32.646+0000] {subprocess.py:93} INFO - 26/06/29 19:15:32 INFO FileInputFormat: Total input files to process : 39
[2026-06-29T19:15:32.674+0000] {subprocess.py:93} INFO - 26/06/29 19:15:32 INFO SparkContext: Starting job: json at NativeMethodAccessorImpl.java:0
[2026-06-29T19:15:32.695+0000] {subprocess.py:93} INFO - 26/06/29 19:15:32 INFO DAGScheduler: Got job 0 (json at NativeMethodAccessorImpl.java:0) with 1 output partitions
[2026-06-29T19:15:32.697+0000] {subprocess.py:93} INFO - 26/06/29 19:15:32 INFO DAGScheduler: Final stage: ResultStage 0 (json at NativeMethodAccessorImpl.java:0)
[2026-06-29T19:15:32.698+0000] {subprocess.py:93} INFO - 26/06/29 19:15:32 INFO DAGScheduler: Parents of final stage: List()
[2026-06-29T19:15:32.699+0000] {subprocess.py:93} INFO - 26/06/29 19:15:32 INFO DAGScheduler: Missing parents: List()
[2026-06-29T19:15:32.707+0000] {subprocess.py:93} INFO - 26/06/29 19:15:32 INFO DAGScheduler: Submitting ResultStage 0 (MapPartitionsRDD[2] at json at NativeMethodAccessorImpl.java:0), which has no missing parents
[2026-06-29T19:15:32.779+0000] {subprocess.py:93} INFO - 26/06/29 19:15:32 INFO MemoryStore: Block broadcast_1 stored as values in memory (estimated size 9.3 KiB, free 434.2 MiB)
[2026-06-29T19:15:32.784+0000] {subprocess.py:93} INFO - 26/06/29 19:15:32 INFO MemoryStore: Block broadcast_1_piece0 stored as bytes in memory (estimated size 5.0 KiB, free 434.1 MiB)
[2026-06-29T19:15:32.787+0000] {subprocess.py:93} INFO - 26/06/29 19:15:32 INFO BlockManagerInfo: Added broadcast_1_piece0 in memory on 64c35aa3f581:42859 (size: 5.0 KiB, free: 434.4 MiB)
[2026-06-29T19:15:32.788+0000] {subprocess.py:93} INFO - 26/06/29 19:15:32 INFO SparkContext: Created broadcast 1 from broadcast at DAGScheduler.scala:1585
[2026-06-29T19:15:32.822+0000] {subprocess.py:93} INFO - 26/06/29 19:15:32 INFO DAGScheduler: Submitting 1 missing tasks from ResultStage 0 (MapPartitionsRDD[2] at json at NativeMethodAccessorImpl.java:0) (first 15 tasks are for partitions Vector(0))
[2026-06-29T19:15:32.826+0000] {subprocess.py:93} INFO - 26/06/29 19:15:32 INFO TaskSchedulerImpl: Adding task set 0.0 with 1 tasks resource profile 0
[2026-06-29T19:15:32.899+0000] {subprocess.py:93} INFO - 26/06/29 19:15:32 INFO TaskSetManager: Starting task 0.0 in stage 0.0 (TID 0) (172.18.0.7, executor 0, partition 0, PROCESS_LOCAL, 12189 bytes)
[2026-06-29T19:15:33.299+0000] {subprocess.py:93} INFO - 26/06/29 19:15:33 INFO BlockManagerInfo: Added broadcast_1_piece0 in memory on 172.18.0.7:41099 (size: 5.0 KiB, free: 434.4 MiB)
[2026-06-29T19:15:33.631+0000] {subprocess.py:93} INFO - 26/06/29 19:15:33 INFO BlockManagerInfo: Added broadcast_0_piece0 in memory on 172.18.0.7:41099 (size: 36.0 KiB, free: 434.4 MiB)
[2026-06-29T19:15:34.314+0000] {subprocess.py:93} INFO - 26/06/29 19:15:34 INFO TaskSetManager: Finished task 0.0 in stage 0.0 (TID 0) in 1436 ms on 172.18.0.7 (executor 0) (1/1)
[2026-06-29T19:15:34.317+0000] {subprocess.py:93} INFO - 26/06/29 19:15:34 INFO TaskSchedulerImpl: Removed TaskSet 0.0, whose tasks have all completed, from pool
[2026-06-29T19:15:34.322+0000] {subprocess.py:93} INFO - 26/06/29 19:15:34 INFO DAGScheduler: ResultStage 0 (json at NativeMethodAccessorImpl.java:0) finished in 1.595 s
[2026-06-29T19:15:34.326+0000] {subprocess.py:93} INFO - 26/06/29 19:15:34 INFO DAGScheduler: Job 0 is finished. Cancelling potential speculative or zombie tasks for this job
[2026-06-29T19:15:34.327+0000] {subprocess.py:93} INFO - 26/06/29 19:15:34 INFO TaskSchedulerImpl: Killing all running tasks in stage 0: Stage finished
[2026-06-29T19:15:34.334+0000] {subprocess.py:93} INFO - 26/06/29 19:15:34 INFO DAGScheduler: Job 0 finished: json at NativeMethodAccessorImpl.java:0, took 1.659114 s
[2026-06-29T19:15:34.426+0000] {subprocess.py:93} INFO - 26/06/29 19:15:34 INFO BlockManagerInfo: Removed broadcast_0_piece0 on 64c35aa3f581:42859 in memory (size: 36.0 KiB, free: 434.4 MiB)
[2026-06-29T19:15:34.442+0000] {subprocess.py:93} INFO - 26/06/29 19:15:34 INFO BlockManagerInfo: Removed broadcast_0_piece0 on 172.18.0.7:41099 in memory (size: 36.0 KiB, free: 434.4 MiB)
[2026-06-29T19:15:34.458+0000] {subprocess.py:93} INFO - 26/06/29 19:15:34 INFO BlockManagerInfo: Removed broadcast_1_piece0 on 64c35aa3f581:42859 in memory (size: 5.0 KiB, free: 434.4 MiB)
[2026-06-29T19:15:34.461+0000] {subprocess.py:93} INFO - 26/06/29 19:15:34 INFO BlockManagerInfo: Removed broadcast_1_piece0 on 172.18.0.7:41099 in memory (size: 5.0 KiB, free: 434.4 MiB)
[2026-06-29T19:15:35.166+0000] {subprocess.py:93} INFO - Columns:
[2026-06-29T19:15:35.209+0000] {subprocess.py:93} INFO - ['_corrupt_record']
[2026-06-29T19:15:35.213+0000] {subprocess.py:93} INFO - root
[2026-06-29T19:15:35.214+0000] {subprocess.py:93} INFO -  |-- _corrupt_record: string (nullable = true)
[2026-06-29T19:15:35.216+0000] {subprocess.py:93} INFO - 
[2026-06-29T19:15:35.691+0000] {subprocess.py:93} INFO - 26/06/29 19:15:35 INFO FileSourceStrategy: Pushed Filters:
[2026-06-29T19:15:35.693+0000] {subprocess.py:93} INFO - 26/06/29 19:15:35 INFO FileSourceStrategy: Post-Scan Filters:
[2026-06-29T19:15:36.036+0000] {subprocess.py:93} INFO - 26/06/29 19:15:36 INFO CodeGenerator: Code generated in 164.722884 ms
[2026-06-29T19:15:36.041+0000] {subprocess.py:93} INFO - 26/06/29 19:15:36 INFO MemoryStore: Block broadcast_2 stored as values in memory (estimated size 205.1 KiB, free 434.2 MiB)
[2026-06-29T19:15:36.051+0000] {subprocess.py:93} INFO - 26/06/29 19:15:36 INFO MemoryStore: Block broadcast_2_piece0 stored as bytes in memory (estimated size 35.1 KiB, free 434.2 MiB)
[2026-06-29T19:15:36.053+0000] {subprocess.py:93} INFO - 26/06/29 19:15:36 INFO BlockManagerInfo: Added broadcast_2_piece0 in memory on 64c35aa3f581:42859 (size: 35.1 KiB, free: 434.4 MiB)
[2026-06-29T19:15:36.054+0000] {subprocess.py:93} INFO - 26/06/29 19:15:36 INFO SparkContext: Created broadcast 2 from showString at NativeMethodAccessorImpl.java:0
[2026-06-29T19:15:36.191+0000] {subprocess.py:93} INFO - Traceback (most recent call last):
[2026-06-29T19:15:36.192+0000] {subprocess.py:93} INFO -   File "/opt/***/pyspark_processing/sss.py", line 99, in <module>
[2026-06-29T19:15:36.194+0000] {subprocess.py:93} INFO -     stream_df.show(5, False)
[2026-06-29T19:15:36.195+0000] {subprocess.py:93} INFO -   File "/opt/spark/python/lib/pyspark.zip/pyspark/sql/dataframe.py", line 945, in show
[2026-06-29T19:15:36.195+0000] {subprocess.py:93} INFO -   File "/opt/spark/python/lib/pyspark.zip/pyspark/sql/dataframe.py", line 976, in _show_string
[2026-06-29T19:15:36.196+0000] {subprocess.py:93} INFO -   File "/opt/spark/python/lib/py4j-0.10.9.7-src.zip/py4j/java_gateway.py", line 1322, in __call__
[2026-06-29T19:15:36.197+0000] {subprocess.py:93} INFO -   File "/opt/spark/python/lib/pyspark.zip/pyspark/errors/exceptions/captured.py", line 185, in deco
[2026-06-29T19:15:36.202+0000] {subprocess.py:93} INFO - pyspark.errors.exceptions.captured.AnalysisException: Since Spark 2.3, the queries from raw JSON/CSV files are disallowed when the
[2026-06-29T19:15:36.204+0000] {subprocess.py:93} INFO - referenced columns only include the internal corrupt record column
[2026-06-29T19:15:36.205+0000] {subprocess.py:93} INFO - (named _corrupt_record by default). For example:
[2026-06-29T19:15:36.205+0000] {subprocess.py:93} INFO - spark.read.schema(schema).csv(file).filter($"_corrupt_record".isNotNull).count()
[2026-06-29T19:15:36.206+0000] {subprocess.py:93} INFO - and spark.read.schema(schema).csv(file).select("_corrupt_record").show().
[2026-06-29T19:15:36.207+0000] {subprocess.py:93} INFO - Instead, you can cache or save the parsed results and then send the same query.
[2026-06-29T19:15:36.209+0000] {subprocess.py:93} INFO - For example, val df = spark.read.schema(schema).csv(file).cache() and then
[2026-06-29T19:15:36.210+0000] {subprocess.py:93} INFO - df.filter($"_corrupt_record".isNotNull).count().
[2026-06-29T19:15:36.274+0000] {subprocess.py:93} INFO - 26/06/29 19:15:36 INFO SparkContext: Invoking stop() from shutdown hook
[2026-06-29T19:15:36.276+0000] {subprocess.py:93} INFO - 26/06/29 19:15:36 INFO SparkContext: SparkContext is stopping with exitCode 0.
[2026-06-29T19:15:36.291+0000] {subprocess.py:93} INFO - 26/06/29 19:15:36 INFO SparkUI: Stopped Spark web UI at http://64c35aa3f581:4040
[2026-06-29T19:15:36.295+0000] {subprocess.py:93} INFO - 26/06/29 19:15:36 INFO StandaloneSchedulerBackend: Shutting down all executors
[2026-06-29T19:15:36.297+0000] {subprocess.py:93} INFO - 26/06/29 19:15:36 INFO StandaloneSchedulerBackend$StandaloneDriverEndpoint: Asking each executor to shut down
[2026-06-29T19:15:36.321+0000] {subprocess.py:93} INFO - 26/06/29 19:15:36 INFO MapOutputTrackerMasterEndpoint: MapOutputTrackerMasterEndpoint stopped!
[2026-06-29T19:15:36.345+0000] {subprocess.py:93} INFO - 26/06/29 19:15:36 INFO MemoryStore: MemoryStore cleared
[2026-06-29T19:15:36.348+0000] {subprocess.py:93} INFO - 26/06/29 19:15:36 INFO BlockManager: BlockManager stopped
[2026-06-29T19:15:36.358+0000] {subprocess.py:93} INFO - 26/06/29 19:15:36 INFO BlockManagerMaster: BlockManagerMaster stopped
[2026-06-29T19:15:36.366+0000] {subprocess.py:93} INFO - 26/06/29 19:15:36 INFO OutputCommitCoordinator$OutputCommitCoordinatorEndpoint: OutputCommitCoordinator stopped!
[2026-06-29T19:15:36.388+0000] {subprocess.py:93} INFO - 26/06/29 19:15:36 INFO SparkContext: Successfully stopped SparkContext
[2026-06-29T19:15:36.389+0000] {subprocess.py:93} INFO - 26/06/29 19:15:36 INFO ShutdownHookManager: Shutdown hook called
[2026-06-29T19:15:36.391+0000] {subprocess.py:93} INFO - 26/06/29 19:15:36 INFO ShutdownHookManager: Deleting directory /tmp/spark-a1a9a023-b060-4f9a-adca-b0c3e55c1692
[2026-06-29T19:15:36.396+0000] {subprocess.py:93} INFO - 26/06/29 19:15:36 INFO ShutdownHookManager: Deleting directory /tmp/spark-7d7b4758-86fc-4356-b615-dd6e38c7d001
[2026-06-29T19:15:36.402+0000] {subprocess.py:93} INFO - 26/06/29 19:15:36 INFO ShutdownHookManager: Deleting directory /tmp/spark-a1a9a023-b060-4f9a-adca-b0c3e55c1692/pyspark-009ed629-9cf7-4095-9934-711019982a2a
[2026-06-29T19:15:36.470+0000] {subprocess.py:97} INFO - Command exited with return code 1
[2026-06-29T19:15:36.489+0000] {taskinstance.py:3301} ERROR - Task failed with exception
Traceback (most recent call last):
  File "/home/airflow/.local/lib/python3.12/site-packages/airflow/models/taskinstance.py", line 762, in _execute_task
    result = _execute_callable(context=context, **execute_callable_kwargs)
             ^^^^^^^^^^^^^^^^^^^^^^^^^^^^^^^^^^^^^^^^^^^^^^^^^^^^^^^^^^^^^
  File "/home/airflow/.local/lib/python3.12/site-packages/airflow/models/taskinstance.py", line 733, in _execute_callable
    return ExecutionCallableRunner(
           ^^^^^^^^^^^^^^^^^^^^^^^^
  File "/home/airflow/.local/lib/python3.12/site-packages/airflow/utils/operator_helpers.py", line 252, in run
    return self.func(*args, **kwargs)
           ^^^^^^^^^^^^^^^^^^^^^^^^^^
  File "/home/airflow/.local/lib/python3.12/site-packages/airflow/models/baseoperator.py", line 406, in wrapper
    return func(self, *args, **kwargs)
           ^^^^^^^^^^^^^^^^^^^^^^^^^^^
  File "/home/airflow/.local/lib/python3.12/site-packages/airflow/operators/bash.py", line 249, in execute
    raise AirflowException(
airflow.exceptions.AirflowException: Bash command failed. The command returned a non-zero exit code 1.
[2026-06-29T19:15:36.510+0000] {taskinstance.py:1225} INFO - Marking task as UP_FOR_RETRY. dag_id=gold_price_pipeline, task_id=run_spark_etl, run_id=manual__2026-06-29T19:09:43.806261+00:00, execution_date=20260629T190943, start_date=20260629T191514, end_date=20260629T191536
[2026-06-29T19:15:36.548+0000] {taskinstance.py:340} INFO - ::group::Post task execution logs
[2026-06-29T19:15:36.550+0000] {standard_task_runner.py:124} ERROR - Failed to execute job 18 for task run_spark_etl (Bash command failed. The command returned a non-zero exit code 1.; 189)
Traceback (most recent call last):
  File "/home/airflow/.local/lib/python3.12/site-packages/airflow/task/task_runner/standard_task_runner.py", line 117, in _start_by_fork
    ret = args.func(args, dag=self.dag)
          ^^^^^^^^^^^^^^^^^^^^^^^^^^^^^
  File "/home/airflow/.local/lib/python3.12/site-packages/airflow/cli/cli_config.py", line 49, in command
    return func(*args, **kwargs)
           ^^^^^^^^^^^^^^^^^^^^^
  File "/home/airflow/.local/lib/python3.12/site-packages/airflow/utils/cli.py", line 115, in wrapper
    return f(*args, **kwargs)
           ^^^^^^^^^^^^^^^^^^
  File "/home/airflow/.local/lib/python3.12/site-packages/airflow/cli/commands/task_command.py", line 483, in task_run
    task_return_code = _run_task_by_selected_method(args, _dag, ti)
                       ^^^^^^^^^^^^^^^^^^^^^^^^^^^^^^^^^^^^^^^^^^^^
  File "/home/airflow/.local/lib/python3.12/site-packages/airflow/cli/commands/task_command.py", line 256, in _run_task_by_selected_method
    return _run_raw_task(args, ti)
           ^^^^^^^^^^^^^^^^^^^^^^^
  File "/home/airflow/.local/lib/python3.12/site-packages/airflow/cli/commands/task_command.py", line 341, in _run_raw_task
    return ti._run_raw_task(
           ^^^^^^^^^^^^^^^^^
  File "/home/airflow/.local/lib/python3.12/site-packages/airflow/utils/session.py", line 97, in wrapper
    return func(*args, session=session, **kwargs)
           ^^^^^^^^^^^^^^^^^^^^^^^^^^^^^^^^^^^^^^
  File "/home/airflow/.local/lib/python3.12/site-packages/airflow/models/taskinstance.py", line 2995, in _run_raw_task
    return _run_raw_task(
           ^^^^^^^^^^^^^^
  File "/home/airflow/.local/lib/python3.12/site-packages/airflow/models/taskinstance.py", line 273, in _run_raw_task
    TaskInstance._execute_task_with_callbacks(
  File "/home/airflow/.local/lib/python3.12/site-packages/airflow/models/taskinstance.py", line 3149, in _execute_task_with_callbacks
    result = self._execute_task(context, task_orig)
             ^^^^^^^^^^^^^^^^^^^^^^^^^^^^^^^^^^^^^^
  File "/home/airflow/.local/lib/python3.12/site-packages/airflow/models/taskinstance.py", line 3173, in _execute_task
    return _execute_task(self, context, task_orig)
           ^^^^^^^^^^^^^^^^^^^^^^^^^^^^^^^^^^^^^^^
  File "/home/airflow/.local/lib/python3.12/site-packages/airflow/models/taskinstance.py", line 762, in _execute_task
    result = _execute_callable(context=context, **execute_callable_kwargs)
             ^^^^^^^^^^^^^^^^^^^^^^^^^^^^^^^^^^^^^^^^^^^^^^^^^^^^^^^^^^^^^
  File "/home/airflow/.local/lib/python3.12/site-packages/airflow/models/taskinstance.py", line 733, in _execute_callable
    return ExecutionCallableRunner(
           ^^^^^^^^^^^^^^^^^^^^^^^^
  File "/home/airflow/.local/lib/python3.12/site-packages/airflow/utils/operator_helpers.py", line 252, in run
    return self.func(*args, **kwargs)
           ^^^^^^^^^^^^^^^^^^^^^^^^^^
  File "/home/airflow/.local/lib/python3.12/site-packages/airflow/models/baseoperator.py", line 406, in wrapper
    return func(self, *args, **kwargs)
           ^^^^^^^^^^^^^^^^^^^^^^^^^^^
  File "/home/airflow/.local/lib/python3.12/site-packages/airflow/operators/bash.py", line 249, in execute
    raise AirflowException(
airflow.exceptions.AirflowException: Bash command failed. The command returned a non-zero exit code 1.
[2026-06-29T19:15:36.570+0000] {local_task_job_runner.py:261} INFO - Task exited with return code 1
[2026-06-29T19:15:36.599+0000] {taskinstance.py:3891} INFO - 0 downstream tasks scheduled from follow-on schedule check
[2026-06-29T19:15:36.603+0000] {local_task_job_runner.py:240} INFO - ::endgroup::
