[2026-06-28T18:17:40.044+0000] {local_task_job_runner.py:123} INFO - ::group::Pre task execution logs
[2026-06-28T18:17:40.087+0000] {taskinstance.py:2603} INFO - Dependencies all met for dep_context=non-requeueable deps ti=<TaskInstance: gold_price_pipeline.run_dbt_models manual__2026-06-28T18:15:33.901932+00:00 [queued]>
[2026-06-28T18:17:40.116+0000] {taskinstance.py:2603} INFO - Dependencies all met for dep_context=requeueable deps ti=<TaskInstance: gold_price_pipeline.run_dbt_models manual__2026-06-28T18:15:33.901932+00:00 [queued]>
[2026-06-28T18:17:40.117+0000] {taskinstance.py:2856} INFO - Starting attempt 1 of 3
[2026-06-28T18:17:40.145+0000] {taskinstance.py:2879} INFO - Executing <Task(BashOperator): run_dbt_models> on 2026-06-28 18:15:33.901932+00:00
[2026-06-28T18:17:40.158+0000] {logging_mixin.py:190} WARNING - /home/***/.local/lib/python3.12/site-packages/***/task/task_runner/standard_task_runner.py:70 DeprecationWarning: This process (pid=2068) is multi-threaded, use of fork() may lead to deadlocks in the child.
[2026-06-28T18:17:40.157+0000] {standard_task_runner.py:104} INFO - Running: ['***', 'tasks', 'run', 'gold_price_pipeline', 'run_dbt_models', 'manual__2026-06-28T18:15:33.901932+00:00', '--job-id', '64', '--raw', '--subdir', 'DAGS_FOLDER/gold_pipeline.py', '--cfg-path', '/tmp/tmpk2gwfgm7']
[2026-06-28T18:17:40.162+0000] {standard_task_runner.py:105} INFO - Job 64: Subtask run_dbt_models
[2026-06-28T18:17:40.162+0000] {standard_task_runner.py:72} INFO - Started process 2069 to run task
[2026-06-28T18:17:40.327+0000] {task_command.py:467} INFO - Running <TaskInstance: gold_price_pipeline.run_dbt_models manual__2026-06-28T18:15:33.901932+00:00 [running]> on host a2bb4f60b74c
[2026-06-28T18:17:40.460+0000] {taskinstance.py:3122} INFO - Exporting env vars: AIRFLOW_CTX_DAG_OWNER='Sayed' AIRFLOW_CTX_DAG_ID='gold_price_pipeline' AIRFLOW_CTX_TASK_ID='run_dbt_models' AIRFLOW_CTX_EXECUTION_DATE='2026-06-28T18:15:33.901932+00:00' AIRFLOW_CTX_TRY_NUMBER='1' AIRFLOW_CTX_DAG_RUN_ID='manual__2026-06-28T18:15:33.901932+00:00'
[2026-06-28T18:17:40.462+0000] {taskinstance.py:731} INFO - ::endgroup::
[2026-06-28T18:17:40.482+0000] {subprocess.py:63} INFO - Tmp dir root location: /tmp
[2026-06-28T18:17:40.485+0000] {subprocess.py:75} INFO - Running command: ['/usr/bin/bash', '-c', '\n    cd /opt/***/gold_price_dbt &&\n    dbt run --profiles-dir /opt/***\n    ']
[2026-06-28T18:17:40.498+0000] {subprocess.py:86} INFO - Output:
[2026-06-28T18:17:43.203+0000] {subprocess.py:93} INFO - [0m18:17:43  Running with dbt=1.11.11
[2026-06-28T18:17:45.195+0000] {subprocess.py:93} INFO - [0m18:17:45  Registered adapter: databricks=1.12.1
[2026-06-28T18:17:45.395+0000] {subprocess.py:93} INFO - [0m18:17:45  Unable to do partial parsing because of a version mismatch
[2026-06-28T18:17:47.276+0000] {subprocess.py:93} INFO - [0m18:17:47  [[33mWARNING[0m]: Configuration paths exist in your dbt_project.yml file which do not apply to any resources.
[2026-06-28T18:17:47.277+0000] {subprocess.py:93} INFO - There are 1 unused configuration paths:
[2026-06-28T18:17:47.278+0000] {subprocess.py:93} INFO - - models.gold_price_dbt.example
[2026-06-28T18:17:47.466+0000] {subprocess.py:93} INFO - [0m18:17:47  Found 5 models, 758 macros
[2026-06-28T18:17:47.499+0000] {subprocess.py:93} INFO - [0m18:17:47
[2026-06-28T18:17:47.500+0000] {subprocess.py:93} INFO - [0m18:17:47  Concurrency: 1 threads (target='dev')
[2026-06-28T18:17:47.502+0000] {subprocess.py:93} INFO - [0m18:17:47
[2026-06-28T18:17:53.312+0000] {subprocess.py:93} INFO - [0m18:17:53  1 of 5 START sql view model gold_layer.stg_gold_price .......................... [RUN]
[2026-06-28T18:18:00.029+0000] {subprocess.py:93} INFO - [0m18:18:00  1 of 5 OK created sql view model gold_layer.stg_gold_price ..................... [[32mOK[0m in 6.71s]
[2026-06-28T18:18:00.034+0000] {subprocess.py:93} INFO - [0m18:18:00  2 of 5 START sql table model gold_layer.dim_currency ........................... [RUN]
[2026-06-28T18:18:10.477+0000] {subprocess.py:93} INFO - [0m18:18:10  2 of 5 OK created sql table model gold_layer.dim_currency ...................... [[32mOK[0m in 10.44s]
[2026-06-28T18:18:10.484+0000] {subprocess.py:93} INFO - [0m18:18:10  3 of 5 START sql table model gold_layer.dim_date ............................... [RUN]
[2026-06-28T18:18:13.946+0000] {subprocess.py:93} INFO - [0m18:18:13  3 of 5 OK created sql table model gold_layer.dim_date .......................... [[32mOK[0m in 3.46s]
[2026-06-28T18:18:13.951+0000] {subprocess.py:93} INFO - [0m18:18:13  4 of 5 START sql table model gold_layer.dim_time ............................... [RUN]
[2026-06-28T18:18:17.142+0000] {subprocess.py:93} INFO - [0m18:18:17  4 of 5 OK created sql table model gold_layer.dim_time .......................... [[32mOK[0m in 3.19s]
[2026-06-28T18:18:17.147+0000] {subprocess.py:93} INFO - [0m18:18:17  5 of 5 START sql table model gold_layer.fact_gold_price ........................ [RUN]
[2026-06-28T18:18:22.045+0000] {subprocess.py:93} INFO - [0m18:18:22  5 of 5 OK created sql table model gold_layer.fact_gold_price ................... [[32mOK[0m in 4.89s]
[2026-06-28T18:18:22.055+0000] {subprocess.py:93} INFO - [0m18:18:22
[2026-06-28T18:18:22.056+0000] {subprocess.py:93} INFO - [0m18:18:22  Finished running 4 table models, 1 view model in 0 hours 0 minutes and 34.55 seconds (34.55s).
[2026-06-28T18:18:22.223+0000] {subprocess.py:93} INFO - [0m18:18:22
[2026-06-28T18:18:22.225+0000] {subprocess.py:93} INFO - [0m18:18:22  [32mCompleted successfully[0m
[2026-06-28T18:18:22.226+0000] {subprocess.py:93} INFO - [0m18:18:22
[2026-06-28T18:18:22.228+0000] {subprocess.py:93} INFO - [0m18:18:22  Done. PASS=5 WARN=0 ERROR=0 SKIP=0 NO-OP=0 TOTAL=5
[2026-06-28T18:18:23.876+0000] {subprocess.py:97} INFO - Command exited with return code 0
[2026-06-28T18:18:23.912+0000] {taskinstance.py:340} INFO - ::group::Post task execution logs
[2026-06-28T18:18:23.914+0000] {taskinstance.py:352} INFO - Marking task as SUCCESS. dag_id=gold_price_pipeline, task_id=run_dbt_models, run_id=manual__2026-06-28T18:15:33.901932+00:00, execution_date=20260628T181533, start_date=20260628T181740, end_date=20260628T181823
[2026-06-28T18:18:23.941+0000] {local_task_job_runner.py:261} INFO - Task exited with return code 0
[2026-06-28T18:18:23.968+0000] {taskinstance.py:3891} INFO - 0 downstream tasks scheduled from follow-on schedule check
[2026-06-28T18:18:23.972+0000] {local_task_job_runner.py:240} INFO - ::endgroup::
