[2026-06-28T17:01:42.863+0000] {local_task_job_runner.py:123} INFO - ::group::Pre task execution logs
[2026-06-28T17:01:42.883+0000] {taskinstance.py:2603} INFO - Dependencies all met for dep_context=non-requeueable deps ti=<TaskInstance: gold_price_pipeline.run_dbt_models scheduled__2026-06-28T16:00:00+00:00 [queued]>
[2026-06-28T17:01:42.898+0000] {taskinstance.py:2603} INFO - Dependencies all met for dep_context=requeueable deps ti=<TaskInstance: gold_price_pipeline.run_dbt_models scheduled__2026-06-28T16:00:00+00:00 [queued]>
[2026-06-28T17:01:42.899+0000] {taskinstance.py:2856} INFO - Starting attempt 1 of 3
[2026-06-28T17:01:42.915+0000] {taskinstance.py:2879} INFO - Executing <Task(BashOperator): run_dbt_models> on 2026-06-28 16:00:00+00:00
[2026-06-28T17:01:42.925+0000] {logging_mixin.py:190} WARNING - /home/***/.local/lib/python3.12/site-packages/***/task/task_runner/standard_task_runner.py:70 DeprecationWarning: This process (pid=2237) is multi-threaded, use of fork() may lead to deadlocks in the child.
[2026-06-28T17:01:42.924+0000] {standard_task_runner.py:104} INFO - Running: ['***', 'tasks', 'run', 'gold_price_pipeline', 'run_dbt_models', 'scheduled__2026-06-28T16:00:00+00:00', '--job-id', '12', '--raw', '--subdir', 'DAGS_FOLDER/gold_pipeline.py', '--cfg-path', '/tmp/tmppgensu08']
[2026-06-28T17:01:42.928+0000] {standard_task_runner.py:72} INFO - Started process 2238 to run task
[2026-06-28T17:01:42.928+0000] {standard_task_runner.py:105} INFO - Job 12: Subtask run_dbt_models
[2026-06-28T17:01:43.013+0000] {task_command.py:467} INFO - Running <TaskInstance: gold_price_pipeline.run_dbt_models scheduled__2026-06-28T16:00:00+00:00 [running]> on host f145927dec0c
[2026-06-28T17:01:43.112+0000] {taskinstance.py:3122} INFO - Exporting env vars: AIRFLOW_CTX_DAG_OWNER='Sayed' AIRFLOW_CTX_DAG_ID='gold_price_pipeline' AIRFLOW_CTX_TASK_ID='run_dbt_models' AIRFLOW_CTX_EXECUTION_DATE='2026-06-28T16:00:00+00:00' AIRFLOW_CTX_TRY_NUMBER='1' AIRFLOW_CTX_DAG_RUN_ID='scheduled__2026-06-28T16:00:00+00:00'
[2026-06-28T17:01:43.114+0000] {taskinstance.py:731} INFO - ::endgroup::
[2026-06-28T17:01:43.131+0000] {subprocess.py:63} INFO - Tmp dir root location: /tmp
[2026-06-28T17:01:43.133+0000] {subprocess.py:75} INFO - Running command: ['/usr/bin/bash', '-c', '\n        cd /opt/***/gold_price_dbt &&\n        dbt run\n        ']
[2026-06-28T17:01:43.144+0000] {subprocess.py:86} INFO - Output:
[2026-06-28T17:01:45.418+0000] {subprocess.py:93} INFO - Usage: dbt run [OPTIONS]
[2026-06-28T17:01:45.419+0000] {subprocess.py:93} INFO - Try 'dbt run --help' for help.
[2026-06-28T17:01:45.421+0000] {subprocess.py:93} INFO - 
[2026-06-28T17:01:45.422+0000] {subprocess.py:93} INFO - Error: Invalid value for '--profiles-dir': Path '/home/***/.dbt' does not exist.
[2026-06-28T17:01:45.830+0000] {subprocess.py:97} INFO - Command exited with return code 2
[2026-06-28T17:01:45.849+0000] {taskinstance.py:3301} ERROR - Task failed with exception
Traceback (most recent call last):
  File "/home/airflow/.local/lib/python3.12/site-packages/airflow/models/taskinstance.py", line 767, in _execute_task
    result = _execute_callable(context=context, **execute_callable_kwargs)
             ^^^^^^^^^^^^^^^^^^^^^^^^^^^^^^^^^^^^^^^^^^^^^^^^^^^^^^^^^^^^^
  File "/home/airflow/.local/lib/python3.12/site-packages/airflow/models/taskinstance.py", line 733, in _execute_callable
    return ExecutionCallableRunner(
           ^^^^^^^^^^^^^^^^^^^^^^^^
  File "/home/airflow/.local/lib/python3.12/site-packages/airflow/utils/operator_helpers.py", line 252, in run
    return self.func(*args, **kwargs)
           ^^^^^^^^^^^^^^^^^^^^^^^^^^
  File "/home/airflow/.local/lib/python3.12/site-packages/airflow/models/baseoperator.py", line 406, in wrapper
    return func(self, *args, **kwargs)
           ^^^^^^^^^^^^^^^^^^^^^^^^^^^
  File "/home/airflow/.local/lib/python3.12/site-packages/airflow/operators/bash.py", line 249, in execute
    raise AirflowException(
airflow.exceptions.AirflowException: Bash command failed. The command returned a non-zero exit code 2.
[2026-06-28T17:01:45.861+0000] {taskinstance.py:1225} INFO - Marking task as UP_FOR_RETRY. dag_id=gold_price_pipeline, task_id=run_dbt_models, run_id=scheduled__2026-06-28T16:00:00+00:00, execution_date=20260628T160000, start_date=20260628T170142, end_date=20260628T170145
[2026-06-28T17:01:45.890+0000] {taskinstance.py:340} INFO - ::group::Post task execution logs
[2026-06-28T17:01:45.893+0000] {standard_task_runner.py:124} ERROR - Failed to execute job 12 for task run_dbt_models (Bash command failed. The command returned a non-zero exit code 2.; 2238)
Traceback (most recent call last):
  File "/home/airflow/.local/lib/python3.12/site-packages/airflow/task/task_runner/standard_task_runner.py", line 117, in _start_by_fork
    ret = args.func(args, dag=self.dag)
          ^^^^^^^^^^^^^^^^^^^^^^^^^^^^^
  File "/home/airflow/.local/lib/python3.12/site-packages/airflow/cli/cli_config.py", line 49, in command
    return func(*args, **kwargs)
           ^^^^^^^^^^^^^^^^^^^^^
  File "/home/airflow/.local/lib/python3.12/site-packages/airflow/utils/cli.py", line 115, in wrapper
    return f(*args, **kwargs)
           ^^^^^^^^^^^^^^^^^^
  File "/home/airflow/.local/lib/python3.12/site-packages/airflow/cli/commands/task_command.py", line 483, in task_run
    task_return_code = _run_task_by_selected_method(args, _dag, ti)
                       ^^^^^^^^^^^^^^^^^^^^^^^^^^^^^^^^^^^^^^^^^^^^
  File "/home/airflow/.local/lib/python3.12/site-packages/airflow/cli/commands/task_command.py", line 256, in _run_task_by_selected_method
    return _run_raw_task(args, ti)
           ^^^^^^^^^^^^^^^^^^^^^^^
  File "/home/airflow/.local/lib/python3.12/site-packages/airflow/cli/commands/task_command.py", line 341, in _run_raw_task
    return ti._run_raw_task(
           ^^^^^^^^^^^^^^^^^
  File "/home/airflow/.local/lib/python3.12/site-packages/airflow/utils/session.py", line 97, in wrapper
    return func(*args, session=session, **kwargs)
           ^^^^^^^^^^^^^^^^^^^^^^^^^^^^^^^^^^^^^^
  File "/home/airflow/.local/lib/python3.12/site-packages/airflow/models/taskinstance.py", line 2995, in _run_raw_task
    return _run_raw_task(
           ^^^^^^^^^^^^^^
  File "/home/airflow/.local/lib/python3.12/site-packages/airflow/models/taskinstance.py", line 273, in _run_raw_task
    TaskInstance._execute_task_with_callbacks(
  File "/home/airflow/.local/lib/python3.12/site-packages/airflow/models/taskinstance.py", line 3149, in _execute_task_with_callbacks
    result = self._execute_task(context, task_orig)
             ^^^^^^^^^^^^^^^^^^^^^^^^^^^^^^^^^^^^^^
  File "/home/airflow/.local/lib/python3.12/site-packages/airflow/models/taskinstance.py", line 3173, in _execute_task
    return _execute_task(self, context, task_orig)
           ^^^^^^^^^^^^^^^^^^^^^^^^^^^^^^^^^^^^^^^
  File "/home/airflow/.local/lib/python3.12/site-packages/airflow/models/taskinstance.py", line 767, in _execute_task
    result = _execute_callable(context=context, **execute_callable_kwargs)
             ^^^^^^^^^^^^^^^^^^^^^^^^^^^^^^^^^^^^^^^^^^^^^^^^^^^^^^^^^^^^^
  File "/home/airflow/.local/lib/python3.12/site-packages/airflow/models/taskinstance.py", line 733, in _execute_callable
    return ExecutionCallableRunner(
           ^^^^^^^^^^^^^^^^^^^^^^^^
  File "/home/airflow/.local/lib/python3.12/site-packages/airflow/utils/operator_helpers.py", line 252, in run
    return self.func(*args, **kwargs)
           ^^^^^^^^^^^^^^^^^^^^^^^^^^
  File "/home/airflow/.local/lib/python3.12/site-packages/airflow/models/baseoperator.py", line 406, in wrapper
    return func(self, *args, **kwargs)
           ^^^^^^^^^^^^^^^^^^^^^^^^^^^
  File "/home/airflow/.local/lib/python3.12/site-packages/airflow/operators/bash.py", line 249, in execute
    raise AirflowException(
airflow.exceptions.AirflowException: Bash command failed. The command returned a non-zero exit code 2.
[2026-06-28T17:01:45.945+0000] {local_task_job_runner.py:261} INFO - Task exited with return code 1
[2026-06-28T17:01:45.994+0000] {taskinstance.py:3891} INFO - 0 downstream tasks scheduled from follow-on schedule check
[2026-06-28T17:01:45.999+0000] {local_task_job_runner.py:240} INFO - ::endgroup::
