[2026-06-29T14:11:17.063+0000] {local_task_job_runner.py:123} INFO - ::group::Pre task execution logs
[2026-06-29T14:11:17.101+0000] {taskinstance.py:2603} INFO - Dependencies all met for dep_context=non-requeueable deps ti=<TaskInstance: gold_price_pipeline.run_dbt_models scheduled__2026-06-29T12:00:00+00:00 [queued]>
[2026-06-29T14:11:17.122+0000] {taskinstance.py:2603} INFO - Dependencies all met for dep_context=requeueable deps ti=<TaskInstance: gold_price_pipeline.run_dbt_models scheduled__2026-06-29T12:00:00+00:00 [queued]>
[2026-06-29T14:11:17.124+0000] {taskinstance.py:2856} INFO - Starting attempt 2 of 3
[2026-06-29T14:11:17.150+0000] {taskinstance.py:2879} INFO - Executing <Task(BashOperator): run_dbt_models> on 2026-06-29 12:00:00+00:00
[2026-06-29T14:11:17.165+0000] {logging_mixin.py:190} WARNING - /home/***/.local/lib/python3.12/site-packages/***/task/task_runner/standard_task_runner.py:70 DeprecationWarning: This process (pid=167) is multi-threaded, use of fork() may lead to deadlocks in the child.
[2026-06-29T14:11:17.165+0000] {standard_task_runner.py:104} INFO - Running: ['***', 'tasks', 'run', 'gold_price_pipeline', 'run_dbt_models', 'scheduled__2026-06-29T12:00:00+00:00', '--job-id', '45', '--raw', '--subdir', 'DAGS_FOLDER/gold_pipeline.py', '--cfg-path', '/tmp/tmpjpp1t4ly']
[2026-06-29T14:11:17.169+0000] {standard_task_runner.py:72} INFO - Started process 173 to run task
[2026-06-29T14:11:17.171+0000] {standard_task_runner.py:105} INFO - Job 45: Subtask run_dbt_models
[2026-06-29T14:11:17.306+0000] {task_command.py:467} INFO - Running <TaskInstance: gold_price_pipeline.run_dbt_models scheduled__2026-06-29T12:00:00+00:00 [running]> on host 3828c1b309b8
[2026-06-29T14:11:17.490+0000] {taskinstance.py:3122} INFO - Exporting env vars: AIRFLOW_CTX_DAG_OWNER='Sayed' AIRFLOW_CTX_DAG_ID='gold_price_pipeline' AIRFLOW_CTX_TASK_ID='run_dbt_models' AIRFLOW_CTX_EXECUTION_DATE='2026-06-29T12:00:00+00:00' AIRFLOW_CTX_TRY_NUMBER='2' AIRFLOW_CTX_DAG_RUN_ID='scheduled__2026-06-29T12:00:00+00:00'
[2026-06-29T14:11:17.492+0000] {taskinstance.py:731} INFO - ::endgroup::
[2026-06-29T14:11:17.533+0000] {subprocess.py:63} INFO - Tmp dir root location: /tmp
[2026-06-29T14:11:17.535+0000] {subprocess.py:75} INFO - Running command: ['/usr/bin/bash', '-c', '\n        cd /opt/***/gold_price_dbt &&         dbt run --profiles-dir /opt/***\n        ']
[2026-06-29T14:11:17.551+0000] {subprocess.py:86} INFO - Output:
[2026-06-29T14:11:23.117+0000] {subprocess.py:93} INFO - [0m14:11:23  Running with dbt=1.11.8
[2026-06-29T14:11:24.188+0000] {subprocess.py:93} INFO - WARNING:thrift.transport.sslcompat:using legacy validation callback
[2026-06-29T14:11:25.413+0000] {subprocess.py:93} INFO - [0m14:11:25  Registered adapter: databricks=1.11.8
[2026-06-29T14:11:26.812+0000] {subprocess.py:93} INFO - [0m14:11:26  [[33mWARNING[0m]: Configuration paths exist in your dbt_project.yml file which do not apply to any resources.
[2026-06-29T14:11:26.813+0000] {subprocess.py:93} INFO - There are 1 unused configuration paths:
[2026-06-29T14:11:26.814+0000] {subprocess.py:93} INFO - - models.gold_price_dbt.example
[2026-06-29T14:11:27.585+0000] {subprocess.py:93} INFO - [0m14:11:27  Found 5 models, 732 macros
[2026-06-29T14:11:27.590+0000] {subprocess.py:93} INFO - [0m14:11:27
[2026-06-29T14:11:27.591+0000] {subprocess.py:93} INFO - [0m14:11:27  Concurrency: 1 threads (target='dev')
[2026-06-29T14:11:27.592+0000] {subprocess.py:93} INFO - [0m14:11:27
[2026-06-29T14:11:33.571+0000] {subprocess.py:93} INFO - [0m14:11:33
[2026-06-29T14:11:33.573+0000] {subprocess.py:93} INFO - [0m14:11:33  Finished running  in 0 hours 0 minutes and 5.98 seconds (5.98s).
[2026-06-29T14:11:33.575+0000] {subprocess.py:93} INFO - [0m14:11:33  Encountered an error:
[2026-06-29T14:11:33.577+0000] {subprocess.py:93} INFO - Database Error
[2026-06-29T14:11:33.578+0000] {subprocess.py:93} INFO -   Database Error
[2026-06-29T14:11:33.579+0000] {subprocess.py:93} INFO -     Command failed because warehouse 0cc01a3ec41cbdb4 was stopped.
[2026-06-29T14:11:35.268+0000] {subprocess.py:97} INFO - Command exited with return code 2
[2026-06-29T14:11:35.281+0000] {taskinstance.py:3301} ERROR - Task failed with exception
Traceback (most recent call last):
  File "/home/airflow/.local/lib/python3.12/site-packages/airflow/models/taskinstance.py", line 762, in _execute_task
    result = _execute_callable(context=context, **execute_callable_kwargs)
             ^^^^^^^^^^^^^^^^^^^^^^^^^^^^^^^^^^^^^^^^^^^^^^^^^^^^^^^^^^^^^
  File "/home/airflow/.local/lib/python3.12/site-packages/airflow/models/taskinstance.py", line 733, in _execute_callable
    return ExecutionCallableRunner(
           ^^^^^^^^^^^^^^^^^^^^^^^^
  File "/home/airflow/.local/lib/python3.12/site-packages/airflow/utils/operator_helpers.py", line 252, in run
    return self.func(*args, **kwargs)
           ^^^^^^^^^^^^^^^^^^^^^^^^^^
  File "/home/airflow/.local/lib/python3.12/site-packages/airflow/models/baseoperator.py", line 406, in wrapper
    return func(self, *args, **kwargs)
           ^^^^^^^^^^^^^^^^^^^^^^^^^^^
  File "/home/airflow/.local/lib/python3.12/site-packages/airflow/operators/bash.py", line 249, in execute
    raise AirflowException(
airflow.exceptions.AirflowException: Bash command failed. The command returned a non-zero exit code 2.
[2026-06-29T14:11:35.295+0000] {taskinstance.py:1225} INFO - Marking task as UP_FOR_RETRY. dag_id=gold_price_pipeline, task_id=run_dbt_models, run_id=scheduled__2026-06-29T12:00:00+00:00, execution_date=20260629T120000, start_date=20260629T141117, end_date=20260629T141135
[2026-06-29T14:11:35.316+0000] {taskinstance.py:340} INFO - ::group::Post task execution logs
[2026-06-29T14:11:35.317+0000] {standard_task_runner.py:124} ERROR - Failed to execute job 45 for task run_dbt_models (Bash command failed. The command returned a non-zero exit code 2.; 173)
Traceback (most recent call last):
  File "/home/airflow/.local/lib/python3.12/site-packages/airflow/task/task_runner/standard_task_runner.py", line 117, in _start_by_fork
    ret = args.func(args, dag=self.dag)
          ^^^^^^^^^^^^^^^^^^^^^^^^^^^^^
  File "/home/airflow/.local/lib/python3.12/site-packages/airflow/cli/cli_config.py", line 49, in command
    return func(*args, **kwargs)
           ^^^^^^^^^^^^^^^^^^^^^
  File "/home/airflow/.local/lib/python3.12/site-packages/airflow/utils/cli.py", line 115, in wrapper
    return f(*args, **kwargs)
           ^^^^^^^^^^^^^^^^^^
  File "/home/airflow/.local/lib/python3.12/site-packages/airflow/cli/commands/task_command.py", line 483, in task_run
    task_return_code = _run_task_by_selected_method(args, _dag, ti)
                       ^^^^^^^^^^^^^^^^^^^^^^^^^^^^^^^^^^^^^^^^^^^^
  File "/home/airflow/.local/lib/python3.12/site-packages/airflow/cli/commands/task_command.py", line 256, in _run_task_by_selected_method
    return _run_raw_task(args, ti)
           ^^^^^^^^^^^^^^^^^^^^^^^
  File "/home/airflow/.local/lib/python3.12/site-packages/airflow/cli/commands/task_command.py", line 341, in _run_raw_task
    return ti._run_raw_task(
           ^^^^^^^^^^^^^^^^^
  File "/home/airflow/.local/lib/python3.12/site-packages/airflow/utils/session.py", line 97, in wrapper
    return func(*args, session=session, **kwargs)
           ^^^^^^^^^^^^^^^^^^^^^^^^^^^^^^^^^^^^^^
  File "/home/airflow/.local/lib/python3.12/site-packages/airflow/models/taskinstance.py", line 2995, in _run_raw_task
    return _run_raw_task(
           ^^^^^^^^^^^^^^
  File "/home/airflow/.local/lib/python3.12/site-packages/airflow/models/taskinstance.py", line 273, in _run_raw_task
    TaskInstance._execute_task_with_callbacks(
  File "/home/airflow/.local/lib/python3.12/site-packages/airflow/models/taskinstance.py", line 3149, in _execute_task_with_callbacks
    result = self._execute_task(context, task_orig)
             ^^^^^^^^^^^^^^^^^^^^^^^^^^^^^^^^^^^^^^
  File "/home/airflow/.local/lib/python3.12/site-packages/airflow/models/taskinstance.py", line 3173, in _execute_task
    return _execute_task(self, context, task_orig)
           ^^^^^^^^^^^^^^^^^^^^^^^^^^^^^^^^^^^^^^^
  File "/home/airflow/.local/lib/python3.12/site-packages/airflow/models/taskinstance.py", line 762, in _execute_task
    result = _execute_callable(context=context, **execute_callable_kwargs)
             ^^^^^^^^^^^^^^^^^^^^^^^^^^^^^^^^^^^^^^^^^^^^^^^^^^^^^^^^^^^^^
  File "/home/airflow/.local/lib/python3.12/site-packages/airflow/models/taskinstance.py", line 733, in _execute_callable
    return ExecutionCallableRunner(
           ^^^^^^^^^^^^^^^^^^^^^^^^
  File "/home/airflow/.local/lib/python3.12/site-packages/airflow/utils/operator_helpers.py", line 252, in run
    return self.func(*args, **kwargs)
           ^^^^^^^^^^^^^^^^^^^^^^^^^^
  File "/home/airflow/.local/lib/python3.12/site-packages/airflow/models/baseoperator.py", line 406, in wrapper
    return func(self, *args, **kwargs)
           ^^^^^^^^^^^^^^^^^^^^^^^^^^^
  File "/home/airflow/.local/lib/python3.12/site-packages/airflow/operators/bash.py", line 249, in execute
    raise AirflowException(
airflow.exceptions.AirflowException: Bash command failed. The command returned a non-zero exit code 2.
[2026-06-29T14:11:35.357+0000] {local_task_job_runner.py:261} INFO - Task exited with return code 1
[2026-06-29T14:11:35.382+0000] {taskinstance.py:3891} INFO - 0 downstream tasks scheduled from follow-on schedule check
[2026-06-29T14:11:35.385+0000] {local_task_job_runner.py:240} INFO - ::endgroup::
