[2026-06-28T23:59:39.106+0000] {local_task_job_runner.py:123} INFO - ::group::Pre task execution logs
[2026-06-28T23:59:39.130+0000] {taskinstance.py:2603} INFO - Dependencies all met for dep_context=non-requeueable deps ti=<TaskInstance: gold_price_pipeline.run_dbt_models manual__2026-06-28T23:57:50.110760+00:00 [queued]>
[2026-06-28T23:59:39.151+0000] {taskinstance.py:2603} INFO - Dependencies all met for dep_context=requeueable deps ti=<TaskInstance: gold_price_pipeline.run_dbt_models manual__2026-06-28T23:57:50.110760+00:00 [queued]>
[2026-06-28T23:59:39.153+0000] {taskinstance.py:2856} INFO - Starting attempt 1 of 3
[2026-06-28T23:59:39.178+0000] {taskinstance.py:2879} INFO - Executing <Task(BashOperator): run_dbt_models> on 2026-06-28 23:57:50.110760+00:00
[2026-06-28T23:59:39.192+0000] {logging_mixin.py:190} WARNING - /home/***/.local/lib/python3.12/site-packages/***/task/task_runner/standard_task_runner.py:70 DeprecationWarning: This process (pid=2648) is multi-threaded, use of fork() may lead to deadlocks in the child.
[2026-06-28T23:59:39.191+0000] {standard_task_runner.py:104} INFO - Running: ['***', 'tasks', 'run', 'gold_price_pipeline', 'run_dbt_models', 'manual__2026-06-28T23:57:50.110760+00:00', '--job-id', '17', '--raw', '--subdir', 'DAGS_FOLDER/gold_pipeline.py', '--cfg-path', '/tmp/tmp_mo4zhq1']
[2026-06-28T23:59:39.195+0000] {standard_task_runner.py:72} INFO - Started process 2649 to run task
[2026-06-28T23:59:39.196+0000] {standard_task_runner.py:105} INFO - Job 17: Subtask run_dbt_models
[2026-06-28T23:59:39.278+0000] {task_command.py:467} INFO - Running <TaskInstance: gold_price_pipeline.run_dbt_models manual__2026-06-28T23:57:50.110760+00:00 [running]> on host 3828c1b309b8
[2026-06-28T23:59:39.366+0000] {taskinstance.py:3122} INFO - Exporting env vars: AIRFLOW_CTX_DAG_OWNER='Sayed' AIRFLOW_CTX_DAG_ID='gold_price_pipeline' AIRFLOW_CTX_TASK_ID='run_dbt_models' AIRFLOW_CTX_EXECUTION_DATE='2026-06-28T23:57:50.110760+00:00' AIRFLOW_CTX_TRY_NUMBER='1' AIRFLOW_CTX_DAG_RUN_ID='manual__2026-06-28T23:57:50.110760+00:00'
[2026-06-28T23:59:39.472+0000] {taskinstance.py:731} INFO - ::endgroup::
[2026-06-28T23:59:39.494+0000] {subprocess.py:63} INFO - Tmp dir root location: /tmp
[2026-06-28T23:59:39.496+0000] {subprocess.py:75} INFO - Running command: ['/usr/bin/bash', '-c', '\n        cd /opt/***/gold_price_dbt &&         dbt run --profiles-dir /opt/***\n        ']
[2026-06-28T23:59:39.506+0000] {subprocess.py:86} INFO - Output:
[2026-06-28T23:59:42.523+0000] {subprocess.py:93} INFO - [0m23:59:42  Running with dbt=1.11.8
[2026-06-28T23:59:43.357+0000] {subprocess.py:93} INFO - WARNING:thrift.transport.sslcompat:using legacy validation callback
[2026-06-28T23:59:44.296+0000] {subprocess.py:93} INFO - [0m23:59:44  Registered adapter: databricks=1.11.8
[2026-06-28T23:59:44.601+0000] {subprocess.py:93} INFO - [0m23:59:44  [[33mWARNING[0m]: Configuration paths exist in your dbt_project.yml file which do not apply to any resources.
[2026-06-28T23:59:44.602+0000] {subprocess.py:93} INFO - There are 1 unused configuration paths:
[2026-06-28T23:59:44.603+0000] {subprocess.py:93} INFO - - models.gold_price_dbt.example
[2026-06-28T23:59:44.772+0000] {subprocess.py:93} INFO - [0m23:59:44  Found 5 models, 732 macros
[2026-06-28T23:59:44.777+0000] {subprocess.py:93} INFO - [0m23:59:44
[2026-06-28T23:59:44.778+0000] {subprocess.py:93} INFO - [0m23:59:44  Concurrency: 1 threads (target='dev')
[2026-06-28T23:59:44.779+0000] {subprocess.py:93} INFO - [0m23:59:44
[2026-06-28T23:59:47.221+0000] {subprocess.py:93} INFO - [0m23:59:47  1 of 5 START sql view model gold_layer.stg_gold_price .......................... [RUN]
[2026-06-28T23:59:49.067+0000] {subprocess.py:93} INFO - [0m23:59:49  1 of 5 OK created sql view model gold_layer.stg_gold_price ..................... [[32mOK[0m in 1.84s]
[2026-06-28T23:59:49.073+0000] {subprocess.py:93} INFO - [0m23:59:49  2 of 5 START sql table model gold_layer.dim_currency ........................... [RUN]
[2026-06-28T23:59:53.204+0000] {subprocess.py:93} INFO - [0m23:59:53  2 of 5 OK created sql table model gold_layer.dim_currency ...................... [[32mOK[0m in 4.13s]
[2026-06-28T23:59:53.208+0000] {subprocess.py:93} INFO - [0m23:59:53  3 of 5 START sql table model gold_layer.dim_date ............................... [RUN]
[2026-06-28T23:59:55.784+0000] {subprocess.py:93} INFO - [0m23:59:55  3 of 5 OK created sql table model gold_layer.dim_date .......................... [[32mOK[0m in 2.57s]
[2026-06-28T23:59:55.788+0000] {subprocess.py:93} INFO - [0m23:59:55  4 of 5 START sql table model gold_layer.dim_time ............................... [RUN]
[2026-06-28T23:59:58.368+0000] {subprocess.py:93} INFO - [0m23:59:58  4 of 5 OK created sql table model gold_layer.dim_time .......................... [[32mOK[0m in 2.58s]
[2026-06-28T23:59:58.372+0000] {subprocess.py:93} INFO - [0m23:59:58  5 of 5 START sql table model gold_layer.fact_gold_price ........................ [RUN]
[2026-06-29T00:00:02.354+0000] {subprocess.py:93} INFO - [0m00:00:02  5 of 5 OK created sql table model gold_layer.fact_gold_price ................... [[32mOK[0m in 3.98s]
[2026-06-29T00:00:02.361+0000] {subprocess.py:93} INFO - [0m00:00:02
[2026-06-29T00:00:02.363+0000] {subprocess.py:93} INFO - [0m00:00:02  Finished running 4 table models, 1 view model in 0 hours 0 minutes and 17.58 seconds (17.58s).
[2026-06-29T00:00:02.629+0000] {subprocess.py:93} INFO - [0m00:00:02
[2026-06-29T00:00:02.630+0000] {subprocess.py:93} INFO - [0m00:00:02  [32mCompleted successfully[0m
[2026-06-29T00:00:02.631+0000] {subprocess.py:93} INFO - [0m00:00:02
[2026-06-29T00:00:02.633+0000] {subprocess.py:93} INFO - [0m00:00:02  Done. PASS=5 WARN=0 ERROR=0 SKIP=0 NO-OP=0 TOTAL=5
[2026-06-29T00:00:04.107+0000] {subprocess.py:97} INFO - Command exited with return code 0
[2026-06-29T00:00:04.136+0000] {taskinstance.py:340} INFO - ::group::Post task execution logs
[2026-06-29T00:00:04.137+0000] {taskinstance.py:352} INFO - Marking task as SUCCESS. dag_id=gold_price_pipeline, task_id=run_dbt_models, run_id=manual__2026-06-28T23:57:50.110760+00:00, execution_date=20260628T235750, start_date=20260628T235939, end_date=20260629T000004
[2026-06-29T00:00:04.183+0000] {local_task_job_runner.py:261} INFO - Task exited with return code 0
[2026-06-29T00:00:04.201+0000] {standard_task_runner.py:217} INFO - Process not found (most likely exited), stop collecting metrics
[2026-06-29T00:00:04.205+0000] {taskinstance.py:3891} INFO - 0 downstream tasks scheduled from follow-on schedule check
[2026-06-29T00:00:04.207+0000] {local_task_job_runner.py:240} INFO - ::endgroup::
