[2026-06-29T18:31:36.589+0000] {local_task_job_runner.py:123} INFO - ::group::Pre task execution logs
[2026-06-29T18:31:36.624+0000] {taskinstance.py:2603} INFO - Dependencies all met for dep_context=non-requeueable deps ti=<TaskInstance: gold_price_pipeline.run_kafka_producer scheduled__2026-06-29T17:00:00+00:00 [queued]>
[2026-06-29T18:31:36.641+0000] {taskinstance.py:2603} INFO - Dependencies all met for dep_context=requeueable deps ti=<TaskInstance: gold_price_pipeline.run_kafka_producer scheduled__2026-06-29T17:00:00+00:00 [queued]>
[2026-06-29T18:31:36.643+0000] {taskinstance.py:2856} INFO - Starting attempt 1 of 3
[2026-06-29T18:31:36.667+0000] {taskinstance.py:2879} INFO - Executing <Task(BashOperator): run_kafka_producer> on 2026-06-29 17:00:00+00:00
[2026-06-29T18:31:36.683+0000] {standard_task_runner.py:104} INFO - Running: ['***', 'tasks', 'run', 'gold_price_pipeline', 'run_kafka_producer', 'scheduled__2026-06-29T17:00:00+00:00', '--job-id', '2', '--raw', '--subdir', 'DAGS_FOLDER/gold_pipeline.py', '--cfg-path', '/tmp/tmpqekjo49s']
[2026-06-29T18:31:36.686+0000] {logging_mixin.py:190} WARNING - /home/***/.local/lib/python3.12/site-packages/***/task/task_runner/standard_task_runner.py:70 DeprecationWarning: This process (pid=175) is multi-threaded, use of fork() may lead to deadlocks in the child.
[2026-06-29T18:31:36.688+0000] {standard_task_runner.py:105} INFO - Job 2: Subtask run_kafka_producer
[2026-06-29T18:31:36.688+0000] {standard_task_runner.py:72} INFO - Started process 176 to run task
[2026-06-29T18:31:38.229+0000] {task_command.py:467} INFO - Running <TaskInstance: gold_price_pipeline.run_kafka_producer scheduled__2026-06-29T17:00:00+00:00 [running]> on host 95d1b0323ecd
[2026-06-29T18:31:38.378+0000] {taskinstance.py:3122} INFO - Exporting env vars: AIRFLOW_CTX_DAG_OWNER='Sayed' AIRFLOW_CTX_DAG_ID='gold_price_pipeline' AIRFLOW_CTX_TASK_ID='run_kafka_producer' AIRFLOW_CTX_EXECUTION_DATE='2026-06-29T17:00:00+00:00' AIRFLOW_CTX_TRY_NUMBER='1' AIRFLOW_CTX_DAG_RUN_ID='scheduled__2026-06-29T17:00:00+00:00'
[2026-06-29T18:31:38.380+0000] {taskinstance.py:731} INFO - ::endgroup::
[2026-06-29T18:31:38.453+0000] {subprocess.py:63} INFO - Tmp dir root location: /tmp
[2026-06-29T18:31:38.455+0000] {subprocess.py:75} INFO - Running command: ['/usr/bin/bash', '-c', '\n        python /opt/***/kafka/Producer.py\n        ']
[2026-06-29T18:31:38.470+0000] {subprocess.py:86} INFO - Output:
[2026-06-29T18:31:40.848+0000] {subprocess.py:93} INFO - ========== GOLD PRODUCER ==========
[2026-06-29T18:31:40.851+0000] {subprocess.py:93} INFO - Connected to Kafka
[2026-06-29T18:31:40.852+0000] {subprocess.py:93} INFO - Message sent Successfully
[2026-06-29T18:31:40.953+0000] {subprocess.py:97} INFO - Command exited with return code 0
[2026-06-29T18:31:40.986+0000] {taskinstance.py:340} INFO - ::group::Post task execution logs
[2026-06-29T18:31:40.988+0000] {taskinstance.py:352} INFO - Marking task as SUCCESS. dag_id=gold_price_pipeline, task_id=run_kafka_producer, run_id=scheduled__2026-06-29T17:00:00+00:00, execution_date=20260629T170000, start_date=20260629T183136, end_date=20260629T183140
[2026-06-29T18:31:41.048+0000] {local_task_job_runner.py:261} INFO - Task exited with return code 0
[2026-06-29T18:31:41.082+0000] {taskinstance.py:3891} INFO - 1 downstream tasks scheduled from follow-on schedule check
[2026-06-29T18:31:41.086+0000] {local_task_job_runner.py:240} INFO - ::endgroup::
[2026-06-29T18:55:18.406+0000] {local_task_job_runner.py:123} INFO - ::group::Pre task execution logs
[2026-06-29T18:55:18.429+0000] {taskinstance.py:2603} INFO - Dependencies all met for dep_context=non-requeueable deps ti=<TaskInstance: gold_price_pipeline.run_kafka_producer scheduled__2026-06-29T17:00:00+00:00 [queued]>
[2026-06-29T18:55:18.439+0000] {taskinstance.py:2603} INFO - Dependencies all met for dep_context=requeueable deps ti=<TaskInstance: gold_price_pipeline.run_kafka_producer scheduled__2026-06-29T17:00:00+00:00 [queued]>
[2026-06-29T18:55:18.441+0000] {taskinstance.py:2856} INFO - Starting attempt 1 of 3
[2026-06-29T18:55:18.455+0000] {taskinstance.py:2879} INFO - Executing <Task(BashOperator): run_kafka_producer> on 2026-06-29 17:00:00+00:00
[2026-06-29T18:55:18.467+0000] {logging_mixin.py:190} WARNING - /home/***/.local/lib/python3.12/site-packages/***/task/task_runner/standard_task_runner.py:70 DeprecationWarning: This process (pid=173) is multi-threaded, use of fork() may lead to deadlocks in the child.
[2026-06-29T18:55:18.467+0000] {standard_task_runner.py:104} INFO - Running: ['***', 'tasks', 'run', 'gold_price_pipeline', 'run_kafka_producer', 'scheduled__2026-06-29T17:00:00+00:00', '--job-id', '2', '--raw', '--subdir', 'DAGS_FOLDER/gold_pipeline.py', '--cfg-path', '/tmp/tmp3njeb_g0']
[2026-06-29T18:55:18.470+0000] {standard_task_runner.py:72} INFO - Started process 174 to run task
[2026-06-29T18:55:18.471+0000] {standard_task_runner.py:105} INFO - Job 2: Subtask run_kafka_producer
[2026-06-29T18:55:20.399+0000] {task_command.py:467} INFO - Running <TaskInstance: gold_price_pipeline.run_kafka_producer scheduled__2026-06-29T17:00:00+00:00 [running]> on host 64c35aa3f581
[2026-06-29T18:55:20.659+0000] {taskinstance.py:3122} INFO - Exporting env vars: AIRFLOW_CTX_DAG_OWNER='Sayed' AIRFLOW_CTX_DAG_ID='gold_price_pipeline' AIRFLOW_CTX_TASK_ID='run_kafka_producer' AIRFLOW_CTX_EXECUTION_DATE='2026-06-29T17:00:00+00:00' AIRFLOW_CTX_TRY_NUMBER='1' AIRFLOW_CTX_DAG_RUN_ID='scheduled__2026-06-29T17:00:00+00:00'
[2026-06-29T18:55:20.661+0000] {taskinstance.py:731} INFO - ::endgroup::
[2026-06-29T18:55:20.712+0000] {subprocess.py:63} INFO - Tmp dir root location: /tmp
[2026-06-29T18:55:20.714+0000] {subprocess.py:75} INFO - Running command: ['/usr/bin/bash', '-c', '\n        python /opt/***/kafka/Producer.py\n        ']
[2026-06-29T18:55:20.727+0000] {subprocess.py:86} INFO - Output:
[2026-06-29T18:55:22.564+0000] {subprocess.py:93} INFO - ========== GOLD PRODUCER ==========
[2026-06-29T18:55:22.566+0000] {subprocess.py:93} INFO - Connected to Kafka
[2026-06-29T18:55:22.567+0000] {subprocess.py:93} INFO - Message sent Successfully
[2026-06-29T18:55:22.674+0000] {subprocess.py:97} INFO - Command exited with return code 0
[2026-06-29T18:55:22.704+0000] {taskinstance.py:340} INFO - ::group::Post task execution logs
[2026-06-29T18:55:22.705+0000] {taskinstance.py:352} INFO - Marking task as SUCCESS. dag_id=gold_price_pipeline, task_id=run_kafka_producer, run_id=scheduled__2026-06-29T17:00:00+00:00, execution_date=20260629T170000, start_date=20260629T185518, end_date=20260629T185522
[2026-06-29T18:55:22.759+0000] {local_task_job_runner.py:261} INFO - Task exited with return code 0
[2026-06-29T18:55:22.791+0000] {taskinstance.py:3891} INFO - 1 downstream tasks scheduled from follow-on schedule check
[2026-06-29T18:55:22.794+0000] {local_task_job_runner.py:240} INFO - ::endgroup::
