[2026-06-28T23:55:32.239+0000] {local_task_job_runner.py:123} INFO - ::group::Pre task execution logs
[2026-06-28T23:55:32.262+0000] {taskinstance.py:2603} INFO - Dependencies all met for dep_context=non-requeueable deps ti=<TaskInstance: gold_price_pipeline.run_dbt_models manual__2026-06-28T23:53:39.135799+00:00 [queued]>
[2026-06-28T23:55:32.272+0000] {taskinstance.py:2603} INFO - Dependencies all met for dep_context=requeueable deps ti=<TaskInstance: gold_price_pipeline.run_dbt_models manual__2026-06-28T23:53:39.135799+00:00 [queued]>
[2026-06-28T23:55:32.274+0000] {taskinstance.py:2856} INFO - Starting attempt 1 of 3
[2026-06-28T23:55:32.291+0000] {taskinstance.py:2879} INFO - Executing <Task(BashOperator): run_dbt_models> on 2026-06-28 23:53:39.135799+00:00
[2026-06-28T23:55:32.301+0000] {standard_task_runner.py:104} INFO - Running: ['***', 'tasks', 'run', 'gold_price_pipeline', 'run_dbt_models', 'manual__2026-06-28T23:53:39.135799+00:00', '--job-id', '13', '--raw', '--subdir', 'DAGS_FOLDER/gold_pipeline.py', '--cfg-path', '/tmp/tmpx1i5ybsx']
[2026-06-28T23:55:32.303+0000] {logging_mixin.py:190} WARNING - /home/***/.local/lib/python3.12/site-packages/***/task/task_runner/standard_task_runner.py:70 DeprecationWarning: This process (pid=2034) is multi-threaded, use of fork() may lead to deadlocks in the child.
[2026-06-28T23:55:32.305+0000] {standard_task_runner.py:105} INFO - Job 13: Subtask run_dbt_models
[2026-06-28T23:55:32.305+0000] {standard_task_runner.py:72} INFO - Started process 2035 to run task
[2026-06-28T23:55:32.382+0000] {task_command.py:467} INFO - Running <TaskInstance: gold_price_pipeline.run_dbt_models manual__2026-06-28T23:53:39.135799+00:00 [running]> on host 3828c1b309b8
[2026-06-28T23:55:32.491+0000] {taskinstance.py:3122} INFO - Exporting env vars: AIRFLOW_CTX_DAG_OWNER='Sayed' AIRFLOW_CTX_DAG_ID='gold_price_pipeline' AIRFLOW_CTX_TASK_ID='run_dbt_models' AIRFLOW_CTX_EXECUTION_DATE='2026-06-28T23:53:39.135799+00:00' AIRFLOW_CTX_TRY_NUMBER='1' AIRFLOW_CTX_DAG_RUN_ID='manual__2026-06-28T23:53:39.135799+00:00'
[2026-06-28T23:55:32.493+0000] {taskinstance.py:731} INFO - ::endgroup::
[2026-06-28T23:55:32.515+0000] {subprocess.py:63} INFO - Tmp dir root location: /tmp
[2026-06-28T23:55:32.518+0000] {subprocess.py:75} INFO - Running command: ['/usr/bin/bash', '-c', '\n        cd /opt/***/gold_price_dbt &&         dbt run --profiles-dir /opt/***\n        ']
[2026-06-28T23:55:32.530+0000] {subprocess.py:86} INFO - Output:
[2026-06-28T23:55:34.716+0000] {subprocess.py:93} INFO - [0m23:55:34  Running with dbt=1.11.8
[2026-06-28T23:55:35.511+0000] {subprocess.py:93} INFO - WARNING:thrift.transport.sslcompat:using legacy validation callback
[2026-06-28T23:55:36.588+0000] {subprocess.py:93} INFO - [0m23:55:36  Registered adapter: databricks=1.11.8
[2026-06-28T23:55:36.884+0000] {subprocess.py:93} INFO - [0m23:55:36  [[33mWARNING[0m]: Configuration paths exist in your dbt_project.yml file which do not apply to any resources.
[2026-06-28T23:55:36.885+0000] {subprocess.py:93} INFO - There are 1 unused configuration paths:
[2026-06-28T23:55:36.886+0000] {subprocess.py:93} INFO - - models.gold_price_dbt.example
[2026-06-28T23:55:37.064+0000] {subprocess.py:93} INFO - [0m23:55:37  Found 5 models, 732 macros
[2026-06-28T23:55:37.069+0000] {subprocess.py:93} INFO - [0m23:55:37
[2026-06-28T23:55:37.070+0000] {subprocess.py:93} INFO - [0m23:55:37  Concurrency: 1 threads (target='dev')
[2026-06-28T23:55:37.071+0000] {subprocess.py:93} INFO - [0m23:55:37
[2026-06-28T23:55:39.766+0000] {subprocess.py:93} INFO - [0m23:55:39  1 of 5 START sql view model gold_layer.stg_gold_price .......................... [RUN]
[2026-06-28T23:55:41.921+0000] {subprocess.py:93} INFO - [0m23:55:41  1 of 5 OK created sql view model gold_layer.stg_gold_price ..................... [[32mOK[0m in 2.15s]
[2026-06-28T23:55:41.925+0000] {subprocess.py:93} INFO - [0m23:55:41  2 of 5 START sql table model gold_layer.dim_currency ........................... [RUN]
[2026-06-28T23:55:46.821+0000] {subprocess.py:93} INFO - [0m23:55:46  2 of 5 OK created sql table model gold_layer.dim_currency ...................... [[32mOK[0m in 4.89s]
[2026-06-28T23:55:46.855+0000] {subprocess.py:93} INFO - [0m23:55:46  3 of 5 START sql table model gold_layer.dim_date ............................... [RUN]
[2026-06-28T23:55:49.512+0000] {subprocess.py:93} INFO - [0m23:55:49  3 of 5 OK created sql table model gold_layer.dim_date .......................... [[32mOK[0m in 2.65s]
[2026-06-28T23:55:49.517+0000] {subprocess.py:93} INFO - [0m23:55:49  4 of 5 START sql table model gold_layer.dim_time ............................... [RUN]
[2026-06-28T23:55:52.286+0000] {subprocess.py:93} INFO - [0m23:55:52  4 of 5 OK created sql table model gold_layer.dim_time .......................... [[32mOK[0m in 2.76s]
[2026-06-28T23:55:52.293+0000] {subprocess.py:93} INFO - [0m23:55:52  5 of 5 START sql table model gold_layer.fact_gold_price ........................ [RUN]
[2026-06-28T23:55:56.322+0000] {subprocess.py:93} INFO - [0m23:55:56  5 of 5 OK created sql table model gold_layer.fact_gold_price ................... [[32mOK[0m in 4.03s]
[2026-06-28T23:55:56.330+0000] {subprocess.py:93} INFO - [0m23:55:56
[2026-06-28T23:55:56.332+0000] {subprocess.py:93} INFO - [0m23:55:56  Finished running 4 table models, 1 view model in 0 hours 0 minutes and 19.26 seconds (19.26s).
[2026-06-28T23:55:56.537+0000] {subprocess.py:93} INFO - [0m23:55:56
[2026-06-28T23:55:56.538+0000] {subprocess.py:93} INFO - [0m23:55:56  [32mCompleted successfully[0m
[2026-06-28T23:55:56.539+0000] {subprocess.py:93} INFO - [0m23:55:56
[2026-06-28T23:55:56.540+0000] {subprocess.py:93} INFO - [0m23:55:56  Done. PASS=5 WARN=0 ERROR=0 SKIP=0 NO-OP=0 TOTAL=5
[2026-06-28T23:55:58.093+0000] {subprocess.py:97} INFO - Command exited with return code 0
[2026-06-28T23:55:58.122+0000] {taskinstance.py:340} INFO - ::group::Post task execution logs
[2026-06-28T23:55:58.123+0000] {taskinstance.py:352} INFO - Marking task as SUCCESS. dag_id=gold_price_pipeline, task_id=run_dbt_models, run_id=manual__2026-06-28T23:53:39.135799+00:00, execution_date=20260628T235339, start_date=20260628T235532, end_date=20260628T235558
[2026-06-28T23:55:58.147+0000] {local_task_job_runner.py:261} INFO - Task exited with return code 0
[2026-06-28T23:55:58.168+0000] {taskinstance.py:3891} INFO - 0 downstream tasks scheduled from follow-on schedule check
[2026-06-28T23:55:58.172+0000] {local_task_job_runner.py:240} INFO - ::endgroup::
