[2026-06-28T23:50:43.104+0000] {local_task_job_runner.py:123} INFO - ::group::Pre task execution logs
[2026-06-28T23:50:43.126+0000] {taskinstance.py:2603} INFO - Dependencies all met for dep_context=non-requeueable deps ti=<TaskInstance: gold_price_pipeline.run_dbt_models manual__2026-06-28T23:44:37.346896+00:00 [queued]>
[2026-06-28T23:50:43.137+0000] {taskinstance.py:2603} INFO - Dependencies all met for dep_context=requeueable deps ti=<TaskInstance: gold_price_pipeline.run_dbt_models manual__2026-06-28T23:44:37.346896+00:00 [queued]>
[2026-06-28T23:50:43.139+0000] {taskinstance.py:2856} INFO - Starting attempt 1 of 3
[2026-06-28T23:50:43.156+0000] {taskinstance.py:2879} INFO - Executing <Task(BashOperator): run_dbt_models> on 2026-06-28 23:44:37.346896+00:00
[2026-06-28T23:50:43.166+0000] {logging_mixin.py:190} WARNING - /home/***/.local/lib/python3.12/site-packages/***/task/task_runner/standard_task_runner.py:70 DeprecationWarning: This process (pid=1371) is multi-threaded, use of fork() may lead to deadlocks in the child.
[2026-06-28T23:50:43.165+0000] {standard_task_runner.py:104} INFO - Running: ['***', 'tasks', 'run', 'gold_price_pipeline', 'run_dbt_models', 'manual__2026-06-28T23:44:37.346896+00:00', '--job-id', '9', '--raw', '--subdir', 'DAGS_FOLDER/gold_pipeline.py', '--cfg-path', '/tmp/tmpjrp_7ruu']
[2026-06-28T23:50:43.168+0000] {standard_task_runner.py:72} INFO - Started process 1372 to run task
[2026-06-28T23:50:43.169+0000] {standard_task_runner.py:105} INFO - Job 9: Subtask run_dbt_models
[2026-06-28T23:50:43.252+0000] {task_command.py:467} INFO - Running <TaskInstance: gold_price_pipeline.run_dbt_models manual__2026-06-28T23:44:37.346896+00:00 [running]> on host 3828c1b309b8
[2026-06-28T23:50:43.355+0000] {taskinstance.py:3122} INFO - Exporting env vars: AIRFLOW_CTX_DAG_OWNER='Sayed' AIRFLOW_CTX_DAG_ID='gold_price_pipeline' AIRFLOW_CTX_TASK_ID='run_dbt_models' AIRFLOW_CTX_EXECUTION_DATE='2026-06-28T23:44:37.346896+00:00' AIRFLOW_CTX_TRY_NUMBER='1' AIRFLOW_CTX_DAG_RUN_ID='manual__2026-06-28T23:44:37.346896+00:00'
[2026-06-28T23:50:43.358+0000] {taskinstance.py:731} INFO - ::endgroup::
[2026-06-28T23:50:43.387+0000] {subprocess.py:63} INFO - Tmp dir root location: /tmp
[2026-06-28T23:50:43.390+0000] {subprocess.py:75} INFO - Running command: ['/usr/bin/bash', '-c', '\n        cd /opt/***/gold_price_dbt &&         dbt run --profiles-dir /opt/***\n        ']
[2026-06-28T23:50:43.404+0000] {subprocess.py:86} INFO - Output:
[2026-06-28T23:50:46.374+0000] {subprocess.py:93} INFO - [0m23:50:46  Running with dbt=1.11.8
[2026-06-28T23:50:47.215+0000] {subprocess.py:93} INFO - WARNING:thrift.transport.sslcompat:using legacy validation callback
[2026-06-28T23:50:48.621+0000] {subprocess.py:93} INFO - [0m23:50:48  Registered adapter: databricks=1.11.8
[2026-06-28T23:50:48.977+0000] {subprocess.py:93} INFO - [0m23:50:48  [[33mWARNING[0m]: Configuration paths exist in your dbt_project.yml file which do not apply to any resources.
[2026-06-28T23:50:48.978+0000] {subprocess.py:93} INFO - There are 1 unused configuration paths:
[2026-06-28T23:50:48.979+0000] {subprocess.py:93} INFO - - models.gold_price_dbt.example
[2026-06-28T23:50:49.304+0000] {subprocess.py:93} INFO - [0m23:50:49  Found 5 models, 732 macros
[2026-06-28T23:50:49.310+0000] {subprocess.py:93} INFO - [0m23:50:49
[2026-06-28T23:50:49.311+0000] {subprocess.py:93} INFO - [0m23:50:49  Concurrency: 1 threads (target='dev')
[2026-06-28T23:50:49.312+0000] {subprocess.py:93} INFO - [0m23:50:49
[2026-06-28T23:50:53.059+0000] {subprocess.py:93} INFO - [0m23:50:53  1 of 5 START sql view model gold_layer.stg_gold_price .......................... [RUN]
[2026-06-28T23:50:55.006+0000] {subprocess.py:93} INFO - [0m23:50:55  1 of 5 OK created sql view model gold_layer.stg_gold_price ..................... [[32mOK[0m in 1.94s]
[2026-06-28T23:50:55.012+0000] {subprocess.py:93} INFO - [0m23:50:55  2 of 5 START sql table model gold_layer.dim_currency ........................... [RUN]
[2026-06-28T23:51:03.330+0000] {subprocess.py:93} INFO - [0m23:51:03  2 of 5 OK created sql table model gold_layer.dim_currency ...................... [[32mOK[0m in 8.32s]
[2026-06-28T23:51:03.334+0000] {subprocess.py:93} INFO - [0m23:51:03  3 of 5 START sql table model gold_layer.dim_date ............................... [RUN]
[2026-06-28T23:51:06.062+0000] {subprocess.py:93} INFO - [0m23:51:06  3 of 5 OK created sql table model gold_layer.dim_date .......................... [[32mOK[0m in 2.72s]
[2026-06-28T23:51:06.067+0000] {subprocess.py:93} INFO - [0m23:51:06  4 of 5 START sql table model gold_layer.dim_time ............................... [RUN]
[2026-06-28T23:51:08.771+0000] {subprocess.py:93} INFO - [0m23:51:08  4 of 5 OK created sql table model gold_layer.dim_time .......................... [[32mOK[0m in 2.70s]
[2026-06-28T23:51:08.782+0000] {subprocess.py:93} INFO - [0m23:51:08  5 of 5 START sql table model gold_layer.fact_gold_price ........................ [RUN]
[2026-06-28T23:51:12.792+0000] {subprocess.py:93} INFO - [0m23:51:12  5 of 5 OK created sql table model gold_layer.fact_gold_price ................... [[32mOK[0m in 4.00s]
[2026-06-28T23:51:12.803+0000] {subprocess.py:93} INFO - [0m23:51:12
[2026-06-28T23:51:12.805+0000] {subprocess.py:93} INFO - [0m23:51:12  Finished running 4 table models, 1 view model in 0 hours 0 minutes and 23.49 seconds (23.49s).
[2026-06-28T23:51:13.078+0000] {subprocess.py:93} INFO - [0m23:51:13
[2026-06-28T23:51:13.080+0000] {subprocess.py:93} INFO - [0m23:51:13  [32mCompleted successfully[0m
[2026-06-28T23:51:13.081+0000] {subprocess.py:93} INFO - [0m23:51:13
[2026-06-28T23:51:13.083+0000] {subprocess.py:93} INFO - [0m23:51:13  Done. PASS=5 WARN=0 ERROR=0 SKIP=0 NO-OP=0 TOTAL=5
[2026-06-28T23:51:14.774+0000] {subprocess.py:97} INFO - Command exited with return code 0
[2026-06-28T23:51:14.810+0000] {taskinstance.py:340} INFO - ::group::Post task execution logs
[2026-06-28T23:51:14.812+0000] {taskinstance.py:352} INFO - Marking task as SUCCESS. dag_id=gold_price_pipeline, task_id=run_dbt_models, run_id=manual__2026-06-28T23:44:37.346896+00:00, execution_date=20260628T234437, start_date=20260628T235043, end_date=20260628T235114
[2026-06-28T23:51:14.867+0000] {local_task_job_runner.py:261} INFO - Task exited with return code 0
[2026-06-28T23:51:14.899+0000] {taskinstance.py:3891} INFO - 0 downstream tasks scheduled from follow-on schedule check
[2026-06-28T23:51:14.903+0000] {local_task_job_runner.py:240} INFO - ::endgroup::
