[2026-06-28T15:23:19.607+0000] {local_task_job_runner.py:123} INFO - ::group::Pre task execution logs
[2026-06-28T15:23:19.636+0000] {taskinstance.py:2603} INFO - Dependencies all met for dep_context=non-requeueable deps ti=<TaskInstance: gold_price_pipeline.run_spark_etl manual__2026-06-28T15:23:17.066584+00:00 [queued]>
[2026-06-28T15:23:19.651+0000] {taskinstance.py:2603} INFO - Dependencies all met for dep_context=requeueable deps ti=<TaskInstance: gold_price_pipeline.run_spark_etl manual__2026-06-28T15:23:17.066584+00:00 [queued]>
[2026-06-28T15:23:19.653+0000] {taskinstance.py:2856} INFO - Starting attempt 1 of 3
[2026-06-28T15:23:19.672+0000] {taskinstance.py:2879} INFO - Executing <Task(BashOperator): run_spark_etl> on 2026-06-28 15:23:17.066584+00:00
[2026-06-28T15:23:19.687+0000] {logging_mixin.py:190} WARNING - /home/***/.local/lib/python3.12/site-packages/***/task/task_runner/standard_task_runner.py:70 DeprecationWarning: This process (pid=174) is multi-threaded, use of fork() may lead to deadlocks in the child.
[2026-06-28T15:23:19.685+0000] {standard_task_runner.py:104} INFO - Running: ['***', 'tasks', 'run', 'gold_price_pipeline', 'run_spark_etl', 'manual__2026-06-28T15:23:17.066584+00:00', '--job-id', '29', '--raw', '--subdir', 'DAGS_FOLDER/gold_pipeline.py', '--cfg-path', '/tmp/tmpeeosn9eq']
[2026-06-28T15:23:19.691+0000] {standard_task_runner.py:72} INFO - Started process 175 to run task
[2026-06-28T15:23:19.692+0000] {standard_task_runner.py:105} INFO - Job 29: Subtask run_spark_etl
[2026-06-28T15:23:20.427+0000] {task_command.py:467} INFO - Running <TaskInstance: gold_price_pipeline.run_spark_etl manual__2026-06-28T15:23:17.066584+00:00 [running]> on host 0fb827741c45
[2026-06-28T15:23:20.570+0000] {taskinstance.py:3122} INFO - Exporting env vars: AIRFLOW_CTX_DAG_OWNER='Sayed' AIRFLOW_CTX_DAG_ID='gold_price_pipeline' AIRFLOW_CTX_TASK_ID='run_spark_etl' AIRFLOW_CTX_EXECUTION_DATE='2026-06-28T15:23:17.066584+00:00' AIRFLOW_CTX_TRY_NUMBER='1' AIRFLOW_CTX_DAG_RUN_ID='manual__2026-06-28T15:23:17.066584+00:00'
[2026-06-28T15:23:20.573+0000] {taskinstance.py:731} INFO - ::endgroup::
[2026-06-28T15:23:20.641+0000] {subprocess.py:63} INFO - Tmp dir root location: /tmp
[2026-06-28T15:23:20.644+0000] {subprocess.py:75} INFO - Running command: ['/usr/bin/bash', '-c', '\n        spark-submit         /opt/***/pyspark_processing/sss.py\n        ']
[2026-06-28T15:23:20.662+0000] {subprocess.py:86} INFO - Output:
[2026-06-28T15:23:28.982+0000] {subprocess.py:93} INFO - 26/06/28 15:23:28 INFO SparkContext: Running Spark version 3.5.1
[2026-06-28T15:23:28.986+0000] {subprocess.py:93} INFO - 26/06/28 15:23:28 INFO SparkContext: OS info Linux, 6.18.33.2-microsoft-standard-WSL2, amd64
[2026-06-28T15:23:28.987+0000] {subprocess.py:93} INFO - 26/06/28 15:23:28 INFO SparkContext: Java version 17.0.19
[2026-06-28T15:23:29.071+0000] {subprocess.py:93} INFO - 26/06/28 15:23:29 WARN NativeCodeLoader: Unable to load native-hadoop library for your platform... using builtin-java classes where applicable
[2026-06-28T15:23:29.173+0000] {subprocess.py:93} INFO - 26/06/28 15:23:29 INFO ResourceUtils: ==============================================================
[2026-06-28T15:23:29.175+0000] {subprocess.py:93} INFO - 26/06/28 15:23:29 INFO ResourceUtils: No custom resources configured for spark.driver.
[2026-06-28T15:23:29.176+0000] {subprocess.py:93} INFO - 26/06/28 15:23:29 INFO ResourceUtils: ==============================================================
[2026-06-28T15:23:29.177+0000] {subprocess.py:93} INFO - 26/06/28 15:23:29 INFO SparkContext: Submitted application: GoldPriceETL
[2026-06-28T15:23:29.238+0000] {subprocess.py:93} INFO - 26/06/28 15:23:29 INFO ResourceProfile: Default ResourceProfile created, executor resources: Map(cores -> name: cores, amount: 1, script: , vendor: , memory -> name: memory, amount: 1024, script: , vendor: , offHeap -> name: offHeap, amount: 0, script: , vendor: ), task resources: Map(cpus -> name: cpus, amount: 1.0)
[2026-06-28T15:23:29.252+0000] {subprocess.py:93} INFO - 26/06/28 15:23:29 INFO ResourceProfile: Limiting resource is cpu
[2026-06-28T15:23:29.254+0000] {subprocess.py:93} INFO - 26/06/28 15:23:29 INFO ResourceProfileManager: Added ResourceProfile id: 0
[2026-06-28T15:23:29.368+0000] {subprocess.py:93} INFO - 26/06/28 15:23:29 INFO SecurityManager: Changing view acls to: ***
[2026-06-28T15:23:29.379+0000] {subprocess.py:93} INFO - 26/06/28 15:23:29 INFO SecurityManager: Changing modify acls to: ***
[2026-06-28T15:23:29.380+0000] {subprocess.py:93} INFO - 26/06/28 15:23:29 INFO SecurityManager: Changing view acls groups to:
[2026-06-28T15:23:29.382+0000] {subprocess.py:93} INFO - 26/06/28 15:23:29 INFO SecurityManager: Changing modify acls groups to:
[2026-06-28T15:23:29.384+0000] {subprocess.py:93} INFO - 26/06/28 15:23:29 INFO SecurityManager: SecurityManager: authentication disabled; ui acls disabled; users with view permissions: ***; groups with view permissions: EMPTY; users with modify permissions: ***; groups with modify permissions: EMPTY
[2026-06-28T15:23:29.638+0000] {subprocess.py:93} INFO - 26/06/28 15:23:29 INFO Utils: Successfully started service 'sparkDriver' on port 45523.
[2026-06-28T15:23:29.705+0000] {subprocess.py:93} INFO - 26/06/28 15:23:29 INFO SparkEnv: Registering MapOutputTracker
[2026-06-28T15:23:29.749+0000] {subprocess.py:93} INFO - 26/06/28 15:23:29 INFO SparkEnv: Registering BlockManagerMaster
[2026-06-28T15:23:29.788+0000] {subprocess.py:93} INFO - 26/06/28 15:23:29 INFO BlockManagerMasterEndpoint: Using org.apache.spark.storage.DefaultTopologyMapper for getting topology information
[2026-06-28T15:23:29.790+0000] {subprocess.py:93} INFO - 26/06/28 15:23:29 INFO BlockManagerMasterEndpoint: BlockManagerMasterEndpoint up
[2026-06-28T15:23:29.795+0000] {subprocess.py:93} INFO - 26/06/28 15:23:29 INFO SparkEnv: Registering BlockManagerMasterHeartbeat
[2026-06-28T15:23:29.817+0000] {subprocess.py:93} INFO - 26/06/28 15:23:29 INFO DiskBlockManager: Created local directory at /tmp/blockmgr-ca86f62e-d4a6-44ae-b3b1-963d43258327
[2026-06-28T15:23:29.835+0000] {subprocess.py:93} INFO - 26/06/28 15:23:29 INFO MemoryStore: MemoryStore started with capacity 434.4 MiB
[2026-06-28T15:23:29.861+0000] {subprocess.py:93} INFO - 26/06/28 15:23:29 INFO SparkEnv: Registering OutputCommitCoordinator
[2026-06-28T15:23:30.016+0000] {subprocess.py:93} INFO - 26/06/28 15:23:30 INFO JettyUtils: Start Jetty 0.0.0.0:4040 for SparkUI
[2026-06-28T15:23:30.094+0000] {subprocess.py:93} INFO - 26/06/28 15:23:30 INFO Utils: Successfully started service 'SparkUI' on port 4040.
[2026-06-28T15:23:30.214+0000] {subprocess.py:93} INFO - 26/06/28 15:23:30 INFO Executor: Starting executor ID driver on host 0fb827741c45
[2026-06-28T15:23:30.219+0000] {subprocess.py:93} INFO - 26/06/28 15:23:30 INFO Executor: OS info Linux, 6.18.33.2-microsoft-standard-WSL2, amd64
[2026-06-28T15:23:30.221+0000] {subprocess.py:93} INFO - 26/06/28 15:23:30 INFO Executor: Java version 17.0.19
[2026-06-28T15:23:30.223+0000] {subprocess.py:93} INFO - 26/06/28 15:23:30 INFO Executor: Starting executor with user classpath (userClassPathFirst = false): ''
[2026-06-28T15:23:30.225+0000] {subprocess.py:93} INFO - 26/06/28 15:23:30 INFO Executor: Created or updated repl class loader org.apache.spark.util.MutableURLClassLoader@5efed2e3 for default.
[2026-06-28T15:23:30.245+0000] {subprocess.py:93} INFO - 26/06/28 15:23:30 INFO Utils: Successfully started service 'org.apache.spark.network.netty.NettyBlockTransferService' on port 34339.
[2026-06-28T15:23:30.246+0000] {subprocess.py:93} INFO - 26/06/28 15:23:30 INFO NettyBlockTransferService: Server created on 0fb827741c45:34339
[2026-06-28T15:23:30.248+0000] {subprocess.py:93} INFO - 26/06/28 15:23:30 INFO BlockManager: Using org.apache.spark.storage.RandomBlockReplicationPolicy for block replication policy
[2026-06-28T15:23:30.255+0000] {subprocess.py:93} INFO - 26/06/28 15:23:30 INFO BlockManagerMaster: Registering BlockManager BlockManagerId(driver, 0fb827741c45, 34339, None)
[2026-06-28T15:23:30.261+0000] {subprocess.py:93} INFO - 26/06/28 15:23:30 INFO BlockManagerMasterEndpoint: Registering block manager 0fb827741c45:34339 with 434.4 MiB RAM, BlockManagerId(driver, 0fb827741c45, 34339, None)
[2026-06-28T15:23:30.264+0000] {subprocess.py:93} INFO - 26/06/28 15:23:30 INFO BlockManagerMaster: Registered BlockManager BlockManagerId(driver, 0fb827741c45, 34339, None)
[2026-06-28T15:23:30.266+0000] {subprocess.py:93} INFO - 26/06/28 15:23:30 INFO BlockManager: Initialized BlockManager: BlockManagerId(driver, 0fb827741c45, 34339, None)
[2026-06-28T15:23:30.644+0000] {subprocess.py:93} INFO - 26/06/28 15:23:30 WARN SparkSession: Cannot use io.delta.sql.DeltaSparkSessionExtension to configure session extensions.
[2026-06-28T15:23:30.645+0000] {subprocess.py:93} INFO - java.lang.ClassNotFoundException: io.delta.sql.DeltaSparkSessionExtension
[2026-06-28T15:23:30.647+0000] {subprocess.py:93} INFO - 	at java.base/java.net.URLClassLoader.findClass(URLClassLoader.java:445)
[2026-06-28T15:23:30.648+0000] {subprocess.py:93} INFO - 	at java.base/java.lang.ClassLoader.loadClass(ClassLoader.java:592)
[2026-06-28T15:23:30.650+0000] {subprocess.py:93} INFO - 	at java.base/java.lang.ClassLoader.loadClass(ClassLoader.java:525)
[2026-06-28T15:23:30.651+0000] {subprocess.py:93} INFO - 	at java.base/java.lang.Class.forName0(Native Method)
[2026-06-28T15:23:30.652+0000] {subprocess.py:93} INFO - 	at java.base/java.lang.Class.forName(Class.java:469)
[2026-06-28T15:23:30.653+0000] {subprocess.py:93} INFO - 	at org.apache.spark.util.SparkClassUtils.classForName(SparkClassUtils.scala:41)
[2026-06-28T15:23:30.654+0000] {subprocess.py:93} INFO - 	at org.apache.spark.util.SparkClassUtils.classForName$(SparkClassUtils.scala:36)
[2026-06-28T15:23:30.655+0000] {subprocess.py:93} INFO - 	at org.apache.spark.util.Utils$.classForName(Utils.scala:94)
[2026-06-28T15:23:30.656+0000] {subprocess.py:93} INFO - 	at org.apache.spark.sql.SparkSession$.$anonfun$applyExtensions$2(SparkSession.scala:1367)
[2026-06-28T15:23:30.657+0000] {subprocess.py:93} INFO - 	at org.apache.spark.sql.SparkSession$.$anonfun$applyExtensions$2$adapted(SparkSession.scala:1365)
[2026-06-28T15:23:30.658+0000] {subprocess.py:93} INFO - 	at scala.collection.mutable.ResizableArray.foreach(ResizableArray.scala:62)
[2026-06-28T15:23:30.659+0000] {subprocess.py:93} INFO - 	at scala.collection.mutable.ResizableArray.foreach$(ResizableArray.scala:55)
[2026-06-28T15:23:30.661+0000] {subprocess.py:93} INFO - 	at scala.collection.mutable.ArrayBuffer.foreach(ArrayBuffer.scala:49)
[2026-06-28T15:23:30.662+0000] {subprocess.py:93} INFO - 	at org.apache.spark.sql.SparkSession$.org$apache$spark$sql$SparkSession$$applyExtensions(SparkSession.scala:1365)
[2026-06-28T15:23:30.663+0000] {subprocess.py:93} INFO - 	at org.apache.spark.sql.SparkSession.<init>(SparkSession.scala:105)
[2026-06-28T15:23:30.664+0000] {subprocess.py:93} INFO - 	at java.base/jdk.internal.reflect.NativeConstructorAccessorImpl.newInstance0(Native Method)
[2026-06-28T15:23:30.665+0000] {subprocess.py:93} INFO - 	at java.base/jdk.internal.reflect.NativeConstructorAccessorImpl.newInstance(NativeConstructorAccessorImpl.java:77)
[2026-06-28T15:23:30.667+0000] {subprocess.py:93} INFO - 	at java.base/jdk.internal.reflect.DelegatingConstructorAccessorImpl.newInstance(DelegatingConstructorAccessorImpl.java:45)
[2026-06-28T15:23:30.668+0000] {subprocess.py:93} INFO - 	at java.base/java.lang.reflect.Constructor.newInstanceWithCaller(Constructor.java:500)
[2026-06-28T15:23:30.669+0000] {subprocess.py:93} INFO - 	at java.base/java.lang.reflect.Constructor.newInstance(Constructor.java:481)
[2026-06-28T15:23:30.670+0000] {subprocess.py:93} INFO - 	at py4j.reflection.MethodInvoker.invoke(MethodInvoker.java:247)
[2026-06-28T15:23:30.672+0000] {subprocess.py:93} INFO - 	at py4j.reflection.ReflectionEngine.invoke(ReflectionEngine.java:374)
[2026-06-28T15:23:30.673+0000] {subprocess.py:93} INFO - 	at py4j.Gateway.invoke(Gateway.java:238)
[2026-06-28T15:23:30.674+0000] {subprocess.py:93} INFO - 	at py4j.commands.ConstructorCommand.invokeConstructor(ConstructorCommand.java:80)
[2026-06-28T15:23:30.676+0000] {subprocess.py:93} INFO - 	at py4j.commands.ConstructorCommand.execute(ConstructorCommand.java:69)
[2026-06-28T15:23:30.677+0000] {subprocess.py:93} INFO - 	at py4j.ClientServerConnection.waitForCommands(ClientServerConnection.java:182)
[2026-06-28T15:23:30.678+0000] {subprocess.py:93} INFO - 	at py4j.ClientServerConnection.run(ClientServerConnection.java:106)
[2026-06-28T15:23:30.679+0000] {subprocess.py:93} INFO - 	at java.base/java.lang.Thread.run(Thread.java:840)
[2026-06-28T15:23:30.725+0000] {subprocess.py:93} INFO - 26/06/28 15:23:30 INFO SharedState: Setting hive.metastore.warehouse.dir ('null') to the value of spark.sql.warehouse.dir.
[2026-06-28T15:23:30.733+0000] {subprocess.py:93} INFO - 26/06/28 15:23:30 INFO SharedState: Warehouse path is 'file:/tmp/***tmpnq7putii/spark-warehouse'.
[2026-06-28T15:23:31.529+0000] {subprocess.py:93} INFO - 26/06/28 15:23:31 WARN FileStreamSink: Assume no metadata directory. Error while looking for metadata directory in the path: abfss://raw@golddatalakee011.dfs.core.windows.net/stream_data/.
[2026-06-28T15:23:31.531+0000] {subprocess.py:93} INFO - java.lang.RuntimeException: java.lang.ClassNotFoundException: Class org.apache.hadoop.fs.azurebfs.SecureAzureBlobFileSystem not found
[2026-06-28T15:23:31.533+0000] {subprocess.py:93} INFO - 	at org.apache.hadoop.conf.Configuration.getClass(Configuration.java:2688)
[2026-06-28T15:23:31.535+0000] {subprocess.py:93} INFO - 	at org.apache.hadoop.fs.FileSystem.getFileSystemClass(FileSystem.java:3431)
[2026-06-28T15:23:31.536+0000] {subprocess.py:93} INFO - 	at org.apache.hadoop.fs.FileSystem.createFileSystem(FileSystem.java:3466)
[2026-06-28T15:23:31.537+0000] {subprocess.py:93} INFO - 	at org.apache.hadoop.fs.FileSystem.access$300(FileSystem.java:174)
[2026-06-28T15:23:31.539+0000] {subprocess.py:93} INFO - 	at org.apache.hadoop.fs.FileSystem$Cache.getInternal(FileSystem.java:3574)
[2026-06-28T15:23:31.540+0000] {subprocess.py:93} INFO - 	at org.apache.hadoop.fs.FileSystem$Cache.get(FileSystem.java:3521)
[2026-06-28T15:23:31.542+0000] {subprocess.py:93} INFO - 	at org.apache.hadoop.fs.FileSystem.get(FileSystem.java:540)
[2026-06-28T15:23:31.544+0000] {subprocess.py:93} INFO - 	at org.apache.hadoop.fs.Path.getFileSystem(Path.java:365)
[2026-06-28T15:23:31.546+0000] {subprocess.py:93} INFO - 	at org.apache.spark.sql.execution.streaming.FileStreamSink$.hasMetadata(FileStreamSink.scala:53)
[2026-06-28T15:23:31.547+0000] {subprocess.py:93} INFO - 	at org.apache.spark.sql.execution.datasources.DataSource.resolveRelation(DataSource.scala:366)
[2026-06-28T15:23:31.549+0000] {subprocess.py:93} INFO - 	at org.apache.spark.sql.DataFrameReader.loadV1Source(DataFrameReader.scala:229)
[2026-06-28T15:23:31.550+0000] {subprocess.py:93} INFO - 	at org.apache.spark.sql.DataFrameReader.$anonfun$load$2(DataFrameReader.scala:211)
[2026-06-28T15:23:31.552+0000] {subprocess.py:93} INFO - 	at scala.Option.getOrElse(Option.scala:189)
[2026-06-28T15:23:31.553+0000] {subprocess.py:93} INFO - 	at org.apache.spark.sql.DataFrameReader.load(DataFrameReader.scala:211)
[2026-06-28T15:23:31.555+0000] {subprocess.py:93} INFO - 	at org.apache.spark.sql.DataFrameReader.json(DataFrameReader.scala:362)
[2026-06-28T15:23:31.556+0000] {subprocess.py:93} INFO - 	at java.base/jdk.internal.reflect.NativeMethodAccessorImpl.invoke0(Native Method)
[2026-06-28T15:23:31.557+0000] {subprocess.py:93} INFO - 	at java.base/jdk.internal.reflect.NativeMethodAccessorImpl.invoke(NativeMethodAccessorImpl.java:77)
[2026-06-28T15:23:31.559+0000] {subprocess.py:93} INFO - 	at java.base/jdk.internal.reflect.DelegatingMethodAccessorImpl.invoke(DelegatingMethodAccessorImpl.java:43)
[2026-06-28T15:23:31.569+0000] {subprocess.py:93} INFO - 	at java.base/java.lang.reflect.Method.invoke(Method.java:569)
[2026-06-28T15:23:31.573+0000] {subprocess.py:93} INFO - 	at py4j.reflection.MethodInvoker.invoke(MethodInvoker.java:244)
[2026-06-28T15:23:31.575+0000] {subprocess.py:93} INFO - 	at py4j.reflection.ReflectionEngine.invoke(ReflectionEngine.java:374)
[2026-06-28T15:23:31.577+0000] {subprocess.py:93} INFO - 	at py4j.Gateway.invoke(Gateway.java:282)
[2026-06-28T15:23:31.579+0000] {subprocess.py:93} INFO - 	at py4j.commands.AbstractCommand.invokeMethod(AbstractCommand.java:132)
[2026-06-28T15:23:31.581+0000] {subprocess.py:93} INFO - 	at py4j.commands.CallCommand.execute(CallCommand.java:79)
[2026-06-28T15:23:31.582+0000] {subprocess.py:93} INFO - 	at py4j.ClientServerConnection.waitForCommands(ClientServerConnection.java:182)
[2026-06-28T15:23:31.583+0000] {subprocess.py:93} INFO - 	at py4j.ClientServerConnection.run(ClientServerConnection.java:106)
[2026-06-28T15:23:31.585+0000] {subprocess.py:93} INFO - 	at java.base/java.lang.Thread.run(Thread.java:840)
[2026-06-28T15:23:31.587+0000] {subprocess.py:93} INFO - Caused by: java.lang.ClassNotFoundException: Class org.apache.hadoop.fs.azurebfs.SecureAzureBlobFileSystem not found
[2026-06-28T15:23:31.590+0000] {subprocess.py:93} INFO - 	at org.apache.hadoop.conf.Configuration.getClassByName(Configuration.java:2592)
[2026-06-28T15:23:31.592+0000] {subprocess.py:93} INFO - 	at org.apache.hadoop.conf.Configuration.getClass(Configuration.java:2686)
[2026-06-28T15:23:31.596+0000] {subprocess.py:93} INFO - 	... 26 more
[2026-06-28T15:23:31.631+0000] {subprocess.py:93} INFO - Traceback (most recent call last):
[2026-06-28T15:23:31.633+0000] {subprocess.py:93} INFO -   File "/opt/***/pyspark_processing/sss.py", line 86, in <module>
[2026-06-28T15:23:31.634+0000] {subprocess.py:93} INFO -     .json(STREAM_PATH)
[2026-06-28T15:23:31.635+0000] {subprocess.py:93} INFO -      ^^^^^^^^^^^^^^^^^
[2026-06-28T15:23:31.636+0000] {subprocess.py:93} INFO -   File "/opt/spark/python/lib/pyspark.zip/pyspark/sql/readwriter.py", line 425, in json
[2026-06-28T15:23:31.638+0000] {subprocess.py:93} INFO -   File "/opt/spark/python/lib/py4j-0.10.9.7-src.zip/py4j/java_gateway.py", line 1322, in __call__
[2026-06-28T15:23:31.639+0000] {subprocess.py:93} INFO -   File "/opt/spark/python/lib/pyspark.zip/pyspark/errors/exceptions/captured.py", line 179, in deco
[2026-06-28T15:23:31.640+0000] {subprocess.py:93} INFO -   File "/opt/spark/python/lib/py4j-0.10.9.7-src.zip/py4j/protocol.py", line 326, in get_return_value
[2026-06-28T15:23:31.641+0000] {subprocess.py:93} INFO - py4j.protocol.Py4JJavaError: An error occurred while calling o30.json.
[2026-06-28T15:23:31.642+0000] {subprocess.py:93} INFO - : java.lang.RuntimeException: java.lang.ClassNotFoundException: Class org.apache.hadoop.fs.azurebfs.SecureAzureBlobFileSystem not found
[2026-06-28T15:23:31.643+0000] {subprocess.py:93} INFO - 	at org.apache.hadoop.conf.Configuration.getClass(Configuration.java:2688)
[2026-06-28T15:23:31.644+0000] {subprocess.py:93} INFO - 	at org.apache.hadoop.fs.FileSystem.getFileSystemClass(FileSystem.java:3431)
[2026-06-28T15:23:31.645+0000] {subprocess.py:93} INFO - 	at org.apache.hadoop.fs.FileSystem.createFileSystem(FileSystem.java:3466)
[2026-06-28T15:23:31.646+0000] {subprocess.py:93} INFO - 	at org.apache.hadoop.fs.FileSystem.access$300(FileSystem.java:174)
[2026-06-28T15:23:31.647+0000] {subprocess.py:93} INFO - 	at org.apache.hadoop.fs.FileSystem$Cache.getInternal(FileSystem.java:3574)
[2026-06-28T15:23:31.647+0000] {subprocess.py:93} INFO - 	at org.apache.hadoop.fs.FileSystem$Cache.get(FileSystem.java:3521)
[2026-06-28T15:23:31.649+0000] {subprocess.py:93} INFO - 	at org.apache.hadoop.fs.FileSystem.get(FileSystem.java:540)
[2026-06-28T15:23:31.650+0000] {subprocess.py:93} INFO - 	at org.apache.hadoop.fs.Path.getFileSystem(Path.java:365)
[2026-06-28T15:23:31.650+0000] {subprocess.py:93} INFO - 	at org.apache.spark.sql.execution.datasources.DataSource$.$anonfun$checkAndGlobPathIfNecessary$1(DataSource.scala:724)
[2026-06-28T15:23:31.651+0000] {subprocess.py:93} INFO - 	at scala.collection.immutable.List.map(List.scala:293)
[2026-06-28T15:23:31.652+0000] {subprocess.py:93} INFO - 	at org.apache.spark.sql.execution.datasources.DataSource$.checkAndGlobPathIfNecessary(DataSource.scala:722)
[2026-06-28T15:23:31.653+0000] {subprocess.py:93} INFO - 	at org.apache.spark.sql.execution.datasources.DataSource.checkAndGlobPathIfNecessary(DataSource.scala:551)
[2026-06-28T15:23:31.653+0000] {subprocess.py:93} INFO - 	at org.apache.spark.sql.execution.datasources.DataSource.resolveRelation(DataSource.scala:404)
[2026-06-28T15:23:31.654+0000] {subprocess.py:93} INFO - 	at org.apache.spark.sql.DataFrameReader.loadV1Source(DataFrameReader.scala:229)
[2026-06-28T15:23:31.656+0000] {subprocess.py:93} INFO - 	at org.apache.spark.sql.DataFrameReader.$anonfun$load$2(DataFrameReader.scala:211)
[2026-06-28T15:23:31.656+0000] {subprocess.py:93} INFO - 	at scala.Option.getOrElse(Option.scala:189)
[2026-06-28T15:23:31.657+0000] {subprocess.py:93} INFO - 	at org.apache.spark.sql.DataFrameReader.load(DataFrameReader.scala:211)
[2026-06-28T15:23:31.658+0000] {subprocess.py:93} INFO - 	at org.apache.spark.sql.DataFrameReader.json(DataFrameReader.scala:362)
[2026-06-28T15:23:31.659+0000] {subprocess.py:93} INFO - 	at java.base/jdk.internal.reflect.NativeMethodAccessorImpl.invoke0(Native Method)
[2026-06-28T15:23:31.660+0000] {subprocess.py:93} INFO - 	at java.base/jdk.internal.reflect.NativeMethodAccessorImpl.invoke(NativeMethodAccessorImpl.java:77)
[2026-06-28T15:23:31.662+0000] {subprocess.py:93} INFO - 	at java.base/jdk.internal.reflect.DelegatingMethodAccessorImpl.invoke(DelegatingMethodAccessorImpl.java:43)
[2026-06-28T15:23:31.663+0000] {subprocess.py:93} INFO - 	at java.base/java.lang.reflect.Method.invoke(Method.java:569)
[2026-06-28T15:23:31.664+0000] {subprocess.py:93} INFO - 	at py4j.reflection.MethodInvoker.invoke(MethodInvoker.java:244)
[2026-06-28T15:23:31.665+0000] {subprocess.py:93} INFO - 	at py4j.reflection.ReflectionEngine.invoke(ReflectionEngine.java:374)
[2026-06-28T15:23:31.666+0000] {subprocess.py:93} INFO - 	at py4j.Gateway.invoke(Gateway.java:282)
[2026-06-28T15:23:31.667+0000] {subprocess.py:93} INFO - 	at py4j.commands.AbstractCommand.invokeMethod(AbstractCommand.java:132)
[2026-06-28T15:23:31.668+0000] {subprocess.py:93} INFO - 	at py4j.commands.CallCommand.execute(CallCommand.java:79)
[2026-06-28T15:23:31.669+0000] {subprocess.py:93} INFO - 	at py4j.ClientServerConnection.waitForCommands(ClientServerConnection.java:182)
[2026-06-28T15:23:31.669+0000] {subprocess.py:93} INFO - 	at py4j.ClientServerConnection.run(ClientServerConnection.java:106)
[2026-06-28T15:23:31.670+0000] {subprocess.py:93} INFO - 	at java.base/java.lang.Thread.run(Thread.java:840)
[2026-06-28T15:23:31.671+0000] {subprocess.py:93} INFO - Caused by: java.lang.ClassNotFoundException: Class org.apache.hadoop.fs.azurebfs.SecureAzureBlobFileSystem not found
[2026-06-28T15:23:31.672+0000] {subprocess.py:93} INFO - 	at org.apache.hadoop.conf.Configuration.getClassByName(Configuration.java:2592)
[2026-06-28T15:23:31.673+0000] {subprocess.py:93} INFO - 	at org.apache.hadoop.conf.Configuration.getClass(Configuration.java:2686)
[2026-06-28T15:23:31.675+0000] {subprocess.py:93} INFO - 	... 29 more
[2026-06-28T15:23:31.676+0000] {subprocess.py:93} INFO - 
[2026-06-28T15:23:31.703+0000] {subprocess.py:93} INFO - 26/06/28 15:23:31 INFO SparkContext: Invoking stop() from shutdown hook
[2026-06-28T15:23:31.704+0000] {subprocess.py:93} INFO - 26/06/28 15:23:31 INFO SparkContext: SparkContext is stopping with exitCode 0.
[2026-06-28T15:23:31.716+0000] {subprocess.py:93} INFO - 26/06/28 15:23:31 INFO SparkUI: Stopped Spark web UI at http://0fb827741c45:4040
[2026-06-28T15:23:31.735+0000] {subprocess.py:93} INFO - 26/06/28 15:23:31 INFO MapOutputTrackerMasterEndpoint: MapOutputTrackerMasterEndpoint stopped!
[2026-06-28T15:23:31.756+0000] {subprocess.py:93} INFO - 26/06/28 15:23:31 INFO MemoryStore: MemoryStore cleared
[2026-06-28T15:23:31.758+0000] {subprocess.py:93} INFO - 26/06/28 15:23:31 INFO BlockManager: BlockManager stopped
[2026-06-28T15:23:31.765+0000] {subprocess.py:93} INFO - 26/06/28 15:23:31 INFO BlockManagerMaster: BlockManagerMaster stopped
[2026-06-28T15:23:31.770+0000] {subprocess.py:93} INFO - 26/06/28 15:23:31 INFO OutputCommitCoordinator$OutputCommitCoordinatorEndpoint: OutputCommitCoordinator stopped!
[2026-06-28T15:23:31.798+0000] {subprocess.py:93} INFO - 26/06/28 15:23:31 INFO SparkContext: Successfully stopped SparkContext
[2026-06-28T15:23:31.801+0000] {subprocess.py:93} INFO - 26/06/28 15:23:31 INFO ShutdownHookManager: Shutdown hook called
[2026-06-28T15:23:31.803+0000] {subprocess.py:93} INFO - 26/06/28 15:23:31 INFO ShutdownHookManager: Deleting directory /tmp/spark-3b77ca22-7150-497b-b462-a69dc4456df1
[2026-06-28T15:23:31.820+0000] {subprocess.py:93} INFO - 26/06/28 15:23:31 INFO ShutdownHookManager: Deleting directory /tmp/spark-a21ceebb-7851-437c-9aef-16d2cb5a59a5/pyspark-f7fa7cc2-ea04-417b-a8bf-3463ccb10c61
[2026-06-28T15:23:31.831+0000] {subprocess.py:93} INFO - 26/06/28 15:23:31 INFO ShutdownHookManager: Deleting directory /tmp/spark-a21ceebb-7851-437c-9aef-16d2cb5a59a5
[2026-06-28T15:23:31.901+0000] {subprocess.py:97} INFO - Command exited with return code 1
[2026-06-28T15:23:31.921+0000] {taskinstance.py:3301} ERROR - Task failed with exception
Traceback (most recent call last):
  File "/home/airflow/.local/lib/python3.12/site-packages/airflow/models/taskinstance.py", line 767, in _execute_task
    result = _execute_callable(context=context, **execute_callable_kwargs)
             ^^^^^^^^^^^^^^^^^^^^^^^^^^^^^^^^^^^^^^^^^^^^^^^^^^^^^^^^^^^^^
  File "/home/airflow/.local/lib/python3.12/site-packages/airflow/models/taskinstance.py", line 733, in _execute_callable
    return ExecutionCallableRunner(
           ^^^^^^^^^^^^^^^^^^^^^^^^
  File "/home/airflow/.local/lib/python3.12/site-packages/airflow/utils/operator_helpers.py", line 252, in run
    return self.func(*args, **kwargs)
           ^^^^^^^^^^^^^^^^^^^^^^^^^^
  File "/home/airflow/.local/lib/python3.12/site-packages/airflow/models/baseoperator.py", line 406, in wrapper
    return func(self, *args, **kwargs)
           ^^^^^^^^^^^^^^^^^^^^^^^^^^^
  File "/home/airflow/.local/lib/python3.12/site-packages/airflow/operators/bash.py", line 249, in execute
    raise AirflowException(
airflow.exceptions.AirflowException: Bash command failed. The command returned a non-zero exit code 1.
[2026-06-28T15:23:31.935+0000] {taskinstance.py:1225} INFO - Marking task as UP_FOR_RETRY. dag_id=gold_price_pipeline, task_id=run_spark_etl, run_id=manual__2026-06-28T15:23:17.066584+00:00, execution_date=20260628T152317, start_date=20260628T152319, end_date=20260628T152331
[2026-06-28T15:23:31.956+0000] {taskinstance.py:340} INFO - ::group::Post task execution logs
[2026-06-28T15:23:31.959+0000] {standard_task_runner.py:124} ERROR - Failed to execute job 29 for task run_spark_etl (Bash command failed. The command returned a non-zero exit code 1.; 175)
Traceback (most recent call last):
  File "/home/airflow/.local/lib/python3.12/site-packages/airflow/task/task_runner/standard_task_runner.py", line 117, in _start_by_fork
    ret = args.func(args, dag=self.dag)
          ^^^^^^^^^^^^^^^^^^^^^^^^^^^^^
  File "/home/airflow/.local/lib/python3.12/site-packages/airflow/cli/cli_config.py", line 49, in command
    return func(*args, **kwargs)
           ^^^^^^^^^^^^^^^^^^^^^
  File "/home/airflow/.local/lib/python3.12/site-packages/airflow/utils/cli.py", line 115, in wrapper
    return f(*args, **kwargs)
           ^^^^^^^^^^^^^^^^^^
  File "/home/airflow/.local/lib/python3.12/site-packages/airflow/cli/commands/task_command.py", line 483, in task_run
    task_return_code = _run_task_by_selected_method(args, _dag, ti)
                       ^^^^^^^^^^^^^^^^^^^^^^^^^^^^^^^^^^^^^^^^^^^^
  File "/home/airflow/.local/lib/python3.12/site-packages/airflow/cli/commands/task_command.py", line 256, in _run_task_by_selected_method
    return _run_raw_task(args, ti)
           ^^^^^^^^^^^^^^^^^^^^^^^
  File "/home/airflow/.local/lib/python3.12/site-packages/airflow/cli/commands/task_command.py", line 341, in _run_raw_task
    return ti._run_raw_task(
           ^^^^^^^^^^^^^^^^^
  File "/home/airflow/.local/lib/python3.12/site-packages/airflow/utils/session.py", line 97, in wrapper
    return func(*args, session=session, **kwargs)
           ^^^^^^^^^^^^^^^^^^^^^^^^^^^^^^^^^^^^^^
  File "/home/airflow/.local/lib/python3.12/site-packages/airflow/models/taskinstance.py", line 2995, in _run_raw_task
    return _run_raw_task(
           ^^^^^^^^^^^^^^
  File "/home/airflow/.local/lib/python3.12/site-packages/airflow/models/taskinstance.py", line 273, in _run_raw_task
    TaskInstance._execute_task_with_callbacks(
  File "/home/airflow/.local/lib/python3.12/site-packages/airflow/models/taskinstance.py", line 3149, in _execute_task_with_callbacks
    result = self._execute_task(context, task_orig)
             ^^^^^^^^^^^^^^^^^^^^^^^^^^^^^^^^^^^^^^
  File "/home/airflow/.local/lib/python3.12/site-packages/airflow/models/taskinstance.py", line 3173, in _execute_task
    return _execute_task(self, context, task_orig)
           ^^^^^^^^^^^^^^^^^^^^^^^^^^^^^^^^^^^^^^^
  File "/home/airflow/.local/lib/python3.12/site-packages/airflow/models/taskinstance.py", line 767, in _execute_task
    result = _execute_callable(context=context, **execute_callable_kwargs)
             ^^^^^^^^^^^^^^^^^^^^^^^^^^^^^^^^^^^^^^^^^^^^^^^^^^^^^^^^^^^^^
  File "/home/airflow/.local/lib/python3.12/site-packages/airflow/models/taskinstance.py", line 733, in _execute_callable
    return ExecutionCallableRunner(
           ^^^^^^^^^^^^^^^^^^^^^^^^
  File "/home/airflow/.local/lib/python3.12/site-packages/airflow/utils/operator_helpers.py", line 252, in run
    return self.func(*args, **kwargs)
           ^^^^^^^^^^^^^^^^^^^^^^^^^^
  File "/home/airflow/.local/lib/python3.12/site-packages/airflow/models/baseoperator.py", line 406, in wrapper
    return func(self, *args, **kwargs)
           ^^^^^^^^^^^^^^^^^^^^^^^^^^^
  File "/home/airflow/.local/lib/python3.12/site-packages/airflow/operators/bash.py", line 249, in execute
    raise AirflowException(
airflow.exceptions.AirflowException: Bash command failed. The command returned a non-zero exit code 1.
[2026-06-28T15:23:31.974+0000] {local_task_job_runner.py:261} INFO - Task exited with return code 1
[2026-06-28T15:23:32.000+0000] {taskinstance.py:3891} INFO - 0 downstream tasks scheduled from follow-on schedule check
[2026-06-28T15:23:32.003+0000] {local_task_job_runner.py:240} INFO - ::endgroup::
