[2026-06-28T15:27:39.075+0000] {local_task_job_runner.py:123} INFO - ::group::Pre task execution logs
[2026-06-28T15:27:39.095+0000] {taskinstance.py:2603} INFO - Dependencies all met for dep_context=non-requeueable deps ti=<TaskInstance: gold_price_pipeline.run_spark_etl manual__2026-06-28T15:23:17.066584+00:00 [queued]>
[2026-06-28T15:27:39.104+0000] {taskinstance.py:2603} INFO - Dependencies all met for dep_context=requeueable deps ti=<TaskInstance: gold_price_pipeline.run_spark_etl manual__2026-06-28T15:23:17.066584+00:00 [queued]>
[2026-06-28T15:27:39.106+0000] {taskinstance.py:2856} INFO - Starting attempt 3 of 3
[2026-06-28T15:27:39.119+0000] {taskinstance.py:2879} INFO - Executing <Task(BashOperator): run_spark_etl> on 2026-06-28 15:23:17.066584+00:00
[2026-06-28T15:27:39.127+0000] {logging_mixin.py:190} WARNING - /home/***/.local/lib/python3.12/site-packages/***/task/task_runner/standard_task_runner.py:70 DeprecationWarning: This process (pid=529) is multi-threaded, use of fork() may lead to deadlocks in the child.
[2026-06-28T15:27:39.127+0000] {standard_task_runner.py:104} INFO - Running: ['***', 'tasks', 'run', 'gold_price_pipeline', 'run_spark_etl', 'manual__2026-06-28T15:23:17.066584+00:00', '--job-id', '31', '--raw', '--subdir', 'DAGS_FOLDER/gold_pipeline.py', '--cfg-path', '/tmp/tmpk4ugnj0u']
[2026-06-28T15:27:39.130+0000] {standard_task_runner.py:72} INFO - Started process 530 to run task
[2026-06-28T15:27:39.130+0000] {standard_task_runner.py:105} INFO - Job 31: Subtask run_spark_etl
[2026-06-28T15:27:39.199+0000] {task_command.py:467} INFO - Running <TaskInstance: gold_price_pipeline.run_spark_etl manual__2026-06-28T15:23:17.066584+00:00 [running]> on host 0fb827741c45
[2026-06-28T15:27:39.291+0000] {taskinstance.py:3122} INFO - Exporting env vars: AIRFLOW_CTX_DAG_OWNER='Sayed' AIRFLOW_CTX_DAG_ID='gold_price_pipeline' AIRFLOW_CTX_TASK_ID='run_spark_etl' AIRFLOW_CTX_EXECUTION_DATE='2026-06-28T15:23:17.066584+00:00' AIRFLOW_CTX_TRY_NUMBER='3' AIRFLOW_CTX_DAG_RUN_ID='manual__2026-06-28T15:23:17.066584+00:00'
[2026-06-28T15:27:39.293+0000] {taskinstance.py:731} INFO - ::endgroup::
[2026-06-28T15:27:39.309+0000] {subprocess.py:63} INFO - Tmp dir root location: /tmp
[2026-06-28T15:27:39.311+0000] {subprocess.py:75} INFO - Running command: ['/usr/bin/bash', '-c', '\n        spark-submit         /opt/***/pyspark_processing/sss.py\n        ']
[2026-06-28T15:27:39.325+0000] {subprocess.py:86} INFO - Output:
[2026-06-28T15:27:41.965+0000] {subprocess.py:93} INFO - 26/06/28 15:27:41 INFO SparkContext: Running Spark version 3.5.1
[2026-06-28T15:27:41.968+0000] {subprocess.py:93} INFO - 26/06/28 15:27:41 INFO SparkContext: OS info Linux, 6.18.33.2-microsoft-standard-WSL2, amd64
[2026-06-28T15:27:41.969+0000] {subprocess.py:93} INFO - 26/06/28 15:27:41 INFO SparkContext: Java version 17.0.19
[2026-06-28T15:27:42.020+0000] {subprocess.py:93} INFO - 26/06/28 15:27:42 WARN NativeCodeLoader: Unable to load native-hadoop library for your platform... using builtin-java classes where applicable
[2026-06-28T15:27:42.105+0000] {subprocess.py:93} INFO - 26/06/28 15:27:42 INFO ResourceUtils: ==============================================================
[2026-06-28T15:27:42.107+0000] {subprocess.py:93} INFO - 26/06/28 15:27:42 INFO ResourceUtils: No custom resources configured for spark.driver.
[2026-06-28T15:27:42.108+0000] {subprocess.py:93} INFO - 26/06/28 15:27:42 INFO ResourceUtils: ==============================================================
[2026-06-28T15:27:42.109+0000] {subprocess.py:93} INFO - 26/06/28 15:27:42 INFO SparkContext: Submitted application: GoldPriceETL
[2026-06-28T15:27:42.128+0000] {subprocess.py:93} INFO - 26/06/28 15:27:42 INFO ResourceProfile: Default ResourceProfile created, executor resources: Map(cores -> name: cores, amount: 1, script: , vendor: , memory -> name: memory, amount: 1024, script: , vendor: , offHeap -> name: offHeap, amount: 0, script: , vendor: ), task resources: Map(cpus -> name: cpus, amount: 1.0)
[2026-06-28T15:27:42.135+0000] {subprocess.py:93} INFO - 26/06/28 15:27:42 INFO ResourceProfile: Limiting resource is cpu
[2026-06-28T15:27:42.136+0000] {subprocess.py:93} INFO - 26/06/28 15:27:42 INFO ResourceProfileManager: Added ResourceProfile id: 0
[2026-06-28T15:27:42.183+0000] {subprocess.py:93} INFO - 26/06/28 15:27:42 INFO SecurityManager: Changing view acls to: ***
[2026-06-28T15:27:42.185+0000] {subprocess.py:93} INFO - 26/06/28 15:27:42 INFO SecurityManager: Changing modify acls to: ***
[2026-06-28T15:27:42.186+0000] {subprocess.py:93} INFO - 26/06/28 15:27:42 INFO SecurityManager: Changing view acls groups to:
[2026-06-28T15:27:42.188+0000] {subprocess.py:93} INFO - 26/06/28 15:27:42 INFO SecurityManager: Changing modify acls groups to:
[2026-06-28T15:27:42.189+0000] {subprocess.py:93} INFO - 26/06/28 15:27:42 INFO SecurityManager: SecurityManager: authentication disabled; ui acls disabled; users with view permissions: ***; groups with view permissions: EMPTY; users with modify permissions: ***; groups with modify permissions: EMPTY
[2026-06-28T15:27:42.404+0000] {subprocess.py:93} INFO - 26/06/28 15:27:42 INFO Utils: Successfully started service 'sparkDriver' on port 45127.
[2026-06-28T15:27:42.476+0000] {subprocess.py:93} INFO - 26/06/28 15:27:42 INFO SparkEnv: Registering MapOutputTracker
[2026-06-28T15:27:42.533+0000] {subprocess.py:93} INFO - 26/06/28 15:27:42 INFO SparkEnv: Registering BlockManagerMaster
[2026-06-28T15:27:42.565+0000] {subprocess.py:93} INFO - 26/06/28 15:27:42 INFO BlockManagerMasterEndpoint: Using org.apache.spark.storage.DefaultTopologyMapper for getting topology information
[2026-06-28T15:27:42.567+0000] {subprocess.py:93} INFO - 26/06/28 15:27:42 INFO BlockManagerMasterEndpoint: BlockManagerMasterEndpoint up
[2026-06-28T15:27:42.573+0000] {subprocess.py:93} INFO - 26/06/28 15:27:42 INFO SparkEnv: Registering BlockManagerMasterHeartbeat
[2026-06-28T15:27:42.595+0000] {subprocess.py:93} INFO - 26/06/28 15:27:42 INFO DiskBlockManager: Created local directory at /tmp/blockmgr-c61a0329-d99a-4fe9-9dbb-9ae660be243f
[2026-06-28T15:27:42.609+0000] {subprocess.py:93} INFO - 26/06/28 15:27:42 INFO MemoryStore: MemoryStore started with capacity 434.4 MiB
[2026-06-28T15:27:42.630+0000] {subprocess.py:93} INFO - 26/06/28 15:27:42 INFO SparkEnv: Registering OutputCommitCoordinator
[2026-06-28T15:27:42.736+0000] {subprocess.py:93} INFO - 26/06/28 15:27:42 INFO JettyUtils: Start Jetty 0.0.0.0:4040 for SparkUI
[2026-06-28T15:27:42.786+0000] {subprocess.py:93} INFO - 26/06/28 15:27:42 INFO Utils: Successfully started service 'SparkUI' on port 4040.
[2026-06-28T15:27:42.882+0000] {subprocess.py:93} INFO - 26/06/28 15:27:42 INFO Executor: Starting executor ID driver on host 0fb827741c45
[2026-06-28T15:27:42.883+0000] {subprocess.py:93} INFO - 26/06/28 15:27:42 INFO Executor: OS info Linux, 6.18.33.2-microsoft-standard-WSL2, amd64
[2026-06-28T15:27:42.885+0000] {subprocess.py:93} INFO - 26/06/28 15:27:42 INFO Executor: Java version 17.0.19
[2026-06-28T15:27:42.891+0000] {subprocess.py:93} INFO - 26/06/28 15:27:42 INFO Executor: Starting executor with user classpath (userClassPathFirst = false): ''
[2026-06-28T15:27:42.893+0000] {subprocess.py:93} INFO - 26/06/28 15:27:42 INFO Executor: Created or updated repl class loader org.apache.spark.util.MutableURLClassLoader@4ed880f7 for default.
[2026-06-28T15:27:42.916+0000] {subprocess.py:93} INFO - 26/06/28 15:27:42 INFO Utils: Successfully started service 'org.apache.spark.network.netty.NettyBlockTransferService' on port 44341.
[2026-06-28T15:27:42.917+0000] {subprocess.py:93} INFO - 26/06/28 15:27:42 INFO NettyBlockTransferService: Server created on 0fb827741c45:44341
[2026-06-28T15:27:42.918+0000] {subprocess.py:93} INFO - 26/06/28 15:27:42 INFO BlockManager: Using org.apache.spark.storage.RandomBlockReplicationPolicy for block replication policy
[2026-06-28T15:27:42.925+0000] {subprocess.py:93} INFO - 26/06/28 15:27:42 INFO BlockManagerMaster: Registering BlockManager BlockManagerId(driver, 0fb827741c45, 44341, None)
[2026-06-28T15:27:42.928+0000] {subprocess.py:93} INFO - 26/06/28 15:27:42 INFO BlockManagerMasterEndpoint: Registering block manager 0fb827741c45:44341 with 434.4 MiB RAM, BlockManagerId(driver, 0fb827741c45, 44341, None)
[2026-06-28T15:27:42.931+0000] {subprocess.py:93} INFO - 26/06/28 15:27:42 INFO BlockManagerMaster: Registered BlockManager BlockManagerId(driver, 0fb827741c45, 44341, None)
[2026-06-28T15:27:42.933+0000] {subprocess.py:93} INFO - 26/06/28 15:27:42 INFO BlockManager: Initialized BlockManager: BlockManagerId(driver, 0fb827741c45, 44341, None)
[2026-06-28T15:27:43.245+0000] {subprocess.py:93} INFO - 26/06/28 15:27:43 WARN SparkSession: Cannot use io.delta.sql.DeltaSparkSessionExtension to configure session extensions.
[2026-06-28T15:27:43.247+0000] {subprocess.py:93} INFO - java.lang.ClassNotFoundException: io.delta.sql.DeltaSparkSessionExtension
[2026-06-28T15:27:43.248+0000] {subprocess.py:93} INFO - 	at java.base/java.net.URLClassLoader.findClass(URLClassLoader.java:445)
[2026-06-28T15:27:43.249+0000] {subprocess.py:93} INFO - 	at java.base/java.lang.ClassLoader.loadClass(ClassLoader.java:592)
[2026-06-28T15:27:43.251+0000] {subprocess.py:93} INFO - 	at java.base/java.lang.ClassLoader.loadClass(ClassLoader.java:525)
[2026-06-28T15:27:43.252+0000] {subprocess.py:93} INFO - 	at java.base/java.lang.Class.forName0(Native Method)
[2026-06-28T15:27:43.253+0000] {subprocess.py:93} INFO - 	at java.base/java.lang.Class.forName(Class.java:469)
[2026-06-28T15:27:43.254+0000] {subprocess.py:93} INFO - 	at org.apache.spark.util.SparkClassUtils.classForName(SparkClassUtils.scala:41)
[2026-06-28T15:27:43.255+0000] {subprocess.py:93} INFO - 	at org.apache.spark.util.SparkClassUtils.classForName$(SparkClassUtils.scala:36)
[2026-06-28T15:27:43.256+0000] {subprocess.py:93} INFO - 	at org.apache.spark.util.Utils$.classForName(Utils.scala:94)
[2026-06-28T15:27:43.258+0000] {subprocess.py:93} INFO - 	at org.apache.spark.sql.SparkSession$.$anonfun$applyExtensions$2(SparkSession.scala:1367)
[2026-06-28T15:27:43.259+0000] {subprocess.py:93} INFO - 	at org.apache.spark.sql.SparkSession$.$anonfun$applyExtensions$2$adapted(SparkSession.scala:1365)
[2026-06-28T15:27:43.260+0000] {subprocess.py:93} INFO - 	at scala.collection.mutable.ResizableArray.foreach(ResizableArray.scala:62)
[2026-06-28T15:27:43.261+0000] {subprocess.py:93} INFO - 	at scala.collection.mutable.ResizableArray.foreach$(ResizableArray.scala:55)
[2026-06-28T15:27:43.262+0000] {subprocess.py:93} INFO - 	at scala.collection.mutable.ArrayBuffer.foreach(ArrayBuffer.scala:49)
[2026-06-28T15:27:43.263+0000] {subprocess.py:93} INFO - 	at org.apache.spark.sql.SparkSession$.org$apache$spark$sql$SparkSession$$applyExtensions(SparkSession.scala:1365)
[2026-06-28T15:27:43.264+0000] {subprocess.py:93} INFO - 	at org.apache.spark.sql.SparkSession.<init>(SparkSession.scala:105)
[2026-06-28T15:27:43.266+0000] {subprocess.py:93} INFO - 	at java.base/jdk.internal.reflect.NativeConstructorAccessorImpl.newInstance0(Native Method)
[2026-06-28T15:27:43.267+0000] {subprocess.py:93} INFO - 	at java.base/jdk.internal.reflect.NativeConstructorAccessorImpl.newInstance(NativeConstructorAccessorImpl.java:77)
[2026-06-28T15:27:43.268+0000] {subprocess.py:93} INFO - 	at java.base/jdk.internal.reflect.DelegatingConstructorAccessorImpl.newInstance(DelegatingConstructorAccessorImpl.java:45)
[2026-06-28T15:27:43.270+0000] {subprocess.py:93} INFO - 	at java.base/java.lang.reflect.Constructor.newInstanceWithCaller(Constructor.java:500)
[2026-06-28T15:27:43.271+0000] {subprocess.py:93} INFO - 	at java.base/java.lang.reflect.Constructor.newInstance(Constructor.java:481)
[2026-06-28T15:27:43.272+0000] {subprocess.py:93} INFO - 	at py4j.reflection.MethodInvoker.invoke(MethodInvoker.java:247)
[2026-06-28T15:27:43.274+0000] {subprocess.py:93} INFO - 	at py4j.reflection.ReflectionEngine.invoke(ReflectionEngine.java:374)
[2026-06-28T15:27:43.275+0000] {subprocess.py:93} INFO - 	at py4j.Gateway.invoke(Gateway.java:238)
[2026-06-28T15:27:43.276+0000] {subprocess.py:93} INFO - 	at py4j.commands.ConstructorCommand.invokeConstructor(ConstructorCommand.java:80)
[2026-06-28T15:27:43.277+0000] {subprocess.py:93} INFO - 	at py4j.commands.ConstructorCommand.execute(ConstructorCommand.java:69)
[2026-06-28T15:27:43.278+0000] {subprocess.py:93} INFO - 	at py4j.ClientServerConnection.waitForCommands(ClientServerConnection.java:182)
[2026-06-28T15:27:43.280+0000] {subprocess.py:93} INFO - 	at py4j.ClientServerConnection.run(ClientServerConnection.java:106)
[2026-06-28T15:27:43.281+0000] {subprocess.py:93} INFO - 	at java.base/java.lang.Thread.run(Thread.java:840)
[2026-06-28T15:27:43.314+0000] {subprocess.py:93} INFO - 26/06/28 15:27:43 INFO SharedState: Setting hive.metastore.warehouse.dir ('null') to the value of spark.sql.warehouse.dir.
[2026-06-28T15:27:43.322+0000] {subprocess.py:93} INFO - 26/06/28 15:27:43 INFO SharedState: Warehouse path is 'file:/tmp/***tmp2ynel4t5/spark-warehouse'.
[2026-06-28T15:27:44.052+0000] {subprocess.py:93} INFO - 26/06/28 15:27:44 WARN FileStreamSink: Assume no metadata directory. Error while looking for metadata directory in the path: abfss://raw@golddatalakee011.dfs.core.windows.net/stream_data/.
[2026-06-28T15:27:44.054+0000] {subprocess.py:93} INFO - java.lang.RuntimeException: java.lang.ClassNotFoundException: Class org.apache.hadoop.fs.azurebfs.SecureAzureBlobFileSystem not found
[2026-06-28T15:27:44.055+0000] {subprocess.py:93} INFO - 	at org.apache.hadoop.conf.Configuration.getClass(Configuration.java:2688)
[2026-06-28T15:27:44.057+0000] {subprocess.py:93} INFO - 	at org.apache.hadoop.fs.FileSystem.getFileSystemClass(FileSystem.java:3431)
[2026-06-28T15:27:44.058+0000] {subprocess.py:93} INFO - 	at org.apache.hadoop.fs.FileSystem.createFileSystem(FileSystem.java:3466)
[2026-06-28T15:27:44.059+0000] {subprocess.py:93} INFO - 	at org.apache.hadoop.fs.FileSystem.access$300(FileSystem.java:174)
[2026-06-28T15:27:44.060+0000] {subprocess.py:93} INFO - 	at org.apache.hadoop.fs.FileSystem$Cache.getInternal(FileSystem.java:3574)
[2026-06-28T15:27:44.062+0000] {subprocess.py:93} INFO - 	at org.apache.hadoop.fs.FileSystem$Cache.get(FileSystem.java:3521)
[2026-06-28T15:27:44.063+0000] {subprocess.py:93} INFO - 	at org.apache.hadoop.fs.FileSystem.get(FileSystem.java:540)
[2026-06-28T15:27:44.065+0000] {subprocess.py:93} INFO - 	at org.apache.hadoop.fs.Path.getFileSystem(Path.java:365)
[2026-06-28T15:27:44.066+0000] {subprocess.py:93} INFO - 	at org.apache.spark.sql.execution.streaming.FileStreamSink$.hasMetadata(FileStreamSink.scala:53)
[2026-06-28T15:27:44.068+0000] {subprocess.py:93} INFO - 	at org.apache.spark.sql.execution.datasources.DataSource.resolveRelation(DataSource.scala:366)
[2026-06-28T15:27:44.069+0000] {subprocess.py:93} INFO - 	at org.apache.spark.sql.DataFrameReader.loadV1Source(DataFrameReader.scala:229)
[2026-06-28T15:27:44.070+0000] {subprocess.py:93} INFO - 	at org.apache.spark.sql.DataFrameReader.$anonfun$load$2(DataFrameReader.scala:211)
[2026-06-28T15:27:44.072+0000] {subprocess.py:93} INFO - 	at scala.Option.getOrElse(Option.scala:189)
[2026-06-28T15:27:44.073+0000] {subprocess.py:93} INFO - 	at org.apache.spark.sql.DataFrameReader.load(DataFrameReader.scala:211)
[2026-06-28T15:27:44.074+0000] {subprocess.py:93} INFO - 	at org.apache.spark.sql.DataFrameReader.json(DataFrameReader.scala:362)
[2026-06-28T15:27:44.076+0000] {subprocess.py:93} INFO - 	at java.base/jdk.internal.reflect.NativeMethodAccessorImpl.invoke0(Native Method)
[2026-06-28T15:27:44.077+0000] {subprocess.py:93} INFO - 	at java.base/jdk.internal.reflect.NativeMethodAccessorImpl.invoke(NativeMethodAccessorImpl.java:77)
[2026-06-28T15:27:44.078+0000] {subprocess.py:93} INFO - 	at java.base/jdk.internal.reflect.DelegatingMethodAccessorImpl.invoke(DelegatingMethodAccessorImpl.java:43)
[2026-06-28T15:27:44.080+0000] {subprocess.py:93} INFO - 	at java.base/java.lang.reflect.Method.invoke(Method.java:569)
[2026-06-28T15:27:44.081+0000] {subprocess.py:93} INFO - 	at py4j.reflection.MethodInvoker.invoke(MethodInvoker.java:244)
[2026-06-28T15:27:44.082+0000] {subprocess.py:93} INFO - 	at py4j.reflection.ReflectionEngine.invoke(ReflectionEngine.java:374)
[2026-06-28T15:27:44.084+0000] {subprocess.py:93} INFO - 	at py4j.Gateway.invoke(Gateway.java:282)
[2026-06-28T15:27:44.085+0000] {subprocess.py:93} INFO - 	at py4j.commands.AbstractCommand.invokeMethod(AbstractCommand.java:132)
[2026-06-28T15:27:44.087+0000] {subprocess.py:93} INFO - 	at py4j.commands.CallCommand.execute(CallCommand.java:79)
[2026-06-28T15:27:44.088+0000] {subprocess.py:93} INFO - 	at py4j.ClientServerConnection.waitForCommands(ClientServerConnection.java:182)
[2026-06-28T15:27:44.089+0000] {subprocess.py:93} INFO - 	at py4j.ClientServerConnection.run(ClientServerConnection.java:106)
[2026-06-28T15:27:44.090+0000] {subprocess.py:93} INFO - 	at java.base/java.lang.Thread.run(Thread.java:840)
[2026-06-28T15:27:44.091+0000] {subprocess.py:93} INFO - Caused by: java.lang.ClassNotFoundException: Class org.apache.hadoop.fs.azurebfs.SecureAzureBlobFileSystem not found
[2026-06-28T15:27:44.093+0000] {subprocess.py:93} INFO - 	at org.apache.hadoop.conf.Configuration.getClassByName(Configuration.java:2592)
[2026-06-28T15:27:44.094+0000] {subprocess.py:93} INFO - 	at org.apache.hadoop.conf.Configuration.getClass(Configuration.java:2686)
[2026-06-28T15:27:44.095+0000] {subprocess.py:93} INFO - 	... 26 more
[2026-06-28T15:27:44.131+0000] {subprocess.py:93} INFO - Traceback (most recent call last):
[2026-06-28T15:27:44.132+0000] {subprocess.py:93} INFO -   File "/opt/***/pyspark_processing/sss.py", line 86, in <module>
[2026-06-28T15:27:44.135+0000] {subprocess.py:93} INFO -     .json(STREAM_PATH)
[2026-06-28T15:27:44.136+0000] {subprocess.py:93} INFO -      ^^^^^^^^^^^^^^^^^
[2026-06-28T15:27:44.137+0000] {subprocess.py:93} INFO -   File "/opt/spark/python/lib/pyspark.zip/pyspark/sql/readwriter.py", line 425, in json
[2026-06-28T15:27:44.139+0000] {subprocess.py:93} INFO -   File "/opt/spark/python/lib/py4j-0.10.9.7-src.zip/py4j/java_gateway.py", line 1322, in __call__
[2026-06-28T15:27:44.140+0000] {subprocess.py:93} INFO -   File "/opt/spark/python/lib/pyspark.zip/pyspark/errors/exceptions/captured.py", line 179, in deco
[2026-06-28T15:27:44.141+0000] {subprocess.py:93} INFO -   File "/opt/spark/python/lib/py4j-0.10.9.7-src.zip/py4j/protocol.py", line 326, in get_return_value
[2026-06-28T15:27:44.143+0000] {subprocess.py:93} INFO - py4j.protocol.Py4JJavaError: An error occurred while calling o30.json.
[2026-06-28T15:27:44.146+0000] {subprocess.py:93} INFO - : java.lang.RuntimeException: java.lang.ClassNotFoundException: Class org.apache.hadoop.fs.azurebfs.SecureAzureBlobFileSystem not found
[2026-06-28T15:27:44.147+0000] {subprocess.py:93} INFO - 	at org.apache.hadoop.conf.Configuration.getClass(Configuration.java:2688)
[2026-06-28T15:27:44.149+0000] {subprocess.py:93} INFO - 	at org.apache.hadoop.fs.FileSystem.getFileSystemClass(FileSystem.java:3431)
[2026-06-28T15:27:44.151+0000] {subprocess.py:93} INFO - 	at org.apache.hadoop.fs.FileSystem.createFileSystem(FileSystem.java:3466)
[2026-06-28T15:27:44.153+0000] {subprocess.py:93} INFO - 	at org.apache.hadoop.fs.FileSystem.access$300(FileSystem.java:174)
[2026-06-28T15:27:44.154+0000] {subprocess.py:93} INFO - 	at org.apache.hadoop.fs.FileSystem$Cache.getInternal(FileSystem.java:3574)
[2026-06-28T15:27:44.156+0000] {subprocess.py:93} INFO - 	at org.apache.hadoop.fs.FileSystem$Cache.get(FileSystem.java:3521)
[2026-06-28T15:27:44.157+0000] {subprocess.py:93} INFO - 	at org.apache.hadoop.fs.FileSystem.get(FileSystem.java:540)
[2026-06-28T15:27:44.159+0000] {subprocess.py:93} INFO - 	at org.apache.hadoop.fs.Path.getFileSystem(Path.java:365)
[2026-06-28T15:27:44.163+0000] {subprocess.py:93} INFO - 	at org.apache.spark.sql.execution.datasources.DataSource$.$anonfun$checkAndGlobPathIfNecessary$1(DataSource.scala:724)
[2026-06-28T15:27:44.165+0000] {subprocess.py:93} INFO - 	at scala.collection.immutable.List.map(List.scala:293)
[2026-06-28T15:27:44.166+0000] {subprocess.py:93} INFO - 	at org.apache.spark.sql.execution.datasources.DataSource$.checkAndGlobPathIfNecessary(DataSource.scala:722)
[2026-06-28T15:27:44.168+0000] {subprocess.py:93} INFO - 	at org.apache.spark.sql.execution.datasources.DataSource.checkAndGlobPathIfNecessary(DataSource.scala:551)
[2026-06-28T15:27:44.169+0000] {subprocess.py:93} INFO - 	at org.apache.spark.sql.execution.datasources.DataSource.resolveRelation(DataSource.scala:404)
[2026-06-28T15:27:44.172+0000] {subprocess.py:93} INFO - 	at org.apache.spark.sql.DataFrameReader.loadV1Source(DataFrameReader.scala:229)
[2026-06-28T15:27:44.174+0000] {subprocess.py:93} INFO - 	at org.apache.spark.sql.DataFrameReader.$anonfun$load$2(DataFrameReader.scala:211)
[2026-06-28T15:27:44.175+0000] {subprocess.py:93} INFO - 	at scala.Option.getOrElse(Option.scala:189)
[2026-06-28T15:27:44.176+0000] {subprocess.py:93} INFO - 	at org.apache.spark.sql.DataFrameReader.load(DataFrameReader.scala:211)
[2026-06-28T15:27:44.178+0000] {subprocess.py:93} INFO - 	at org.apache.spark.sql.DataFrameReader.json(DataFrameReader.scala:362)
[2026-06-28T15:27:44.179+0000] {subprocess.py:93} INFO - 	at java.base/jdk.internal.reflect.NativeMethodAccessorImpl.invoke0(Native Method)
[2026-06-28T15:27:44.181+0000] {subprocess.py:93} INFO - 	at java.base/jdk.internal.reflect.NativeMethodAccessorImpl.invoke(NativeMethodAccessorImpl.java:77)
[2026-06-28T15:27:44.182+0000] {subprocess.py:93} INFO - 	at java.base/jdk.internal.reflect.DelegatingMethodAccessorImpl.invoke(DelegatingMethodAccessorImpl.java:43)
[2026-06-28T15:27:44.183+0000] {subprocess.py:93} INFO - 	at java.base/java.lang.reflect.Method.invoke(Method.java:569)
[2026-06-28T15:27:44.183+0000] {subprocess.py:93} INFO - 	at py4j.reflection.MethodInvoker.invoke(MethodInvoker.java:244)
[2026-06-28T15:27:44.184+0000] {subprocess.py:93} INFO - 	at py4j.reflection.ReflectionEngine.invoke(ReflectionEngine.java:374)
[2026-06-28T15:27:44.185+0000] {subprocess.py:93} INFO - 	at py4j.Gateway.invoke(Gateway.java:282)
[2026-06-28T15:27:44.186+0000] {subprocess.py:93} INFO - 	at py4j.commands.AbstractCommand.invokeMethod(AbstractCommand.java:132)
[2026-06-28T15:27:44.187+0000] {subprocess.py:93} INFO - 	at py4j.commands.CallCommand.execute(CallCommand.java:79)
[2026-06-28T15:27:44.188+0000] {subprocess.py:93} INFO - 	at py4j.ClientServerConnection.waitForCommands(ClientServerConnection.java:182)
[2026-06-28T15:27:44.189+0000] {subprocess.py:93} INFO - 	at py4j.ClientServerConnection.run(ClientServerConnection.java:106)
[2026-06-28T15:27:44.191+0000] {subprocess.py:93} INFO - 	at java.base/java.lang.Thread.run(Thread.java:840)
[2026-06-28T15:27:44.192+0000] {subprocess.py:93} INFO - Caused by: java.lang.ClassNotFoundException: Class org.apache.hadoop.fs.azurebfs.SecureAzureBlobFileSystem not found
[2026-06-28T15:27:44.194+0000] {subprocess.py:93} INFO - 	at org.apache.hadoop.conf.Configuration.getClassByName(Configuration.java:2592)
[2026-06-28T15:27:44.195+0000] {subprocess.py:93} INFO - 	at org.apache.hadoop.conf.Configuration.getClass(Configuration.java:2686)
[2026-06-28T15:27:44.196+0000] {subprocess.py:93} INFO - 	... 29 more
[2026-06-28T15:27:44.197+0000] {subprocess.py:93} INFO - 
[2026-06-28T15:27:44.218+0000] {subprocess.py:93} INFO - 26/06/28 15:27:44 INFO SparkContext: Invoking stop() from shutdown hook
[2026-06-28T15:27:44.220+0000] {subprocess.py:93} INFO - 26/06/28 15:27:44 INFO SparkContext: SparkContext is stopping with exitCode 0.
[2026-06-28T15:27:44.230+0000] {subprocess.py:93} INFO - 26/06/28 15:27:44 INFO SparkUI: Stopped Spark web UI at http://0fb827741c45:4040
[2026-06-28T15:27:44.240+0000] {subprocess.py:93} INFO - 26/06/28 15:27:44 INFO MapOutputTrackerMasterEndpoint: MapOutputTrackerMasterEndpoint stopped!
[2026-06-28T15:27:44.257+0000] {subprocess.py:93} INFO - 26/06/28 15:27:44 INFO MemoryStore: MemoryStore cleared
[2026-06-28T15:27:44.258+0000] {subprocess.py:93} INFO - 26/06/28 15:27:44 INFO BlockManager: BlockManager stopped
[2026-06-28T15:27:44.263+0000] {subprocess.py:93} INFO - 26/06/28 15:27:44 INFO BlockManagerMaster: BlockManagerMaster stopped
[2026-06-28T15:27:44.267+0000] {subprocess.py:93} INFO - 26/06/28 15:27:44 INFO OutputCommitCoordinator$OutputCommitCoordinatorEndpoint: OutputCommitCoordinator stopped!
[2026-06-28T15:27:44.292+0000] {subprocess.py:93} INFO - 26/06/28 15:27:44 INFO SparkContext: Successfully stopped SparkContext
[2026-06-28T15:27:44.294+0000] {subprocess.py:93} INFO - 26/06/28 15:27:44 INFO ShutdownHookManager: Shutdown hook called
[2026-06-28T15:27:44.295+0000] {subprocess.py:93} INFO - 26/06/28 15:27:44 INFO ShutdownHookManager: Deleting directory /tmp/spark-5c17f1e8-ccc1-478f-a2b7-bd1e067bd406
[2026-06-28T15:27:44.298+0000] {subprocess.py:93} INFO - 26/06/28 15:27:44 INFO ShutdownHookManager: Deleting directory /tmp/spark-397c8316-3c5d-4c79-9541-2f23007b4c68/pyspark-ea7a0cb4-ad4d-4aaf-96d0-a68f6a73176b
[2026-06-28T15:27:44.302+0000] {subprocess.py:93} INFO - 26/06/28 15:27:44 INFO ShutdownHookManager: Deleting directory /tmp/spark-397c8316-3c5d-4c79-9541-2f23007b4c68
[2026-06-28T15:27:44.343+0000] {subprocess.py:97} INFO - Command exited with return code 1
[2026-06-28T15:27:44.355+0000] {taskinstance.py:3301} ERROR - Task failed with exception
Traceback (most recent call last):
  File "/home/airflow/.local/lib/python3.12/site-packages/airflow/models/taskinstance.py", line 767, in _execute_task
    result = _execute_callable(context=context, **execute_callable_kwargs)
             ^^^^^^^^^^^^^^^^^^^^^^^^^^^^^^^^^^^^^^^^^^^^^^^^^^^^^^^^^^^^^
  File "/home/airflow/.local/lib/python3.12/site-packages/airflow/models/taskinstance.py", line 733, in _execute_callable
    return ExecutionCallableRunner(
           ^^^^^^^^^^^^^^^^^^^^^^^^
  File "/home/airflow/.local/lib/python3.12/site-packages/airflow/utils/operator_helpers.py", line 252, in run
    return self.func(*args, **kwargs)
           ^^^^^^^^^^^^^^^^^^^^^^^^^^
  File "/home/airflow/.local/lib/python3.12/site-packages/airflow/models/baseoperator.py", line 406, in wrapper
    return func(self, *args, **kwargs)
           ^^^^^^^^^^^^^^^^^^^^^^^^^^^
  File "/home/airflow/.local/lib/python3.12/site-packages/airflow/operators/bash.py", line 249, in execute
    raise AirflowException(
airflow.exceptions.AirflowException: Bash command failed. The command returned a non-zero exit code 1.
[2026-06-28T15:27:44.360+0000] {taskinstance.py:1225} INFO - Marking task as FAILED. dag_id=gold_price_pipeline, task_id=run_spark_etl, run_id=manual__2026-06-28T15:23:17.066584+00:00, execution_date=20260628T152317, start_date=20260628T152739, end_date=20260628T152744
[2026-06-28T15:27:44.373+0000] {taskinstance.py:340} INFO - ::group::Post task execution logs
[2026-06-28T15:27:44.375+0000] {standard_task_runner.py:124} ERROR - Failed to execute job 31 for task run_spark_etl (Bash command failed. The command returned a non-zero exit code 1.; 530)
Traceback (most recent call last):
  File "/home/airflow/.local/lib/python3.12/site-packages/airflow/task/task_runner/standard_task_runner.py", line 117, in _start_by_fork
    ret = args.func(args, dag=self.dag)
          ^^^^^^^^^^^^^^^^^^^^^^^^^^^^^
  File "/home/airflow/.local/lib/python3.12/site-packages/airflow/cli/cli_config.py", line 49, in command
    return func(*args, **kwargs)
           ^^^^^^^^^^^^^^^^^^^^^
  File "/home/airflow/.local/lib/python3.12/site-packages/airflow/utils/cli.py", line 115, in wrapper
    return f(*args, **kwargs)
           ^^^^^^^^^^^^^^^^^^
  File "/home/airflow/.local/lib/python3.12/site-packages/airflow/cli/commands/task_command.py", line 483, in task_run
    task_return_code = _run_task_by_selected_method(args, _dag, ti)
                       ^^^^^^^^^^^^^^^^^^^^^^^^^^^^^^^^^^^^^^^^^^^^
  File "/home/airflow/.local/lib/python3.12/site-packages/airflow/cli/commands/task_command.py", line 256, in _run_task_by_selected_method
    return _run_raw_task(args, ti)
           ^^^^^^^^^^^^^^^^^^^^^^^
  File "/home/airflow/.local/lib/python3.12/site-packages/airflow/cli/commands/task_command.py", line 341, in _run_raw_task
    return ti._run_raw_task(
           ^^^^^^^^^^^^^^^^^
  File "/home/airflow/.local/lib/python3.12/site-packages/airflow/utils/session.py", line 97, in wrapper
    return func(*args, session=session, **kwargs)
           ^^^^^^^^^^^^^^^^^^^^^^^^^^^^^^^^^^^^^^
  File "/home/airflow/.local/lib/python3.12/site-packages/airflow/models/taskinstance.py", line 2995, in _run_raw_task
    return _run_raw_task(
           ^^^^^^^^^^^^^^
  File "/home/airflow/.local/lib/python3.12/site-packages/airflow/models/taskinstance.py", line 273, in _run_raw_task
    TaskInstance._execute_task_with_callbacks(
  File "/home/airflow/.local/lib/python3.12/site-packages/airflow/models/taskinstance.py", line 3149, in _execute_task_with_callbacks
    result = self._execute_task(context, task_orig)
             ^^^^^^^^^^^^^^^^^^^^^^^^^^^^^^^^^^^^^^
  File "/home/airflow/.local/lib/python3.12/site-packages/airflow/models/taskinstance.py", line 3173, in _execute_task
    return _execute_task(self, context, task_orig)
           ^^^^^^^^^^^^^^^^^^^^^^^^^^^^^^^^^^^^^^^
  File "/home/airflow/.local/lib/python3.12/site-packages/airflow/models/taskinstance.py", line 767, in _execute_task
    result = _execute_callable(context=context, **execute_callable_kwargs)
             ^^^^^^^^^^^^^^^^^^^^^^^^^^^^^^^^^^^^^^^^^^^^^^^^^^^^^^^^^^^^^
  File "/home/airflow/.local/lib/python3.12/site-packages/airflow/models/taskinstance.py", line 733, in _execute_callable
    return ExecutionCallableRunner(
           ^^^^^^^^^^^^^^^^^^^^^^^^
  File "/home/airflow/.local/lib/python3.12/site-packages/airflow/utils/operator_helpers.py", line 252, in run
    return self.func(*args, **kwargs)
           ^^^^^^^^^^^^^^^^^^^^^^^^^^
  File "/home/airflow/.local/lib/python3.12/site-packages/airflow/models/baseoperator.py", line 406, in wrapper
    return func(self, *args, **kwargs)
           ^^^^^^^^^^^^^^^^^^^^^^^^^^^
  File "/home/airflow/.local/lib/python3.12/site-packages/airflow/operators/bash.py", line 249, in execute
    raise AirflowException(
airflow.exceptions.AirflowException: Bash command failed. The command returned a non-zero exit code 1.
[2026-06-28T15:27:44.390+0000] {local_task_job_runner.py:261} INFO - Task exited with return code 1
[2026-06-28T15:27:44.413+0000] {taskinstance.py:3891} INFO - 0 downstream tasks scheduled from follow-on schedule check
[2026-06-28T15:27:44.419+0000] {local_task_job_runner.py:240} INFO - ::endgroup::
