[2026-06-29T19:02:14.429+0000] {local_task_job_runner.py:123} INFO - ::group::Pre task execution logs
[2026-06-29T19:02:14.451+0000] {taskinstance.py:2603} INFO - Dependencies all met for dep_context=non-requeueable deps ti=<TaskInstance: gold_price_pipeline.run_kafka_producer scheduled__2026-06-29T18:00:00+00:00 [queued]>
[2026-06-29T19:02:14.467+0000] {taskinstance.py:2603} INFO - Dependencies all met for dep_context=requeueable deps ti=<TaskInstance: gold_price_pipeline.run_kafka_producer scheduled__2026-06-29T18:00:00+00:00 [queued]>
[2026-06-29T19:02:14.469+0000] {taskinstance.py:2856} INFO - Starting attempt 1 of 3
[2026-06-29T19:02:14.494+0000] {taskinstance.py:2879} INFO - Executing <Task(BashOperator): run_kafka_producer> on 2026-06-29 18:00:00+00:00
[2026-06-29T19:02:14.506+0000] {logging_mixin.py:190} WARNING - /home/***/.local/lib/python3.12/site-packages/***/task/task_runner/standard_task_runner.py:70 DeprecationWarning: This process (pid=810) is multi-threaded, use of fork() may lead to deadlocks in the child.
[2026-06-29T19:02:14.509+0000] {standard_task_runner.py:72} INFO - Started process 811 to run task
[2026-06-29T19:02:14.505+0000] {standard_task_runner.py:104} INFO - Running: ['***', 'tasks', 'run', 'gold_price_pipeline', 'run_kafka_producer', 'scheduled__2026-06-29T18:00:00+00:00', '--job-id', '7', '--raw', '--subdir', 'DAGS_FOLDER/gold_pipeline.py', '--cfg-path', '/tmp/tmpkzt9vtgv']
[2026-06-29T19:02:14.529+0000] {standard_task_runner.py:105} INFO - Job 7: Subtask run_kafka_producer
[2026-06-29T19:02:14.814+0000] {task_command.py:467} INFO - Running <TaskInstance: gold_price_pipeline.run_kafka_producer scheduled__2026-06-29T18:00:00+00:00 [running]> on host 64c35aa3f581
[2026-06-29T19:02:14.917+0000] {taskinstance.py:3122} INFO - Exporting env vars: AIRFLOW_CTX_DAG_OWNER='Sayed' AIRFLOW_CTX_DAG_ID='gold_price_pipeline' AIRFLOW_CTX_TASK_ID='run_kafka_producer' AIRFLOW_CTX_EXECUTION_DATE='2026-06-29T18:00:00+00:00' AIRFLOW_CTX_TRY_NUMBER='1' AIRFLOW_CTX_DAG_RUN_ID='scheduled__2026-06-29T18:00:00+00:00'
[2026-06-29T19:02:14.919+0000] {taskinstance.py:731} INFO - ::endgroup::
[2026-06-29T19:02:14.937+0000] {subprocess.py:63} INFO - Tmp dir root location: /tmp
[2026-06-29T19:02:14.939+0000] {subprocess.py:75} INFO - Running command: ['/usr/bin/bash', '-c', '\n        python /opt/***/kafka/Producer.py\n        ']
[2026-06-29T19:02:14.951+0000] {subprocess.py:86} INFO - Output:
[2026-06-29T19:02:16.538+0000] {subprocess.py:93} INFO - ========== GOLD PRODUCER ==========
[2026-06-29T19:02:16.540+0000] {subprocess.py:93} INFO - Connected to Kafka
[2026-06-29T19:02:16.541+0000] {subprocess.py:93} INFO - Message sent Successfully
[2026-06-29T19:02:16.610+0000] {subprocess.py:97} INFO - Command exited with return code 0
[2026-06-29T19:02:16.652+0000] {taskinstance.py:340} INFO - ::group::Post task execution logs
[2026-06-29T19:02:16.654+0000] {taskinstance.py:352} INFO - Marking task as SUCCESS. dag_id=gold_price_pipeline, task_id=run_kafka_producer, run_id=scheduled__2026-06-29T18:00:00+00:00, execution_date=20260629T180000, start_date=20260629T190214, end_date=20260629T190216
[2026-06-29T19:02:16.701+0000] {local_task_job_runner.py:261} INFO - Task exited with return code 0
[2026-06-29T19:02:16.748+0000] {taskinstance.py:3891} INFO - 1 downstream tasks scheduled from follow-on schedule check
[2026-06-29T19:02:16.752+0000] {local_task_job_runner.py:240} INFO - ::endgroup::
