[2026-06-28T23:48:45.067+0000] {local_task_job_runner.py:123} INFO - ::group::Pre task execution logs
[2026-06-28T23:48:45.092+0000] {taskinstance.py:2603} INFO - Dependencies all met for dep_context=non-requeueable deps ti=<TaskInstance: gold_price_pipeline.run_kafka_consumer manual__2026-06-28T23:44:37.346896+00:00 [queued]>
[2026-06-28T23:48:45.125+0000] {taskinstance.py:2603} INFO - Dependencies all met for dep_context=requeueable deps ti=<TaskInstance: gold_price_pipeline.run_kafka_consumer manual__2026-06-28T23:44:37.346896+00:00 [queued]>
[2026-06-28T23:48:45.127+0000] {taskinstance.py:2856} INFO - Starting attempt 1 of 3
[2026-06-28T23:48:45.147+0000] {taskinstance.py:2879} INFO - Executing <Task(BashOperator): run_kafka_consumer> on 2026-06-28 23:44:37.346896+00:00
[2026-06-28T23:48:45.159+0000] {logging_mixin.py:190} WARNING - /home/***/.local/lib/python3.12/site-packages/***/task/task_runner/standard_task_runner.py:70 DeprecationWarning: This process (pid=802) is multi-threaded, use of fork() may lead to deadlocks in the child.
[2026-06-28T23:48:45.158+0000] {standard_task_runner.py:104} INFO - Running: ['***', 'tasks', 'run', 'gold_price_pipeline', 'run_kafka_consumer', 'manual__2026-06-28T23:44:37.346896+00:00', '--job-id', '7', '--raw', '--subdir', 'DAGS_FOLDER/gold_pipeline.py', '--cfg-path', '/tmp/tmptpi2ixb9']
[2026-06-28T23:48:45.163+0000] {standard_task_runner.py:72} INFO - Started process 803 to run task
[2026-06-28T23:48:45.163+0000] {standard_task_runner.py:105} INFO - Job 7: Subtask run_kafka_consumer
[2026-06-28T23:48:45.258+0000] {task_command.py:467} INFO - Running <TaskInstance: gold_price_pipeline.run_kafka_consumer manual__2026-06-28T23:44:37.346896+00:00 [running]> on host 3828c1b309b8
[2026-06-28T23:48:45.381+0000] {taskinstance.py:3122} INFO - Exporting env vars: AIRFLOW_CTX_DAG_OWNER='Sayed' AIRFLOW_CTX_DAG_ID='gold_price_pipeline' AIRFLOW_CTX_TASK_ID='run_kafka_consumer' AIRFLOW_CTX_EXECUTION_DATE='2026-06-28T23:44:37.346896+00:00' AIRFLOW_CTX_TRY_NUMBER='1' AIRFLOW_CTX_DAG_RUN_ID='manual__2026-06-28T23:44:37.346896+00:00'
[2026-06-28T23:48:45.383+0000] {taskinstance.py:731} INFO - ::endgroup::
[2026-06-28T23:48:45.416+0000] {subprocess.py:63} INFO - Tmp dir root location: /tmp
[2026-06-28T23:48:45.418+0000] {subprocess.py:75} INFO - Running command: ['/usr/bin/bash', '-c', '\n        python /opt/***/kafka/Consumer.py\n        ']
[2026-06-28T23:48:45.434+0000] {subprocess.py:86} INFO - Output:
[2026-06-28T23:48:46.896+0000] {subprocess.py:93} INFO - /opt/***/kafka/Consumer.py:38: DeprecationWarning: value_deserializer does not implement kafka.serializer.Deserializer
[2026-06-28T23:48:46.898+0000] {subprocess.py:93} INFO -   consumer = KafkaConsumer(
[2026-06-28T23:48:49.958+0000] {subprocess.py:93} INFO - /opt/***/kafka/Consumer.py:56: DeprecationWarning: datetime.datetime.utcnow() is deprecated and scheduled for removal in a future version. Use timezone-aware objects to represent datetimes in UTC: datetime.datetime.now(datetime.UTC).
[2026-06-28T23:48:49.959+0000] {subprocess.py:93} INFO -   timestamp = datetime.datetime.utcnow().strftime("%Y%m%d_%H%M%S")
[2026-06-28T23:48:51.273+0000] {subprocess.py:93} INFO - Connected To Azure Data Lake
[2026-06-28T23:48:51.274+0000] {subprocess.py:93} INFO - Waiting For Kafka Message...
[2026-06-28T23:48:51.276+0000] {subprocess.py:93} INFO - Uploaded -> stream_data/gold_price_20260628_234849.json
[2026-06-28T23:48:51.277+0000] {subprocess.py:93} INFO - Consumer Finished Successfully
[2026-06-28T23:48:51.398+0000] {subprocess.py:97} INFO - Command exited with return code 0
[2026-06-28T23:48:51.426+0000] {taskinstance.py:340} INFO - ::group::Post task execution logs
[2026-06-28T23:48:51.428+0000] {taskinstance.py:352} INFO - Marking task as SUCCESS. dag_id=gold_price_pipeline, task_id=run_kafka_consumer, run_id=manual__2026-06-28T23:44:37.346896+00:00, execution_date=20260628T234437, start_date=20260628T234845, end_date=20260628T234851
[2026-06-28T23:48:51.470+0000] {local_task_job_runner.py:261} INFO - Task exited with return code 0
[2026-06-28T23:48:51.496+0000] {taskinstance.py:3891} INFO - 1 downstream tasks scheduled from follow-on schedule check
[2026-06-28T23:48:51.499+0000] {local_task_job_runner.py:240} INFO - ::endgroup::
