[2026-06-29T15:55:10.178+0000] {local_task_job_runner.py:123} INFO - ::group::Pre task execution logs
[2026-06-29T15:55:10.316+0000] {taskinstance.py:2603} INFO - Dependencies all met for dep_context=non-requeueable deps ti=<TaskInstance: gold_price_pipeline.run_kafka_consumer manual__2026-06-29T15:54:57.533642+00:00 [queued]>
[2026-06-29T15:55:10.375+0000] {taskinstance.py:2603} INFO - Dependencies all met for dep_context=requeueable deps ti=<TaskInstance: gold_price_pipeline.run_kafka_consumer manual__2026-06-29T15:54:57.533642+00:00 [queued]>
[2026-06-29T15:55:10.389+0000] {taskinstance.py:2856} INFO - Starting attempt 1 of 3
[2026-06-29T15:55:10.478+0000] {taskinstance.py:2879} INFO - Executing <Task(BashOperator): run_kafka_consumer> on 2026-06-29 15:54:57.533642+00:00
[2026-06-29T15:55:10.513+0000] {logging_mixin.py:190} WARNING - /home/***/.local/lib/python3.12/site-packages/***/task/task_runner/standard_task_runner.py:70 DeprecationWarning: This process (pid=807) is multi-threaded, use of fork() may lead to deadlocks in the child.
[2026-06-29T15:55:10.507+0000] {standard_task_runner.py:104} INFO - Running: ['***', 'tasks', 'run', 'gold_price_pipeline', 'run_kafka_consumer', 'manual__2026-06-29T15:54:57.533642+00:00', '--job-id', '8', '--raw', '--subdir', 'DAGS_FOLDER/gold_pipeline.py', '--cfg-path', '/tmp/tmp8yen3oqb']
[2026-06-29T15:55:10.518+0000] {standard_task_runner.py:72} INFO - Started process 808 to run task
[2026-06-29T15:55:10.520+0000] {standard_task_runner.py:105} INFO - Job 8: Subtask run_kafka_consumer
[2026-06-29T15:55:10.745+0000] {task_command.py:467} INFO - Running <TaskInstance: gold_price_pipeline.run_kafka_consumer manual__2026-06-29T15:54:57.533642+00:00 [running]> on host ef940326903e
[2026-06-29T15:55:10.919+0000] {taskinstance.py:3122} INFO - Exporting env vars: AIRFLOW_CTX_DAG_OWNER='Sayed' AIRFLOW_CTX_DAG_ID='gold_price_pipeline' AIRFLOW_CTX_TASK_ID='run_kafka_consumer' AIRFLOW_CTX_EXECUTION_DATE='2026-06-29T15:54:57.533642+00:00' AIRFLOW_CTX_TRY_NUMBER='1' AIRFLOW_CTX_DAG_RUN_ID='manual__2026-06-29T15:54:57.533642+00:00'
[2026-06-29T15:55:10.923+0000] {taskinstance.py:731} INFO - ::endgroup::
[2026-06-29T15:55:10.961+0000] {subprocess.py:63} INFO - Tmp dir root location: /tmp
[2026-06-29T15:55:10.965+0000] {subprocess.py:75} INFO - Running command: ['/usr/bin/bash', '-c', '\n        python /opt/***/kafka/Consumer.py\n        ']
[2026-06-29T15:55:10.988+0000] {subprocess.py:86} INFO - Output:
[2026-06-29T15:55:14.671+0000] {subprocess.py:93} INFO - /opt/***/kafka/Consumer.py:38: DeprecationWarning: value_deserializer does not implement kafka.serializer.Deserializer
[2026-06-29T15:55:14.674+0000] {subprocess.py:93} INFO -   consumer = KafkaConsumer(
[2026-06-29T15:55:17.818+0000] {subprocess.py:93} INFO - /opt/***/kafka/Consumer.py:56: DeprecationWarning: datetime.datetime.utcnow() is deprecated and scheduled for removal in a future version. Use timezone-aware objects to represent datetimes in UTC: datetime.datetime.now(datetime.UTC).
[2026-06-29T15:55:17.824+0000] {subprocess.py:93} INFO -   timestamp = datetime.datetime.utcnow().strftime("%Y%m%d_%H%M%S")
[2026-06-29T15:55:19.685+0000] {subprocess.py:93} INFO - Connected To Azure Data Lake
[2026-06-29T15:55:19.689+0000] {subprocess.py:93} INFO - Waiting For Kafka Message...
[2026-06-29T15:55:19.691+0000] {subprocess.py:93} INFO - Uploaded -> stream_data/gold_price_20260629_155517.json
[2026-06-29T15:55:19.693+0000] {subprocess.py:93} INFO - Consumer Finished Successfully
[2026-06-29T15:55:20.008+0000] {subprocess.py:97} INFO - Command exited with return code 0
[2026-06-29T15:55:20.093+0000] {taskinstance.py:340} INFO - ::group::Post task execution logs
[2026-06-29T15:55:20.096+0000] {taskinstance.py:352} INFO - Marking task as SUCCESS. dag_id=gold_price_pipeline, task_id=run_kafka_consumer, run_id=manual__2026-06-29T15:54:57.533642+00:00, execution_date=20260629T155457, start_date=20260629T155510, end_date=20260629T155520
[2026-06-29T15:55:20.189+0000] {local_task_job_runner.py:261} INFO - Task exited with return code 0
[2026-06-29T15:55:20.285+0000] {taskinstance.py:3891} INFO - 1 downstream tasks scheduled from follow-on schedule check
[2026-06-29T15:55:20.290+0000] {local_task_job_runner.py:240} INFO - ::endgroup::
